18:50:59.173 [main                     ] DEBUG Logger               - Configured Logger
18:50:59.202 [main                     ] DEBUG GameApplication      - Logging settings
Title: Plants Vs Zombies
Version: 0.0
Width: 750
Height: 533
Fullscreen: false
Intro: false
Profiling: false
Single step:false
App Mode: DEVELOPER
Menu Key: ESCAPE
Stage Style: DECORATED
Scene Factory: class com.zrt.pvz.PVZApp$1

18:51:00.585 [JavaFX Application Thread] DEBUG FXGLApplication      - Initializing FXGL
18:51:00.588 [JavaFX Application Thread] INFO  Engine               - FXGL-17.2 (20.08.2022 16.50) on WINDOWS (J:20.0.1 FX:20.0.1)
18:51:00.588 [JavaFX Application Thread] DEBUG Engine               - JRE Vendor Name: Oracle Corporation
18:51:00.589 [JavaFX Application Thread] DEBUG Engine               - Running on OS: Windows 11 version 10.0
18:51:00.589 [JavaFX Application Thread] DEBUG Engine               - Architecture: amd64
18:51:00.589 [JavaFX Application Thread] INFO  Engine               - Source code and latest versions at: https://github.com/AlmasB/FXGL
18:51:00.589 [JavaFX Application Thread] INFO  Engine               -       Ask questions and discuss at: https://github.com/AlmasB/FXGL/discussions
18:51:00.589 [JavaFX Application Thread] INFO  Engine               -              Join the FXGL chat at: https://gitter.im/AlmasB/FXGL
18:51:00.732 [JavaFX Application Thread] DEBUG PrimaryStageWindow   - Creating a JavaFX scene
18:51:00.787 [JavaFX Application Thread] DEBUG PrimaryStageWindow   - Target settings size: 750.0 x 533.0
18:51:00.787 [JavaFX Application Thread] DEBUG PrimaryStageWindow   - Scaled scene size:    750.0 x 533.0
18:51:00.787 [JavaFX Application Thread] DEBUG PrimaryStageWindow   - Scaled ratio: (1.0, 1.0)
18:51:00.788 [JavaFX Application Thread] DEBUG PrimaryStageWindow   - Set initial scene to GameStartupScene
18:51:00.789 [JavaFX Application Thread] DEBUG PrimaryStageWindow   - Opening main window
18:51:00.911 [JavaFX Application Thread] DEBUG PrimaryStageWindow   - Window border size: (14.79998779296875, 38.20001220703125)
18:51:00.911 [JavaFX Application Thread] DEBUG PrimaryStageWindow   - Scaled size: 750.0 x 533.0
18:51:00.911 [JavaFX Application Thread] DEBUG PrimaryStageWindow   - Scaled ratio: (1.0, 1.0)
18:51:00.911 [JavaFX Application Thread] DEBUG PrimaryStageWindow   - Scene size: 750.0 x 533.0
18:51:00.911 [JavaFX Application Thread] DEBUG PrimaryStageWindow   - Stage size: 764.7999877929688 x 571.2000122070312
18:51:00.918 [FXGL Background Thread 1 ] DEBUG Engine               - Initializing environment variables
18:51:00.952 [FXGL Background Thread 1 ] DEBUG FXGLAssetLoaderServi - User app class for loading assets: class com.zrt.pvz.PVZApp
18:51:00.952 [FXGL Background Thread 1 ] DEBUG GameApplicationServi - Applying CSS: fxgl_dark.css
18:51:00.953 [FXGL Background Thread 1 ] DEBUG FXGLAssetLoaderServi - Loading from file system: jar:file:///C:/Users/dell/.m2/repository/com/github/almasb/fxgl/17.2/fxgl-17.2.jar!/fxglassets/ui/css/fxgl_dark.css
18:51:00.964 [FXGL Background Thread 1 ] DEBUG GameApplicationServi - Initializing application scenes
18:51:00.974 [FXGL Background Thread 1 ] DEBUG GameWorld            - Game world initialized
18:51:01.020 [FXGL Background Thread 1 ] DEBUG PhysicsWorld         - Physics world initialized: appHeight=533, physics.ppm=50.0
18:51:01.020 [FXGL Background Thread 1 ] DEBUG PhysicsWorld         - Using strategy: BRUTE_FORCE
18:51:01.024 [FXGL Background Thread 1 ] DEBUG GameScene            - Game scene initialized: 750x533
18:51:01.041 [FXGL Background Thread 1 ] DEBUG FXGLAssetLoaderServi - Loading from file system: file:/C:/Users/dell/Desktop/OOP作业/Teamwork/target/classes/assets/textures/ui/mainMenu/bg.png
18:51:01.087 [FXGL Background Thread 1 ] DEBUG FXGLAssetLoaderServi - Loading from file system: file:/C:/Users/dell/Desktop/OOP作业/Teamwork/target/classes/assets/textures/ui/mainMenu/puzzle.png
18:51:01.100 [FXGL Background Thread 1 ] DEBUG FXGLAssetLoaderServi - Loading from file system: file:/C:/Users/dell/Desktop/OOP作业/Teamwork/target/classes/assets/textures/ui/mainMenu/userBoard.png
18:51:01.112 [FXGL Background Thread 1 ] DEBUG FXGLAssetLoaderServi - Loading from file system: file:/C:/Users/dell/Desktop/OOP作业/Teamwork/target/classes/assets/textures/ui/gameMenu/Menu.png
18:51:01.119 [FXGL Background Thread 1 ] DEBUG GameApplicationServi - Application scenes initialized
18:51:01.131 [FXGL Background Thread 1 ] DEBUG SystemBundleService  - Loading FXGL system data
18:51:01.131 [FXGL Background Thread 1 ] DEBUG FileSystemAccess     - Reading from: C:\Users\dell\Desktop\OOP作业\Teamwork\system\fxgl.bundle
18:51:01.135 [FXGL Background Thread 1 ] DEBUG SystemBundleService  - Bundle FXGL: {}
18:51:01.135 [FXGL Background Thread 1 ] DEBUG UpdaterService       - Checking for updates
18:51:01.141 [FXGL Background Thread 4 ] DEBUG FXGLApplication      - Loading fonts
18:51:01.141 [FXGL Background Thread 1 ] DEBUG FXGLApplication      - Loading default localization
18:51:01.141 [FXGL Background Thread 4 ] DEBUG FXGLAssetLoaderServi - Loading from file system: jar:file:///C:/Users/dell/.m2/repository/com/github/almasb/fxgl/17.2/fxgl-17.2.jar!/fxglassets/ui/fonts/VarelaRound-Regular.ttf
18:51:01.142 [FXGL Background Thread 1 ] DEBUG FXGLAssetLoaderServi - Loading from file system: jar:file:///C:/Users/dell/.m2/repository/com/github/almasb/fxgl/17.2/fxgl-17.2.jar!/fxglassets/languages/english.lang
18:51:01.188 [FXGL Background Thread 1 ] INFO  FXGLApplication      - FXGL initialization took: 0.270 sec
18:51:01.191 [JavaFX Application Thread] DEBUG FXGLAssetLoaderServi - Loading from file system: file:/C:/Users/dell/Desktop/OOP作业/Teamwork/target/classes/assets/textures/logo.jpg
18:51:01.197 [JavaFX Application Thread] DEBUG FXGLAssetLoaderServi - Loading from file system: jar:file:///C:/Users/dell/.m2/repository/com/github/almasb/fxgl/17.2/fxgl-17.2.jar!/fxglassets/textures/fxgl_default_cursor.png
18:51:01.206 [JavaFX Application Thread] DEBUG Input                - Registered new binding: Screenshot - CTRL+8
18:51:01.206 [JavaFX Application Thread] DEBUG Input                - Registered new binding: System info dump - CTRL+9
18:51:01.206 [JavaFX Application Thread] DEBUG Input                - Registered new binding: Restart - CTRL+R
18:51:01.207 [JavaFX Application Thread] DEBUG Input                - Registered new binding: Toggle Debug Camera - CTRL+7
18:51:01.210 [JavaFX Application Thread] DEBUG LoopRunner           - Starting loop
18:51:01.210 [JavaFX Application Thread] DEBUG LoopRunner           - Initializing JavaFX AnimationTimerLoop
18:51:01.214 [JavaFX Application Thread] DEBUG Input                - Clearing active input actions
18:51:01.218 [JavaFX Application Thread] DEBUG GameApplicationServi - Removing overlay from GameStartupScene and adding to FXGLMainMenuDummyScene
18:51:01.219 [JavaFX Application Thread] DEBUG PrimaryStageWindow   - GameStartupScene -> FXGLMainMenuDummyScene
18:51:01.219 [JavaFX Application Thread] DEBUG PrimaryStageWindow   - Push state: MainMenu
18:51:01.219 [JavaFX Application Thread] DEBUG FXGLAssetLoaderServi - Loading from file system: file:/C:/Users/dell/Desktop/OOP作业/Teamwork/target/classes/assets/music/mainMenu.wav
18:51:01.231 [FXGL Background Thread 4 ] DEBUG FXGLAssetLoaderServi - Loading from file system: jar:file:///C:/Users/dell/.m2/repository/com/github/almasb/fxgl/17.2/fxgl-17.2.jar!/fxglassets/ui/fonts/Abel-Regular.ttf
18:51:01.232 [FXGL Background Thread 4 ] DEBUG FXGLAssetLoaderServi - Loading from file system: jar:file:///C:/Users/dell/.m2/repository/com/github/almasb/fxgl/17.2/fxgl-17.2.jar!/fxglassets/ui/fonts/TerminalLandMono-Regular.otf
18:51:01.234 [FXGL Background Thread 4 ] DEBUG FXGLAssetLoaderServi - Loading from file system: jar:file:///C:/Users/dell/.m2/repository/com/github/almasb/fxgl/17.2/fxgl-17.2.jar!/fxglassets/ui/fonts/Courier-Prime.ttf
18:51:01.375 [JavaFX Application Thread] DEBUG AudioPlayer          - Playing music com.almasb.fxgl.audio.Music@62f7323
18:51:01.376 [JavaFX Application Thread] DEBUG Input                - Clearing active input actions
18:51:01.379 [JavaFX Application Thread] DEBUG GameApplicationServi - Removing overlay from FXGLMainMenuDummyScene and adding to MainMenu
18:51:01.379 [JavaFX Application Thread] DEBUG PrimaryStageWindow   - FXGLMainMenuDummyScene -> MainMenu
18:51:01.406 [JavaFX Application Thread] DEBUG FXGLApplication      - Registering font factories with UI factory
18:51:02.212 [FXGL Background Thread 2 ] INFO  UpdaterService       - Your current version:  17.2
18:51:02.212 [FXGL Background Thread 2 ] INFO  UpdaterService       - Latest stable version: 17.3
18:51:03.813 [JavaFX Application Thread] WARN  FXGLAssetLoaderServi - Asset "/assets/sounds/mainMenuHover.wav" was not found!
18:51:03.813 [JavaFX Application Thread] WARN  FXGLAssetLoaderServi - Failed to load SOUND
18:51:03.841 [JavaFX Application Thread] WARN  FXGLAssetLoaderServi - Asset "/assets/sounds/mainMenuHover.wav" was not found!
18:51:03.841 [JavaFX Application Thread] WARN  FXGLAssetLoaderServi - Failed to load SOUND
18:51:04.141 [FXGL Background Thread 3 ] DEBUG Engine               - Logging environment variables
18:51:04.141 [FXGL Background Thread 3 ] DEBUG Engine               - achievements: []
18:51:04.141 [FXGL Background Thread 3 ] DEBUG Engine               - actualHeight: 533.0
18:51:04.141 [FXGL Background Thread 3 ] DEBUG Engine               - actualHeightProperty: ReadOnlyDoubleProperty [value: 533.0]
18:51:04.141 [FXGL Background Thread 3 ] DEBUG Engine               - actualWidth: 750.0
18:51:04.141 [FXGL Background Thread 3 ] DEBUG Engine               - actualWidthProperty: ReadOnlyDoubleProperty [value: 750.0]
18:51:04.141 [FXGL Background Thread 3 ] DEBUG Engine               - appIcon: logo.jpg
18:51:04.141 [FXGL Background Thread 3 ] DEBUG Engine               - applicationMode: DEVELOPER
18:51:04.141 [FXGL Background Thread 3 ] DEBUG Engine               - cSSList: [fxgl_dark.css]
18:51:04.141 [FXGL Background Thread 3 ] DEBUG Engine               - collisionDetectionStrategy: BRUTE_FORCE
18:51:04.141 [FXGL Background Thread 3 ] DEBUG Engine               - configClass: Optional.empty
18:51:04.141 [FXGL Background Thread 3 ] DEBUG Engine               - credits: []
18:51:04.143 [FXGL Background Thread 3 ] DEBUG Engine               - defaultCursor: CursorInfo(imageName=fxgl_default_cursor.png, hotspotX=7.0, hotspotY=6.0)
18:51:04.143 [FXGL Background Thread 3 ] DEBUG Engine               - devBBoxColorProperty: ObjectProperty [value: 0xff0000ff]
18:51:04.143 [FXGL Background Thread 3 ] DEBUG Engine               - devEnableDebugCameraProperty: BooleanProperty [value: false]
18:51:04.143 [FXGL Background Thread 3 ] DEBUG Engine               - devSensorColorProperty: ObjectProperty [value: 0xffff00ff]
18:51:04.143 [FXGL Background Thread 3 ] DEBUG Engine               - devShowBBoxProperty: BooleanProperty [value: false]
18:51:04.143 [FXGL Background Thread 3 ] DEBUG Engine               - devShowPositionProperty: BooleanProperty [value: false]
18:51:04.143 [FXGL Background Thread 3 ] DEBUG Engine               - enabledMenuItems: []
18:51:04.143 [FXGL Background Thread 3 ] DEBUG Engine               - engineServices: [class com.almasb.fxgl.app.services.FXGLAssetLoaderService, class com.almasb.fxgl.app.FXGLApplication$GameApplicationService, class com.almasb.fxgl.app.services.FXGLDialogService, class com.almasb.fxgl.app.services.IOTaskExecutorService, class com.almasb.fxgl.io.FileSystemService, class com.almasb.fxgl.localization.LocalizationService, class com.almasb.fxgl.app.services.SystemBundleService, class com.almasb.fxgl.profile.SaveLoadService, class com.almasb.fxgl.ui.FXGLUIFactoryServiceProvider, class com.almasb.fxgl.ui.FXGLDialogFactoryServiceProvider, class com.almasb.fxgl.audio.AudioPlayer, class com.almasb.fxgl.notification.impl.NotificationServiceProvider, class com.almasb.fxgl.achievement.AchievementService, class com.almasb.fxgl.cutscene.CutsceneService, class com.almasb.fxgl.minigames.MiniGameService, class com.almasb.fxgl.net.NetService, class com.almasb.fxgl.app.services.UpdaterService, class com.almasb.fxgl.dev.DevService]
18:51:04.143 [FXGL Background Thread 3 ] DEBUG Engine               - fontGame: Abel-Regular.ttf
18:51:04.143 [FXGL Background Thread 3 ] DEBUG Engine               - fontMono: TerminalLandMono-Regular.otf
18:51:04.143 [FXGL Background Thread 3 ] DEBUG Engine               - fontText: Courier-Prime.ttf
18:51:04.143 [FXGL Background Thread 3 ] DEBUG Engine               - fontUI: VarelaRound-Regular.ttf
18:51:04.143 [FXGL Background Thread 3 ] DEBUG Engine               - fullScreen: BooleanProperty [value: false]
18:51:04.143 [FXGL Background Thread 3 ] DEBUG Engine               - gameDifficulty: MEDIUM
18:51:04.143 [FXGL Background Thread 3 ] DEBUG Engine               - gameDifficultyProperty: ObjectProperty [value: MEDIUM]
18:51:04.143 [FXGL Background Thread 3 ] DEBUG Engine               - globalMusicVolume: 0.5
18:51:04.143 [FXGL Background Thread 3 ] DEBUG Engine               - globalMusicVolumeProperty: DoubleProperty [value: 0.5]
18:51:04.143 [FXGL Background Thread 3 ] DEBUG Engine               - globalSoundVolume: 0.5
18:51:04.143 [FXGL Background Thread 3 ] DEBUG Engine               - globalSoundVolumeProperty: DoubleProperty [value: 0.5]
18:51:04.143 [FXGL Background Thread 3 ] DEBUG Engine               - height: 533
18:51:04.143 [FXGL Background Thread 3 ] DEBUG Engine               - is3D: false
18:51:04.143 [FXGL Background Thread 3 ] DEBUG Engine               - isAndroid: false
18:51:04.144 [FXGL Background Thread 3 ] DEBUG Engine               - isBrowser: false
18:51:04.144 [FXGL Background Thread 3 ] DEBUG Engine               - isClickFeedbackEnabled: false
18:51:04.144 [FXGL Background Thread 3 ] DEBUG Engine               - isCloseConfirmation: false
18:51:04.144 [FXGL Background Thread 3 ] DEBUG Engine               - isDesktop: true
18:51:04.144 [FXGL Background Thread 3 ] DEBUG Engine               - isDeveloperMenuEnabled: false
18:51:04.144 [FXGL Background Thread 3 ] DEBUG Engine               - isEmbedded: false
18:51:04.144 [FXGL Background Thread 3 ] DEBUG Engine               - isEntityPreloadEnabled: true
18:51:04.144 [FXGL Background Thread 3 ] DEBUG Engine               - isExperimentalTiledLargeMap: false
18:51:04.144 [FXGL Background Thread 3 ] DEBUG Engine               - isFileSystemWriteAllowed: true
18:51:04.144 [FXGL Background Thread 3 ] DEBUG Engine               - isFullScreenAllowed: false
18:51:04.144 [FXGL Background Thread 3 ] DEBUG Engine               - isFullScreenFromStart: false
18:51:04.144 [FXGL Background Thread 3 ] DEBUG Engine               - isGameMenuEnabled: true
18:51:04.144 [FXGL Background Thread 3 ] DEBUG Engine               - isIOS: false
18:51:04.144 [FXGL Background Thread 3 ] DEBUG Engine               - isIntroEnabled: false
18:51:04.144 [FXGL Background Thread 3 ] DEBUG Engine               - isLinux: false
18:51:04.144 [FXGL Background Thread 3 ] DEBUG Engine               - isMac: false
18:51:04.144 [FXGL Background Thread 3 ] DEBUG Engine               - isMainMenuEnabled: true
18:51:04.144 [FXGL Background Thread 3 ] DEBUG Engine               - isManualResizeEnabled: false
18:51:04.144 [FXGL Background Thread 3 ] DEBUG Engine               - isMobile: false
18:51:04.144 [FXGL Background Thread 3 ] DEBUG Engine               - isNative: false
18:51:04.144 [FXGL Background Thread 3 ] DEBUG Engine               - isPauseMusicWhenMinimized: true
18:51:04.144 [FXGL Background Thread 3 ] DEBUG Engine               - isPreserveResizeRatio: false
18:51:04.144 [FXGL Background Thread 3 ] DEBUG Engine               - isProfilingEnabled: false
18:51:04.144 [FXGL Background Thread 3 ] DEBUG Engine               - isScaleAffectedOnResize: true
18:51:04.144 [FXGL Background Thread 3 ] DEBUG Engine               - isSingleStep: false
18:51:04.144 [FXGL Background Thread 3 ] DEBUG Engine               - isUserProfileEnabled: false
18:51:04.144 [FXGL Background Thread 3 ] DEBUG Engine               - isWindows: true
18:51:04.144 [FXGL Background Thread 3 ] DEBUG Engine               - language: ObjectProperty [value: ENGLISH]
18:51:04.144 [FXGL Background Thread 3 ] DEBUG Engine               - menuKey: ESCAPE
18:51:04.144 [FXGL Background Thread 3 ] DEBUG Engine               - mouseSensitivity: 0.2
18:51:04.144 [FXGL Background Thread 3 ] DEBUG Engine               - notificationViewClass: class com.almasb.fxgl.notification.view.XboxNotificationView
18:51:04.144 [FXGL Background Thread 3 ] DEBUG Engine               - pixelsPerMeter: 50.0
18:51:04.144 [FXGL Background Thread 3 ] DEBUG Engine               - platform: WINDOWS
18:51:04.144 [FXGL Background Thread 3 ] DEBUG Engine               - prefHeightProperty: ReadOnlyDoubleProperty [value: 533.0]
18:51:04.144 [FXGL Background Thread 3 ] DEBUG Engine               - prefWidthProperty: ReadOnlyDoubleProperty [value: 750.0]
18:51:04.144 [FXGL Background Thread 3 ] DEBUG Engine               - profileDir: profiles/
18:51:04.144 [FXGL Background Thread 3 ] DEBUG Engine               - profileName: StringProperty [value: DEFAULT]
18:51:04.144 [FXGL Background Thread 3 ] DEBUG Engine               - randomSeed: -1
18:51:04.145 [FXGL Background Thread 3 ] DEBUG Engine               - runtimeInfo: RuntimeInfo(platform=WINDOWS, version=17.2, build=20.08.2022 16.50)
18:51:04.145 [FXGL Background Thread 3 ] DEBUG Engine               - saveFileExt: sav
18:51:04.145 [FXGL Background Thread 3 ] DEBUG Engine               - scaledHeightProp$fxgl: DoubleProperty [bound, value: 533.0]
18:51:04.145 [FXGL Background Thread 3 ] DEBUG Engine               - scaledWidthProp$fxgl: DoubleProperty [bound, value: 750.0]
18:51:04.145 [FXGL Background Thread 3 ] DEBUG Engine               - sceneFactory: com.zrt.pvz.PVZApp$1@afd44a3
18:51:04.145 [FXGL Background Thread 3 ] DEBUG Engine               - secondsIn24h: 60
18:51:04.145 [FXGL Background Thread 3 ] DEBUG Engine               - soundMenuBack: menu/back.wav
18:51:04.145 [FXGL Background Thread 3 ] DEBUG Engine               - soundMenuPress: menu/press.wav
18:51:04.146 [FXGL Background Thread 3 ] DEBUG Engine               - soundMenuSelect: menu/select.wav
18:51:04.146 [FXGL Background Thread 3 ] DEBUG Engine               - soundNotification: core/notification.wav
18:51:04.146 [FXGL Background Thread 3 ] DEBUG Engine               - stageStyle: DECORATED
18:51:04.146 [FXGL Background Thread 3 ] DEBUG Engine               - supportedLanguages: [ENGLISH, FRENCH, GERMAN, HUNGARIAN, RUSSIAN]
18:51:04.146 [FXGL Background Thread 3 ] DEBUG Engine               - ticksPerSecond: -1
18:51:04.146 [FXGL Background Thread 3 ] DEBUG Engine               - title: Plants Vs Zombies
18:51:04.146 [FXGL Background Thread 3 ] DEBUG Engine               - urlGithub: https://github.com/AlmasB/FXGL
18:51:04.146 [FXGL Background Thread 3 ] DEBUG Engine               - urlLeaderboard: http://fxgl-top.herokuapp.com/
18:51:04.146 [FXGL Background Thread 3 ] DEBUG Engine               - urlPOM: https://raw.githubusercontent.com/AlmasB/FXGL/release/README.md
18:51:04.146 [FXGL Background Thread 3 ] DEBUG Engine               - userAppClass: class com.zrt.pvz.PVZApp
18:51:04.146 [FXGL Background Thread 3 ] DEBUG Engine               - version: 0.0
18:51:04.146 [FXGL Background Thread 3 ] DEBUG Engine               - versionCheckDays: 7
18:51:04.146 [FXGL Background Thread 3 ] DEBUG Engine               - width: 750
18:51:04.146 [FXGL Background Thread 3 ] DEBUG Engine               - Logging services
18:51:04.146 [FXGL Background Thread 3 ] DEBUG Engine               - class com.almasb.fxgl.app.services.FXGLAssetLoaderService
18:51:04.146 [FXGL Background Thread 3 ] DEBUG Engine               - class com.almasb.fxgl.app.FXGLApplication$GameApplicationService
18:51:04.146 [FXGL Background Thread 3 ] DEBUG Engine               - class com.almasb.fxgl.app.services.FXGLDialogService
18:51:04.146 [FXGL Background Thread 3 ] DEBUG Engine               - class com.almasb.fxgl.app.services.IOTaskExecutorService
18:51:04.146 [FXGL Background Thread 3 ] DEBUG Engine               - class com.almasb.fxgl.io.FileSystemService
18:51:04.146 [FXGL Background Thread 3 ] DEBUG Engine               - class com.almasb.fxgl.localization.LocalizationService
18:51:04.146 [FXGL Background Thread 3 ] DEBUG Engine               - class com.almasb.fxgl.app.services.SystemBundleService
18:51:04.146 [FXGL Background Thread 3 ] DEBUG Engine               - class com.almasb.fxgl.profile.SaveLoadService
18:51:04.146 [FXGL Background Thread 3 ] DEBUG Engine               - class com.almasb.fxgl.ui.FXGLUIFactoryServiceProvider
18:51:04.146 [FXGL Background Thread 3 ] DEBUG Engine               - class com.almasb.fxgl.ui.FXGLDialogFactoryServiceProvider
18:51:04.146 [FXGL Background Thread 3 ] DEBUG Engine               - class com.almasb.fxgl.audio.AudioPlayer
18:51:04.146 [FXGL Background Thread 3 ] DEBUG Engine               - class com.almasb.fxgl.notification.impl.NotificationServiceProvider
18:51:04.146 [FXGL Background Thread 3 ] DEBUG Engine               - class com.almasb.fxgl.achievement.AchievementService
18:51:04.146 [FXGL Background Thread 3 ] DEBUG Engine               - class com.almasb.fxgl.cutscene.CutsceneService
18:51:04.146 [FXGL Background Thread 3 ] DEBUG Engine               - class com.almasb.fxgl.minigames.MiniGameService
18:51:04.146 [FXGL Background Thread 3 ] DEBUG Engine               - class com.almasb.fxgl.net.NetService
18:51:04.146 [FXGL Background Thread 3 ] DEBUG Engine               - class com.almasb.fxgl.app.services.UpdaterService
18:51:04.146 [FXGL Background Thread 3 ] DEBUG Engine               - class com.almasb.fxgl.dev.DevService
18:51:05.856 [JavaFX Application Thread] WARN  FXGLAssetLoaderServi - Asset "/assets/sounds/select.wav" was not found!
18:51:05.856 [JavaFX Application Thread] WARN  FXGLAssetLoaderServi - Failed to load SOUND
18:51:05.856 [JavaFX Application Thread] DEBUG FXGLAssetLoaderServi - Loading from file system: file:/C:/Users/dell/Desktop/OOP作业/Teamwork/target/classes/assets/textures/ui/mainMenu/ZombieHand.png
18:51:05.866 [JavaFX Application Thread] DEBUG GameApplicationServi - Starting new game
18:51:05.866 [JavaFX Application Thread] DEBUG PrimaryStageWindow   - Pop state: MainMenu
18:51:05.866 [JavaFX Application Thread] DEBUG Input                - Clearing active input actions
18:51:05.866 [JavaFX Application Thread] DEBUG GameApplicationServi - Removing overlay from MainMenu and adding to FXGLMainMenuDummyScene
18:51:05.867 [JavaFX Application Thread] DEBUG PrimaryStageWindow   - FXGLMainMenuDummyScene <- MainMenu
18:51:05.867 [JavaFX Application Thread] DEBUG Input                - Clearing active input actions
18:51:05.874 [JavaFX Application Thread] DEBUG GameApplicationServi - Removing overlay from FXGLMainMenuDummyScene and adding to FXGLLoadingScene
18:51:05.874 [JavaFX Application Thread] DEBUG PrimaryStageWindow   - FXGLMainMenuDummyScene -> FXGLLoadingScene
18:51:05.874 [JavaFX Application Thread] DEBUG GameApplicationServi - Clearing previous game
18:51:05.874 [JavaFX Application Thread] DEBUG GameScene            - Clearing game scene
18:51:05.874 [JavaFX Application Thread] DEBUG GameWorld            - Clearing game world
18:51:05.874 [JavaFX Application Thread] DEBUG PhysicsWorld         - Clearing physics world
18:51:05.879 [FXGL Background Thread 2 ] DEBUG FXGLApplication      - Initializing game
18:51:05.883 [FXGL Background Thread 2 ] WARN  FXGLAssetLoaderServi - Asset "/assets/data/Imitator.json" was not found!
18:51:05.883 [FXGL Background Thread 2 ] WARN  FXGLAssetLoaderServi - Failed to load JSON: URL is not valid
18:51:05.894 [JavaFX Application Thread] DEBUG LoopRunner           - Stopping loop
18:51:05.895 [JavaFX Application Thread] FATAL FXGLApplication      - Uncaught Exception:
java.lang.RuntimeException: Initialization failed
	at com.almasb.fxgl.all@17.2/com.almasb.fxgl.app.FXGLApplication$InitAppTask.failed(FXGLApplication.kt:343)
	at javafx.graphics@20.0.1/javafx.concurrent.Task.setState(Task.java:710)
	at javafx.graphics@20.0.1/javafx.concurrent.Task$TaskCallable.lambda$call$2(Task.java:1456)
	at javafx.graphics@20.0.1/com.sun.javafx.application.PlatformImpl.lambda$runLater$10(PlatformImpl.java:456)
	at java.base/java.security.AccessController.doPrivileged(AccessController.java:400)
	at javafx.graphics@20.0.1/com.sun.javafx.application.PlatformImpl.lambda$runLater$11(PlatformImpl.java:455)
	at javafx.graphics@20.0.1/com.sun.glass.ui.InvokeLaterDispatcher$Future.run(InvokeLaterDispatcher.java:95)
	at javafx.graphics@20.0.1/com.sun.glass.ui.win.WinApplication._runLoop(Native Method)
	at javafx.graphics@20.0.1/com.sun.glass.ui.win.WinApplication.lambda$runLoop$3(WinApplication.java:185)
	at java.base/java.lang.Thread.run(Thread.java:1623)
Caused by: java.lang.ExceptionInInitializerError
	at Teamwork/com.zrt.pvz.PVZApp.initGame(PVZApp.java:581)
	at com.almasb.fxgl.all@17.2/com.almasb.fxgl.app.FXGLApplication$InitAppTask.initGame(FXGLApplication.kt:339)
	at com.almasb.fxgl.all@17.2/com.almasb.fxgl.app.FXGLApplication$InitAppTask.call(FXGLApplication.kt:319)
	at com.almasb.fxgl.all@17.2/com.almasb.fxgl.app.FXGLApplication$InitAppTask.call(FXGLApplication.kt:311)
	at javafx.graphics@20.0.1/javafx.concurrent.Task$TaskCallable.call(Task.java:1426)
	at java.base/java.util.concurrent.FutureTask.run(FutureTask.java:317)
	at java.base/java.util.concurrent.Executors$RunnableAdapter.call(Executors.java:577)
	at java.base/java.util.concurrent.FutureTask.run(FutureTask.java:317)
	at java.base/java.util.concurrent.ThreadPoolExecutor.runWorker(ThreadPoolExecutor.java:1144)
	at java.base/java.util.concurrent.ThreadPoolExecutor$Worker.run(ThreadPoolExecutor.java:642)
	... 1 more
Caused by: java.util.NoSuchElementException: No value present
	at java.base/java.util.Optional.get(Optional.java:143)
	at Teamwork/com.zrt.pvz.GameEntityFactory.<clinit>(GameEntityFactory.java:45)
	... 11 more

18:51:05.895 [JavaFX Application Thread] FATAL FXGLApplication      - Application will now exit
18:51:05.908 [JavaFX Application Thread] DEBUG PrimaryStageWindow   - Push state: ErrorSubScene
18:51:05.908 [JavaFX Application Thread] DEBUG Input                - Clearing active input actions
18:51:05.911 [JavaFX Application Thread] DEBUG GameApplicationServi - Removing overlay from FXGLLoadingScene and adding to ErrorSubScene
18:51:05.911 [JavaFX Application Thread] DEBUG PrimaryStageWindow   - FXGLLoadingScene -> ErrorSubScene
18:51:07.466 [JavaFX Application Thread] DEBUG FXGLApplication      - Exiting FXGL
18:51:07.467 [JavaFX Application Thread] DEBUG Async                - Shutting down background threads
18:51:07.467 [JavaFX Application Thread] DEBUG PrimaryStageWindow   - Closing main window
18:51:07.504 [JavaFX Application Thread] DEBUG Logger               - Closing Logger
