18:27:33.928 [main                     ] DEBUG Logger               - Configured Logger
18:27:34.015 [main                     ] DEBUG GameApplication      - Logging settings
Title: Plants Vs Zombies
Version: 0.0
Width: 750
Height: 533
Fullscreen: false
Intro: false
Profiling: false
Single step:false
App Mode: DEVELOPER
Menu Key: ESCAPE
Stage Style: DECORATED
Scene Factory: class com.zrt.pvz.PVZApp$1

18:27:34.705 [JavaFX Application Thread] DEBUG FXGLApplication      - Initializing FXGL
18:27:34.710 [JavaFX Application Thread] INFO  Engine               - FXGL-17.2 (20.08.2022 16.50) on WINDOWS (J:20.0.1 FX:20.0.1)
18:27:34.710 [JavaFX Application Thread] DEBUG Engine               - JRE Vendor Name: Oracle Corporation
18:27:34.711 [JavaFX Application Thread] DEBUG Engine               - Running on OS: Windows 11 version 10.0
18:27:34.711 [JavaFX Application Thread] DEBUG Engine               - Architecture: amd64
18:27:34.711 [JavaFX Application Thread] INFO  Engine               - Source code and latest versions at: https://github.com/AlmasB/FXGL
18:27:34.711 [JavaFX Application Thread] INFO  Engine               -       Ask questions and discuss at: https://github.com/AlmasB/FXGL/discussions
18:27:34.711 [JavaFX Application Thread] INFO  Engine               -              Join the FXGL chat at: https://gitter.im/AlmasB/FXGL
18:27:35.099 [JavaFX Application Thread] DEBUG PrimaryStageWindow   - Creating a JavaFX scene
18:27:35.242 [JavaFX Application Thread] DEBUG PrimaryStageWindow   - Target settings size: 750.0 x 533.0
18:27:35.243 [JavaFX Application Thread] DEBUG PrimaryStageWindow   - Scaled scene size:    750.0 x 533.0
18:27:35.244 [JavaFX Application Thread] DEBUG PrimaryStageWindow   - Scaled ratio: (1.0, 1.0)
18:27:35.247 [JavaFX Application Thread] DEBUG PrimaryStageWindow   - Set initial scene to GameStartupScene
18:27:35.254 [JavaFX Application Thread] DEBUG PrimaryStageWindow   - Opening main window
18:27:35.820 [JavaFX Application Thread] DEBUG PrimaryStageWindow   - Window border size: (14.79998779296875, 38.20001220703125)
18:27:35.820 [JavaFX Application Thread] DEBUG PrimaryStageWindow   - Scaled size: 750.0 x 533.0
18:27:35.820 [JavaFX Application Thread] DEBUG PrimaryStageWindow   - Scaled ratio: (1.0, 1.0)
18:27:35.820 [JavaFX Application Thread] DEBUG PrimaryStageWindow   - Scene size: 750.0 x 533.0
18:27:35.821 [JavaFX Application Thread] DEBUG PrimaryStageWindow   - Stage size: 764.7999877929688 x 571.2000122070312
18:27:35.828 [FXGL Background Thread 1 ] DEBUG Engine               - Initializing environment variables
18:27:35.874 [FXGL Background Thread 1 ] DEBUG FXGLAssetLoaderServi - User app class for loading assets: class com.zrt.pvz.PVZApp
18:27:35.874 [FXGL Background Thread 1 ] DEBUG GameApplicationServi - Applying CSS: fxgl_dark.css
18:27:35.875 [FXGL Background Thread 1 ] DEBUG FXGLAssetLoaderServi - Loading from file system: jar:file:///C:/Users/dell/.m2/repository/com/github/almasb/fxgl/17.2/fxgl-17.2.jar!/fxglassets/ui/css/fxgl_dark.css
18:27:35.890 [FXGL Background Thread 1 ] DEBUG GameApplicationServi - Initializing application scenes
18:27:35.895 [FXGL Background Thread 1 ] DEBUG FXGLAssetLoaderServi - Loading from file system: file:/C:/Users/dell/Desktop/OOP作业/Teamwork/target/classes/assets/textures/map/map1LoadingBG.jpg
18:27:35.992 [FXGL Background Thread 1 ] DEBUG GameWorld            - Game world initialized
18:27:36.042 [FXGL Background Thread 1 ] DEBUG PhysicsWorld         - Physics world initialized: appHeight=533, physics.ppm=50.0
18:27:36.042 [FXGL Background Thread 1 ] DEBUG PhysicsWorld         - Using strategy: BRUTE_FORCE
18:27:36.048 [FXGL Background Thread 1 ] DEBUG GameScene            - Game scene initialized: 750x533
18:27:36.065 [FXGL Background Thread 1 ] DEBUG FXGLAssetLoaderServi - Loading from file system: file:/C:/Users/dell/Desktop/OOP作业/Teamwork/target/classes/assets/textures/ui/mainMenu/bg.png
18:27:36.126 [FXGL Background Thread 1 ] DEBUG FXGLAssetLoaderServi - Loading from file system: file:/C:/Users/dell/Desktop/OOP作业/Teamwork/target/classes/assets/textures/ui/mainMenu/puzzle.png
18:27:36.141 [FXGL Background Thread 1 ] DEBUG FXGLAssetLoaderServi - Loading from file system: file:/C:/Users/dell/Desktop/OOP作业/Teamwork/target/classes/assets/textures/ui/mainMenu/userBoard.png
18:27:36.162 [FXGL Background Thread 1 ] DEBUG FXGLAssetLoaderServi - Loading from file system: file:/C:/Users/dell/Desktop/OOP作业/Teamwork/target/classes/assets/textures/ui/gameMenu/Menu.png
18:27:36.171 [FXGL Background Thread 1 ] DEBUG GameApplicationServi - Application scenes initialized
18:27:36.188 [FXGL Background Thread 1 ] DEBUG SystemBundleService  - Loading FXGL system data
18:27:36.189 [FXGL Background Thread 1 ] DEBUG FileSystemAccess     - Reading from: C:\Users\dell\Desktop\OOP作业\Teamwork\system\fxgl.bundle
18:27:36.193 [FXGL Background Thread 1 ] DEBUG SystemBundleService  - Bundle FXGL: {}
18:27:36.193 [FXGL Background Thread 1 ] DEBUG UpdaterService       - Checking for updates
18:27:36.199 [FXGL Background Thread 4 ] DEBUG FXGLApplication      - Loading fonts
18:27:36.200 [FXGL Background Thread 4 ] DEBUG FXGLAssetLoaderServi - Loading from file system: jar:file:///C:/Users/dell/.m2/repository/com/github/almasb/fxgl/17.2/fxgl-17.2.jar!/fxglassets/ui/fonts/VarelaRound-Regular.ttf
18:27:36.200 [FXGL Background Thread 1 ] DEBUG FXGLApplication      - Loading default localization
18:27:36.201 [FXGL Background Thread 1 ] DEBUG FXGLAssetLoaderServi - Loading from file system: jar:file:///C:/Users/dell/.m2/repository/com/github/almasb/fxgl/17.2/fxgl-17.2.jar!/fxglassets/languages/english.lang
18:27:36.219 [FXGL Background Thread 1 ] INFO  FXGLApplication      - FXGL initialization took: 0.391 sec
18:27:36.221 [JavaFX Application Thread] DEBUG FXGLAssetLoaderServi - Loading from file system: file:/C:/Users/dell/Desktop/OOP作业/Teamwork/target/classes/assets/textures/logo.png
18:27:36.233 [JavaFX Application Thread] DEBUG FXGLAssetLoaderServi - Loading from file system: jar:file:///C:/Users/dell/.m2/repository/com/github/almasb/fxgl/17.2/fxgl-17.2.jar!/fxglassets/textures/fxgl_default_cursor.png
18:27:36.249 [JavaFX Application Thread] DEBUG Input                - Registered new binding: Screenshot - CTRL+8
18:27:36.250 [JavaFX Application Thread] DEBUG Input                - Registered new binding: System info dump - CTRL+9
18:27:36.250 [JavaFX Application Thread] DEBUG Input                - Registered new binding: Restart - CTRL+R
18:27:36.250 [JavaFX Application Thread] DEBUG Input                - Registered new binding: Toggle Debug Camera - CTRL+7
18:27:36.254 [JavaFX Application Thread] DEBUG LoopRunner           - Starting loop
18:27:36.254 [JavaFX Application Thread] DEBUG LoopRunner           - Initializing JavaFX AnimationTimerLoop
18:27:36.257 [JavaFX Application Thread] DEBUG Input                - Clearing active input actions
18:27:36.263 [JavaFX Application Thread] DEBUG GameApplicationServi - Removing overlay from GameStartupScene and adding to FXGLMainMenuDummyScene
18:27:36.263 [JavaFX Application Thread] DEBUG PrimaryStageWindow   - GameStartupScene -> FXGLMainMenuDummyScene
18:27:36.263 [JavaFX Application Thread] DEBUG PrimaryStageWindow   - Push state: MainMenu
18:27:36.264 [JavaFX Application Thread] DEBUG FXGLAssetLoaderServi - Loading from file system: file:/C:/Users/dell/Desktop/OOP作业/Teamwork/target/classes/assets/music/mainMenu.wav
18:27:36.375 [FXGL Background Thread 4 ] DEBUG FXGLAssetLoaderServi - Loading from file system: jar:file:///C:/Users/dell/.m2/repository/com/github/almasb/fxgl/17.2/fxgl-17.2.jar!/fxglassets/ui/fonts/Abel-Regular.ttf
18:27:36.381 [FXGL Background Thread 4 ] DEBUG FXGLAssetLoaderServi - Loading from file system: jar:file:///C:/Users/dell/.m2/repository/com/github/almasb/fxgl/17.2/fxgl-17.2.jar!/fxglassets/ui/fonts/TerminalLandMono-Regular.otf
18:27:36.385 [FXGL Background Thread 4 ] DEBUG FXGLAssetLoaderServi - Loading from file system: jar:file:///C:/Users/dell/.m2/repository/com/github/almasb/fxgl/17.2/fxgl-17.2.jar!/fxglassets/ui/fonts/Courier-Prime.ttf
18:27:36.428 [JavaFX Application Thread] DEBUG AudioPlayer          - Playing music com.almasb.fxgl.audio.Music@1598a9e4
18:27:36.429 [JavaFX Application Thread] DEBUG Input                - Clearing active input actions
18:27:36.433 [JavaFX Application Thread] DEBUG GameApplicationServi - Removing overlay from FXGLMainMenuDummyScene and adding to MainMenu
18:27:36.433 [JavaFX Application Thread] DEBUG PrimaryStageWindow   - FXGLMainMenuDummyScene -> MainMenu
18:27:36.474 [JavaFX Application Thread] DEBUG FXGLApplication      - Registering font factories with UI factory
18:27:36.508 [JavaFX Application Thread] DEBUG FXGLAssetLoaderServi - Loading from file system: file:/C:/Users/dell/Desktop/OOP作业/Teamwork/target/classes/assets/sounds/mainMenuHover.wav
18:27:37.277 [JavaFX Application Thread] DEBUG FXGLAssetLoaderServi - Loading from file system: file:/C:/Users/dell/Desktop/OOP作业/Teamwork/target/classes/assets/sounds/select.wav
18:27:37.283 [JavaFX Application Thread] DEBUG FXGLAssetLoaderServi - Loading from file system: file:/C:/Users/dell/Desktop/OOP作业/Teamwork/target/classes/assets/textures/ui/changeUserDialog/dialog.png
18:27:37.303 [JavaFX Application Thread] DEBUG PrimaryStageWindow   - Push state: ChangeUserDialog
18:27:37.303 [JavaFX Application Thread] DEBUG Input                - Clearing active input actions
18:27:37.306 [JavaFX Application Thread] DEBUG GameApplicationServi - Removing overlay from MainMenu and adding to ChangeUserDialog
18:27:37.306 [JavaFX Application Thread] DEBUG PrimaryStageWindow   - MainMenu -> ChangeUserDialog
18:27:38.796 [JavaFX Application Thread] DEBUG PrimaryStageWindow   - Pop state: ChangeUserDialog
18:27:38.796 [JavaFX Application Thread] DEBUG Input                - Clearing active input actions
18:27:38.797 [JavaFX Application Thread] DEBUG GameApplicationServi - Removing overlay from ChangeUserDialog and adding to MainMenu
18:27:38.798 [JavaFX Application Thread] DEBUG PrimaryStageWindow   - MainMenu <- ChangeUserDialog
18:27:39.198 [FXGL Background Thread 3 ] DEBUG Engine               - Logging environment variables
18:27:39.198 [FXGL Background Thread 3 ] DEBUG Engine               - achievements: []
18:27:39.198 [FXGL Background Thread 3 ] DEBUG Engine               - actualHeight: 533.0
18:27:39.198 [FXGL Background Thread 3 ] DEBUG Engine               - actualHeightProperty: ReadOnlyDoubleProperty [value: 533.0]
18:27:39.198 [FXGL Background Thread 3 ] DEBUG Engine               - actualWidth: 750.0
18:27:39.198 [FXGL Background Thread 3 ] DEBUG Engine               - actualWidthProperty: ReadOnlyDoubleProperty [value: 750.0]
18:27:39.198 [FXGL Background Thread 3 ] DEBUG Engine               - appIcon: logo.png
18:27:39.198 [FXGL Background Thread 3 ] DEBUG Engine               - applicationMode: DEVELOPER
18:27:39.198 [FXGL Background Thread 3 ] DEBUG Engine               - cSSList: [fxgl_dark.css]
18:27:39.198 [FXGL Background Thread 3 ] DEBUG Engine               - collisionDetectionStrategy: BRUTE_FORCE
18:27:39.198 [FXGL Background Thread 3 ] DEBUG Engine               - configClass: Optional.empty
18:27:39.198 [FXGL Background Thread 3 ] DEBUG Engine               - credits: []
18:27:39.199 [FXGL Background Thread 3 ] DEBUG Engine               - defaultCursor: CursorInfo(imageName=fxgl_default_cursor.png, hotspotX=7.0, hotspotY=6.0)
18:27:39.199 [FXGL Background Thread 3 ] DEBUG Engine               - devBBoxColorProperty: ObjectProperty [value: 0xff0000ff]
18:27:39.199 [FXGL Background Thread 3 ] DEBUG Engine               - devEnableDebugCameraProperty: BooleanProperty [value: false]
18:27:39.199 [FXGL Background Thread 3 ] DEBUG Engine               - devSensorColorProperty: ObjectProperty [value: 0xffff00ff]
18:27:39.199 [FXGL Background Thread 3 ] DEBUG Engine               - devShowBBoxProperty: BooleanProperty [value: false]
18:27:39.199 [FXGL Background Thread 3 ] DEBUG Engine               - devShowPositionProperty: BooleanProperty [value: false]
18:27:39.200 [FXGL Background Thread 3 ] DEBUG Engine               - enabledMenuItems: []
18:27:39.200 [FXGL Background Thread 3 ] DEBUG Engine               - engineServices: [class com.almasb.fxgl.app.services.FXGLAssetLoaderService, class com.almasb.fxgl.app.FXGLApplication$GameApplicationService, class com.almasb.fxgl.app.services.FXGLDialogService, class com.almasb.fxgl.app.services.IOTaskExecutorService, class com.almasb.fxgl.io.FileSystemService, class com.almasb.fxgl.localization.LocalizationService, class com.almasb.fxgl.app.services.SystemBundleService, class com.almasb.fxgl.profile.SaveLoadService, class com.almasb.fxgl.ui.FXGLUIFactoryServiceProvider, class com.almasb.fxgl.ui.FXGLDialogFactoryServiceProvider, class com.almasb.fxgl.audio.AudioPlayer, class com.almasb.fxgl.notification.impl.NotificationServiceProvider, class com.almasb.fxgl.achievement.AchievementService, class com.almasb.fxgl.cutscene.CutsceneService, class com.almasb.fxgl.minigames.MiniGameService, class com.almasb.fxgl.net.NetService, class com.almasb.fxgl.app.services.UpdaterService, class com.almasb.fxgl.dev.DevService]
18:27:39.200 [FXGL Background Thread 3 ] DEBUG Engine               - fontGame: Abel-Regular.ttf
18:27:39.200 [FXGL Background Thread 3 ] DEBUG Engine               - fontMono: TerminalLandMono-Regular.otf
18:27:39.200 [FXGL Background Thread 3 ] DEBUG Engine               - fontText: Courier-Prime.ttf
18:27:39.200 [FXGL Background Thread 3 ] DEBUG Engine               - fontUI: VarelaRound-Regular.ttf
18:27:39.200 [FXGL Background Thread 3 ] DEBUG Engine               - fullScreen: BooleanProperty [value: false]
18:27:39.200 [FXGL Background Thread 3 ] DEBUG Engine               - gameDifficulty: MEDIUM
18:27:39.200 [FXGL Background Thread 3 ] DEBUG Engine               - gameDifficultyProperty: ObjectProperty [value: MEDIUM]
18:27:39.200 [FXGL Background Thread 3 ] DEBUG Engine               - globalMusicVolume: 0.5
18:27:39.200 [FXGL Background Thread 3 ] DEBUG Engine               - globalMusicVolumeProperty: DoubleProperty [value: 0.5]
18:27:39.200 [FXGL Background Thread 3 ] DEBUG Engine               - globalSoundVolume: 0.5
18:27:39.200 [FXGL Background Thread 3 ] DEBUG Engine               - globalSoundVolumeProperty: DoubleProperty [value: 0.5]
18:27:39.200 [FXGL Background Thread 3 ] DEBUG Engine               - height: 533
18:27:39.200 [FXGL Background Thread 3 ] DEBUG Engine               - is3D: false
18:27:39.200 [FXGL Background Thread 3 ] DEBUG Engine               - isAndroid: false
18:27:39.200 [FXGL Background Thread 3 ] DEBUG Engine               - isBrowser: false
18:27:39.200 [FXGL Background Thread 3 ] DEBUG Engine               - isClickFeedbackEnabled: false
18:27:39.200 [FXGL Background Thread 3 ] DEBUG Engine               - isCloseConfirmation: false
18:27:39.201 [FXGL Background Thread 3 ] DEBUG Engine               - isDesktop: true
18:27:39.201 [FXGL Background Thread 3 ] DEBUG Engine               - isDeveloperMenuEnabled: false
18:27:39.201 [FXGL Background Thread 3 ] DEBUG Engine               - isEmbedded: false
18:27:39.201 [FXGL Background Thread 3 ] DEBUG Engine               - isEntityPreloadEnabled: true
18:27:39.201 [FXGL Background Thread 3 ] DEBUG Engine               - isExperimentalTiledLargeMap: false
18:27:39.201 [FXGL Background Thread 3 ] DEBUG Engine               - isFileSystemWriteAllowed: true
18:27:39.201 [FXGL Background Thread 3 ] DEBUG Engine               - isFullScreenAllowed: false
18:27:39.201 [FXGL Background Thread 3 ] DEBUG Engine               - isFullScreenFromStart: false
18:27:39.201 [FXGL Background Thread 3 ] DEBUG Engine               - isGameMenuEnabled: true
18:27:39.201 [FXGL Background Thread 3 ] DEBUG Engine               - isIOS: false
18:27:39.201 [FXGL Background Thread 3 ] DEBUG Engine               - isIntroEnabled: false
18:27:39.201 [FXGL Background Thread 3 ] DEBUG Engine               - isLinux: false
18:27:39.201 [FXGL Background Thread 3 ] DEBUG Engine               - isMac: false
18:27:39.201 [FXGL Background Thread 3 ] DEBUG Engine               - isMainMenuEnabled: true
18:27:39.201 [FXGL Background Thread 3 ] DEBUG Engine               - isManualResizeEnabled: false
18:27:39.201 [FXGL Background Thread 3 ] DEBUG Engine               - isMobile: false
18:27:39.201 [FXGL Background Thread 3 ] DEBUG Engine               - isNative: false
18:27:39.201 [FXGL Background Thread 3 ] DEBUG Engine               - isPauseMusicWhenMinimized: true
18:27:39.201 [FXGL Background Thread 3 ] DEBUG Engine               - isPreserveResizeRatio: false
18:27:39.201 [FXGL Background Thread 3 ] DEBUG Engine               - isProfilingEnabled: false
18:27:39.202 [FXGL Background Thread 3 ] DEBUG Engine               - isScaleAffectedOnResize: true
18:27:39.202 [FXGL Background Thread 3 ] DEBUG Engine               - isSingleStep: false
18:27:39.202 [FXGL Background Thread 3 ] DEBUG Engine               - isUserProfileEnabled: false
18:27:39.202 [FXGL Background Thread 3 ] DEBUG Engine               - isWindows: true
18:27:39.202 [FXGL Background Thread 3 ] DEBUG Engine               - language: ObjectProperty [value: ENGLISH]
18:27:39.202 [FXGL Background Thread 3 ] DEBUG Engine               - menuKey: ESCAPE
18:27:39.202 [FXGL Background Thread 3 ] DEBUG Engine               - mouseSensitivity: 0.2
18:27:39.202 [FXGL Background Thread 3 ] DEBUG Engine               - notificationViewClass: class com.almasb.fxgl.notification.view.XboxNotificationView
18:27:39.202 [FXGL Background Thread 3 ] DEBUG Engine               - pixelsPerMeter: 50.0
18:27:39.202 [FXGL Background Thread 3 ] DEBUG Engine               - platform: WINDOWS
18:27:39.202 [FXGL Background Thread 3 ] DEBUG Engine               - prefHeightProperty: ReadOnlyDoubleProperty [value: 533.0]
18:27:39.202 [FXGL Background Thread 3 ] DEBUG Engine               - prefWidthProperty: ReadOnlyDoubleProperty [value: 750.0]
18:27:39.202 [FXGL Background Thread 3 ] DEBUG Engine               - profileDir: profiles/
18:27:39.202 [FXGL Background Thread 3 ] DEBUG Engine               - profileName: StringProperty [value: DEFAULT]
18:27:39.202 [FXGL Background Thread 3 ] DEBUG Engine               - randomSeed: -1
18:27:39.202 [FXGL Background Thread 3 ] DEBUG Engine               - runtimeInfo: RuntimeInfo(platform=WINDOWS, version=17.2, build=20.08.2022 16.50)
18:27:39.202 [FXGL Background Thread 3 ] DEBUG Engine               - saveFileExt: sav
18:27:39.202 [FXGL Background Thread 3 ] DEBUG Engine               - scaledHeightProp$fxgl: DoubleProperty [bound, value: 533.0]
18:27:39.202 [FXGL Background Thread 3 ] DEBUG Engine               - scaledWidthProp$fxgl: DoubleProperty [bound, value: 750.0]
18:27:39.203 [FXGL Background Thread 3 ] DEBUG Engine               - sceneFactory: com.zrt.pvz.PVZApp$1@2f465f31
18:27:39.203 [FXGL Background Thread 3 ] DEBUG Engine               - secondsIn24h: 60
18:27:39.203 [FXGL Background Thread 3 ] DEBUG Engine               - soundMenuBack: menu/back.wav
18:27:39.203 [FXGL Background Thread 3 ] DEBUG Engine               - soundMenuPress: menu/press.wav
18:27:39.203 [FXGL Background Thread 3 ] DEBUG Engine               - soundMenuSelect: menu/select.wav
18:27:39.203 [FXGL Background Thread 3 ] DEBUG Engine               - soundNotification: core/notification.wav
18:27:39.203 [FXGL Background Thread 3 ] DEBUG Engine               - stageStyle: DECORATED
18:27:39.203 [FXGL Background Thread 3 ] DEBUG Engine               - supportedLanguages: [ENGLISH, FRENCH, GERMAN, HUNGARIAN, RUSSIAN]
18:27:39.203 [FXGL Background Thread 3 ] DEBUG Engine               - ticksPerSecond: -1
18:27:39.203 [FXGL Background Thread 3 ] DEBUG Engine               - title: Plants Vs Zombies
18:27:39.203 [FXGL Background Thread 3 ] DEBUG Engine               - urlGithub: https://github.com/AlmasB/FXGL
18:27:39.203 [FXGL Background Thread 3 ] DEBUG Engine               - urlLeaderboard: http://fxgl-top.herokuapp.com/
18:27:39.203 [FXGL Background Thread 3 ] DEBUG Engine               - urlPOM: https://raw.githubusercontent.com/AlmasB/FXGL/release/README.md
18:27:39.203 [FXGL Background Thread 3 ] DEBUG Engine               - userAppClass: class com.zrt.pvz.PVZApp
18:27:39.203 [FXGL Background Thread 3 ] DEBUG Engine               - version: 0.0
18:27:39.203 [FXGL Background Thread 3 ] DEBUG Engine               - versionCheckDays: 7
18:27:39.203 [FXGL Background Thread 3 ] DEBUG Engine               - width: 750
18:27:39.203 [FXGL Background Thread 3 ] DEBUG Engine               - Logging services
18:27:39.203 [FXGL Background Thread 3 ] DEBUG Engine               - class com.almasb.fxgl.app.services.FXGLAssetLoaderService
18:27:39.203 [FXGL Background Thread 3 ] DEBUG Engine               - class com.almasb.fxgl.app.FXGLApplication$GameApplicationService
18:27:39.203 [FXGL Background Thread 3 ] DEBUG Engine               - class com.almasb.fxgl.app.services.FXGLDialogService
18:27:39.203 [FXGL Background Thread 3 ] DEBUG Engine               - class com.almasb.fxgl.app.services.IOTaskExecutorService
18:27:39.203 [FXGL Background Thread 3 ] DEBUG Engine               - class com.almasb.fxgl.io.FileSystemService
18:27:39.203 [FXGL Background Thread 3 ] DEBUG Engine               - class com.almasb.fxgl.localization.LocalizationService
18:27:39.203 [FXGL Background Thread 3 ] DEBUG Engine               - class com.almasb.fxgl.app.services.SystemBundleService
18:27:39.203 [FXGL Background Thread 3 ] DEBUG Engine               - class com.almasb.fxgl.profile.SaveLoadService
18:27:39.203 [FXGL Background Thread 3 ] DEBUG Engine               - class com.almasb.fxgl.ui.FXGLUIFactoryServiceProvider
18:27:39.203 [FXGL Background Thread 3 ] DEBUG Engine               - class com.almasb.fxgl.ui.FXGLDialogFactoryServiceProvider
18:27:39.203 [FXGL Background Thread 3 ] DEBUG Engine               - class com.almasb.fxgl.audio.AudioPlayer
18:27:39.203 [FXGL Background Thread 3 ] DEBUG Engine               - class com.almasb.fxgl.notification.impl.NotificationServiceProvider
18:27:39.203 [FXGL Background Thread 3 ] DEBUG Engine               - class com.almasb.fxgl.achievement.AchievementService
18:27:39.203 [FXGL Background Thread 3 ] DEBUG Engine               - class com.almasb.fxgl.cutscene.CutsceneService
18:27:39.203 [FXGL Background Thread 3 ] DEBUG Engine               - class com.almasb.fxgl.minigames.MiniGameService
18:27:39.203 [FXGL Background Thread 3 ] DEBUG Engine               - class com.almasb.fxgl.net.NetService
18:27:39.204 [FXGL Background Thread 3 ] DEBUG Engine               - class com.almasb.fxgl.app.services.UpdaterService
18:27:39.204 [FXGL Background Thread 3 ] DEBUG Engine               - class com.almasb.fxgl.dev.DevService
18:27:39.506 [JavaFX Application Thread] DEBUG FXGLAssetLoaderServi - Loading from file system: file:/C:/Users/dell/Desktop/OOP作业/Teamwork/target/classes/assets/textures/ui/mainMenu/ZombieHand.png
18:27:39.516 [JavaFX Application Thread] DEBUG GameApplicationServi - Starting new game
18:27:39.516 [JavaFX Application Thread] DEBUG PrimaryStageWindow   - Pop state: MainMenu
18:27:39.516 [JavaFX Application Thread] DEBUG Input                - Clearing active input actions
18:27:39.517 [JavaFX Application Thread] DEBUG GameApplicationServi - Removing overlay from MainMenu and adding to FXGLMainMenuDummyScene
18:27:39.517 [JavaFX Application Thread] DEBUG PrimaryStageWindow   - FXGLMainMenuDummyScene <- MainMenu
18:27:39.517 [JavaFX Application Thread] DEBUG Input                - Clearing active input actions
18:27:39.522 [JavaFX Application Thread] DEBUG GameApplicationServi - Removing overlay from FXGLMainMenuDummyScene and adding to GameLoadingScene
18:27:39.522 [JavaFX Application Thread] DEBUG PrimaryStageWindow   - FXGLMainMenuDummyScene -> GameLoadingScene
18:27:39.523 [JavaFX Application Thread] DEBUG GameApplicationServi - Clearing previous game
18:27:39.523 [JavaFX Application Thread] DEBUG GameScene            - Clearing game scene
18:27:39.523 [JavaFX Application Thread] DEBUG GameWorld            - Clearing game world
18:27:39.523 [JavaFX Application Thread] DEBUG PhysicsWorld         - Clearing physics world
18:27:39.524 [FXGL Background Thread 4 ] DEBUG FXGLApplication      - Initializing game
18:27:39.530 [FXGL Background Thread 4 ] DEBUG FXGLAssetLoaderServi - Loading JSON from: file:/C:/Users/dell/Desktop/OOP作业/Teamwork/target/classes/assets/data/plant/Imitator.json
18:27:39.753 [FXGL Background Thread 4 ] DEBUG FXGLAssetLoaderServi - Loading JSON from: file:/C:/Users/dell/Desktop/OOP作业/Teamwork/target/classes/assets/levels/level1.json
18:27:39.765 [FXGL Background Thread 4 ] DEBUG FXGLAssetLoaderServi - Loading from file system: file:/C:/Users/dell/Desktop/OOP作业/Teamwork/target/classes/assets/textures/ui/choose/CherryBomb.png
18:27:39.768 [FXGL Background Thread 4 ] DEBUG FXGLAssetLoaderServi - Loading from file system: file:/C:/Users/dell/Desktop/OOP作业/Teamwork/target/classes/assets/textures/map/map1.jpg
18:27:39.837 [FXGL Background Thread 4 ] DEBUG FXGLAssetLoaderServi - Loading JSON from: file:/C:/Users/dell/Desktop/OOP作业/Teamwork/target/classes/assets/data/zombie/NormalZombie.json
18:27:39.851 [FXGL Background Thread 4 ] DEBUG FXGLAssetLoaderServi - Loading from file system: file:/C:/Users/dell/Desktop/OOP作业/Teamwork/target/classes/assets/textures/zombie/NormalZombie/ZombieShow/ZombieShow_0.png
18:27:39.852 [FXGL Background Thread 4 ] DEBUG FXGLAssetLoaderServi - Loading from file system: file:/C:/Users/dell/Desktop/OOP作业/Teamwork/target/classes/assets/textures/zombie/NormalZombie/ZombieShow/ZombieShow_1.png
18:27:39.853 [FXGL Background Thread 4 ] DEBUG FXGLAssetLoaderServi - Loading from file system: file:/C:/Users/dell/Desktop/OOP作业/Teamwork/target/classes/assets/textures/zombie/NormalZombie/ZombieShow/ZombieShow_2.png
18:27:39.854 [FXGL Background Thread 4 ] DEBUG FXGLAssetLoaderServi - Loading from file system: file:/C:/Users/dell/Desktop/OOP作业/Teamwork/target/classes/assets/textures/zombie/NormalZombie/ZombieShow/ZombieShow_3.png
18:27:39.854 [FXGL Background Thread 4 ] DEBUG FXGLAssetLoaderServi - Loading from file system: file:/C:/Users/dell/Desktop/OOP作业/Teamwork/target/classes/assets/textures/zombie/NormalZombie/ZombieShow/ZombieShow_4.png
18:27:39.868 [FXGL Background Thread 4 ] DEBUG FXGLAssetLoaderServi - Loading JSON from: file:/C:/Users/dell/Desktop/OOP作业/Teamwork/target/classes/assets/data/MapPoint.json
18:27:39.889 [FXGL Background Thread 4 ] INFO  FXGLApplication      - Game initialization took: 0.365 sec
18:27:39.889 [JavaFX Application Thread] DEBUG Input                - Clearing active input actions
18:27:39.893 [JavaFX Application Thread] DEBUG GameApplicationServi - Removing overlay from GameLoadingScene and adding to GameScene
18:27:39.894 [JavaFX Application Thread] DEBUG PrimaryStageWindow   - GameLoadingScene -> GameScene
18:27:41.604 [FXGL Background Thread 2 ] INFO  UpdaterService       - Your current version:  17.2
18:27:41.605 [FXGL Background Thread 2 ] INFO  UpdaterService       - Latest stable version: 17.3
18:27:43.941 [JavaFX Application Thread] DEBUG FXGLAssetLoaderServi - Loading from file system: file:/C:/Users/dell/Desktop/OOP作业/Teamwork/target/classes/assets/textures/ui/choose/chosenBg.png
18:27:43.952 [JavaFX Application Thread] DEBUG FXGLAssetLoaderServi - Loading from file system: file:/C:/Users/dell/Desktop/OOP作业/Teamwork/target/classes/assets/textures/ui/choose/ChoosePlant.png
18:27:43.965 [JavaFX Application Thread] DEBUG FXGLAssetLoaderServi - Loading JSON from: file:/C:/Users/dell/Desktop/OOP作业/Teamwork/target/classes/assets/data/plant/SunFlower.json
18:27:43.976 [JavaFX Application Thread] DEBUG FXGLAssetLoaderServi - Loading from file system: file:/C:/Users/dell/Desktop/OOP作业/Teamwork/target/classes/assets/textures/ui/choose/SunFlower.png
18:27:43.981 [JavaFX Application Thread] DEBUG FXGLAssetLoaderServi - Loading JSON from: file:/C:/Users/dell/Desktop/OOP作业/Teamwork/target/classes/assets/data/plant/PeaShooter.json
18:27:43.987 [JavaFX Application Thread] DEBUG FXGLAssetLoaderServi - Loading from file system: file:/C:/Users/dell/Desktop/OOP作业/Teamwork/target/classes/assets/textures/ui/choose/PeaShooter.png
18:27:46.449 [JavaFX Application Thread] DEBUG PrimaryStageWindow   - Push state: GameMenu
18:27:46.449 [JavaFX Application Thread] DEBUG Input                - Clearing active input actions
18:27:46.450 [JavaFX Application Thread] DEBUG GameApplicationServi - Removing overlay from GameScene and adding to GameMenu
18:27:46.450 [JavaFX Application Thread] DEBUG PrimaryStageWindow   - GameScene -> GameMenu
18:27:47.805 [JavaFX Application Thread] DEBUG PrimaryStageWindow   - Pop state: GameMenu
18:27:47.805 [JavaFX Application Thread] DEBUG Input                - Clearing active input actions
18:27:47.806 [JavaFX Application Thread] DEBUG GameApplicationServi - Removing overlay from GameMenu and adding to GameScene
18:27:47.806 [JavaFX Application Thread] DEBUG PrimaryStageWindow   - GameScene <- GameMenu
18:27:47.806 [JavaFX Application Thread] DEBUG Input                - Clearing active input actions
18:27:47.809 [JavaFX Application Thread] DEBUG GameApplicationServi - Removing overlay from GameScene and adding to FXGLMainMenuDummyScene
18:27:47.809 [JavaFX Application Thread] DEBUG PrimaryStageWindow   - GameScene -> FXGLMainMenuDummyScene
18:27:47.809 [JavaFX Application Thread] DEBUG PrimaryStageWindow   - Push state: MainMenu
18:27:47.809 [JavaFX Application Thread] DEBUG AudioPlayer          - Playing music com.almasb.fxgl.audio.Music@1598a9e4
18:27:47.809 [JavaFX Application Thread] DEBUG Input                - Clearing active input actions
18:27:47.810 [JavaFX Application Thread] DEBUG GameApplicationServi - Removing overlay from FXGLMainMenuDummyScene and adding to MainMenu
18:27:47.810 [JavaFX Application Thread] DEBUG PrimaryStageWindow   - FXGLMainMenuDummyScene -> MainMenu
18:27:49.526 [JavaFX Application Thread] DEBUG GameApplicationServi - Starting new game
18:27:49.526 [JavaFX Application Thread] DEBUG PrimaryStageWindow   - Pop state: MainMenu
18:27:49.526 [JavaFX Application Thread] DEBUG Input                - Clearing active input actions
18:27:49.526 [JavaFX Application Thread] DEBUG GameApplicationServi - Removing overlay from MainMenu and adding to FXGLMainMenuDummyScene
18:27:49.526 [JavaFX Application Thread] DEBUG PrimaryStageWindow   - FXGLMainMenuDummyScene <- MainMenu
18:27:49.526 [JavaFX Application Thread] DEBUG Input                - Clearing active input actions
18:27:49.530 [JavaFX Application Thread] DEBUG GameApplicationServi - Removing overlay from FXGLMainMenuDummyScene and adding to GameLoadingScene
18:27:49.530 [JavaFX Application Thread] DEBUG PrimaryStageWindow   - FXGLMainMenuDummyScene -> GameLoadingScene
18:27:49.530 [JavaFX Application Thread] DEBUG GameApplicationServi - Clearing previous game
18:27:49.530 [JavaFX Application Thread] DEBUG GameScene            - Clearing game scene
18:27:49.530 [JavaFX Application Thread] DEBUG GameWorld            - Clearing game world
18:27:49.532 [JavaFX Application Thread] DEBUG FXGLAssetLoaderServi - Loading from file system: file:/C:/Users/dell/Desktop/OOP作业/Teamwork/target/classes/assets/textures/weeder/weeder.png
18:27:49.537 [JavaFX Application Thread] DEBUG FXGLAssetLoaderServi - Loading from file system: file:/C:/Users/dell/Desktop/OOP作业/Teamwork/target/classes/assets/textures/prepareText/prepare.png
18:27:49.541 [JavaFX Application Thread] DEBUG FXGLAssetLoaderServi - Loading from file system: file:/C:/Users/dell/Desktop/OOP作业/Teamwork/target/classes/assets/sounds/readysetplant.wav
18:27:49.547 [JavaFX Application Thread] DEBUG FXGLAssetLoaderServi - Loading from file system: file:/C:/Users/dell/Desktop/OOP作业/Teamwork/target/classes/assets/textures/shovel/shovelBg.png
18:27:49.557 [JavaFX Application Thread] DEBUG PhysicsWorld         - Clearing physics world
18:27:49.558 [FXGL Background Thread 2 ] DEBUG FXGLApplication      - Initializing game
18:27:49.559 [FXGL Background Thread 2 ] DEBUG FXGLAssetLoaderServi - Loading JSON from: file:/C:/Users/dell/Desktop/OOP作业/Teamwork/target/classes/assets/levels/level1.json
18:27:49.563 [FXGL Background Thread 2 ] DEBUG FXGLAssetLoaderServi - Loading JSON from: file:/C:/Users/dell/Desktop/OOP作业/Teamwork/target/classes/assets/data/zombie/NormalZombie.json
18:27:49.575 [FXGL Background Thread 2 ] DEBUG FXGLAssetLoaderServi - Loading JSON from: file:/C:/Users/dell/Desktop/OOP作业/Teamwork/target/classes/assets/data/MapPoint.json
18:27:49.586 [FXGL Background Thread 2 ] INFO  FXGLApplication      - Game initialization took: 0.028 sec
18:27:49.586 [JavaFX Application Thread] DEBUG Input                - Clearing active input actions
18:27:49.590 [JavaFX Application Thread] DEBUG GameApplicationServi - Removing overlay from GameLoadingScene and adding to GameScene
18:27:49.590 [JavaFX Application Thread] DEBUG PrimaryStageWindow   - GameLoadingScene -> GameScene
18:27:50.053 [JavaFX Application Thread] DEBUG FXGLAssetLoaderServi - Loading from file system: file:/C:/Users/dell/Desktop/OOP作业/Teamwork/target/classes/assets/textures/prepareText/puton.png
18:27:50.556 [JavaFX Application Thread] DEBUG FXGLAssetLoaderServi - Loading from file system: file:/C:/Users/dell/Desktop/OOP作业/Teamwork/target/classes/assets/textures/prepareText/plant.png
18:27:54.823 [JavaFX Application Thread] DEBUG FXGLAssetLoaderServi - Loading JSON from: file:/C:/Users/dell/Desktop/OOP作业/Teamwork/target/classes/assets/data/plant/SunFlower.json
18:27:54.831 [JavaFX Application Thread] DEBUG FXGLAssetLoaderServi - Loading JSON from: file:/C:/Users/dell/Desktop/OOP作业/Teamwork/target/classes/assets/data/plant/PeaShooter.json
18:28:09.202 [JavaFX Application Thread] DEBUG FXGLApplication      - Exiting FXGL
18:28:09.202 [JavaFX Application Thread] DEBUG LoopRunner           - Stopping loop
18:28:09.202 [JavaFX Application Thread] DEBUG SystemBundleService  - Saving FXGL system data
18:28:09.204 [JavaFX Application Thread] DEBUG FileSystemAccess     - Writing to: C:\Users\dell\Desktop\OOP作业\Teamwork\system\fxgl.bundle
18:28:09.204 [JavaFX Application Thread] DEBUG Async                - Shutting down background threads
18:28:09.204 [JavaFX Application Thread] DEBUG PrimaryStageWindow   - Closing main window
18:28:09.240 [JavaFX Application Thread] DEBUG Logger               - Closing Logger
