16:43:13.514 [main                     ] DEBUG Logger               - Configured Logger
16:43:13.536 [main                     ] DEBUG GameApplication      - Logging settings
Title: Plants Vs Zombies
Version: 0.0
Width: 750
Height: 533
Fullscreen: false
Intro: false
Profiling: false
Single step:false
App Mode: DEVELOPER
Menu Key: ESCAPE
Stage Style: DECORATED
Scene Factory: class com.zrt.pvz.PVZApp$1

16:43:13.802 [JavaFX Application Thread] DEBUG FXGLApplication      - Initializing FXGL
16:43:13.806 [JavaFX Application Thread] INFO  Engine               - FXGL-17.2 (20.08.2022 16.50) on WINDOWS (J:20.0.1 FX:20.0.1)
16:43:13.807 [JavaFX Application Thread] DEBUG Engine               - JRE Vendor Name: Oracle Corporation
16:43:13.807 [JavaFX Application Thread] DEBUG Engine               - Running on OS: Windows 11 version 10.0
16:43:13.807 [JavaFX Application Thread] DEBUG Engine               - Architecture: amd64
16:43:13.807 [JavaFX Application Thread] INFO  Engine               - Source code and latest versions at: https://github.com/AlmasB/FXGL
16:43:13.807 [JavaFX Application Thread] INFO  Engine               -       Ask questions and discuss at: https://github.com/AlmasB/FXGL/discussions
16:43:13.807 [JavaFX Application Thread] INFO  Engine               -              Join the FXGL chat at: https://gitter.im/AlmasB/FXGL
16:43:13.937 [JavaFX Application Thread] DEBUG PrimaryStageWindow   - Creating a JavaFX scene
16:43:13.983 [JavaFX Application Thread] DEBUG PrimaryStageWindow   - Target settings size: 750.0 x 533.0
16:43:13.983 [JavaFX Application Thread] DEBUG PrimaryStageWindow   - Scaled scene size:    750.0 x 533.0
16:43:13.983 [JavaFX Application Thread] DEBUG PrimaryStageWindow   - Scaled ratio: (1.0, 1.0)
16:43:13.984 [JavaFX Application Thread] DEBUG PrimaryStageWindow   - Set initial scene to GameStartupScene
16:43:13.985 [JavaFX Application Thread] DEBUG PrimaryStageWindow   - Opening main window
16:43:14.097 [JavaFX Application Thread] DEBUG PrimaryStageWindow   - Window border size: (14.79998779296875, 38.20001220703125)
16:43:14.097 [JavaFX Application Thread] DEBUG PrimaryStageWindow   - Scaled size: 750.0 x 533.0
16:43:14.097 [JavaFX Application Thread] DEBUG PrimaryStageWindow   - Scaled ratio: (1.0, 1.0)
16:43:14.097 [JavaFX Application Thread] DEBUG PrimaryStageWindow   - Scene size: 750.0 x 533.0
16:43:14.097 [JavaFX Application Thread] DEBUG PrimaryStageWindow   - Stage size: 764.7999877929688 x 571.2000122070312
16:43:14.102 [FXGL Background Thread 1 ] DEBUG Engine               - Initializing environment variables
16:43:14.135 [FXGL Background Thread 1 ] DEBUG FXGLAssetLoaderServi - User app class for loading assets: class com.zrt.pvz.PVZApp
16:43:14.135 [FXGL Background Thread 1 ] DEBUG GameApplicationServi - Applying CSS: fxgl_dark.css
16:43:14.136 [FXGL Background Thread 1 ] DEBUG FXGLAssetLoaderServi - Loading from file system: jar:file:///C:/Users/dell/.m2/repository/com/github/almasb/fxgl/17.2/fxgl-17.2.jar!/fxglassets/ui/css/fxgl_dark.css
16:43:14.147 [FXGL Background Thread 1 ] DEBUG GameApplicationServi - Initializing application scenes
16:43:14.155 [FXGL Background Thread 1 ] DEBUG GameWorld            - Game world initialized
16:43:14.193 [FXGL Background Thread 1 ] DEBUG PhysicsWorld         - Physics world initialized: appHeight=533, physics.ppm=50.0
16:43:14.193 [FXGL Background Thread 1 ] DEBUG PhysicsWorld         - Using strategy: BRUTE_FORCE
16:43:14.198 [FXGL Background Thread 1 ] DEBUG GameScene            - Game scene initialized: 750x533
16:43:14.200 [FXGL Background Thread 1 ] DEBUG FXGLAssetLoaderServi - Loading from file system: file:/C:/Users/dell/Desktop/OOP作业/Teamwork/target/classes/assets/textures/ui/mainMenu/bg.png
16:43:14.245 [FXGL Background Thread 1 ] DEBUG FXGLAssetLoaderServi - Loading from file system: file:/C:/Users/dell/Desktop/OOP作业/Teamwork/target/classes/assets/textures/ui/mainMenu/smallgame.png
16:43:14.254 [FXGL Background Thread 1 ] DEBUG FXGLAssetLoaderServi - Loading from file system: file:/C:/Users/dell/Desktop/OOP作业/Teamwork/target/classes/assets/textures/ui/mainMenu/puzzle.png
16:43:14.260 [FXGL Background Thread 1 ] DEBUG FXGLAssetLoaderServi - Loading from file system: file:/C:/Users/dell/Desktop/OOP作业/Teamwork/target/classes/assets/textures/ui/gameMenu/Menu.png
16:43:14.269 [FXGL Background Thread 1 ] DEBUG GameApplicationServi - Application scenes initialized
16:43:14.284 [FXGL Background Thread 1 ] DEBUG SystemBundleService  - Loading FXGL system data
16:43:14.288 [FXGL Background Thread 1 ] DEBUG FileSystemAccess     - Reading from: C:\Users\dell\Desktop\OOP作业\Teamwork\system\fxgl.bundle
16:43:14.295 [FXGL Background Thread 1 ] DEBUG SystemBundleService  - Bundle FXGL: {}
16:43:14.295 [FXGL Background Thread 1 ] DEBUG UpdaterService       - Checking for updates
16:43:14.302 [FXGL Background Thread 1 ] DEBUG FXGLApplication      - Loading default localization
16:43:14.302 [FXGL Background Thread 4 ] DEBUG FXGLApplication      - Loading fonts
16:43:14.302 [FXGL Background Thread 4 ] DEBUG FXGLAssetLoaderServi - Loading from file system: jar:file:///C:/Users/dell/.m2/repository/com/github/almasb/fxgl/17.2/fxgl-17.2.jar!/fxglassets/ui/fonts/VarelaRound-Regular.ttf
16:43:14.303 [FXGL Background Thread 1 ] DEBUG FXGLAssetLoaderServi - Loading from file system: jar:file:///C:/Users/dell/.m2/repository/com/github/almasb/fxgl/17.2/fxgl-17.2.jar!/fxglassets/languages/english.lang
16:43:14.348 [FXGL Background Thread 1 ] INFO  FXGLApplication      - FXGL initialization took: 0.245 sec
16:43:14.350 [JavaFX Application Thread] DEBUG FXGLAssetLoaderServi - Loading from file system: file:/C:/Users/dell/Desktop/OOP作业/Teamwork/target/classes/assets/textures/logo.jpg
16:43:14.355 [JavaFX Application Thread] DEBUG FXGLAssetLoaderServi - Loading from file system: jar:file:///C:/Users/dell/.m2/repository/com/github/almasb/fxgl/17.2/fxgl-17.2.jar!/fxglassets/textures/fxgl_default_cursor.png
16:43:14.367 [JavaFX Application Thread] DEBUG Input                - Registered new binding: Screenshot - CTRL+8
16:43:14.368 [JavaFX Application Thread] DEBUG Input                - Registered new binding: System info dump - CTRL+9
16:43:14.369 [JavaFX Application Thread] DEBUG Input                - Registered new binding: Restart - CTRL+R
16:43:14.369 [JavaFX Application Thread] DEBUG Input                - Registered new binding: Toggle Debug Camera - CTRL+7
16:43:14.373 [JavaFX Application Thread] DEBUG LoopRunner           - Starting loop
16:43:14.373 [JavaFX Application Thread] DEBUG LoopRunner           - Initializing JavaFX AnimationTimerLoop
16:43:14.376 [JavaFX Application Thread] DEBUG Input                - Clearing active input actions
16:43:14.382 [JavaFX Application Thread] DEBUG GameApplicationServi - Removing overlay from GameStartupScene and adding to FXGLMainMenuDummyScene
16:43:14.382 [JavaFX Application Thread] DEBUG PrimaryStageWindow   - GameStartupScene -> FXGLMainMenuDummyScene
16:43:14.382 [JavaFX Application Thread] DEBUG PrimaryStageWindow   - Push state: MainMenu
16:43:14.382 [JavaFX Application Thread] DEBUG FXGLAssetLoaderServi - Loading from file system: file:/C:/Users/dell/Desktop/OOP作业/Teamwork/target/classes/assets/music/mainMenu.wav
16:43:14.393 [FXGL Background Thread 4 ] DEBUG FXGLAssetLoaderServi - Loading from file system: jar:file:///C:/Users/dell/.m2/repository/com/github/almasb/fxgl/17.2/fxgl-17.2.jar!/fxglassets/ui/fonts/Abel-Regular.ttf
16:43:14.395 [FXGL Background Thread 4 ] DEBUG FXGLAssetLoaderServi - Loading from file system: jar:file:///C:/Users/dell/.m2/repository/com/github/almasb/fxgl/17.2/fxgl-17.2.jar!/fxglassets/ui/fonts/TerminalLandMono-Regular.otf
16:43:14.397 [FXGL Background Thread 4 ] DEBUG FXGLAssetLoaderServi - Loading from file system: jar:file:///C:/Users/dell/.m2/repository/com/github/almasb/fxgl/17.2/fxgl-17.2.jar!/fxglassets/ui/fonts/Courier-Prime.ttf
16:43:14.512 [JavaFX Application Thread] DEBUG AudioPlayer          - Playing music com.almasb.fxgl.audio.Music@4e0d0350
16:43:14.513 [JavaFX Application Thread] DEBUG Input                - Clearing active input actions
16:43:14.513 [JavaFX Application Thread] DEBUG GameApplicationServi - Removing overlay from FXGLMainMenuDummyScene and adding to MainMenu
16:43:14.515 [JavaFX Application Thread] DEBUG PrimaryStageWindow   - FXGLMainMenuDummyScene -> MainMenu
16:43:14.525 [JavaFX Application Thread] DEBUG FXGLApplication      - Registering font factories with UI factory
16:43:14.854 [JavaFX Application Thread] WARN  FXGLAssetLoaderServi - Asset "/assets/sounds/mainMenuHover.wav" was not found!
16:43:14.854 [JavaFX Application Thread] WARN  FXGLAssetLoaderServi - Failed to load SOUND
16:43:15.074 [JavaFX Application Thread] WARN  FXGLAssetLoaderServi - Asset "/assets/sounds/select.wav" was not found!
16:43:15.074 [JavaFX Application Thread] WARN  FXGLAssetLoaderServi - Failed to load SOUND
16:43:15.075 [JavaFX Application Thread] DEBUG FXGLAssetLoaderServi - Loading from file system: file:/C:/Users/dell/Desktop/OOP作业/Teamwork/target/classes/assets/textures/ui/mainMenu/ZombieHand.png
16:43:15.084 [JavaFX Application Thread] DEBUG GameApplicationServi - Starting new game
16:43:15.085 [JavaFX Application Thread] DEBUG PrimaryStageWindow   - Pop state: MainMenu
16:43:15.085 [JavaFX Application Thread] DEBUG Input                - Clearing active input actions
16:43:15.085 [JavaFX Application Thread] DEBUG GameApplicationServi - Removing overlay from MainMenu and adding to FXGLMainMenuDummyScene
16:43:15.086 [JavaFX Application Thread] DEBUG PrimaryStageWindow   - FXGLMainMenuDummyScene <- MainMenu
16:43:15.086 [JavaFX Application Thread] DEBUG Input                - Clearing active input actions
16:43:15.089 [JavaFX Application Thread] DEBUG GameApplicationServi - Removing overlay from FXGLMainMenuDummyScene and adding to FXGLLoadingScene
16:43:15.089 [JavaFX Application Thread] DEBUG PrimaryStageWindow   - FXGLMainMenuDummyScene -> FXGLLoadingScene
16:43:15.089 [JavaFX Application Thread] DEBUG GameApplicationServi - Clearing previous game
16:43:15.089 [JavaFX Application Thread] DEBUG GameScene            - Clearing game scene
16:43:15.089 [JavaFX Application Thread] DEBUG GameWorld            - Clearing game world
16:43:15.089 [JavaFX Application Thread] DEBUG PhysicsWorld         - Clearing physics world
16:43:15.092 [FXGL Background Thread 4 ] DEBUG FXGLApplication      - Initializing game
16:43:15.126 [FXGL Background Thread 4 ] DEBUG FXGLAssetLoaderServi - Loading JSON from: file:/C:/Users/dell/Desktop/OOP作业/Teamwork/target/classes/assets/levels/level1.json
16:43:15.139 [FXGL Background Thread 2 ] INFO  UpdaterService       - Your current version:  17.2
16:43:15.139 [FXGL Background Thread 2 ] INFO  UpdaterService       - Latest stable version: 17.3
16:43:15.311 [FXGL Background Thread 4 ] DEBUG FXGLAssetLoaderServi - Loading from file system: file:/C:/Users/dell/Desktop/OOP作业/Teamwork/target/classes/assets/textures/map/map1.jpg
16:43:15.368 [FXGL Background Thread 4 ] DEBUG FXGLAssetLoaderServi - Loading from file system: file:/C:/Users/dell/Desktop/OOP作业/Teamwork/target/classes/assets/textures/zombie/NormalZombie/ZombieShow/ZombieShow_0.png
16:43:15.368 [FXGL Background Thread 4 ] DEBUG FXGLAssetLoaderServi - Loading from file system: file:/C:/Users/dell/Desktop/OOP作业/Teamwork/target/classes/assets/textures/zombie/NormalZombie/ZombieShow/ZombieShow_1.png
16:43:15.369 [FXGL Background Thread 4 ] DEBUG FXGLAssetLoaderServi - Loading from file system: file:/C:/Users/dell/Desktop/OOP作业/Teamwork/target/classes/assets/textures/zombie/NormalZombie/ZombieShow/ZombieShow_2.png
16:43:15.369 [FXGL Background Thread 4 ] DEBUG FXGLAssetLoaderServi - Loading from file system: file:/C:/Users/dell/Desktop/OOP作业/Teamwork/target/classes/assets/textures/zombie/NormalZombie/ZombieShow/ZombieShow_3.png
16:43:15.370 [FXGL Background Thread 4 ] DEBUG FXGLAssetLoaderServi - Loading from file system: file:/C:/Users/dell/Desktop/OOP作业/Teamwork/target/classes/assets/textures/zombie/NormalZombie/ZombieShow/ZombieShow_4.png
16:43:15.382 [FXGL Background Thread 4 ] DEBUG FXGLAssetLoaderServi - Loading JSON from: file:/C:/Users/dell/Desktop/OOP作业/Teamwork/target/classes/assets/data/MapPoint.json
16:43:15.400 [FXGL Background Thread 4 ] DEBUG FXGLAssetLoaderServi - Loading from file system: file:/C:/Users/dell/Desktop/OOP作业/Teamwork/target/classes/assets/textures/plant/SunFlower/SunFlower.png
16:43:15.403 [FXGL Background Thread 4 ] DEBUG FXGLAssetLoaderServi - Loading JSON from: file:/C:/Users/dell/Desktop/OOP作业/Teamwork/target/classes/assets/data/NormalZombie.json
16:43:15.414 [FXGL Background Thread 4 ] INFO  FXGLApplication      - Game initialization took: 0.322 sec
16:43:15.415 [JavaFX Application Thread] DEBUG Input                - Clearing active input actions
16:43:15.419 [JavaFX Application Thread] DEBUG GameApplicationServi - Removing overlay from FXGLLoadingScene and adding to GameScene
16:43:15.420 [JavaFX Application Thread] DEBUG PrimaryStageWindow   - FXGLLoadingScene -> GameScene
16:43:17.301 [FXGL Background Thread 3 ] DEBUG Engine               - Logging environment variables
16:43:17.301 [FXGL Background Thread 3 ] DEBUG Engine               - achievements: []
16:43:17.301 [FXGL Background Thread 3 ] DEBUG Engine               - actualHeight: 533.0
16:43:17.301 [FXGL Background Thread 3 ] DEBUG Engine               - actualHeightProperty: ReadOnlyDoubleProperty [value: 533.0]
16:43:17.301 [FXGL Background Thread 3 ] DEBUG Engine               - actualWidth: 750.0
16:43:17.301 [FXGL Background Thread 3 ] DEBUG Engine               - actualWidthProperty: ReadOnlyDoubleProperty [value: 750.0]
16:43:17.301 [FXGL Background Thread 3 ] DEBUG Engine               - appIcon: logo.jpg
16:43:17.301 [FXGL Background Thread 3 ] DEBUG Engine               - applicationMode: DEVELOPER
16:43:17.301 [FXGL Background Thread 3 ] DEBUG Engine               - cSSList: [fxgl_dark.css]
16:43:17.301 [FXGL Background Thread 3 ] DEBUG Engine               - collisionDetectionStrategy: BRUTE_FORCE
16:43:17.301 [FXGL Background Thread 3 ] DEBUG Engine               - configClass: Optional.empty
16:43:17.301 [FXGL Background Thread 3 ] DEBUG Engine               - credits: []
16:43:17.303 [FXGL Background Thread 3 ] DEBUG Engine               - defaultCursor: CursorInfo(imageName=fxgl_default_cursor.png, hotspotX=7.0, hotspotY=6.0)
16:43:17.303 [FXGL Background Thread 3 ] DEBUG Engine               - devBBoxColorProperty: ObjectProperty [value: 0xff0000ff]
16:43:17.303 [FXGL Background Thread 3 ] DEBUG Engine               - devEnableDebugCameraProperty: BooleanProperty [value: false]
16:43:17.303 [FXGL Background Thread 3 ] DEBUG Engine               - devSensorColorProperty: ObjectProperty [value: 0xffff00ff]
16:43:17.304 [FXGL Background Thread 3 ] DEBUG Engine               - devShowBBoxProperty: BooleanProperty [value: false]
16:43:17.304 [FXGL Background Thread 3 ] DEBUG Engine               - devShowPositionProperty: BooleanProperty [value: false]
16:43:17.304 [FXGL Background Thread 3 ] DEBUG Engine               - enabledMenuItems: []
16:43:17.304 [FXGL Background Thread 3 ] DEBUG Engine               - engineServices: [class com.almasb.fxgl.app.services.FXGLAssetLoaderService, class com.almasb.fxgl.app.FXGLApplication$GameApplicationService, class com.almasb.fxgl.app.services.FXGLDialogService, class com.almasb.fxgl.app.services.IOTaskExecutorService, class com.almasb.fxgl.io.FileSystemService, class com.almasb.fxgl.localization.LocalizationService, class com.almasb.fxgl.app.services.SystemBundleService, class com.almasb.fxgl.profile.SaveLoadService, class com.almasb.fxgl.ui.FXGLUIFactoryServiceProvider, class com.almasb.fxgl.ui.FXGLDialogFactoryServiceProvider, class com.almasb.fxgl.audio.AudioPlayer, class com.almasb.fxgl.notification.impl.NotificationServiceProvider, class com.almasb.fxgl.achievement.AchievementService, class com.almasb.fxgl.cutscene.CutsceneService, class com.almasb.fxgl.minigames.MiniGameService, class com.almasb.fxgl.net.NetService, class com.almasb.fxgl.app.services.UpdaterService, class com.almasb.fxgl.dev.DevService]
16:43:17.304 [FXGL Background Thread 3 ] DEBUG Engine               - fontGame: Abel-Regular.ttf
16:43:17.304 [FXGL Background Thread 3 ] DEBUG Engine               - fontMono: TerminalLandMono-Regular.otf
16:43:17.304 [FXGL Background Thread 3 ] DEBUG Engine               - fontText: Courier-Prime.ttf
16:43:17.304 [FXGL Background Thread 3 ] DEBUG Engine               - fontUI: VarelaRound-Regular.ttf
16:43:17.304 [FXGL Background Thread 3 ] DEBUG Engine               - fullScreen: BooleanProperty [value: false]
16:43:17.304 [FXGL Background Thread 3 ] DEBUG Engine               - gameDifficulty: MEDIUM
16:43:17.304 [FXGL Background Thread 3 ] DEBUG Engine               - gameDifficultyProperty: ObjectProperty [value: MEDIUM]
16:43:17.304 [FXGL Background Thread 3 ] DEBUG Engine               - globalMusicVolume: 0.5
16:43:17.304 [FXGL Background Thread 3 ] DEBUG Engine               - globalMusicVolumeProperty: DoubleProperty [value: 0.5]
16:43:17.304 [FXGL Background Thread 3 ] DEBUG Engine               - globalSoundVolume: 0.5
16:43:17.304 [FXGL Background Thread 3 ] DEBUG Engine               - globalSoundVolumeProperty: DoubleProperty [value: 0.5]
16:43:17.304 [FXGL Background Thread 3 ] DEBUG Engine               - height: 533
16:43:17.304 [FXGL Background Thread 3 ] DEBUG Engine               - is3D: false
16:43:17.304 [FXGL Background Thread 3 ] DEBUG Engine               - isAndroid: false
16:43:17.304 [FXGL Background Thread 3 ] DEBUG Engine               - isBrowser: false
16:43:17.304 [FXGL Background Thread 3 ] DEBUG Engine               - isClickFeedbackEnabled: false
16:43:17.304 [FXGL Background Thread 3 ] DEBUG Engine               - isCloseConfirmation: false
16:43:17.304 [FXGL Background Thread 3 ] DEBUG Engine               - isDesktop: true
16:43:17.304 [FXGL Background Thread 3 ] DEBUG Engine               - isDeveloperMenuEnabled: false
16:43:17.304 [FXGL Background Thread 3 ] DEBUG Engine               - isEmbedded: false
16:43:17.304 [FXGL Background Thread 3 ] DEBUG Engine               - isEntityPreloadEnabled: true
16:43:17.304 [FXGL Background Thread 3 ] DEBUG Engine               - isExperimentalTiledLargeMap: false
16:43:17.304 [FXGL Background Thread 3 ] DEBUG Engine               - isFileSystemWriteAllowed: true
16:43:17.304 [FXGL Background Thread 3 ] DEBUG Engine               - isFullScreenAllowed: false
16:43:17.304 [FXGL Background Thread 3 ] DEBUG Engine               - isFullScreenFromStart: false
16:43:17.304 [FXGL Background Thread 3 ] DEBUG Engine               - isGameMenuEnabled: true
16:43:17.304 [FXGL Background Thread 3 ] DEBUG Engine               - isIOS: false
16:43:17.304 [FXGL Background Thread 3 ] DEBUG Engine               - isIntroEnabled: false
16:43:17.304 [FXGL Background Thread 3 ] DEBUG Engine               - isLinux: false
16:43:17.304 [FXGL Background Thread 3 ] DEBUG Engine               - isMac: false
16:43:17.304 [FXGL Background Thread 3 ] DEBUG Engine               - isMainMenuEnabled: true
16:43:17.304 [FXGL Background Thread 3 ] DEBUG Engine               - isManualResizeEnabled: false
16:43:17.304 [FXGL Background Thread 3 ] DEBUG Engine               - isMobile: false
16:43:17.304 [FXGL Background Thread 3 ] DEBUG Engine               - isNative: false
16:43:17.304 [FXGL Background Thread 3 ] DEBUG Engine               - isPauseMusicWhenMinimized: true
16:43:17.304 [FXGL Background Thread 3 ] DEBUG Engine               - isPreserveResizeRatio: false
16:43:17.304 [FXGL Background Thread 3 ] DEBUG Engine               - isProfilingEnabled: false
16:43:17.304 [FXGL Background Thread 3 ] DEBUG Engine               - isScaleAffectedOnResize: true
16:43:17.304 [FXGL Background Thread 3 ] DEBUG Engine               - isSingleStep: false
16:43:17.304 [FXGL Background Thread 3 ] DEBUG Engine               - isUserProfileEnabled: false
16:43:17.304 [FXGL Background Thread 3 ] DEBUG Engine               - isWindows: true
16:43:17.304 [FXGL Background Thread 3 ] DEBUG Engine               - language: ObjectProperty [value: ENGLISH]
16:43:17.304 [FXGL Background Thread 3 ] DEBUG Engine               - menuKey: ESCAPE
16:43:17.305 [FXGL Background Thread 3 ] DEBUG Engine               - mouseSensitivity: 0.2
16:43:17.305 [FXGL Background Thread 3 ] DEBUG Engine               - notificationViewClass: class com.almasb.fxgl.notification.view.XboxNotificationView
16:43:17.305 [FXGL Background Thread 3 ] DEBUG Engine               - pixelsPerMeter: 50.0
16:43:17.305 [FXGL Background Thread 3 ] DEBUG Engine               - platform: WINDOWS
16:43:17.305 [FXGL Background Thread 3 ] DEBUG Engine               - prefHeightProperty: ReadOnlyDoubleProperty [value: 533.0]
16:43:17.305 [FXGL Background Thread 3 ] DEBUG Engine               - prefWidthProperty: ReadOnlyDoubleProperty [value: 750.0]
16:43:17.305 [FXGL Background Thread 3 ] DEBUG Engine               - profileDir: profiles/
16:43:17.305 [FXGL Background Thread 3 ] DEBUG Engine               - profileName: StringProperty [value: DEFAULT]
16:43:17.305 [FXGL Background Thread 3 ] DEBUG Engine               - randomSeed: -1
16:43:17.305 [FXGL Background Thread 3 ] DEBUG Engine               - runtimeInfo: RuntimeInfo(platform=WINDOWS, version=17.2, build=20.08.2022 16.50)
16:43:17.305 [FXGL Background Thread 3 ] DEBUG Engine               - saveFileExt: sav
16:43:17.305 [FXGL Background Thread 3 ] DEBUG Engine               - scaledHeightProp$fxgl: DoubleProperty [bound, value: 533.0]
16:43:17.305 [FXGL Background Thread 3 ] DEBUG Engine               - scaledWidthProp$fxgl: DoubleProperty [bound, value: 750.0]
16:43:17.305 [FXGL Background Thread 3 ] DEBUG Engine               - sceneFactory: com.zrt.pvz.PVZApp$1@5a0f36a5
16:43:17.306 [FXGL Background Thread 3 ] DEBUG Engine               - secondsIn24h: 60
16:43:17.306 [FXGL Background Thread 3 ] DEBUG Engine               - soundMenuBack: menu/back.wav
16:43:17.306 [FXGL Background Thread 3 ] DEBUG Engine               - soundMenuPress: menu/press.wav
16:43:17.306 [FXGL Background Thread 3 ] DEBUG Engine               - soundMenuSelect: menu/select.wav
16:43:17.306 [FXGL Background Thread 3 ] DEBUG Engine               - soundNotification: core/notification.wav
16:43:17.306 [FXGL Background Thread 3 ] DEBUG Engine               - stageStyle: DECORATED
16:43:17.306 [FXGL Background Thread 3 ] DEBUG Engine               - supportedLanguages: [ENGLISH, FRENCH, GERMAN, HUNGARIAN, RUSSIAN]
16:43:17.306 [FXGL Background Thread 3 ] DEBUG Engine               - ticksPerSecond: -1
16:43:17.306 [FXGL Background Thread 3 ] DEBUG Engine               - title: Plants Vs Zombies
16:43:17.306 [FXGL Background Thread 3 ] DEBUG Engine               - urlGithub: https://github.com/AlmasB/FXGL
16:43:17.306 [FXGL Background Thread 3 ] DEBUG Engine               - urlLeaderboard: http://fxgl-top.herokuapp.com/
16:43:17.306 [FXGL Background Thread 3 ] DEBUG Engine               - urlPOM: https://raw.githubusercontent.com/AlmasB/FXGL/release/README.md
16:43:17.306 [FXGL Background Thread 3 ] DEBUG Engine               - userAppClass: class com.zrt.pvz.PVZApp
16:43:17.306 [FXGL Background Thread 3 ] DEBUG Engine               - version: 0.0
16:43:17.306 [FXGL Background Thread 3 ] DEBUG Engine               - versionCheckDays: 7
16:43:17.306 [FXGL Background Thread 3 ] DEBUG Engine               - width: 750
16:43:17.306 [FXGL Background Thread 3 ] DEBUG Engine               - Logging services
16:43:17.306 [FXGL Background Thread 3 ] DEBUG Engine               - class com.almasb.fxgl.app.services.FXGLAssetLoaderService
16:43:17.306 [FXGL Background Thread 3 ] DEBUG Engine               - class com.almasb.fxgl.app.FXGLApplication$GameApplicationService
16:43:17.306 [FXGL Background Thread 3 ] DEBUG Engine               - class com.almasb.fxgl.app.services.FXGLDialogService
16:43:17.306 [FXGL Background Thread 3 ] DEBUG Engine               - class com.almasb.fxgl.app.services.IOTaskExecutorService
16:43:17.306 [FXGL Background Thread 3 ] DEBUG Engine               - class com.almasb.fxgl.io.FileSystemService
16:43:17.306 [FXGL Background Thread 3 ] DEBUG Engine               - class com.almasb.fxgl.localization.LocalizationService
16:43:17.306 [FXGL Background Thread 3 ] DEBUG Engine               - class com.almasb.fxgl.app.services.SystemBundleService
16:43:17.306 [FXGL Background Thread 3 ] DEBUG Engine               - class com.almasb.fxgl.profile.SaveLoadService
16:43:17.306 [FXGL Background Thread 3 ] DEBUG Engine               - class com.almasb.fxgl.ui.FXGLUIFactoryServiceProvider
16:43:17.306 [FXGL Background Thread 3 ] DEBUG Engine               - class com.almasb.fxgl.ui.FXGLDialogFactoryServiceProvider
16:43:17.306 [FXGL Background Thread 3 ] DEBUG Engine               - class com.almasb.fxgl.audio.AudioPlayer
16:43:17.306 [FXGL Background Thread 3 ] DEBUG Engine               - class com.almasb.fxgl.notification.impl.NotificationServiceProvider
16:43:17.306 [FXGL Background Thread 3 ] DEBUG Engine               - class com.almasb.fxgl.achievement.AchievementService
16:43:17.306 [FXGL Background Thread 3 ] DEBUG Engine               - class com.almasb.fxgl.cutscene.CutsceneService
16:43:17.306 [FXGL Background Thread 3 ] DEBUG Engine               - class com.almasb.fxgl.minigames.MiniGameService
16:43:17.306 [FXGL Background Thread 3 ] DEBUG Engine               - class com.almasb.fxgl.net.NetService
16:43:17.306 [FXGL Background Thread 3 ] DEBUG Engine               - class com.almasb.fxgl.app.services.UpdaterService
16:43:17.306 [FXGL Background Thread 3 ] DEBUG Engine               - class com.almasb.fxgl.dev.DevService
16:43:17.940 [JavaFX Application Thread] DEBUG FXGLAssetLoaderServi - Loading from file system: file:/C:/Users/dell/Desktop/OOP作业/Teamwork/target/classes/assets/textures/weeder/weeder.png
16:43:17.945 [JavaFX Application Thread] DEBUG FXGLAssetLoaderServi - Loading from file system: file:/C:/Users/dell/Desktop/OOP作业/Teamwork/target/classes/assets/textures/prepareText/prepare.png
16:43:17.947 [JavaFX Application Thread] DEBUG FXGLAssetLoaderServi - Loading from file system: file:/C:/Users/dell/Desktop/OOP作业/Teamwork/target/classes/assets/textures/ui/choose/chosenBg.png
16:43:17.954 [JavaFX Application Thread] DEBUG FXGLAssetLoaderServi - Loading from file system: file:/C:/Users/dell/Desktop/OOP作业/Teamwork/target/classes/assets/textures/shovel/shovelBg.png
16:43:17.958 [JavaFX Application Thread] DEBUG FXGLAssetLoaderServi - Loading JSON from: file:/C:/Users/dell/Desktop/OOP作业/Teamwork/target/classes/assets/data/SunFlower.json
16:43:17.964 [JavaFX Application Thread] DEBUG FXGLAssetLoaderServi - Loading from file system: file:/C:/Users/dell/Desktop/OOP作业/Teamwork/target/classes/assets/textures/ui/choose/SunFlower.png
16:43:17.967 [JavaFX Application Thread] DEBUG FXGLAssetLoaderServi - Loading JSON from: file:/C:/Users/dell/Desktop/OOP作业/Teamwork/target/classes/assets/data/PeaShooter.json
16:43:17.971 [JavaFX Application Thread] DEBUG FXGLAssetLoaderServi - Loading from file system: file:/C:/Users/dell/Desktop/OOP作业/Teamwork/target/classes/assets/textures/ui/choose/PeaShooter.png
16:43:17.975 [JavaFX Application Thread] DEBUG FXGLAssetLoaderServi - Loading JSON from: file:/C:/Users/dell/Desktop/OOP作业/Teamwork/target/classes/assets/data/WallNut.json
16:43:17.979 [JavaFX Application Thread] DEBUG FXGLAssetLoaderServi - Loading from file system: file:/C:/Users/dell/Desktop/OOP作业/Teamwork/target/classes/assets/textures/ui/choose/WallNut.png
16:43:18.448 [JavaFX Application Thread] DEBUG FXGLAssetLoaderServi - Loading from file system: file:/C:/Users/dell/Desktop/OOP作业/Teamwork/target/classes/assets/textures/prepareText/puton.png
16:43:18.957 [JavaFX Application Thread] DEBUG FXGLAssetLoaderServi - Loading from file system: file:/C:/Users/dell/Desktop/OOP作业/Teamwork/target/classes/assets/textures/prepareText/plant.png
16:43:19.319 [JavaFX Application Thread] DEBUG FXGLApplication      - Exiting FXGL
16:43:19.319 [JavaFX Application Thread] DEBUG LoopRunner           - Stopping loop
16:43:19.319 [JavaFX Application Thread] DEBUG SystemBundleService  - Saving FXGL system data
16:43:19.322 [JavaFX Application Thread] DEBUG FileSystemAccess     - Writing to: C:\Users\dell\Desktop\OOP作业\Teamwork\system\fxgl.bundle
16:43:19.325 [JavaFX Application Thread] DEBUG Async                - Shutting down background threads
16:43:19.325 [JavaFX Application Thread] DEBUG PrimaryStageWindow   - Closing main window
16:43:19.343 [JavaFX Application Thread] DEBUG Logger               - Closing Logger
