11:35:57.704 [main                     ] DEBUG Logger               - Configured Logger
11:35:57.730 [main                     ] DEBUG GameApplication      - Logging settings
Title: Plants Vs Zombies
Version: 0.0
Width: 750
Height: 533
Fullscreen: false
Intro: false
Profiling: false
Single step:false
App Mode: DEVELOPER
Menu Key: ESCAPE
Stage Style: DECORATED
Scene Factory: class com.zrt.pvz.PVZApp$1

11:35:59.021 [JavaFX Application Thread] DEBUG FXGLApplication      - Initializing FXGL
11:35:59.025 [JavaFX Application Thread] INFO  Engine               - FXGL-17.2 (20.08.2022 16.50) on WINDOWS (J:20.0.1 FX:20.0.1)
11:35:59.025 [JavaFX Application Thread] DEBUG Engine               - JRE Vendor Name: Oracle Corporation
11:35:59.025 [JavaFX Application Thread] DEBUG Engine               - Running on OS: Windows 11 version 10.0
11:35:59.025 [JavaFX Application Thread] DEBUG Engine               - Architecture: amd64
11:35:59.025 [JavaFX Application Thread] INFO  Engine               - Source code and latest versions at: https://github.com/AlmasB/FXGL
11:35:59.025 [JavaFX Application Thread] INFO  Engine               -       Ask questions and discuss at: https://github.com/AlmasB/FXGL/discussions
11:35:59.025 [JavaFX Application Thread] INFO  Engine               -              Join the FXGL chat at: https://gitter.im/AlmasB/FXGL
11:35:59.155 [JavaFX Application Thread] DEBUG PrimaryStageWindow   - Creating a JavaFX scene
11:35:59.201 [JavaFX Application Thread] DEBUG PrimaryStageWindow   - Target settings size: 750.0 x 533.0
11:35:59.201 [JavaFX Application Thread] DEBUG PrimaryStageWindow   - Scaled scene size:    750.0 x 533.0
11:35:59.201 [JavaFX Application Thread] DEBUG PrimaryStageWindow   - Scaled ratio: (1.0, 1.0)
11:35:59.202 [JavaFX Application Thread] DEBUG PrimaryStageWindow   - Set initial scene to GameStartupScene
11:35:59.204 [JavaFX Application Thread] DEBUG PrimaryStageWindow   - Opening main window
11:35:59.476 [JavaFX Application Thread] DEBUG PrimaryStageWindow   - Window border size: (14.79998779296875, 38.20001220703125)
11:35:59.476 [JavaFX Application Thread] DEBUG PrimaryStageWindow   - Scaled size: 750.0 x 533.0
11:35:59.476 [JavaFX Application Thread] DEBUG PrimaryStageWindow   - Scaled ratio: (1.0, 1.0)
11:35:59.476 [JavaFX Application Thread] DEBUG PrimaryStageWindow   - Scene size: 750.0 x 533.0
11:35:59.476 [JavaFX Application Thread] DEBUG PrimaryStageWindow   - Stage size: 764.7999877929688 x 571.2000122070312
11:35:59.482 [FXGL Background Thread 1 ] DEBUG Engine               - Initializing environment variables
11:35:59.513 [FXGL Background Thread 1 ] DEBUG FXGLAssetLoaderServi - User app class for loading assets: class com.zrt.pvz.PVZApp
11:35:59.513 [FXGL Background Thread 1 ] DEBUG GameApplicationServi - Applying CSS: fxgl_dark.css
11:35:59.514 [FXGL Background Thread 1 ] DEBUG FXGLAssetLoaderServi - Loading from file system: jar:file:///C:/Users/dell/.m2/repository/com/github/almasb/fxgl/17.2/fxgl-17.2.jar!/fxglassets/ui/css/fxgl_dark.css
11:35:59.525 [FXGL Background Thread 1 ] DEBUG GameApplicationServi - Initializing application scenes
11:35:59.539 [FXGL Background Thread 1 ] DEBUG GameWorld            - Game world initialized
11:35:59.581 [FXGL Background Thread 1 ] DEBUG PhysicsWorld         - Physics world initialized: appHeight=533, physics.ppm=50.0
11:35:59.581 [FXGL Background Thread 1 ] DEBUG PhysicsWorld         - Using strategy: BRUTE_FORCE
11:35:59.586 [FXGL Background Thread 1 ] DEBUG GameScene            - Game scene initialized: 750x533
11:35:59.589 [FXGL Background Thread 1 ] DEBUG FXGLAssetLoaderServi - Loading from file system: file:/C:/Users/dell/Desktop/OOP作业/Teamwork/target/classes/assets/textures/ui/mainMenu/bg.png
11:35:59.657 [FXGL Background Thread 1 ] DEBUG FXGLAssetLoaderServi - Loading from file system: file:/C:/Users/dell/Desktop/OOP作业/Teamwork/target/classes/assets/textures/ui/mainMenu/smallgame.png
11:35:59.679 [FXGL Background Thread 1 ] DEBUG FXGLAssetLoaderServi - Loading from file system: file:/C:/Users/dell/Desktop/OOP作业/Teamwork/target/classes/assets/textures/ui/mainMenu/puzzle.png
11:35:59.695 [FXGL Background Thread 1 ] DEBUG FXGLAssetLoaderServi - Loading from file system: file:/C:/Users/dell/Desktop/OOP作业/Teamwork/target/classes/assets/textures/ui/gameMenu/Menu.png
11:35:59.714 [FXGL Background Thread 1 ] DEBUG GameApplicationServi - Application scenes initialized
11:35:59.728 [FXGL Background Thread 1 ] DEBUG SystemBundleService  - Loading FXGL system data
11:35:59.730 [FXGL Background Thread 1 ] DEBUG FileSystemAccess     - Reading from: C:\Users\dell\Desktop\OOP作业\Teamwork\system\fxgl.bundle
11:35:59.737 [FXGL Background Thread 1 ] DEBUG SystemBundleService  - Bundle FXGL: {}
11:35:59.737 [FXGL Background Thread 1 ] DEBUG UpdaterService       - Checking for updates
11:35:59.742 [FXGL Background Thread 4 ] DEBUG FXGLApplication      - Loading fonts
11:35:59.744 [FXGL Background Thread 4 ] DEBUG FXGLAssetLoaderServi - Loading from file system: jar:file:///C:/Users/dell/.m2/repository/com/github/almasb/fxgl/17.2/fxgl-17.2.jar!/fxglassets/ui/fonts/VarelaRound-Regular.ttf
11:35:59.744 [FXGL Background Thread 1 ] DEBUG FXGLApplication      - Loading default localization
11:35:59.744 [FXGL Background Thread 1 ] DEBUG FXGLAssetLoaderServi - Loading from file system: jar:file:///C:/Users/dell/.m2/repository/com/github/almasb/fxgl/17.2/fxgl-17.2.jar!/fxglassets/languages/english.lang
11:35:59.791 [FXGL Background Thread 1 ] INFO  FXGLApplication      - FXGL initialization took: 0.309 sec
11:35:59.794 [JavaFX Application Thread] DEBUG FXGLAssetLoaderServi - Loading from file system: file:/C:/Users/dell/Desktop/OOP作业/Teamwork/target/classes/assets/textures/logo.jpg
11:35:59.802 [JavaFX Application Thread] DEBUG FXGLAssetLoaderServi - Loading from file system: jar:file:///C:/Users/dell/.m2/repository/com/github/almasb/fxgl/17.2/fxgl-17.2.jar!/fxglassets/textures/fxgl_default_cursor.png
11:35:59.816 [JavaFX Application Thread] DEBUG Input                - Registered new binding: Screenshot - CTRL+8
11:35:59.816 [JavaFX Application Thread] DEBUG Input                - Registered new binding: System info dump - CTRL+9
11:35:59.817 [JavaFX Application Thread] DEBUG Input                - Registered new binding: Restart - CTRL+R
11:35:59.818 [JavaFX Application Thread] DEBUG Input                - Registered new binding: Toggle Debug Camera - CTRL+7
11:35:59.821 [JavaFX Application Thread] DEBUG LoopRunner           - Starting loop
11:35:59.821 [JavaFX Application Thread] DEBUG LoopRunner           - Initializing JavaFX AnimationTimerLoop
11:35:59.826 [JavaFX Application Thread] DEBUG Input                - Clearing active input actions
11:35:59.832 [JavaFX Application Thread] DEBUG GameApplicationServi - Removing overlay from GameStartupScene and adding to FXGLMainMenuDummyScene
11:35:59.832 [JavaFX Application Thread] DEBUG PrimaryStageWindow   - GameStartupScene -> FXGLMainMenuDummyScene
11:35:59.833 [JavaFX Application Thread] DEBUG PrimaryStageWindow   - Push state: MainMenu
11:35:59.833 [JavaFX Application Thread] DEBUG FXGLAssetLoaderServi - Loading from file system: file:/C:/Users/dell/Desktop/OOP作业/Teamwork/target/classes/assets/music/mainMenu.wav
11:35:59.834 [FXGL Background Thread 4 ] DEBUG FXGLAssetLoaderServi - Loading from file system: jar:file:///C:/Users/dell/.m2/repository/com/github/almasb/fxgl/17.2/fxgl-17.2.jar!/fxglassets/ui/fonts/Abel-Regular.ttf
11:35:59.836 [FXGL Background Thread 4 ] DEBUG FXGLAssetLoaderServi - Loading from file system: jar:file:///C:/Users/dell/.m2/repository/com/github/almasb/fxgl/17.2/fxgl-17.2.jar!/fxglassets/ui/fonts/TerminalLandMono-Regular.otf
11:35:59.838 [FXGL Background Thread 4 ] DEBUG FXGLAssetLoaderServi - Loading from file system: jar:file:///C:/Users/dell/.m2/repository/com/github/almasb/fxgl/17.2/fxgl-17.2.jar!/fxglassets/ui/fonts/Courier-Prime.ttf
11:35:59.951 [JavaFX Application Thread] DEBUG AudioPlayer          - Playing music com.almasb.fxgl.audio.Music@5dc87949
11:35:59.951 [JavaFX Application Thread] DEBUG Input                - Clearing active input actions
11:35:59.953 [JavaFX Application Thread] DEBUG GameApplicationServi - Removing overlay from FXGLMainMenuDummyScene and adding to MainMenu
11:35:59.953 [JavaFX Application Thread] DEBUG PrimaryStageWindow   - FXGLMainMenuDummyScene -> MainMenu
11:35:59.968 [JavaFX Application Thread] WARN  FXGLAssetLoaderServi - Asset "/assets/sounds/mainMenuHover.wav" was not found!
11:35:59.968 [JavaFX Application Thread] WARN  FXGLAssetLoaderServi - Failed to load SOUND
11:35:59.970 [JavaFX Application Thread] DEBUG FXGLApplication      - Registering font factories with UI factory
11:36:00.417 [JavaFX Application Thread] WARN  FXGLAssetLoaderServi - Asset "/assets/sounds/select.wav" was not found!
11:36:00.417 [JavaFX Application Thread] WARN  FXGLAssetLoaderServi - Failed to load SOUND
11:36:00.417 [JavaFX Application Thread] DEBUG FXGLAssetLoaderServi - Loading from file system: file:/C:/Users/dell/Desktop/OOP作业/Teamwork/target/classes/assets/textures/ui/mainMenu/ZombieHand.png
11:36:00.427 [JavaFX Application Thread] DEBUG GameApplicationServi - Starting new game
11:36:00.427 [JavaFX Application Thread] DEBUG PrimaryStageWindow   - Pop state: MainMenu
11:36:00.427 [JavaFX Application Thread] DEBUG Input                - Clearing active input actions
11:36:00.428 [JavaFX Application Thread] DEBUG GameApplicationServi - Removing overlay from MainMenu and adding to FXGLMainMenuDummyScene
11:36:00.428 [JavaFX Application Thread] DEBUG PrimaryStageWindow   - FXGLMainMenuDummyScene <- MainMenu
11:36:00.428 [JavaFX Application Thread] DEBUG Input                - Clearing active input actions
11:36:00.432 [JavaFX Application Thread] DEBUG GameApplicationServi - Removing overlay from FXGLMainMenuDummyScene and adding to FXGLLoadingScene
11:36:00.432 [JavaFX Application Thread] DEBUG PrimaryStageWindow   - FXGLMainMenuDummyScene -> FXGLLoadingScene
11:36:00.432 [JavaFX Application Thread] DEBUG GameApplicationServi - Clearing previous game
11:36:00.432 [JavaFX Application Thread] DEBUG GameScene            - Clearing game scene
11:36:00.432 [JavaFX Application Thread] DEBUG GameWorld            - Clearing game world
11:36:00.432 [JavaFX Application Thread] DEBUG PhysicsWorld         - Clearing physics world
11:36:00.436 [FXGL Background Thread 4 ] DEBUG FXGLApplication      - Initializing game
11:36:00.468 [FXGL Background Thread 4 ] DEBUG FXGLAssetLoaderServi - Loading JSON from: file:/C:/Users/dell/Desktop/OOP作业/Teamwork/target/classes/assets/levels/level1.json
11:36:00.621 [FXGL Background Thread 4 ] DEBUG FXGLAssetLoaderServi - Loading from file system: file:/C:/Users/dell/Desktop/OOP作业/Teamwork/target/classes/assets/textures/ui/choose/WallNut.png
11:36:00.625 [FXGL Background Thread 4 ] DEBUG FXGLAssetLoaderServi - Loading from file system: file:/C:/Users/dell/Desktop/OOP作业/Teamwork/target/classes/assets/textures/map/map1.jpg
11:36:00.683 [FXGL Background Thread 4 ] DEBUG FXGLAssetLoaderServi - Loading from file system: file:/C:/Users/dell/Desktop/OOP作业/Teamwork/target/classes/assets/textures/zombie/NormalZombie/ZombieShow/ZombieShow_0.png
11:36:00.695 [FXGL Background Thread 4 ] DEBUG FXGLAssetLoaderServi - Loading from file system: file:/C:/Users/dell/Desktop/OOP作业/Teamwork/target/classes/assets/textures/zombie/NormalZombie/ZombieShow/ZombieShow_1.png
11:36:00.695 [FXGL Background Thread 4 ] DEBUG FXGLAssetLoaderServi - Loading from file system: file:/C:/Users/dell/Desktop/OOP作业/Teamwork/target/classes/assets/textures/zombie/NormalZombie/ZombieShow/ZombieShow_2.png
11:36:00.697 [FXGL Background Thread 4 ] DEBUG FXGLAssetLoaderServi - Loading from file system: file:/C:/Users/dell/Desktop/OOP作业/Teamwork/target/classes/assets/textures/zombie/NormalZombie/ZombieShow/ZombieShow_3.png
11:36:00.697 [FXGL Background Thread 4 ] DEBUG FXGLAssetLoaderServi - Loading from file system: file:/C:/Users/dell/Desktop/OOP作业/Teamwork/target/classes/assets/textures/zombie/NormalZombie/ZombieShow/ZombieShow_4.png
11:36:00.716 [FXGL Background Thread 4 ] DEBUG FXGLAssetLoaderServi - Loading JSON from: file:/C:/Users/dell/Desktop/OOP作业/Teamwork/target/classes/assets/data/MapPoint.json
11:36:00.733 [FXGL Background Thread 4 ] DEBUG FXGLAssetLoaderServi - Loading from file system: file:/C:/Users/dell/Desktop/OOP作业/Teamwork/target/classes/assets/textures/plant/SunFlower/SunFlower.png
11:36:00.736 [FXGL Background Thread 4 ] DEBUG FXGLAssetLoaderServi - Loading JSON from: file:/C:/Users/dell/Desktop/OOP作业/Teamwork/target/classes/assets/data/NormalZombie.json
11:36:00.747 [FXGL Background Thread 4 ] DEBUG FXGLAssetLoaderServi - Loading JSON from: file:/C:/Users/dell/Desktop/OOP作业/Teamwork/target/classes/assets/data/ConeheadZombie.json
11:36:00.755 [FXGL Background Thread 4 ] INFO  FXGLApplication      - Game initialization took: 0.320 sec
11:36:00.756 [JavaFX Application Thread] DEBUG Input                - Clearing active input actions
11:36:00.762 [JavaFX Application Thread] DEBUG GameApplicationServi - Removing overlay from FXGLLoadingScene and adding to GameScene
11:36:00.762 [JavaFX Application Thread] DEBUG PrimaryStageWindow   - FXGLLoadingScene -> GameScene
11:36:02.507 [FXGL Background Thread 2 ] INFO  UpdaterService       - Your current version:  17.2
11:36:02.508 [FXGL Background Thread 2 ] INFO  UpdaterService       - Latest stable version: 17.3
11:36:02.741 [FXGL Background Thread 3 ] DEBUG Engine               - Logging environment variables
11:36:02.741 [FXGL Background Thread 3 ] DEBUG Engine               - achievements: []
11:36:02.741 [FXGL Background Thread 3 ] DEBUG Engine               - actualHeight: 533.0
11:36:02.741 [FXGL Background Thread 3 ] DEBUG Engine               - actualHeightProperty: ReadOnlyDoubleProperty [value: 533.0]
11:36:02.741 [FXGL Background Thread 3 ] DEBUG Engine               - actualWidth: 750.0
11:36:02.741 [FXGL Background Thread 3 ] DEBUG Engine               - actualWidthProperty: ReadOnlyDoubleProperty [value: 750.0]
11:36:02.741 [FXGL Background Thread 3 ] DEBUG Engine               - appIcon: logo.jpg
11:36:02.741 [FXGL Background Thread 3 ] DEBUG Engine               - applicationMode: DEVELOPER
11:36:02.741 [FXGL Background Thread 3 ] DEBUG Engine               - cSSList: [fxgl_dark.css]
11:36:02.741 [FXGL Background Thread 3 ] DEBUG Engine               - collisionDetectionStrategy: BRUTE_FORCE
11:36:02.741 [FXGL Background Thread 3 ] DEBUG Engine               - configClass: Optional.empty
11:36:02.741 [FXGL Background Thread 3 ] DEBUG Engine               - credits: []
11:36:02.742 [FXGL Background Thread 3 ] DEBUG Engine               - defaultCursor: CursorInfo(imageName=fxgl_default_cursor.png, hotspotX=7.0, hotspotY=6.0)
11:36:02.742 [FXGL Background Thread 3 ] DEBUG Engine               - devBBoxColorProperty: ObjectProperty [value: 0xff0000ff]
11:36:02.742 [FXGL Background Thread 3 ] DEBUG Engine               - devEnableDebugCameraProperty: BooleanProperty [value: false]
11:36:02.742 [FXGL Background Thread 3 ] DEBUG Engine               - devSensorColorProperty: ObjectProperty [value: 0xffff00ff]
11:36:02.742 [FXGL Background Thread 3 ] DEBUG Engine               - devShowBBoxProperty: BooleanProperty [value: false]
11:36:02.742 [FXGL Background Thread 3 ] DEBUG Engine               - devShowPositionProperty: BooleanProperty [value: false]
11:36:02.742 [FXGL Background Thread 3 ] DEBUG Engine               - enabledMenuItems: []
11:36:02.742 [FXGL Background Thread 3 ] DEBUG Engine               - engineServices: [class com.almasb.fxgl.app.services.FXGLAssetLoaderService, class com.almasb.fxgl.app.FXGLApplication$GameApplicationService, class com.almasb.fxgl.app.services.FXGLDialogService, class com.almasb.fxgl.app.services.IOTaskExecutorService, class com.almasb.fxgl.io.FileSystemService, class com.almasb.fxgl.localization.LocalizationService, class com.almasb.fxgl.app.services.SystemBundleService, class com.almasb.fxgl.profile.SaveLoadService, class com.almasb.fxgl.ui.FXGLUIFactoryServiceProvider, class com.almasb.fxgl.ui.FXGLDialogFactoryServiceProvider, class com.almasb.fxgl.audio.AudioPlayer, class com.almasb.fxgl.notification.impl.NotificationServiceProvider, class com.almasb.fxgl.achievement.AchievementService, class com.almasb.fxgl.cutscene.CutsceneService, class com.almasb.fxgl.minigames.MiniGameService, class com.almasb.fxgl.net.NetService, class com.almasb.fxgl.app.services.UpdaterService, class com.almasb.fxgl.dev.DevService]
11:36:02.742 [FXGL Background Thread 3 ] DEBUG Engine               - fontGame: Abel-Regular.ttf
11:36:02.742 [FXGL Background Thread 3 ] DEBUG Engine               - fontMono: TerminalLandMono-Regular.otf
11:36:02.742 [FXGL Background Thread 3 ] DEBUG Engine               - fontText: Courier-Prime.ttf
11:36:02.742 [FXGL Background Thread 3 ] DEBUG Engine               - fontUI: VarelaRound-Regular.ttf
11:36:02.742 [FXGL Background Thread 3 ] DEBUG Engine               - fullScreen: BooleanProperty [value: false]
11:36:02.742 [FXGL Background Thread 3 ] DEBUG Engine               - gameDifficulty: MEDIUM
11:36:02.743 [FXGL Background Thread 3 ] DEBUG Engine               - gameDifficultyProperty: ObjectProperty [value: MEDIUM]
11:36:02.743 [FXGL Background Thread 3 ] DEBUG Engine               - globalMusicVolume: 0.5
11:36:02.743 [FXGL Background Thread 3 ] DEBUG Engine               - globalMusicVolumeProperty: DoubleProperty [value: 0.5]
11:36:02.743 [FXGL Background Thread 3 ] DEBUG Engine               - globalSoundVolume: 0.5
11:36:02.743 [FXGL Background Thread 3 ] DEBUG Engine               - globalSoundVolumeProperty: DoubleProperty [value: 0.5]
11:36:02.743 [FXGL Background Thread 3 ] DEBUG Engine               - height: 533
11:36:02.743 [FXGL Background Thread 3 ] DEBUG Engine               - is3D: false
11:36:02.743 [FXGL Background Thread 3 ] DEBUG Engine               - isAndroid: false
11:36:02.743 [FXGL Background Thread 3 ] DEBUG Engine               - isBrowser: false
11:36:02.743 [FXGL Background Thread 3 ] DEBUG Engine               - isClickFeedbackEnabled: false
11:36:02.743 [FXGL Background Thread 3 ] DEBUG Engine               - isCloseConfirmation: false
11:36:02.743 [FXGL Background Thread 3 ] DEBUG Engine               - isDesktop: true
11:36:02.743 [FXGL Background Thread 3 ] DEBUG Engine               - isDeveloperMenuEnabled: false
11:36:02.743 [FXGL Background Thread 3 ] DEBUG Engine               - isEmbedded: false
11:36:02.743 [FXGL Background Thread 3 ] DEBUG Engine               - isEntityPreloadEnabled: true
11:36:02.743 [FXGL Background Thread 3 ] DEBUG Engine               - isExperimentalTiledLargeMap: false
11:36:02.743 [FXGL Background Thread 3 ] DEBUG Engine               - isFileSystemWriteAllowed: true
11:36:02.743 [FXGL Background Thread 3 ] DEBUG Engine               - isFullScreenAllowed: false
11:36:02.743 [FXGL Background Thread 3 ] DEBUG Engine               - isFullScreenFromStart: false
11:36:02.743 [FXGL Background Thread 3 ] DEBUG Engine               - isGameMenuEnabled: true
11:36:02.743 [FXGL Background Thread 3 ] DEBUG Engine               - isIOS: false
11:36:02.743 [FXGL Background Thread 3 ] DEBUG Engine               - isIntroEnabled: false
11:36:02.743 [FXGL Background Thread 3 ] DEBUG Engine               - isLinux: false
11:36:02.743 [FXGL Background Thread 3 ] DEBUG Engine               - isMac: false
11:36:02.743 [FXGL Background Thread 3 ] DEBUG Engine               - isMainMenuEnabled: true
11:36:02.743 [FXGL Background Thread 3 ] DEBUG Engine               - isManualResizeEnabled: false
11:36:02.743 [FXGL Background Thread 3 ] DEBUG Engine               - isMobile: false
11:36:02.743 [FXGL Background Thread 3 ] DEBUG Engine               - isNative: false
11:36:02.743 [FXGL Background Thread 3 ] DEBUG Engine               - isPauseMusicWhenMinimized: true
11:36:02.743 [FXGL Background Thread 3 ] DEBUG Engine               - isPreserveResizeRatio: false
11:36:02.743 [FXGL Background Thread 3 ] DEBUG Engine               - isProfilingEnabled: false
11:36:02.743 [FXGL Background Thread 3 ] DEBUG Engine               - isScaleAffectedOnResize: true
11:36:02.743 [FXGL Background Thread 3 ] DEBUG Engine               - isSingleStep: false
11:36:02.743 [FXGL Background Thread 3 ] DEBUG Engine               - isUserProfileEnabled: false
11:36:02.743 [FXGL Background Thread 3 ] DEBUG Engine               - isWindows: true
11:36:02.743 [FXGL Background Thread 3 ] DEBUG Engine               - language: ObjectProperty [value: ENGLISH]
11:36:02.743 [FXGL Background Thread 3 ] DEBUG Engine               - menuKey: ESCAPE
11:36:02.743 [FXGL Background Thread 3 ] DEBUG Engine               - mouseSensitivity: 0.2
11:36:02.743 [FXGL Background Thread 3 ] DEBUG Engine               - notificationViewClass: class com.almasb.fxgl.notification.view.XboxNotificationView
11:36:02.743 [FXGL Background Thread 3 ] DEBUG Engine               - pixelsPerMeter: 50.0
11:36:02.743 [FXGL Background Thread 3 ] DEBUG Engine               - platform: WINDOWS
11:36:02.743 [FXGL Background Thread 3 ] DEBUG Engine               - prefHeightProperty: ReadOnlyDoubleProperty [value: 533.0]
11:36:02.743 [FXGL Background Thread 3 ] DEBUG Engine               - prefWidthProperty: ReadOnlyDoubleProperty [value: 750.0]
11:36:02.743 [FXGL Background Thread 3 ] DEBUG Engine               - profileDir: profiles/
11:36:02.743 [FXGL Background Thread 3 ] DEBUG Engine               - profileName: StringProperty [value: DEFAULT]
11:36:02.743 [FXGL Background Thread 3 ] DEBUG Engine               - randomSeed: -1
11:36:02.744 [FXGL Background Thread 3 ] DEBUG Engine               - runtimeInfo: RuntimeInfo(platform=WINDOWS, version=17.2, build=20.08.2022 16.50)
11:36:02.744 [FXGL Background Thread 3 ] DEBUG Engine               - saveFileExt: sav
11:36:02.744 [FXGL Background Thread 3 ] DEBUG Engine               - scaledHeightProp$fxgl: DoubleProperty [bound, value: 533.0]
11:36:02.744 [FXGL Background Thread 3 ] DEBUG Engine               - scaledWidthProp$fxgl: DoubleProperty [bound, value: 750.0]
11:36:02.744 [FXGL Background Thread 3 ] DEBUG Engine               - sceneFactory: com.zrt.pvz.PVZApp$1@212396c8
11:36:02.744 [FXGL Background Thread 3 ] DEBUG Engine               - secondsIn24h: 60
11:36:02.744 [FXGL Background Thread 3 ] DEBUG Engine               - soundMenuBack: menu/back.wav
11:36:02.744 [FXGL Background Thread 3 ] DEBUG Engine               - soundMenuPress: menu/press.wav
11:36:02.744 [FXGL Background Thread 3 ] DEBUG Engine               - soundMenuSelect: menu/select.wav
11:36:02.744 [FXGL Background Thread 3 ] DEBUG Engine               - soundNotification: core/notification.wav
11:36:02.744 [FXGL Background Thread 3 ] DEBUG Engine               - stageStyle: DECORATED
11:36:02.744 [FXGL Background Thread 3 ] DEBUG Engine               - supportedLanguages: [ENGLISH, FRENCH, GERMAN, HUNGARIAN, RUSSIAN]
11:36:02.744 [FXGL Background Thread 3 ] DEBUG Engine               - ticksPerSecond: -1
11:36:02.744 [FXGL Background Thread 3 ] DEBUG Engine               - title: Plants Vs Zombies
11:36:02.744 [FXGL Background Thread 3 ] DEBUG Engine               - urlGithub: https://github.com/AlmasB/FXGL
11:36:02.744 [FXGL Background Thread 3 ] DEBUG Engine               - urlLeaderboard: http://fxgl-top.herokuapp.com/
11:36:02.744 [FXGL Background Thread 3 ] DEBUG Engine               - urlPOM: https://raw.githubusercontent.com/AlmasB/FXGL/release/README.md
11:36:02.744 [FXGL Background Thread 3 ] DEBUG Engine               - userAppClass: class com.zrt.pvz.PVZApp
11:36:02.744 [FXGL Background Thread 3 ] DEBUG Engine               - version: 0.0
11:36:02.744 [FXGL Background Thread 3 ] DEBUG Engine               - versionCheckDays: 7
11:36:02.744 [FXGL Background Thread 3 ] DEBUG Engine               - width: 750
11:36:02.744 [FXGL Background Thread 3 ] DEBUG Engine               - Logging services
11:36:02.744 [FXGL Background Thread 3 ] DEBUG Engine               - class com.almasb.fxgl.app.services.FXGLAssetLoaderService
11:36:02.744 [FXGL Background Thread 3 ] DEBUG Engine               - class com.almasb.fxgl.app.FXGLApplication$GameApplicationService
11:36:02.744 [FXGL Background Thread 3 ] DEBUG Engine               - class com.almasb.fxgl.app.services.FXGLDialogService
11:36:02.744 [FXGL Background Thread 3 ] DEBUG Engine               - class com.almasb.fxgl.app.services.IOTaskExecutorService
11:36:02.744 [FXGL Background Thread 3 ] DEBUG Engine               - class com.almasb.fxgl.io.FileSystemService
11:36:02.744 [FXGL Background Thread 3 ] DEBUG Engine               - class com.almasb.fxgl.localization.LocalizationService
11:36:02.744 [FXGL Background Thread 3 ] DEBUG Engine               - class com.almasb.fxgl.app.services.SystemBundleService
11:36:02.744 [FXGL Background Thread 3 ] DEBUG Engine               - class com.almasb.fxgl.profile.SaveLoadService
11:36:02.744 [FXGL Background Thread 3 ] DEBUG Engine               - class com.almasb.fxgl.ui.FXGLUIFactoryServiceProvider
11:36:02.744 [FXGL Background Thread 3 ] DEBUG Engine               - class com.almasb.fxgl.ui.FXGLDialogFactoryServiceProvider
11:36:02.744 [FXGL Background Thread 3 ] DEBUG Engine               - class com.almasb.fxgl.audio.AudioPlayer
11:36:02.744 [FXGL Background Thread 3 ] DEBUG Engine               - class com.almasb.fxgl.notification.impl.NotificationServiceProvider
11:36:02.744 [FXGL Background Thread 3 ] DEBUG Engine               - class com.almasb.fxgl.achievement.AchievementService
11:36:02.744 [FXGL Background Thread 3 ] DEBUG Engine               - class com.almasb.fxgl.cutscene.CutsceneService
11:36:02.744 [FXGL Background Thread 3 ] DEBUG Engine               - class com.almasb.fxgl.minigames.MiniGameService
11:36:02.744 [FXGL Background Thread 3 ] DEBUG Engine               - class com.almasb.fxgl.net.NetService
11:36:02.744 [FXGL Background Thread 3 ] DEBUG Engine               - class com.almasb.fxgl.app.services.UpdaterService
11:36:02.744 [FXGL Background Thread 3 ] DEBUG Engine               - class com.almasb.fxgl.dev.DevService
11:36:08.345 [JavaFX Application Thread] DEBUG FXGLAssetLoaderServi - Loading from file system: file:/C:/Users/dell/Desktop/OOP作业/Teamwork/target/classes/assets/textures/weeder/weeder.png
11:36:08.350 [JavaFX Application Thread] DEBUG FXGLAssetLoaderServi - Loading from file system: file:/C:/Users/dell/Desktop/OOP作业/Teamwork/target/classes/assets/textures/prepareText/prepare.png
11:36:08.352 [JavaFX Application Thread] DEBUG FXGLAssetLoaderServi - Loading from file system: file:/C:/Users/dell/Desktop/OOP作业/Teamwork/target/classes/assets/textures/ui/choose/chosenBg.png
11:36:08.359 [JavaFX Application Thread] DEBUG FXGLAssetLoaderServi - Loading from file system: file:/C:/Users/dell/Desktop/OOP作业/Teamwork/target/classes/assets/textures/shovel/shovelBg.png
11:36:08.362 [JavaFX Application Thread] DEBUG FXGLAssetLoaderServi - Loading JSON from: file:/C:/Users/dell/Desktop/OOP作业/Teamwork/target/classes/assets/data/SunFlower.json
11:36:08.373 [JavaFX Application Thread] DEBUG FXGLAssetLoaderServi - Loading from file system: file:/C:/Users/dell/Desktop/OOP作业/Teamwork/target/classes/assets/textures/ui/choose/SunFlower.png
11:36:08.376 [JavaFX Application Thread] DEBUG FXGLAssetLoaderServi - Loading JSON from: file:/C:/Users/dell/Desktop/OOP作业/Teamwork/target/classes/assets/data/PeaShooter.json
11:36:08.380 [JavaFX Application Thread] DEBUG FXGLAssetLoaderServi - Loading from file system: file:/C:/Users/dell/Desktop/OOP作业/Teamwork/target/classes/assets/textures/ui/choose/PeaShooter.png
11:36:08.852 [JavaFX Application Thread] DEBUG FXGLAssetLoaderServi - Loading from file system: file:/C:/Users/dell/Desktop/OOP作业/Teamwork/target/classes/assets/textures/prepareText/puton.png
11:36:09.361 [JavaFX Application Thread] DEBUG FXGLAssetLoaderServi - Loading from file system: file:/C:/Users/dell/Desktop/OOP作业/Teamwork/target/classes/assets/textures/prepareText/plant.png
11:36:11.390 [JavaFX Application Thread] DEBUG FXGLAssetLoaderServi - Loading from file system: file:/C:/Users/dell/Desktop/OOP作业/Teamwork/target/classes/assets/textures/plant/SunShine/SunShine_0.png
11:36:11.391 [JavaFX Application Thread] DEBUG FXGLAssetLoaderServi - Loading from file system: file:/C:/Users/dell/Desktop/OOP作业/Teamwork/target/classes/assets/textures/plant/SunShine/SunShine_1.png
11:36:11.391 [JavaFX Application Thread] DEBUG FXGLAssetLoaderServi - Loading from file system: file:/C:/Users/dell/Desktop/OOP作业/Teamwork/target/classes/assets/textures/plant/SunShine/SunShine_2.png
11:36:11.392 [JavaFX Application Thread] DEBUG FXGLAssetLoaderServi - Loading from file system: file:/C:/Users/dell/Desktop/OOP作业/Teamwork/target/classes/assets/textures/plant/SunShine/SunShine_3.png
11:36:11.392 [JavaFX Application Thread] DEBUG FXGLAssetLoaderServi - Loading from file system: file:/C:/Users/dell/Desktop/OOP作业/Teamwork/target/classes/assets/textures/plant/SunShine/SunShine_4.png
11:36:11.393 [JavaFX Application Thread] DEBUG FXGLAssetLoaderServi - Loading from file system: file:/C:/Users/dell/Desktop/OOP作业/Teamwork/target/classes/assets/textures/plant/SunShine/SunShine_5.png
11:36:11.393 [JavaFX Application Thread] DEBUG FXGLAssetLoaderServi - Loading from file system: file:/C:/Users/dell/Desktop/OOP作业/Teamwork/target/classes/assets/textures/plant/SunShine/SunShine_6.png
11:36:11.393 [JavaFX Application Thread] DEBUG FXGLAssetLoaderServi - Loading from file system: file:/C:/Users/dell/Desktop/OOP作业/Teamwork/target/classes/assets/textures/plant/SunShine/SunShine_7.png
11:36:11.394 [JavaFX Application Thread] DEBUG FXGLAssetLoaderServi - Loading from file system: file:/C:/Users/dell/Desktop/OOP作业/Teamwork/target/classes/assets/textures/plant/SunShine/SunShine_8.png
11:36:11.394 [JavaFX Application Thread] DEBUG FXGLAssetLoaderServi - Loading from file system: file:/C:/Users/dell/Desktop/OOP作业/Teamwork/target/classes/assets/textures/plant/SunShine/SunShine_9.png
11:36:11.395 [JavaFX Application Thread] DEBUG FXGLAssetLoaderServi - Loading from file system: file:/C:/Users/dell/Desktop/OOP作业/Teamwork/target/classes/assets/textures/plant/SunShine/SunShine_10.png
11:36:11.395 [JavaFX Application Thread] DEBUG FXGLAssetLoaderServi - Loading from file system: file:/C:/Users/dell/Desktop/OOP作业/Teamwork/target/classes/assets/textures/plant/SunShine/SunShine_11.png
11:36:11.396 [JavaFX Application Thread] DEBUG FXGLAssetLoaderServi - Loading from file system: file:/C:/Users/dell/Desktop/OOP作业/Teamwork/target/classes/assets/textures/plant/SunShine/SunShine_12.png
11:36:11.396 [JavaFX Application Thread] DEBUG FXGLAssetLoaderServi - Loading from file system: file:/C:/Users/dell/Desktop/OOP作业/Teamwork/target/classes/assets/textures/plant/SunShine/SunShine_13.png
11:36:11.397 [JavaFX Application Thread] DEBUG FXGLAssetLoaderServi - Loading from file system: file:/C:/Users/dell/Desktop/OOP作业/Teamwork/target/classes/assets/textures/plant/SunShine/SunShine_14.png
11:36:11.397 [JavaFX Application Thread] DEBUG FXGLAssetLoaderServi - Loading from file system: file:/C:/Users/dell/Desktop/OOP作业/Teamwork/target/classes/assets/textures/plant/SunShine/SunShine_15.png
11:36:11.397 [JavaFX Application Thread] DEBUG FXGLAssetLoaderServi - Loading from file system: file:/C:/Users/dell/Desktop/OOP作业/Teamwork/target/classes/assets/textures/plant/SunShine/SunShine_16.png
11:36:11.398 [JavaFX Application Thread] DEBUG FXGLAssetLoaderServi - Loading from file system: file:/C:/Users/dell/Desktop/OOP作业/Teamwork/target/classes/assets/textures/plant/SunShine/SunShine_17.png
11:36:11.398 [JavaFX Application Thread] DEBUG FXGLAssetLoaderServi - Loading from file system: file:/C:/Users/dell/Desktop/OOP作业/Teamwork/target/classes/assets/textures/plant/SunShine/SunShine_18.png
11:36:11.399 [JavaFX Application Thread] DEBUG FXGLAssetLoaderServi - Loading from file system: file:/C:/Users/dell/Desktop/OOP作业/Teamwork/target/classes/assets/textures/plant/SunShine/SunShine_19.png
11:36:11.399 [JavaFX Application Thread] DEBUG FXGLAssetLoaderServi - Loading from file system: file:/C:/Users/dell/Desktop/OOP作业/Teamwork/target/classes/assets/textures/plant/SunShine/SunShine_20.png
11:36:11.400 [JavaFX Application Thread] DEBUG FXGLAssetLoaderServi - Loading from file system: file:/C:/Users/dell/Desktop/OOP作业/Teamwork/target/classes/assets/textures/plant/SunShine/SunShine_21.png
11:36:11.401 [JavaFX Application Thread] DEBUG FXGLAssetLoaderServi - Loading from file system: file:/C:/Users/dell/Desktop/OOP作业/Teamwork/target/classes/assets/textures/plant/SunShine/SunShine_22.png
11:36:11.401 [JavaFX Application Thread] DEBUG FXGLAssetLoaderServi - Loading from file system: file:/C:/Users/dell/Desktop/OOP作业/Teamwork/target/classes/assets/textures/plant/SunShine/SunShine_23.png
11:36:11.402 [JavaFX Application Thread] DEBUG FXGLAssetLoaderServi - Loading from file system: file:/C:/Users/dell/Desktop/OOP作业/Teamwork/target/classes/assets/textures/plant/SunShine/SunShine_24.png
11:36:11.402 [JavaFX Application Thread] DEBUG FXGLAssetLoaderServi - Loading from file system: file:/C:/Users/dell/Desktop/OOP作业/Teamwork/target/classes/assets/textures/plant/SunShine/SunShine_25.png
11:36:11.402 [JavaFX Application Thread] DEBUG FXGLAssetLoaderServi - Loading from file system: file:/C:/Users/dell/Desktop/OOP作业/Teamwork/target/classes/assets/textures/plant/SunShine/SunShine_26.png
11:36:11.403 [JavaFX Application Thread] DEBUG FXGLAssetLoaderServi - Loading from file system: file:/C:/Users/dell/Desktop/OOP作业/Teamwork/target/classes/assets/textures/plant/SunShine/SunShine_27.png
11:36:11.404 [JavaFX Application Thread] DEBUG FXGLAssetLoaderServi - Loading from file system: file:/C:/Users/dell/Desktop/OOP作业/Teamwork/target/classes/assets/textures/plant/SunShine/SunShine_28.png
11:36:13.609 [JavaFX Application Thread] DEBUG FXGLApplication      - Exiting FXGL
11:36:13.609 [JavaFX Application Thread] DEBUG LoopRunner           - Stopping loop
11:36:13.610 [JavaFX Application Thread] DEBUG SystemBundleService  - Saving FXGL system data
11:36:13.611 [JavaFX Application Thread] DEBUG FileSystemAccess     - Writing to: C:\Users\dell\Desktop\OOP作业\Teamwork\system\fxgl.bundle
11:36:13.612 [JavaFX Application Thread] DEBUG Async                - Shutting down background threads
11:36:13.613 [JavaFX Application Thread] DEBUG PrimaryStageWindow   - Closing main window
11:36:13.634 [JavaFX Application Thread] DEBUG Logger               - Closing Logger
