10:45:36.052 [main                     ] DEBUG Logger               - Configured Logger
10:45:36.076 [main                     ] DEBUG GameApplication      - Logging settings
Title: Plants Vs Zombies
Version: 0.0
Width: 750
Height: 533
Fullscreen: false
Intro: false
Profiling: false
Single step:false
App Mode: DEVELOPER
Menu Key: ESCAPE
Stage Style: DECORATED
Scene Factory: class com.zrt.pvz.PVZApp$1

10:45:36.357 [JavaFX Application Thread] DEBUG FXGLApplication      - Initializing FXGL
10:45:36.361 [JavaFX Application Thread] INFO  Engine               - FXGL-17.2 (20.08.2022 16.50) on WINDOWS (J:20.0.1 FX:20.0.1)
10:45:36.361 [JavaFX Application Thread] DEBUG Engine               - JRE Vendor Name: Oracle Corporation
10:45:36.361 [JavaFX Application Thread] DEBUG Engine               - Running on OS: Windows 11 version 10.0
10:45:36.361 [JavaFX Application Thread] DEBUG Engine               - Architecture: amd64
10:45:36.361 [JavaFX Application Thread] INFO  Engine               - Source code and latest versions at: https://github.com/AlmasB/FXGL
10:45:36.361 [JavaFX Application Thread] INFO  Engine               -       Ask questions and discuss at: https://github.com/AlmasB/FXGL/discussions
10:45:36.362 [JavaFX Application Thread] INFO  Engine               -              Join the FXGL chat at: https://gitter.im/AlmasB/FXGL
10:45:36.511 [JavaFX Application Thread] DEBUG PrimaryStageWindow   - Creating a JavaFX scene
10:45:36.566 [JavaFX Application Thread] DEBUG PrimaryStageWindow   - Target settings size: 750.0 x 533.0
10:45:36.566 [JavaFX Application Thread] DEBUG PrimaryStageWindow   - Scaled scene size:    750.0 x 533.0
10:45:36.566 [JavaFX Application Thread] DEBUG PrimaryStageWindow   - Scaled ratio: (1.0, 1.0)
10:45:36.567 [JavaFX Application Thread] DEBUG PrimaryStageWindow   - Set initial scene to GameStartupScene
10:45:36.570 [JavaFX Application Thread] DEBUG PrimaryStageWindow   - Opening main window
10:45:36.836 [JavaFX Application Thread] DEBUG PrimaryStageWindow   - Window border size: (14.79998779296875, 38.20001220703125)
10:45:36.837 [JavaFX Application Thread] DEBUG PrimaryStageWindow   - Scaled size: 750.0 x 533.0
10:45:36.838 [JavaFX Application Thread] DEBUG PrimaryStageWindow   - Scaled ratio: (1.0, 1.0)
10:45:36.838 [JavaFX Application Thread] DEBUG PrimaryStageWindow   - Scene size: 750.0 x 533.0
10:45:36.838 [JavaFX Application Thread] DEBUG PrimaryStageWindow   - Stage size: 764.7999877929688 x 571.2000122070312
10:45:36.842 [FXGL Background Thread 1 ] DEBUG Engine               - Initializing environment variables
10:45:36.873 [FXGL Background Thread 1 ] DEBUG FXGLAssetLoaderServi - User app class for loading assets: class com.zrt.pvz.PVZApp
10:45:36.873 [FXGL Background Thread 1 ] DEBUG GameApplicationServi - Applying CSS: fxgl_dark.css
10:45:36.874 [FXGL Background Thread 1 ] DEBUG FXGLAssetLoaderServi - Loading from file system: jar:file:///C:/Users/dell/.m2/repository/com/github/almasb/fxgl/17.2/fxgl-17.2.jar!/fxglassets/ui/css/fxgl_dark.css
10:45:36.885 [FXGL Background Thread 1 ] DEBUG GameApplicationServi - Initializing application scenes
10:45:36.897 [FXGL Background Thread 1 ] DEBUG GameWorld            - Game world initialized
10:45:36.929 [FXGL Background Thread 1 ] DEBUG PhysicsWorld         - Physics world initialized: appHeight=533, physics.ppm=50.0
10:45:36.930 [FXGL Background Thread 1 ] DEBUG PhysicsWorld         - Using strategy: BRUTE_FORCE
10:45:36.932 [FXGL Background Thread 1 ] DEBUG GameScene            - Game scene initialized: 750x533
10:45:36.934 [FXGL Background Thread 1 ] DEBUG FXGLAssetLoaderServi - Loading from file system: file:/C:/Users/dell/Desktop/OOP作业/Teamwork/target/classes/assets/textures/ui/mainMenu/bg.png
10:45:36.980 [FXGL Background Thread 1 ] DEBUG FXGLAssetLoaderServi - Loading from file system: file:/C:/Users/dell/Desktop/OOP作业/Teamwork/target/classes/assets/textures/ui/mainMenu/smallgame.png
10:45:36.988 [FXGL Background Thread 1 ] DEBUG FXGLAssetLoaderServi - Loading from file system: file:/C:/Users/dell/Desktop/OOP作业/Teamwork/target/classes/assets/textures/ui/mainMenu/puzzle.png
10:45:36.998 [FXGL Background Thread 1 ] DEBUG FXGLAssetLoaderServi - Loading from file system: file:/C:/Users/dell/Desktop/OOP作业/Teamwork/target/classes/assets/textures/ui/gameMenu/Menu.png
10:45:37.016 [FXGL Background Thread 1 ] DEBUG GameApplicationServi - Application scenes initialized
10:45:37.029 [FXGL Background Thread 1 ] DEBUG SystemBundleService  - Loading FXGL system data
10:45:37.032 [FXGL Background Thread 1 ] DEBUG FileSystemAccess     - Reading from: C:\Users\dell\Desktop\OOP作业\Teamwork\system\fxgl.bundle
10:45:37.040 [FXGL Background Thread 1 ] DEBUG SystemBundleService  - Bundle FXGL: {}
10:45:37.040 [FXGL Background Thread 1 ] DEBUG UpdaterService       - Checking for updates
10:45:37.047 [FXGL Background Thread 4 ] DEBUG FXGLApplication      - Loading fonts
10:45:37.047 [FXGL Background Thread 1 ] DEBUG FXGLApplication      - Loading default localization
10:45:37.047 [FXGL Background Thread 4 ] DEBUG FXGLAssetLoaderServi - Loading from file system: jar:file:///C:/Users/dell/.m2/repository/com/github/almasb/fxgl/17.2/fxgl-17.2.jar!/fxglassets/ui/fonts/VarelaRound-Regular.ttf
10:45:37.047 [FXGL Background Thread 1 ] DEBUG FXGLAssetLoaderServi - Loading from file system: jar:file:///C:/Users/dell/.m2/repository/com/github/almasb/fxgl/17.2/fxgl-17.2.jar!/fxglassets/languages/english.lang
10:45:37.089 [FXGL Background Thread 1 ] INFO  FXGLApplication      - FXGL initialization took: 0.247 sec
10:45:37.091 [JavaFX Application Thread] DEBUG FXGLAssetLoaderServi - Loading from file system: file:/C:/Users/dell/Desktop/OOP作业/Teamwork/target/classes/assets/textures/logo.jpg
10:45:37.101 [JavaFX Application Thread] DEBUG FXGLAssetLoaderServi - Loading from file system: jar:file:///C:/Users/dell/.m2/repository/com/github/almasb/fxgl/17.2/fxgl-17.2.jar!/fxglassets/textures/fxgl_default_cursor.png
10:45:37.111 [JavaFX Application Thread] DEBUG Input                - Registered new binding: Screenshot - CTRL+8
10:45:37.112 [JavaFX Application Thread] DEBUG Input                - Registered new binding: System info dump - CTRL+9
10:45:37.113 [JavaFX Application Thread] DEBUG Input                - Registered new binding: Restart - CTRL+R
10:45:37.114 [JavaFX Application Thread] DEBUG Input                - Registered new binding: Toggle Debug Camera - CTRL+7
10:45:37.118 [JavaFX Application Thread] DEBUG LoopRunner           - Starting loop
10:45:37.118 [JavaFX Application Thread] DEBUG LoopRunner           - Initializing JavaFX AnimationTimerLoop
10:45:37.121 [JavaFX Application Thread] DEBUG Input                - Clearing active input actions
10:45:37.126 [JavaFX Application Thread] DEBUG GameApplicationServi - Removing overlay from GameStartupScene and adding to FXGLMainMenuDummyScene
10:45:37.127 [JavaFX Application Thread] DEBUG PrimaryStageWindow   - GameStartupScene -> FXGLMainMenuDummyScene
10:45:37.127 [JavaFX Application Thread] DEBUG PrimaryStageWindow   - Push state: MainMenu
10:45:37.127 [JavaFX Application Thread] DEBUG FXGLAssetLoaderServi - Loading from file system: file:/C:/Users/dell/Desktop/OOP作业/Teamwork/target/classes/assets/music/mainMenu.wav
10:45:37.147 [FXGL Background Thread 4 ] DEBUG FXGLAssetLoaderServi - Loading from file system: jar:file:///C:/Users/dell/.m2/repository/com/github/almasb/fxgl/17.2/fxgl-17.2.jar!/fxglassets/ui/fonts/Abel-Regular.ttf
10:45:37.149 [FXGL Background Thread 4 ] DEBUG FXGLAssetLoaderServi - Loading from file system: jar:file:///C:/Users/dell/.m2/repository/com/github/almasb/fxgl/17.2/fxgl-17.2.jar!/fxglassets/ui/fonts/TerminalLandMono-Regular.otf
10:45:37.151 [FXGL Background Thread 4 ] DEBUG FXGLAssetLoaderServi - Loading from file system: jar:file:///C:/Users/dell/.m2/repository/com/github/almasb/fxgl/17.2/fxgl-17.2.jar!/fxglassets/ui/fonts/Courier-Prime.ttf
10:45:37.262 [JavaFX Application Thread] DEBUG AudioPlayer          - Playing music com.almasb.fxgl.audio.Music@51f2e9a3
10:45:37.262 [JavaFX Application Thread] DEBUG Input                - Clearing active input actions
10:45:37.264 [JavaFX Application Thread] DEBUG GameApplicationServi - Removing overlay from FXGLMainMenuDummyScene and adding to MainMenu
10:45:37.265 [JavaFX Application Thread] DEBUG PrimaryStageWindow   - FXGLMainMenuDummyScene -> MainMenu
10:45:37.278 [JavaFX Application Thread] DEBUG FXGLApplication      - Registering font factories with UI factory
10:45:37.758 [JavaFX Application Thread] WARN  FXGLAssetLoaderServi - Asset "/assets/sounds/mainMenuHover.wav" was not found!
10:45:37.758 [JavaFX Application Thread] WARN  FXGLAssetLoaderServi - Failed to load SOUND
10:45:38.150 [FXGL Background Thread 2 ] INFO  UpdaterService       - Your current version:  17.2
10:45:38.150 [FXGL Background Thread 2 ] INFO  UpdaterService       - Latest stable version: 17.3
10:45:38.582 [JavaFX Application Thread] WARN  FXGLAssetLoaderServi - Asset "/assets/sounds/mainMenuHover.wav" was not found!
10:45:38.583 [JavaFX Application Thread] WARN  FXGLAssetLoaderServi - Failed to load SOUND
10:45:40.045 [FXGL Background Thread 3 ] DEBUG Engine               - Logging environment variables
10:45:40.045 [FXGL Background Thread 3 ] DEBUG Engine               - achievements: []
10:45:40.045 [FXGL Background Thread 3 ] DEBUG Engine               - actualHeight: 533.0
10:45:40.045 [FXGL Background Thread 3 ] DEBUG Engine               - actualHeightProperty: ReadOnlyDoubleProperty [value: 533.0]
10:45:40.045 [FXGL Background Thread 3 ] DEBUG Engine               - actualWidth: 750.0
10:45:40.045 [FXGL Background Thread 3 ] DEBUG Engine               - actualWidthProperty: ReadOnlyDoubleProperty [value: 750.0]
10:45:40.045 [FXGL Background Thread 3 ] DEBUG Engine               - appIcon: logo.jpg
10:45:40.045 [FXGL Background Thread 3 ] DEBUG Engine               - applicationMode: DEVELOPER
10:45:40.045 [FXGL Background Thread 3 ] DEBUG Engine               - cSSList: [fxgl_dark.css]
10:45:40.045 [FXGL Background Thread 3 ] DEBUG Engine               - collisionDetectionStrategy: BRUTE_FORCE
10:45:40.045 [FXGL Background Thread 3 ] DEBUG Engine               - configClass: Optional.empty
10:45:40.045 [FXGL Background Thread 3 ] DEBUG Engine               - credits: []
10:45:40.048 [FXGL Background Thread 3 ] DEBUG Engine               - defaultCursor: CursorInfo(imageName=fxgl_default_cursor.png, hotspotX=7.0, hotspotY=6.0)
10:45:40.048 [FXGL Background Thread 3 ] DEBUG Engine               - devBBoxColorProperty: ObjectProperty [value: 0xff0000ff]
10:45:40.048 [FXGL Background Thread 3 ] DEBUG Engine               - devEnableDebugCameraProperty: BooleanProperty [value: false]
10:45:40.048 [FXGL Background Thread 3 ] DEBUG Engine               - devSensorColorProperty: ObjectProperty [value: 0xffff00ff]
10:45:40.048 [FXGL Background Thread 3 ] DEBUG Engine               - devShowBBoxProperty: BooleanProperty [value: false]
10:45:40.048 [FXGL Background Thread 3 ] DEBUG Engine               - devShowPositionProperty: BooleanProperty [value: false]
10:45:40.048 [FXGL Background Thread 3 ] DEBUG Engine               - enabledMenuItems: []
10:45:40.048 [FXGL Background Thread 3 ] DEBUG Engine               - engineServices: [class com.almasb.fxgl.app.services.FXGLAssetLoaderService, class com.almasb.fxgl.app.FXGLApplication$GameApplicationService, class com.almasb.fxgl.app.services.FXGLDialogService, class com.almasb.fxgl.app.services.IOTaskExecutorService, class com.almasb.fxgl.io.FileSystemService, class com.almasb.fxgl.localization.LocalizationService, class com.almasb.fxgl.app.services.SystemBundleService, class com.almasb.fxgl.profile.SaveLoadService, class com.almasb.fxgl.ui.FXGLUIFactoryServiceProvider, class com.almasb.fxgl.ui.FXGLDialogFactoryServiceProvider, class com.almasb.fxgl.audio.AudioPlayer, class com.almasb.fxgl.notification.impl.NotificationServiceProvider, class com.almasb.fxgl.achievement.AchievementService, class com.almasb.fxgl.cutscene.CutsceneService, class com.almasb.fxgl.minigames.MiniGameService, class com.almasb.fxgl.net.NetService, class com.almasb.fxgl.app.services.UpdaterService, class com.almasb.fxgl.dev.DevService]
10:45:40.048 [FXGL Background Thread 3 ] DEBUG Engine               - fontGame: Abel-Regular.ttf
10:45:40.048 [FXGL Background Thread 3 ] DEBUG Engine               - fontMono: TerminalLandMono-Regular.otf
10:45:40.048 [FXGL Background Thread 3 ] DEBUG Engine               - fontText: Courier-Prime.ttf
10:45:40.048 [FXGL Background Thread 3 ] DEBUG Engine               - fontUI: VarelaRound-Regular.ttf
10:45:40.048 [FXGL Background Thread 3 ] DEBUG Engine               - fullScreen: BooleanProperty [value: false]
10:45:40.048 [FXGL Background Thread 3 ] DEBUG Engine               - gameDifficulty: MEDIUM
10:45:40.048 [FXGL Background Thread 3 ] DEBUG Engine               - gameDifficultyProperty: ObjectProperty [value: MEDIUM]
10:45:40.048 [FXGL Background Thread 3 ] DEBUG Engine               - globalMusicVolume: 0.5
10:45:40.048 [FXGL Background Thread 3 ] DEBUG Engine               - globalMusicVolumeProperty: DoubleProperty [value: 0.5]
10:45:40.048 [FXGL Background Thread 3 ] DEBUG Engine               - globalSoundVolume: 0.5
10:45:40.048 [FXGL Background Thread 3 ] DEBUG Engine               - globalSoundVolumeProperty: DoubleProperty [value: 0.5]
10:45:40.048 [FXGL Background Thread 3 ] DEBUG Engine               - height: 533
10:45:40.048 [FXGL Background Thread 3 ] DEBUG Engine               - is3D: false
10:45:40.048 [FXGL Background Thread 3 ] DEBUG Engine               - isAndroid: false
10:45:40.048 [FXGL Background Thread 3 ] DEBUG Engine               - isBrowser: false
10:45:40.048 [FXGL Background Thread 3 ] DEBUG Engine               - isClickFeedbackEnabled: false
10:45:40.048 [FXGL Background Thread 3 ] DEBUG Engine               - isCloseConfirmation: false
10:45:40.048 [FXGL Background Thread 3 ] DEBUG Engine               - isDesktop: true
10:45:40.049 [FXGL Background Thread 3 ] DEBUG Engine               - isDeveloperMenuEnabled: false
10:45:40.049 [FXGL Background Thread 3 ] DEBUG Engine               - isEmbedded: false
10:45:40.049 [FXGL Background Thread 3 ] DEBUG Engine               - isEntityPreloadEnabled: true
10:45:40.049 [FXGL Background Thread 3 ] DEBUG Engine               - isExperimentalTiledLargeMap: false
10:45:40.049 [FXGL Background Thread 3 ] DEBUG Engine               - isFileSystemWriteAllowed: true
10:45:40.049 [FXGL Background Thread 3 ] DEBUG Engine               - isFullScreenAllowed: false
10:45:40.049 [FXGL Background Thread 3 ] DEBUG Engine               - isFullScreenFromStart: false
10:45:40.049 [FXGL Background Thread 3 ] DEBUG Engine               - isGameMenuEnabled: true
10:45:40.049 [FXGL Background Thread 3 ] DEBUG Engine               - isIOS: false
10:45:40.049 [FXGL Background Thread 3 ] DEBUG Engine               - isIntroEnabled: false
10:45:40.049 [FXGL Background Thread 3 ] DEBUG Engine               - isLinux: false
10:45:40.049 [FXGL Background Thread 3 ] DEBUG Engine               - isMac: false
10:45:40.049 [FXGL Background Thread 3 ] DEBUG Engine               - isMainMenuEnabled: true
10:45:40.049 [FXGL Background Thread 3 ] DEBUG Engine               - isManualResizeEnabled: false
10:45:40.049 [FXGL Background Thread 3 ] DEBUG Engine               - isMobile: false
10:45:40.049 [FXGL Background Thread 3 ] DEBUG Engine               - isNative: false
10:45:40.049 [FXGL Background Thread 3 ] DEBUG Engine               - isPauseMusicWhenMinimized: true
10:45:40.049 [FXGL Background Thread 3 ] DEBUG Engine               - isPreserveResizeRatio: false
10:45:40.049 [FXGL Background Thread 3 ] DEBUG Engine               - isProfilingEnabled: false
10:45:40.049 [FXGL Background Thread 3 ] DEBUG Engine               - isScaleAffectedOnResize: true
10:45:40.049 [FXGL Background Thread 3 ] DEBUG Engine               - isSingleStep: false
10:45:40.049 [FXGL Background Thread 3 ] DEBUG Engine               - isUserProfileEnabled: false
10:45:40.049 [FXGL Background Thread 3 ] DEBUG Engine               - isWindows: true
10:45:40.049 [FXGL Background Thread 3 ] DEBUG Engine               - language: ObjectProperty [value: ENGLISH]
10:45:40.049 [FXGL Background Thread 3 ] DEBUG Engine               - menuKey: ESCAPE
10:45:40.049 [FXGL Background Thread 3 ] DEBUG Engine               - mouseSensitivity: 0.2
10:45:40.049 [FXGL Background Thread 3 ] DEBUG Engine               - notificationViewClass: class com.almasb.fxgl.notification.view.XboxNotificationView
10:45:40.049 [FXGL Background Thread 3 ] DEBUG Engine               - pixelsPerMeter: 50.0
10:45:40.049 [FXGL Background Thread 3 ] DEBUG Engine               - platform: WINDOWS
10:45:40.049 [FXGL Background Thread 3 ] DEBUG Engine               - prefHeightProperty: ReadOnlyDoubleProperty [value: 533.0]
10:45:40.049 [FXGL Background Thread 3 ] DEBUG Engine               - prefWidthProperty: ReadOnlyDoubleProperty [value: 750.0]
10:45:40.049 [FXGL Background Thread 3 ] DEBUG Engine               - profileDir: profiles/
10:45:40.049 [FXGL Background Thread 3 ] DEBUG Engine               - profileName: StringProperty [value: DEFAULT]
10:45:40.049 [FXGL Background Thread 3 ] DEBUG Engine               - randomSeed: -1
10:45:40.050 [FXGL Background Thread 3 ] DEBUG Engine               - runtimeInfo: RuntimeInfo(platform=WINDOWS, version=17.2, build=20.08.2022 16.50)
10:45:40.050 [FXGL Background Thread 3 ] DEBUG Engine               - saveFileExt: sav
10:45:40.050 [FXGL Background Thread 3 ] DEBUG Engine               - scaledHeightProp$fxgl: DoubleProperty [bound, value: 533.0]
10:45:40.050 [FXGL Background Thread 3 ] DEBUG Engine               - scaledWidthProp$fxgl: DoubleProperty [bound, value: 750.0]
10:45:40.050 [FXGL Background Thread 3 ] DEBUG Engine               - sceneFactory: com.zrt.pvz.PVZApp$1@d72f35f
10:45:40.050 [FXGL Background Thread 3 ] DEBUG Engine               - secondsIn24h: 60
10:45:40.050 [FXGL Background Thread 3 ] DEBUG Engine               - soundMenuBack: menu/back.wav
10:45:40.050 [FXGL Background Thread 3 ] DEBUG Engine               - soundMenuPress: menu/press.wav
10:45:40.050 [FXGL Background Thread 3 ] DEBUG Engine               - soundMenuSelect: menu/select.wav
10:45:40.050 [FXGL Background Thread 3 ] DEBUG Engine               - soundNotification: core/notification.wav
10:45:40.050 [FXGL Background Thread 3 ] DEBUG Engine               - stageStyle: DECORATED
10:45:40.050 [FXGL Background Thread 3 ] DEBUG Engine               - supportedLanguages: [ENGLISH, FRENCH, GERMAN, HUNGARIAN, RUSSIAN]
10:45:40.050 [FXGL Background Thread 3 ] DEBUG Engine               - ticksPerSecond: -1
10:45:40.050 [FXGL Background Thread 3 ] DEBUG Engine               - title: Plants Vs Zombies
10:45:40.050 [FXGL Background Thread 3 ] DEBUG Engine               - urlGithub: https://github.com/AlmasB/FXGL
10:45:40.050 [FXGL Background Thread 3 ] DEBUG Engine               - urlLeaderboard: http://fxgl-top.herokuapp.com/
10:45:40.050 [FXGL Background Thread 3 ] DEBUG Engine               - urlPOM: https://raw.githubusercontent.com/AlmasB/FXGL/release/README.md
10:45:40.050 [FXGL Background Thread 3 ] DEBUG Engine               - userAppClass: class com.zrt.pvz.PVZApp
10:45:40.050 [FXGL Background Thread 3 ] DEBUG Engine               - version: 0.0
10:45:40.050 [FXGL Background Thread 3 ] DEBUG Engine               - versionCheckDays: 7
10:45:40.050 [FXGL Background Thread 3 ] DEBUG Engine               - width: 750
10:45:40.050 [FXGL Background Thread 3 ] DEBUG Engine               - Logging services
10:45:40.050 [FXGL Background Thread 3 ] DEBUG Engine               - class com.almasb.fxgl.app.services.FXGLAssetLoaderService
10:45:40.050 [FXGL Background Thread 3 ] DEBUG Engine               - class com.almasb.fxgl.app.FXGLApplication$GameApplicationService
10:45:40.050 [FXGL Background Thread 3 ] DEBUG Engine               - class com.almasb.fxgl.app.services.FXGLDialogService
10:45:40.050 [FXGL Background Thread 3 ] DEBUG Engine               - class com.almasb.fxgl.app.services.IOTaskExecutorService
10:45:40.050 [FXGL Background Thread 3 ] DEBUG Engine               - class com.almasb.fxgl.io.FileSystemService
10:45:40.050 [FXGL Background Thread 3 ] DEBUG Engine               - class com.almasb.fxgl.localization.LocalizationService
10:45:40.050 [FXGL Background Thread 3 ] DEBUG Engine               - class com.almasb.fxgl.app.services.SystemBundleService
10:45:40.050 [FXGL Background Thread 3 ] DEBUG Engine               - class com.almasb.fxgl.profile.SaveLoadService
10:45:40.050 [FXGL Background Thread 3 ] DEBUG Engine               - class com.almasb.fxgl.ui.FXGLUIFactoryServiceProvider
10:45:40.050 [FXGL Background Thread 3 ] DEBUG Engine               - class com.almasb.fxgl.ui.FXGLDialogFactoryServiceProvider
10:45:40.050 [FXGL Background Thread 3 ] DEBUG Engine               - class com.almasb.fxgl.audio.AudioPlayer
10:45:40.050 [FXGL Background Thread 3 ] DEBUG Engine               - class com.almasb.fxgl.notification.impl.NotificationServiceProvider
10:45:40.050 [FXGL Background Thread 3 ] DEBUG Engine               - class com.almasb.fxgl.achievement.AchievementService
10:45:40.050 [FXGL Background Thread 3 ] DEBUG Engine               - class com.almasb.fxgl.cutscene.CutsceneService
10:45:40.050 [FXGL Background Thread 3 ] DEBUG Engine               - class com.almasb.fxgl.minigames.MiniGameService
10:45:40.050 [FXGL Background Thread 3 ] DEBUG Engine               - class com.almasb.fxgl.net.NetService
10:45:40.050 [FXGL Background Thread 3 ] DEBUG Engine               - class com.almasb.fxgl.app.services.UpdaterService
10:45:40.050 [FXGL Background Thread 3 ] DEBUG Engine               - class com.almasb.fxgl.dev.DevService
10:45:40.121 [JavaFX Application Thread] WARN  FXGLAssetLoaderServi - Asset "/assets/sounds/mainMenuHover.wav" was not found!
10:45:40.121 [JavaFX Application Thread] WARN  FXGLAssetLoaderServi - Failed to load SOUND
10:45:40.703 [JavaFX Application Thread] WARN  FXGLAssetLoaderServi - Asset "/assets/sounds/mainMenuHover.wav" was not found!
10:45:40.704 [JavaFX Application Thread] WARN  FXGLAssetLoaderServi - Failed to load SOUND
10:45:41.630 [JavaFX Application Thread] WARN  FXGLAssetLoaderServi - Asset "/assets/sounds/mainMenuHover.wav" was not found!
10:45:41.630 [JavaFX Application Thread] WARN  FXGLAssetLoaderServi - Failed to load SOUND
10:45:41.996 [JavaFX Application Thread] WARN  FXGLAssetLoaderServi - Asset "/assets/sounds/mainMenuHover.wav" was not found!
10:45:41.996 [JavaFX Application Thread] WARN  FXGLAssetLoaderServi - Failed to load SOUND
10:45:42.505 [JavaFX Application Thread] WARN  FXGLAssetLoaderServi - Asset "/assets/sounds/mainMenuHover.wav" was not found!
10:45:42.505 [JavaFX Application Thread] WARN  FXGLAssetLoaderServi - Failed to load SOUND
10:45:44.798 [JavaFX Application Thread] WARN  FXGLAssetLoaderServi - Asset "/assets/sounds/mainMenuHover.wav" was not found!
10:45:44.798 [JavaFX Application Thread] WARN  FXGLAssetLoaderServi - Failed to load SOUND
10:45:45.065 [JavaFX Application Thread] WARN  FXGLAssetLoaderServi - Asset "/assets/sounds/select.wav" was not found!
10:45:45.065 [JavaFX Application Thread] WARN  FXGLAssetLoaderServi - Failed to load SOUND
10:45:45.065 [JavaFX Application Thread] DEBUG FXGLApplication      - Exiting FXGL
10:45:45.065 [JavaFX Application Thread] DEBUG LoopRunner           - Stopping loop
10:45:45.065 [JavaFX Application Thread] DEBUG SystemBundleService  - Saving FXGL system data
10:45:45.067 [JavaFX Application Thread] DEBUG FileSystemAccess     - Writing to: C:\Users\dell\Desktop\OOP作业\Teamwork\system\fxgl.bundle
10:45:45.071 [JavaFX Application Thread] DEBUG Async                - Shutting down background threads
10:45:45.071 [JavaFX Application Thread] DEBUG PrimaryStageWindow   - Closing main window
10:45:45.095 [JavaFX Application Thread] DEBUG Logger               - Closing Logger
