01:24:45.152 [main                     ] DEBUG Logger               - Configured Logger
01:24:45.181 [main                     ] DEBUG GameApplication      - Logging settings
Title: Plants Vs Zombies
Version: 0.0
Width: 750
Height: 533
Fullscreen: false
Intro: false
Profiling: false
Single step:false
App Mode: DEVELOPER
Menu Key: ESCAPE
Stage Style: DECORATED
Scene Factory: class com.zrt.pvz.PVZApp$1

01:24:46.326 [JavaFX Application Thread] DEBUG FXGLApplication      - Initializing FXGL
01:24:46.330 [JavaFX Application Thread] INFO  Engine               - FXGL-17.2 (20.08.2022 16.50) on WINDOWS (J:20.0.1 FX:20.0.1)
01:24:46.330 [JavaFX Application Thread] DEBUG Engine               - JRE Vendor Name: Oracle Corporation
01:24:46.330 [JavaFX Application Thread] DEBUG Engine               - Running on OS: Windows 11 version 10.0
01:24:46.330 [JavaFX Application Thread] DEBUG Engine               - Architecture: amd64
01:24:46.330 [JavaFX Application Thread] INFO  Engine               - Source code and latest versions at: https://github.com/AlmasB/FXGL
01:24:46.330 [JavaFX Application Thread] INFO  Engine               -       Ask questions and discuss at: https://github.com/AlmasB/FXGL/discussions
01:24:46.330 [JavaFX Application Thread] INFO  Engine               -              Join the FXGL chat at: https://gitter.im/AlmasB/FXGL
01:24:46.455 [JavaFX Application Thread] DEBUG PrimaryStageWindow   - Creating a JavaFX scene
01:24:46.506 [JavaFX Application Thread] DEBUG PrimaryStageWindow   - Target settings size: 750.0 x 533.0
01:24:46.506 [JavaFX Application Thread] DEBUG PrimaryStageWindow   - Scaled scene size:    750.0 x 533.0
01:24:46.506 [JavaFX Application Thread] DEBUG PrimaryStageWindow   - Scaled ratio: (1.0, 1.0)
01:24:46.506 [JavaFX Application Thread] DEBUG PrimaryStageWindow   - Set initial scene to GameStartupScene
01:24:46.508 [JavaFX Application Thread] DEBUG PrimaryStageWindow   - Opening main window
01:24:46.789 [JavaFX Application Thread] DEBUG PrimaryStageWindow   - Window border size: (14.79998779296875, 38.20001220703125)
01:24:46.789 [JavaFX Application Thread] DEBUG PrimaryStageWindow   - Scaled size: 750.0 x 533.0
01:24:46.789 [JavaFX Application Thread] DEBUG PrimaryStageWindow   - Scaled ratio: (1.0, 1.0)
01:24:46.789 [JavaFX Application Thread] DEBUG PrimaryStageWindow   - Scene size: 750.0 x 533.0
01:24:46.790 [JavaFX Application Thread] DEBUG PrimaryStageWindow   - Stage size: 764.7999877929688 x 571.2000122070312
01:24:46.795 [FXGL Background Thread 1 ] DEBUG Engine               - Initializing environment variables
01:24:46.812 [JavaFX Application Thread] DEBUG LoopRunner           - Stopping loop
01:24:46.812 [JavaFX Application Thread] DEBUG LoopRunner           - Initializing JavaFX AnimationTimerLoop
01:24:46.815 [JavaFX Application Thread] FATAL FXGLApplication      - Uncaught Exception:
java.lang.NullPointerException
	at com.almasb.fxgl.all@17.2/com.almasb.fxgl.app.services.FXGLAssetLoaderService.load(FXGLAssetLoaderService.kt:496)
	at com.almasb.fxgl.all@17.2/com.almasb.fxgl.app.services.FXGLAssetLoaderService.loadSound(FXGLAssetLoaderService.kt:196)
	at com.almasb.fxgl.all@17.2/com.almasb.fxgl.dsl.FXGL$Companion.play(FXGL.kt:441)
	at com.almasb.fxgl.all@17.2/com.almasb.fxgl.dsl.FXGL.play(FXGL.kt)
	at Teamwork/com.zrt.pvz.ui.ImageButton.lambda$new$2(ImageButton.java:32)
	at javafx.base@20.0.1/com.sun.javafx.event.CompositeEventHandler.dispatchBubblingEvent(CompositeEventHandler.java:86)
	at javafx.base@20.0.1/com.sun.javafx.event.EventHandlerManager.dispatchBubblingEvent(EventHandlerManager.java:232)
	at javafx.base@20.0.1/com.sun.javafx.event.EventHandlerManager.dispatchBubblingEvent(EventHandlerManager.java:189)
	at javafx.base@20.0.1/com.sun.javafx.event.CompositeEventDispatcher.dispatchBubblingEvent(CompositeEventDispatcher.java:59)
	at javafx.base@20.0.1/com.sun.javafx.event.BasicEventDispatcher.dispatchEvent(BasicEventDispatcher.java:58)
	at javafx.base@20.0.1/com.sun.javafx.event.EventDispatchChainImpl.dispatchEvent(EventDispatchChainImpl.java:114)
	at javafx.base@20.0.1/com.sun.javafx.event.BasicEventDispatcher.dispatchEvent(BasicEventDispatcher.java:56)
	at javafx.base@20.0.1/com.sun.javafx.event.EventDispatchChainImpl.dispatchEvent(EventDispatchChainImpl.java:114)
	at javafx.base@20.0.1/com.sun.javafx.event.BasicEventDispatcher.dispatchEvent(BasicEventDispatcher.java:56)
	at javafx.base@20.0.1/com.sun.javafx.event.EventDispatchChainImpl.dispatchEvent(EventDispatchChainImpl.java:114)
	at javafx.base@20.0.1/com.sun.javafx.event.EventUtil.fireEventImpl(EventUtil.java:74)
	at javafx.base@20.0.1/com.sun.javafx.event.EventUtil.fireEvent(EventUtil.java:54)
	at javafx.base@20.0.1/javafx.event.Event.fireEvent(Event.java:198)
	at javafx.base@20.0.1/com.sun.javafx.event.EventQueue.fire(EventQueue.java:48)
	at javafx.graphics@20.0.1/javafx.scene.Scene$MouseHandler.handleEnterExit(Scene.java:3894)
	at javafx.graphics@20.0.1/javafx.scene.Scene$MouseHandler.process(Scene.java:3965)
	at javafx.graphics@20.0.1/javafx.scene.Scene.processMouseEvent(Scene.java:1890)
	at javafx.graphics@20.0.1/javafx.scene.Scene$ScenePeerListener.mouseEvent(Scene.java:2704)
	at javafx.graphics@20.0.1/com.sun.javafx.tk.quantum.GlassViewEventHandler$MouseEventNotification.run(GlassViewEventHandler.java:411)
	at javafx.graphics@20.0.1/com.sun.javafx.tk.quantum.GlassViewEventHandler$MouseEventNotification.run(GlassViewEventHandler.java:301)
	at java.base/java.security.AccessController.doPrivileged(AccessController.java:400)
	at javafx.graphics@20.0.1/com.sun.javafx.tk.quantum.GlassViewEventHandler.lambda$handleMouseEvent$2(GlassViewEventHandler.java:450)
	at javafx.graphics@20.0.1/com.sun.javafx.tk.quantum.QuantumToolkit.runWithoutRenderLock(QuantumToolkit.java:424)
	at javafx.graphics@20.0.1/com.sun.javafx.tk.quantum.GlassViewEventHandler.handleMouseEvent(GlassViewEventHandler.java:449)
	at javafx.graphics@20.0.1/com.sun.glass.ui.View.handleMouseEvent(View.java:551)
	at javafx.graphics@20.0.1/com.sun.glass.ui.View.notifyMouse(View.java:937)
	at javafx.graphics@20.0.1/com.sun.glass.ui.win.WinApplication._runLoop(Native Method)
	at javafx.graphics@20.0.1/com.sun.glass.ui.win.WinApplication.lambda$runLoop$3(WinApplication.java:185)
	at java.base/java.lang.Thread.run(Thread.java:1623)

01:24:46.815 [JavaFX Application Thread] FATAL FXGLApplication      - Application will now exit
01:24:46.829 [FXGL Background Thread 1 ] DEBUG FXGLAssetLoaderServi - User app class for loading assets: class com.zrt.pvz.PVZApp
01:24:46.829 [FXGL Background Thread 1 ] DEBUG GameApplicationServi - Applying CSS: fxgl_dark.css
01:24:46.830 [FXGL Background Thread 1 ] DEBUG FXGLAssetLoaderServi - Loading from file system: jar:file:///C:/Users/dell/.m2/repository/com/github/almasb/fxgl/17.2/fxgl-17.2.jar!/fxglassets/ui/css/fxgl_dark.css
01:24:46.831 [FXGL Background Thread 1 ] DEBUG GameApplicationServi - Initializing application scenes
01:24:46.836 [FXGL Background Thread 1 ] DEBUG GameWorld            - Game world initialized
01:24:46.839 [JavaFX Application Thread] DEBUG PrimaryStageWindow   - Push state: ErrorSubScene
01:24:46.839 [JavaFX Application Thread] DEBUG Input                - Clearing active input actions
01:24:46.848 [JavaFX Application Thread] DEBUG GameApplicationServi - Removing overlay from GameStartupScene and adding to ErrorSubScene
01:24:46.849 [JavaFX Application Thread] DEBUG PrimaryStageWindow   - GameStartupScene -> ErrorSubScene
01:24:46.888 [FXGL Background Thread 1 ] DEBUG PhysicsWorld         - Physics world initialized: appHeight=533, physics.ppm=50.0
01:24:46.888 [FXGL Background Thread 1 ] DEBUG PhysicsWorld         - Using strategy: BRUTE_FORCE
01:24:46.892 [FXGL Background Thread 1 ] DEBUG GameScene            - Game scene initialized: 750x533
01:24:46.895 [FXGL Background Thread 1 ] DEBUG FXGLAssetLoaderServi - Loading from file system: file:/C:/Users/dell/Desktop/OOP作业/Teamwork/target/classes/assets/textures/ui/mainMenu/bg.png
01:24:46.968 [FXGL Background Thread 1 ] DEBUG FXGLAssetLoaderServi - Loading from file system: file:/C:/Users/dell/Desktop/OOP作业/Teamwork/target/classes/assets/textures/ui/mainMenu/smallgame.png
01:24:46.980 [FXGL Background Thread 1 ] DEBUG FXGLAssetLoaderServi - Loading from file system: file:/C:/Users/dell/Desktop/OOP作业/Teamwork/target/classes/assets/textures/ui/mainMenu/puzzle.png
01:24:46.991 [FXGL Background Thread 1 ] DEBUG FXGLAssetLoaderServi - Loading from file system: file:/C:/Users/dell/Desktop/OOP作业/Teamwork/target/classes/assets/textures/ui/gameMenu/Menu.png
01:24:47.002 [FXGL Background Thread 1 ] DEBUG GameApplicationServi - Application scenes initialized
01:24:47.013 [FXGL Background Thread 1 ] DEBUG SystemBundleService  - Loading FXGL system data
01:24:47.020 [FXGL Background Thread 1 ] DEBUG FileSystemAccess     - Reading from: C:\Users\dell\Desktop\OOP作业\Teamwork\system\fxgl.bundle
01:24:47.036 [FXGL Background Thread 1 ] DEBUG SystemBundleService  - Bundle FXGL: {}
01:24:47.037 [FXGL Background Thread 1 ] DEBUG UpdaterService       - Checking for updates
01:24:47.057 [FXGL Background Thread 4 ] DEBUG FXGLApplication      - Loading fonts
01:24:47.057 [FXGL Background Thread 4 ] DEBUG FXGLAssetLoaderServi - Loading from file system: jar:file:///C:/Users/dell/.m2/repository/com/github/almasb/fxgl/17.2/fxgl-17.2.jar!/fxglassets/ui/fonts/VarelaRound-Regular.ttf
01:24:47.059 [FXGL Background Thread 1 ] DEBUG FXGLApplication      - Loading default localization
01:24:47.060 [FXGL Background Thread 1 ] DEBUG FXGLAssetLoaderServi - Loading from file system: jar:file:///C:/Users/dell/.m2/repository/com/github/almasb/fxgl/17.2/fxgl-17.2.jar!/fxglassets/languages/english.lang
01:24:47.127 [FXGL Background Thread 1 ] INFO  FXGLApplication      - FXGL initialization took: 0.333 sec
01:24:47.173 [FXGL Background Thread 4 ] DEBUG FXGLAssetLoaderServi - Loading from file system: jar:file:///C:/Users/dell/.m2/repository/com/github/almasb/fxgl/17.2/fxgl-17.2.jar!/fxglassets/ui/fonts/Abel-Regular.ttf
01:24:47.175 [FXGL Background Thread 4 ] DEBUG FXGLAssetLoaderServi - Loading from file system: jar:file:///C:/Users/dell/.m2/repository/com/github/almasb/fxgl/17.2/fxgl-17.2.jar!/fxglassets/ui/fonts/TerminalLandMono-Regular.otf
01:24:47.178 [FXGL Background Thread 4 ] DEBUG FXGLAssetLoaderServi - Loading from file system: jar:file:///C:/Users/dell/.m2/repository/com/github/almasb/fxgl/17.2/fxgl-17.2.jar!/fxglassets/ui/fonts/Courier-Prime.ttf
01:24:47.255 [JavaFX Application Thread] DEBUG FXGLAssetLoaderServi - Loading from file system: file:/C:/Users/dell/Desktop/OOP作业/Teamwork/target/classes/assets/textures/logo.jpg
01:24:47.262 [JavaFX Application Thread] DEBUG FXGLAssetLoaderServi - Loading from file system: jar:file:///C:/Users/dell/.m2/repository/com/github/almasb/fxgl/17.2/fxgl-17.2.jar!/fxglassets/textures/fxgl_default_cursor.png
01:24:47.266 [JavaFX Application Thread] DEBUG Input                - Registered new binding: Screenshot - CTRL+8
01:24:47.267 [JavaFX Application Thread] DEBUG Input                - Registered new binding: System info dump - CTRL+9
01:24:47.267 [JavaFX Application Thread] DEBUG Input                - Registered new binding: Restart - CTRL+R
01:24:47.268 [JavaFX Application Thread] DEBUG Input                - Registered new binding: Toggle Debug Camera - CTRL+7
01:24:47.269 [JavaFX Application Thread] DEBUG LoopRunner           - Starting loop
01:24:47.270 [JavaFX Application Thread] DEBUG PrimaryStageWindow   - Pop state: ErrorSubScene
01:24:47.270 [JavaFX Application Thread] DEBUG Input                - Clearing active input actions
01:24:47.271 [JavaFX Application Thread] DEBUG GameApplicationServi - Removing overlay from ErrorSubScene and adding to GameStartupScene
01:24:47.272 [JavaFX Application Thread] DEBUG PrimaryStageWindow   - GameStartupScene <- ErrorSubScene
01:24:47.272 [JavaFX Application Thread] DEBUG Input                - Clearing active input actions
01:24:47.276 [JavaFX Application Thread] DEBUG GameApplicationServi - Removing overlay from GameStartupScene and adding to FXGLMainMenuDummyScene
01:24:47.277 [JavaFX Application Thread] DEBUG PrimaryStageWindow   - GameStartupScene -> FXGLMainMenuDummyScene
01:24:47.277 [JavaFX Application Thread] DEBUG PrimaryStageWindow   - Push state: MainMenu
01:24:47.277 [JavaFX Application Thread] DEBUG FXGLAssetLoaderServi - Loading from file system: file:/C:/Users/dell/Desktop/OOP作业/Teamwork/target/classes/assets/music/mainMenu.wav
01:24:47.380 [JavaFX Application Thread] DEBUG AudioPlayer          - Playing music com.almasb.fxgl.audio.Music@2e78d20d
01:24:47.380 [JavaFX Application Thread] DEBUG Input                - Clearing active input actions
01:24:47.381 [JavaFX Application Thread] DEBUG GameApplicationServi - Removing overlay from FXGLMainMenuDummyScene and adding to MainMenu
01:24:47.381 [JavaFX Application Thread] DEBUG PrimaryStageWindow   - FXGLMainMenuDummyScene -> MainMenu
01:24:47.382 [JavaFX Application Thread] DEBUG FXGLApplication      - Registering font factories with UI factory
01:24:47.394 [JavaFX Application Thread] WARN  FXGLAssetLoaderServi - Asset "/assets/sounds/mainMenuHover.wav" was not found!
01:24:47.394 [JavaFX Application Thread] WARN  FXGLAssetLoaderServi - Failed to load SOUND
01:24:47.940 [FXGL Background Thread 2 ] INFO  UpdaterService       - Your current version:  17.2
01:24:47.940 [FXGL Background Thread 2 ] INFO  UpdaterService       - Latest stable version: 17.3
01:24:48.022 [JavaFX Application Thread] WARN  FXGLAssetLoaderServi - Asset "/assets/sounds/select.wav" was not found!
01:24:48.022 [JavaFX Application Thread] WARN  FXGLAssetLoaderServi - Failed to load SOUND
01:24:48.022 [JavaFX Application Thread] DEBUG FXGLAssetLoaderServi - Loading from file system: file:/C:/Users/dell/Desktop/OOP作业/Teamwork/target/classes/assets/textures/ui/mainMenu/ZombieHand.png
01:24:48.034 [JavaFX Application Thread] DEBUG GameApplicationServi - Starting new game
01:24:48.034 [JavaFX Application Thread] DEBUG PrimaryStageWindow   - Pop state: MainMenu
01:24:48.034 [JavaFX Application Thread] DEBUG Input                - Clearing active input actions
01:24:48.035 [JavaFX Application Thread] DEBUG GameApplicationServi - Removing overlay from MainMenu and adding to FXGLMainMenuDummyScene
01:24:48.035 [JavaFX Application Thread] DEBUG PrimaryStageWindow   - FXGLMainMenuDummyScene <- MainMenu
01:24:48.035 [JavaFX Application Thread] DEBUG Input                - Clearing active input actions
01:24:48.040 [JavaFX Application Thread] DEBUG GameApplicationServi - Removing overlay from FXGLMainMenuDummyScene and adding to FXGLLoadingScene
01:24:48.040 [JavaFX Application Thread] DEBUG PrimaryStageWindow   - FXGLMainMenuDummyScene -> FXGLLoadingScene
01:24:48.040 [JavaFX Application Thread] DEBUG GameApplicationServi - Clearing previous game
01:24:48.040 [JavaFX Application Thread] DEBUG GameScene            - Clearing game scene
01:24:48.040 [JavaFX Application Thread] DEBUG GameWorld            - Clearing game world
01:24:48.040 [JavaFX Application Thread] DEBUG PhysicsWorld         - Clearing physics world
01:24:48.043 [FXGL Background Thread 2 ] DEBUG FXGLApplication      - Initializing game
01:24:48.066 [FXGL Background Thread 2 ] DEBUG FXGLAssetLoaderServi - Loading JSON from: file:/C:/Users/dell/Desktop/OOP作业/Teamwork/target/classes/assets/levels/level1.json
01:24:48.199 [FXGL Background Thread 2 ] DEBUG FXGLAssetLoaderServi - Loading from file system: file:/C:/Users/dell/Desktop/OOP作业/Teamwork/target/classes/assets/textures/ui/choose/WallNut.png
01:24:48.202 [FXGL Background Thread 2 ] DEBUG FXGLAssetLoaderServi - Loading from file system: file:/C:/Users/dell/Desktop/OOP作业/Teamwork/target/classes/assets/textures/map/map1.jpg
01:24:48.247 [FXGL Background Thread 2 ] DEBUG FXGLAssetLoaderServi - Loading from file system: file:/C:/Users/dell/Desktop/OOP作业/Teamwork/target/classes/assets/textures/zombie/NormalZombie/ZombieShow/ZombieShow_0.png
01:24:48.248 [FXGL Background Thread 2 ] DEBUG FXGLAssetLoaderServi - Loading from file system: file:/C:/Users/dell/Desktop/OOP作业/Teamwork/target/classes/assets/textures/zombie/NormalZombie/ZombieShow/ZombieShow_1.png
01:24:48.249 [FXGL Background Thread 2 ] DEBUG FXGLAssetLoaderServi - Loading from file system: file:/C:/Users/dell/Desktop/OOP作业/Teamwork/target/classes/assets/textures/zombie/NormalZombie/ZombieShow/ZombieShow_2.png
01:24:48.249 [FXGL Background Thread 2 ] DEBUG FXGLAssetLoaderServi - Loading from file system: file:/C:/Users/dell/Desktop/OOP作业/Teamwork/target/classes/assets/textures/zombie/NormalZombie/ZombieShow/ZombieShow_3.png
01:24:48.250 [FXGL Background Thread 2 ] DEBUG FXGLAssetLoaderServi - Loading from file system: file:/C:/Users/dell/Desktop/OOP作业/Teamwork/target/classes/assets/textures/zombie/NormalZombie/ZombieShow/ZombieShow_4.png
01:24:48.265 [FXGL Background Thread 2 ] DEBUG FXGLAssetLoaderServi - Loading JSON from: file:/C:/Users/dell/Desktop/OOP作业/Teamwork/target/classes/assets/data/MapPoint.json
01:24:48.282 [FXGL Background Thread 2 ] DEBUG FXGLAssetLoaderServi - Loading from file system: file:/C:/Users/dell/Desktop/OOP作业/Teamwork/target/classes/assets/textures/plant/SunFlower/SunFlower.png
01:24:48.285 [FXGL Background Thread 2 ] DEBUG FXGLAssetLoaderServi - Loading JSON from: file:/C:/Users/dell/Desktop/OOP作业/Teamwork/target/classes/assets/data/NormalZombie.json
01:24:48.295 [FXGL Background Thread 2 ] DEBUG FXGLAssetLoaderServi - Loading JSON from: file:/C:/Users/dell/Desktop/OOP作业/Teamwork/target/classes/assets/data/ConeheadZombie.json
01:24:48.302 [FXGL Background Thread 2 ] INFO  FXGLApplication      - Game initialization took: 0.258 sec
01:24:48.302 [JavaFX Application Thread] DEBUG Input                - Clearing active input actions
01:24:48.306 [JavaFX Application Thread] DEBUG GameApplicationServi - Removing overlay from FXGLLoadingScene and adding to GameScene
01:24:48.306 [JavaFX Application Thread] DEBUG PrimaryStageWindow   - FXGLLoadingScene -> GameScene
01:24:50.053 [FXGL Background Thread 3 ] DEBUG Engine               - Logging environment variables
01:24:50.053 [FXGL Background Thread 3 ] DEBUG Engine               - achievements: []
01:24:50.053 [FXGL Background Thread 3 ] DEBUG Engine               - actualHeight: 533.0
01:24:50.053 [FXGL Background Thread 3 ] DEBUG Engine               - actualHeightProperty: ReadOnlyDoubleProperty [value: 533.0]
01:24:50.053 [FXGL Background Thread 3 ] DEBUG Engine               - actualWidth: 750.0
01:24:50.053 [FXGL Background Thread 3 ] DEBUG Engine               - actualWidthProperty: ReadOnlyDoubleProperty [value: 750.0]
01:24:50.053 [FXGL Background Thread 3 ] DEBUG Engine               - appIcon: logo.jpg
01:24:50.053 [FXGL Background Thread 3 ] DEBUG Engine               - applicationMode: DEVELOPER
01:24:50.053 [FXGL Background Thread 3 ] DEBUG Engine               - cSSList: [fxgl_dark.css]
01:24:50.053 [FXGL Background Thread 3 ] DEBUG Engine               - collisionDetectionStrategy: BRUTE_FORCE
01:24:50.053 [FXGL Background Thread 3 ] DEBUG Engine               - configClass: Optional.empty
01:24:50.053 [FXGL Background Thread 3 ] DEBUG Engine               - credits: []
01:24:50.056 [FXGL Background Thread 3 ] DEBUG Engine               - defaultCursor: CursorInfo(imageName=fxgl_default_cursor.png, hotspotX=7.0, hotspotY=6.0)
01:24:50.056 [FXGL Background Thread 3 ] DEBUG Engine               - devBBoxColorProperty: ObjectProperty [value: 0xff0000ff]
01:24:50.056 [FXGL Background Thread 3 ] DEBUG Engine               - devEnableDebugCameraProperty: BooleanProperty [value: false]
01:24:50.056 [FXGL Background Thread 3 ] DEBUG Engine               - devSensorColorProperty: ObjectProperty [value: 0xffff00ff]
01:24:50.056 [FXGL Background Thread 3 ] DEBUG Engine               - devShowBBoxProperty: BooleanProperty [value: false]
01:24:50.056 [FXGL Background Thread 3 ] DEBUG Engine               - devShowPositionProperty: BooleanProperty [value: false]
01:24:50.056 [FXGL Background Thread 3 ] DEBUG Engine               - enabledMenuItems: []
01:24:50.056 [FXGL Background Thread 3 ] DEBUG Engine               - engineServices: [class com.almasb.fxgl.app.services.FXGLAssetLoaderService, class com.almasb.fxgl.app.FXGLApplication$GameApplicationService, class com.almasb.fxgl.app.services.FXGLDialogService, class com.almasb.fxgl.app.services.IOTaskExecutorService, class com.almasb.fxgl.io.FileSystemService, class com.almasb.fxgl.localization.LocalizationService, class com.almasb.fxgl.app.services.SystemBundleService, class com.almasb.fxgl.profile.SaveLoadService, class com.almasb.fxgl.ui.FXGLUIFactoryServiceProvider, class com.almasb.fxgl.ui.FXGLDialogFactoryServiceProvider, class com.almasb.fxgl.audio.AudioPlayer, class com.almasb.fxgl.notification.impl.NotificationServiceProvider, class com.almasb.fxgl.achievement.AchievementService, class com.almasb.fxgl.cutscene.CutsceneService, class com.almasb.fxgl.minigames.MiniGameService, class com.almasb.fxgl.net.NetService, class com.almasb.fxgl.app.services.UpdaterService, class com.almasb.fxgl.dev.DevService]
01:24:50.056 [FXGL Background Thread 3 ] DEBUG Engine               - fontGame: Abel-Regular.ttf
01:24:50.056 [FXGL Background Thread 3 ] DEBUG Engine               - fontMono: TerminalLandMono-Regular.otf
01:24:50.056 [FXGL Background Thread 3 ] DEBUG Engine               - fontText: Courier-Prime.ttf
01:24:50.056 [FXGL Background Thread 3 ] DEBUG Engine               - fontUI: VarelaRound-Regular.ttf
01:24:50.056 [FXGL Background Thread 3 ] DEBUG Engine               - fullScreen: BooleanProperty [value: false]
01:24:50.056 [FXGL Background Thread 3 ] DEBUG Engine               - gameDifficulty: MEDIUM
01:24:50.056 [FXGL Background Thread 3 ] DEBUG Engine               - gameDifficultyProperty: ObjectProperty [value: MEDIUM]
01:24:50.056 [FXGL Background Thread 3 ] DEBUG Engine               - globalMusicVolume: 0.5
01:24:50.056 [FXGL Background Thread 3 ] DEBUG Engine               - globalMusicVolumeProperty: DoubleProperty [value: 0.5]
01:24:50.056 [FXGL Background Thread 3 ] DEBUG Engine               - globalSoundVolume: 0.5
01:24:50.056 [FXGL Background Thread 3 ] DEBUG Engine               - globalSoundVolumeProperty: DoubleProperty [value: 0.5]
01:24:50.056 [FXGL Background Thread 3 ] DEBUG Engine               - height: 533
01:24:50.056 [FXGL Background Thread 3 ] DEBUG Engine               - is3D: false
01:24:50.056 [FXGL Background Thread 3 ] DEBUG Engine               - isAndroid: false
01:24:50.056 [FXGL Background Thread 3 ] DEBUG Engine               - isBrowser: false
01:24:50.056 [FXGL Background Thread 3 ] DEBUG Engine               - isClickFeedbackEnabled: false
01:24:50.056 [FXGL Background Thread 3 ] DEBUG Engine               - isCloseConfirmation: false
01:24:50.056 [FXGL Background Thread 3 ] DEBUG Engine               - isDesktop: true
01:24:50.056 [FXGL Background Thread 3 ] DEBUG Engine               - isDeveloperMenuEnabled: false
01:24:50.057 [FXGL Background Thread 3 ] DEBUG Engine               - isEmbedded: false
01:24:50.057 [FXGL Background Thread 3 ] DEBUG Engine               - isEntityPreloadEnabled: true
01:24:50.057 [FXGL Background Thread 3 ] DEBUG Engine               - isExperimentalTiledLargeMap: false
01:24:50.057 [FXGL Background Thread 3 ] DEBUG Engine               - isFileSystemWriteAllowed: true
01:24:50.057 [FXGL Background Thread 3 ] DEBUG Engine               - isFullScreenAllowed: false
01:24:50.057 [FXGL Background Thread 3 ] DEBUG Engine               - isFullScreenFromStart: false
01:24:50.057 [FXGL Background Thread 3 ] DEBUG Engine               - isGameMenuEnabled: true
01:24:50.057 [FXGL Background Thread 3 ] DEBUG Engine               - isIOS: false
01:24:50.057 [FXGL Background Thread 3 ] DEBUG Engine               - isIntroEnabled: false
01:24:50.057 [FXGL Background Thread 3 ] DEBUG Engine               - isLinux: false
01:24:50.057 [FXGL Background Thread 3 ] DEBUG Engine               - isMac: false
01:24:50.057 [FXGL Background Thread 3 ] DEBUG Engine               - isMainMenuEnabled: true
01:24:50.057 [FXGL Background Thread 3 ] DEBUG Engine               - isManualResizeEnabled: false
01:24:50.057 [FXGL Background Thread 3 ] DEBUG Engine               - isMobile: false
01:24:50.057 [FXGL Background Thread 3 ] DEBUG Engine               - isNative: false
01:24:50.057 [FXGL Background Thread 3 ] DEBUG Engine               - isPauseMusicWhenMinimized: true
01:24:50.057 [FXGL Background Thread 3 ] DEBUG Engine               - isPreserveResizeRatio: false
01:24:50.057 [FXGL Background Thread 3 ] DEBUG Engine               - isProfilingEnabled: false
01:24:50.057 [FXGL Background Thread 3 ] DEBUG Engine               - isScaleAffectedOnResize: true
01:24:50.057 [FXGL Background Thread 3 ] DEBUG Engine               - isSingleStep: false
01:24:50.057 [FXGL Background Thread 3 ] DEBUG Engine               - isUserProfileEnabled: false
01:24:50.057 [FXGL Background Thread 3 ] DEBUG Engine               - isWindows: true
01:24:50.057 [FXGL Background Thread 3 ] DEBUG Engine               - language: ObjectProperty [value: ENGLISH]
01:24:50.057 [FXGL Background Thread 3 ] DEBUG Engine               - menuKey: ESCAPE
01:24:50.057 [FXGL Background Thread 3 ] DEBUG Engine               - mouseSensitivity: 0.2
01:24:50.057 [FXGL Background Thread 3 ] DEBUG Engine               - notificationViewClass: class com.almasb.fxgl.notification.view.XboxNotificationView
01:24:50.057 [FXGL Background Thread 3 ] DEBUG Engine               - pixelsPerMeter: 50.0
01:24:50.057 [FXGL Background Thread 3 ] DEBUG Engine               - platform: WINDOWS
01:24:50.057 [FXGL Background Thread 3 ] DEBUG Engine               - prefHeightProperty: ReadOnlyDoubleProperty [value: 533.0]
01:24:50.057 [FXGL Background Thread 3 ] DEBUG Engine               - prefWidthProperty: ReadOnlyDoubleProperty [value: 750.0]
01:24:50.057 [FXGL Background Thread 3 ] DEBUG Engine               - profileDir: profiles/
01:24:50.057 [FXGL Background Thread 3 ] DEBUG Engine               - profileName: StringProperty [value: DEFAULT]
01:24:50.057 [FXGL Background Thread 3 ] DEBUG Engine               - randomSeed: -1
01:24:50.057 [FXGL Background Thread 3 ] DEBUG Engine               - runtimeInfo: RuntimeInfo(platform=WINDOWS, version=17.2, build=20.08.2022 16.50)
01:24:50.057 [FXGL Background Thread 3 ] DEBUG Engine               - saveFileExt: sav
01:24:50.057 [FXGL Background Thread 3 ] DEBUG Engine               - scaledHeightProp$fxgl: DoubleProperty [bound, value: 533.0]
01:24:50.057 [FXGL Background Thread 3 ] DEBUG Engine               - scaledWidthProp$fxgl: DoubleProperty [bound, value: 750.0]
01:24:50.058 [FXGL Background Thread 3 ] DEBUG Engine               - sceneFactory: com.zrt.pvz.PVZApp$1@70471000
01:24:50.058 [FXGL Background Thread 3 ] DEBUG Engine               - secondsIn24h: 60
01:24:50.058 [FXGL Background Thread 3 ] DEBUG Engine               - soundMenuBack: menu/back.wav
01:24:50.058 [FXGL Background Thread 3 ] DEBUG Engine               - soundMenuPress: menu/press.wav
01:24:50.058 [FXGL Background Thread 3 ] DEBUG Engine               - soundMenuSelect: menu/select.wav
01:24:50.058 [FXGL Background Thread 3 ] DEBUG Engine               - soundNotification: core/notification.wav
01:24:50.058 [FXGL Background Thread 3 ] DEBUG Engine               - stageStyle: DECORATED
01:24:50.058 [FXGL Background Thread 3 ] DEBUG Engine               - supportedLanguages: [ENGLISH, FRENCH, GERMAN, HUNGARIAN, RUSSIAN]
01:24:50.058 [FXGL Background Thread 3 ] DEBUG Engine               - ticksPerSecond: -1
01:24:50.058 [FXGL Background Thread 3 ] DEBUG Engine               - title: Plants Vs Zombies
01:24:50.058 [FXGL Background Thread 3 ] DEBUG Engine               - urlGithub: https://github.com/AlmasB/FXGL
01:24:50.058 [FXGL Background Thread 3 ] DEBUG Engine               - urlLeaderboard: http://fxgl-top.herokuapp.com/
01:24:50.058 [FXGL Background Thread 3 ] DEBUG Engine               - urlPOM: https://raw.githubusercontent.com/AlmasB/FXGL/release/README.md
01:24:50.058 [FXGL Background Thread 3 ] DEBUG Engine               - userAppClass: class com.zrt.pvz.PVZApp
01:24:50.058 [FXGL Background Thread 3 ] DEBUG Engine               - version: 0.0
01:24:50.058 [FXGL Background Thread 3 ] DEBUG Engine               - versionCheckDays: 7
01:24:50.058 [FXGL Background Thread 3 ] DEBUG Engine               - width: 750
01:24:50.058 [FXGL Background Thread 3 ] DEBUG Engine               - Logging services
01:24:50.058 [FXGL Background Thread 3 ] DEBUG Engine               - class com.almasb.fxgl.app.services.FXGLAssetLoaderService
01:24:50.058 [FXGL Background Thread 3 ] DEBUG Engine               - class com.almasb.fxgl.app.FXGLApplication$GameApplicationService
01:24:50.058 [FXGL Background Thread 3 ] DEBUG Engine               - class com.almasb.fxgl.app.services.FXGLDialogService
01:24:50.058 [FXGL Background Thread 3 ] DEBUG Engine               - class com.almasb.fxgl.app.services.IOTaskExecutorService
01:24:50.058 [FXGL Background Thread 3 ] DEBUG Engine               - class com.almasb.fxgl.io.FileSystemService
01:24:50.058 [FXGL Background Thread 3 ] DEBUG Engine               - class com.almasb.fxgl.localization.LocalizationService
01:24:50.058 [FXGL Background Thread 3 ] DEBUG Engine               - class com.almasb.fxgl.app.services.SystemBundleService
01:24:50.058 [FXGL Background Thread 3 ] DEBUG Engine               - class com.almasb.fxgl.profile.SaveLoadService
01:24:50.058 [FXGL Background Thread 3 ] DEBUG Engine               - class com.almasb.fxgl.ui.FXGLUIFactoryServiceProvider
01:24:50.058 [FXGL Background Thread 3 ] DEBUG Engine               - class com.almasb.fxgl.ui.FXGLDialogFactoryServiceProvider
01:24:50.058 [FXGL Background Thread 3 ] DEBUG Engine               - class com.almasb.fxgl.audio.AudioPlayer
01:24:50.058 [FXGL Background Thread 3 ] DEBUG Engine               - class com.almasb.fxgl.notification.impl.NotificationServiceProvider
01:24:50.058 [FXGL Background Thread 3 ] DEBUG Engine               - class com.almasb.fxgl.achievement.AchievementService
01:24:50.058 [FXGL Background Thread 3 ] DEBUG Engine               - class com.almasb.fxgl.cutscene.CutsceneService
01:24:50.058 [FXGL Background Thread 3 ] DEBUG Engine               - class com.almasb.fxgl.minigames.MiniGameService
01:24:50.058 [FXGL Background Thread 3 ] DEBUG Engine               - class com.almasb.fxgl.net.NetService
01:24:50.058 [FXGL Background Thread 3 ] DEBUG Engine               - class com.almasb.fxgl.app.services.UpdaterService
01:24:50.058 [FXGL Background Thread 3 ] DEBUG Engine               - class com.almasb.fxgl.dev.DevService
01:24:50.463 [JavaFX Application Thread] DEBUG FXGLApplication      - Exiting FXGL
01:24:50.463 [JavaFX Application Thread] DEBUG Async                - Shutting down background threads
01:24:50.463 [JavaFX Application Thread] DEBUG PrimaryStageWindow   - Closing main window
01:24:50.487 [JavaFX Application Thread] DEBUG Logger               - Closing Logger
