16:00:25.538 [main                     ] DEBUG Logger               - Configured Logger
16:00:25.568 [main                     ] DEBUG GameApplication      - Logging settings
Title: Plants Vs Zombies
Version: 0.0
Width: 750
Height: 533
Fullscreen: false
Intro: false
Profiling: false
Single step:false
App Mode: DEVELOPER
Menu Key: ESCAPE
Stage Style: DECORATED
Scene Factory: class com.zrt.pvz.PVZApp$1

16:00:25.892 [JavaFX Application Thread] DEBUG FXGLApplication      - Initializing FXGL
16:00:25.897 [JavaFX Application Thread] INFO  Engine               - FXGL-17.2 (20.08.2022 16.50) on WINDOWS (J:20.0.1 FX:20.0.1)
16:00:25.897 [JavaFX Application Thread] DEBUG Engine               - JRE Vendor Name: Oracle Corporation
16:00:25.897 [JavaFX Application Thread] DEBUG Engine               - Running on OS: Windows 11 version 10.0
16:00:25.898 [JavaFX Application Thread] DEBUG Engine               - Architecture: amd64
16:00:25.898 [JavaFX Application Thread] INFO  Engine               - Source code and latest versions at: https://github.com/AlmasB/FXGL
16:00:25.898 [JavaFX Application Thread] INFO  Engine               -       Ask questions and discuss at: https://github.com/AlmasB/FXGL/discussions
16:00:25.898 [JavaFX Application Thread] INFO  Engine               -              Join the FXGL chat at: https://gitter.im/AlmasB/FXGL
16:00:26.061 [JavaFX Application Thread] DEBUG PrimaryStageWindow   - Creating a JavaFX scene
16:00:26.112 [JavaFX Application Thread] DEBUG PrimaryStageWindow   - Target settings size: 750.0 x 533.0
16:00:26.113 [JavaFX Application Thread] DEBUG PrimaryStageWindow   - Scaled scene size:    750.0 x 533.0
16:00:26.113 [JavaFX Application Thread] DEBUG PrimaryStageWindow   - Scaled ratio: (1.0, 1.0)
16:00:26.114 [JavaFX Application Thread] DEBUG PrimaryStageWindow   - Set initial scene to GameStartupScene
16:00:26.116 [JavaFX Application Thread] DEBUG PrimaryStageWindow   - Opening main window
16:00:26.248 [JavaFX Application Thread] DEBUG PrimaryStageWindow   - Window border size: (14.79998779296875, 38.20001220703125)
16:00:26.249 [JavaFX Application Thread] DEBUG PrimaryStageWindow   - Scaled size: 750.0 x 533.0
16:00:26.250 [JavaFX Application Thread] DEBUG PrimaryStageWindow   - Scaled ratio: (1.0, 1.0)
16:00:26.250 [JavaFX Application Thread] DEBUG PrimaryStageWindow   - Scene size: 750.0 x 533.0
16:00:26.250 [JavaFX Application Thread] DEBUG PrimaryStageWindow   - Stage size: 764.7999877929688 x 571.2000122070312
16:00:26.256 [FXGL Background Thread 1 ] DEBUG Engine               - Initializing environment variables
16:00:26.295 [FXGL Background Thread 1 ] DEBUG FXGLAssetLoaderServi - User app class for loading assets: class com.zrt.pvz.PVZApp
16:00:26.295 [FXGL Background Thread 1 ] DEBUG GameApplicationServi - Applying CSS: fxgl_dark.css
16:00:26.296 [FXGL Background Thread 1 ] DEBUG FXGLAssetLoaderServi - Loading from file system: jar:file:///C:/Users/dell/.m2/repository/com/github/almasb/fxgl/17.2/fxgl-17.2.jar!/fxglassets/ui/css/fxgl_dark.css
16:00:26.308 [FXGL Background Thread 1 ] DEBUG GameApplicationServi - Initializing application scenes
16:00:26.314 [FXGL Background Thread 1 ] DEBUG FXGLAssetLoaderServi - Loading from file system: file:/C:/Users/dell/Desktop/OOP作业/Teamwork/target/classes/assets/textures/map/map1LoadingBG.jpg
16:00:26.387 [FXGL Background Thread 1 ] DEBUG GameWorld            - Game world initialized
16:00:26.426 [FXGL Background Thread 1 ] DEBUG PhysicsWorld         - Physics world initialized: appHeight=533, physics.ppm=50.0
16:00:26.426 [FXGL Background Thread 1 ] DEBUG PhysicsWorld         - Using strategy: BRUTE_FORCE
16:00:26.430 [FXGL Background Thread 1 ] DEBUG GameScene            - Game scene initialized: 750x533
16:00:26.443 [FXGL Background Thread 1 ] DEBUG FXGLAssetLoaderServi - Loading from file system: file:/C:/Users/dell/Desktop/OOP作业/Teamwork/target/classes/assets/textures/ui/mainMenu/bg.png
16:00:26.488 [FXGL Background Thread 1 ] DEBUG FXGLAssetLoaderServi - Loading from file system: file:/C:/Users/dell/Desktop/OOP作业/Teamwork/target/classes/assets/textures/ui/mainMenu/puzzle.png
16:00:26.499 [FXGL Background Thread 1 ] DEBUG FXGLAssetLoaderServi - Loading from file system: file:/C:/Users/dell/Desktop/OOP作业/Teamwork/target/classes/assets/textures/ui/mainMenu/userBoard.png
16:00:26.512 [FXGL Background Thread 1 ] DEBUG FXGLAssetLoaderServi - Loading from file system: file:/C:/Users/dell/Desktop/OOP作业/Teamwork/target/classes/assets/textures/ui/gameMenu/Menu.png
16:00:26.519 [FXGL Background Thread 1 ] DEBUG GameApplicationServi - Application scenes initialized
16:00:26.530 [FXGL Background Thread 1 ] DEBUG SystemBundleService  - Loading FXGL system data
16:00:26.531 [FXGL Background Thread 1 ] DEBUG FileSystemAccess     - Reading from: C:\Users\dell\Desktop\OOP作业\Teamwork\system\fxgl.bundle
16:00:26.534 [FXGL Background Thread 1 ] DEBUG SystemBundleService  - Bundle FXGL: {}
16:00:26.535 [FXGL Background Thread 1 ] DEBUG UpdaterService       - Checking for updates
16:00:26.538 [FXGL Background Thread 4 ] DEBUG FXGLApplication      - Loading fonts
16:00:26.539 [FXGL Background Thread 1 ] DEBUG FXGLApplication      - Loading default localization
16:00:26.539 [FXGL Background Thread 4 ] DEBUG FXGLAssetLoaderServi - Loading from file system: jar:file:///C:/Users/dell/.m2/repository/com/github/almasb/fxgl/17.2/fxgl-17.2.jar!/fxglassets/ui/fonts/VarelaRound-Regular.ttf
16:00:26.539 [FXGL Background Thread 1 ] DEBUG FXGLAssetLoaderServi - Loading from file system: jar:file:///C:/Users/dell/.m2/repository/com/github/almasb/fxgl/17.2/fxgl-17.2.jar!/fxglassets/languages/english.lang
16:00:26.589 [FXGL Background Thread 1 ] INFO  FXGLApplication      - FXGL initialization took: 0.332 sec
16:00:26.591 [JavaFX Application Thread] DEBUG FXGLAssetLoaderServi - Loading from file system: file:/C:/Users/dell/Desktop/OOP作业/Teamwork/target/classes/assets/textures/logo.png
16:00:26.603 [JavaFX Application Thread] DEBUG FXGLAssetLoaderServi - Loading from file system: jar:file:///C:/Users/dell/.m2/repository/com/github/almasb/fxgl/17.2/fxgl-17.2.jar!/fxglassets/textures/fxgl_default_cursor.png
16:00:26.620 [JavaFX Application Thread] DEBUG Input                - Registered new binding: Screenshot - CTRL+8
16:00:26.621 [JavaFX Application Thread] DEBUG Input                - Registered new binding: System info dump - CTRL+9
16:00:26.621 [JavaFX Application Thread] DEBUG Input                - Registered new binding: Restart - CTRL+R
16:00:26.622 [JavaFX Application Thread] DEBUG Input                - Registered new binding: Toggle Debug Camera - CTRL+7
16:00:26.628 [JavaFX Application Thread] DEBUG LoopRunner           - Starting loop
16:00:26.628 [JavaFX Application Thread] DEBUG LoopRunner           - Initializing JavaFX AnimationTimerLoop
16:00:26.632 [JavaFX Application Thread] DEBUG Input                - Clearing active input actions
16:00:26.638 [JavaFX Application Thread] DEBUG GameApplicationServi - Removing overlay from GameStartupScene and adding to FXGLMainMenuDummyScene
16:00:26.638 [JavaFX Application Thread] DEBUG PrimaryStageWindow   - GameStartupScene -> FXGLMainMenuDummyScene
16:00:26.638 [JavaFX Application Thread] DEBUG PrimaryStageWindow   - Push state: MainMenu
16:00:26.639 [JavaFX Application Thread] DEBUG FXGLAssetLoaderServi - Loading from file system: file:/C:/Users/dell/Desktop/OOP作业/Teamwork/target/classes/assets/music/mainMenu.wav
16:00:26.651 [FXGL Background Thread 4 ] DEBUG FXGLAssetLoaderServi - Loading from file system: jar:file:///C:/Users/dell/.m2/repository/com/github/almasb/fxgl/17.2/fxgl-17.2.jar!/fxglassets/ui/fonts/Abel-Regular.ttf
16:00:26.654 [FXGL Background Thread 4 ] DEBUG FXGLAssetLoaderServi - Loading from file system: jar:file:///C:/Users/dell/.m2/repository/com/github/almasb/fxgl/17.2/fxgl-17.2.jar!/fxglassets/ui/fonts/TerminalLandMono-Regular.otf
16:00:26.656 [FXGL Background Thread 4 ] DEBUG FXGLAssetLoaderServi - Loading from file system: jar:file:///C:/Users/dell/.m2/repository/com/github/almasb/fxgl/17.2/fxgl-17.2.jar!/fxglassets/ui/fonts/Courier-Prime.ttf
16:00:26.806 [JavaFX Application Thread] DEBUG AudioPlayer          - Playing music com.almasb.fxgl.audio.Music@615f56d0
16:00:26.807 [JavaFX Application Thread] DEBUG Input                - Clearing active input actions
16:00:26.812 [JavaFX Application Thread] DEBUG GameApplicationServi - Removing overlay from FXGLMainMenuDummyScene and adding to MainMenu
16:00:26.812 [JavaFX Application Thread] DEBUG PrimaryStageWindow   - FXGLMainMenuDummyScene -> MainMenu
16:00:26.851 [JavaFX Application Thread] DEBUG FXGLApplication      - Registering font factories with UI factory
16:00:28.711 [JavaFX Application Thread] DEBUG FXGLAssetLoaderServi - Loading from file system: file:/C:/Users/dell/Desktop/OOP作业/Teamwork/target/classes/assets/sounds/mainMenuHover.wav
16:00:29.380 [JavaFX Application Thread] DEBUG FXGLAssetLoaderServi - Loading from file system: file:/C:/Users/dell/Desktop/OOP作业/Teamwork/target/classes/assets/sounds/select.wav
16:00:29.382 [JavaFX Application Thread] DEBUG FXGLAssetLoaderServi - Loading from file system: file:/C:/Users/dell/Desktop/OOP作业/Teamwork/target/classes/assets/textures/ui/mainMenu/ZombieHand.png
16:00:29.391 [JavaFX Application Thread] DEBUG GameApplicationServi - Starting new game
16:00:29.391 [JavaFX Application Thread] DEBUG PrimaryStageWindow   - Pop state: MainMenu
16:00:29.391 [JavaFX Application Thread] DEBUG Input                - Clearing active input actions
16:00:29.392 [JavaFX Application Thread] DEBUG GameApplicationServi - Removing overlay from MainMenu and adding to FXGLMainMenuDummyScene
16:00:29.392 [JavaFX Application Thread] DEBUG PrimaryStageWindow   - FXGLMainMenuDummyScene <- MainMenu
16:00:29.392 [JavaFX Application Thread] DEBUG Input                - Clearing active input actions
16:00:29.396 [JavaFX Application Thread] DEBUG GameApplicationServi - Removing overlay from FXGLMainMenuDummyScene and adding to GameLoadingScene
16:00:29.396 [JavaFX Application Thread] DEBUG PrimaryStageWindow   - FXGLMainMenuDummyScene -> GameLoadingScene
16:00:29.397 [JavaFX Application Thread] DEBUG GameApplicationServi - Clearing previous game
16:00:29.397 [JavaFX Application Thread] DEBUG GameScene            - Clearing game scene
16:00:29.397 [JavaFX Application Thread] DEBUG GameWorld            - Clearing game world
16:00:29.397 [JavaFX Application Thread] DEBUG PhysicsWorld         - Clearing physics world
16:00:29.405 [FXGL Background Thread 4 ] DEBUG FXGLApplication      - Initializing game
16:00:29.414 [FXGL Background Thread 4 ] DEBUG FXGLAssetLoaderServi - Loading JSON from: file:/C:/Users/dell/Desktop/OOP作业/Teamwork/target/classes/assets/data/plant/Imitator.json
16:00:29.539 [FXGL Background Thread 3 ] DEBUG Engine               - Logging environment variables
16:00:29.540 [FXGL Background Thread 3 ] DEBUG Engine               - achievements: []
16:00:29.540 [FXGL Background Thread 3 ] DEBUG Engine               - actualHeight: 533.0
16:00:29.540 [FXGL Background Thread 3 ] DEBUG Engine               - actualHeightProperty: ReadOnlyDoubleProperty [value: 533.0]
16:00:29.540 [FXGL Background Thread 3 ] DEBUG Engine               - actualWidth: 750.0
16:00:29.540 [FXGL Background Thread 3 ] DEBUG Engine               - actualWidthProperty: ReadOnlyDoubleProperty [value: 750.0]
16:00:29.540 [FXGL Background Thread 3 ] DEBUG Engine               - appIcon: logo.png
16:00:29.540 [FXGL Background Thread 3 ] DEBUG Engine               - applicationMode: DEVELOPER
16:00:29.540 [FXGL Background Thread 3 ] DEBUG Engine               - cSSList: [fxgl_dark.css]
16:00:29.540 [FXGL Background Thread 3 ] DEBUG Engine               - collisionDetectionStrategy: BRUTE_FORCE
16:00:29.540 [FXGL Background Thread 3 ] DEBUG Engine               - configClass: Optional.empty
16:00:29.540 [FXGL Background Thread 3 ] DEBUG Engine               - credits: []
16:00:29.541 [FXGL Background Thread 3 ] DEBUG Engine               - defaultCursor: CursorInfo(imageName=fxgl_default_cursor.png, hotspotX=7.0, hotspotY=6.0)
16:00:29.541 [FXGL Background Thread 3 ] DEBUG Engine               - devBBoxColorProperty: ObjectProperty [value: 0xff0000ff]
16:00:29.541 [FXGL Background Thread 3 ] DEBUG Engine               - devEnableDebugCameraProperty: BooleanProperty [value: false]
16:00:29.541 [FXGL Background Thread 3 ] DEBUG Engine               - devSensorColorProperty: ObjectProperty [value: 0xffff00ff]
16:00:29.541 [FXGL Background Thread 3 ] DEBUG Engine               - devShowBBoxProperty: BooleanProperty [value: false]
16:00:29.541 [FXGL Background Thread 3 ] DEBUG Engine               - devShowPositionProperty: BooleanProperty [value: false]
16:00:29.541 [FXGL Background Thread 3 ] DEBUG Engine               - enabledMenuItems: []
16:00:29.541 [FXGL Background Thread 3 ] DEBUG Engine               - engineServices: [class com.almasb.fxgl.app.services.FXGLAssetLoaderService, class com.almasb.fxgl.app.FXGLApplication$GameApplicationService, class com.almasb.fxgl.app.services.FXGLDialogService, class com.almasb.fxgl.app.services.IOTaskExecutorService, class com.almasb.fxgl.io.FileSystemService, class com.almasb.fxgl.localization.LocalizationService, class com.almasb.fxgl.app.services.SystemBundleService, class com.almasb.fxgl.profile.SaveLoadService, class com.almasb.fxgl.ui.FXGLUIFactoryServiceProvider, class com.almasb.fxgl.ui.FXGLDialogFactoryServiceProvider, class com.almasb.fxgl.audio.AudioPlayer, class com.almasb.fxgl.notification.impl.NotificationServiceProvider, class com.almasb.fxgl.achievement.AchievementService, class com.almasb.fxgl.cutscene.CutsceneService, class com.almasb.fxgl.minigames.MiniGameService, class com.almasb.fxgl.net.NetService, class com.almasb.fxgl.app.services.UpdaterService, class com.almasb.fxgl.dev.DevService]
16:00:29.541 [FXGL Background Thread 3 ] DEBUG Engine               - fontGame: Abel-Regular.ttf
16:00:29.541 [FXGL Background Thread 3 ] DEBUG Engine               - fontMono: TerminalLandMono-Regular.otf
16:00:29.541 [FXGL Background Thread 3 ] DEBUG Engine               - fontText: Courier-Prime.ttf
16:00:29.541 [FXGL Background Thread 3 ] DEBUG Engine               - fontUI: VarelaRound-Regular.ttf
16:00:29.542 [FXGL Background Thread 3 ] DEBUG Engine               - fullScreen: BooleanProperty [value: false]
16:00:29.542 [FXGL Background Thread 3 ] DEBUG Engine               - gameDifficulty: MEDIUM
16:00:29.542 [FXGL Background Thread 3 ] DEBUG Engine               - gameDifficultyProperty: ObjectProperty [value: MEDIUM]
16:00:29.542 [FXGL Background Thread 3 ] DEBUG Engine               - globalMusicVolume: 0.5
16:00:29.542 [FXGL Background Thread 3 ] DEBUG Engine               - globalMusicVolumeProperty: DoubleProperty [value: 0.5]
16:00:29.542 [FXGL Background Thread 3 ] DEBUG Engine               - globalSoundVolume: 0.5
16:00:29.542 [FXGL Background Thread 3 ] DEBUG Engine               - globalSoundVolumeProperty: DoubleProperty [value: 0.5]
16:00:29.542 [FXGL Background Thread 3 ] DEBUG Engine               - height: 533
16:00:29.542 [FXGL Background Thread 3 ] DEBUG Engine               - is3D: false
16:00:29.542 [FXGL Background Thread 3 ] DEBUG Engine               - isAndroid: false
16:00:29.542 [FXGL Background Thread 3 ] DEBUG Engine               - isBrowser: false
16:00:29.542 [FXGL Background Thread 3 ] DEBUG Engine               - isClickFeedbackEnabled: false
16:00:29.542 [FXGL Background Thread 3 ] DEBUG Engine               - isCloseConfirmation: false
16:00:29.542 [FXGL Background Thread 3 ] DEBUG Engine               - isDesktop: true
16:00:29.542 [FXGL Background Thread 3 ] DEBUG Engine               - isDeveloperMenuEnabled: false
16:00:29.542 [FXGL Background Thread 3 ] DEBUG Engine               - isEmbedded: false
16:00:29.542 [FXGL Background Thread 3 ] DEBUG Engine               - isEntityPreloadEnabled: true
16:00:29.542 [FXGL Background Thread 3 ] DEBUG Engine               - isExperimentalTiledLargeMap: false
16:00:29.542 [FXGL Background Thread 3 ] DEBUG Engine               - isFileSystemWriteAllowed: true
16:00:29.542 [FXGL Background Thread 3 ] DEBUG Engine               - isFullScreenAllowed: false
16:00:29.542 [FXGL Background Thread 3 ] DEBUG Engine               - isFullScreenFromStart: false
16:00:29.542 [FXGL Background Thread 3 ] DEBUG Engine               - isGameMenuEnabled: true
16:00:29.543 [FXGL Background Thread 3 ] DEBUG Engine               - isIOS: false
16:00:29.543 [FXGL Background Thread 3 ] DEBUG Engine               - isIntroEnabled: false
16:00:29.543 [FXGL Background Thread 3 ] DEBUG Engine               - isLinux: false
16:00:29.543 [FXGL Background Thread 3 ] DEBUG Engine               - isMac: false
16:00:29.543 [FXGL Background Thread 3 ] DEBUG Engine               - isMainMenuEnabled: true
16:00:29.543 [FXGL Background Thread 3 ] DEBUG Engine               - isManualResizeEnabled: false
16:00:29.543 [FXGL Background Thread 3 ] DEBUG Engine               - isMobile: false
16:00:29.543 [FXGL Background Thread 3 ] DEBUG Engine               - isNative: false
16:00:29.543 [FXGL Background Thread 3 ] DEBUG Engine               - isPauseMusicWhenMinimized: true
16:00:29.543 [FXGL Background Thread 3 ] DEBUG Engine               - isPreserveResizeRatio: false
16:00:29.543 [FXGL Background Thread 3 ] DEBUG Engine               - isProfilingEnabled: false
16:00:29.543 [FXGL Background Thread 3 ] DEBUG Engine               - isScaleAffectedOnResize: true
16:00:29.543 [FXGL Background Thread 3 ] DEBUG Engine               - isSingleStep: false
16:00:29.543 [FXGL Background Thread 3 ] DEBUG Engine               - isUserProfileEnabled: false
16:00:29.543 [FXGL Background Thread 3 ] DEBUG Engine               - isWindows: true
16:00:29.543 [FXGL Background Thread 3 ] DEBUG Engine               - language: ObjectProperty [value: ENGLISH]
16:00:29.543 [FXGL Background Thread 3 ] DEBUG Engine               - menuKey: ESCAPE
16:00:29.543 [FXGL Background Thread 3 ] DEBUG Engine               - mouseSensitivity: 0.2
16:00:29.543 [FXGL Background Thread 3 ] DEBUG Engine               - notificationViewClass: class com.almasb.fxgl.notification.view.XboxNotificationView
16:00:29.543 [FXGL Background Thread 3 ] DEBUG Engine               - pixelsPerMeter: 50.0
16:00:29.543 [FXGL Background Thread 3 ] DEBUG Engine               - platform: WINDOWS
16:00:29.543 [FXGL Background Thread 3 ] DEBUG Engine               - prefHeightProperty: ReadOnlyDoubleProperty [value: 533.0]
16:00:29.543 [FXGL Background Thread 3 ] DEBUG Engine               - prefWidthProperty: ReadOnlyDoubleProperty [value: 750.0]
16:00:29.543 [FXGL Background Thread 3 ] DEBUG Engine               - profileDir: profiles/
16:00:29.543 [FXGL Background Thread 3 ] DEBUG Engine               - profileName: StringProperty [value: DEFAULT]
16:00:29.543 [FXGL Background Thread 3 ] DEBUG Engine               - randomSeed: -1
16:00:29.544 [FXGL Background Thread 3 ] DEBUG Engine               - runtimeInfo: RuntimeInfo(platform=WINDOWS, version=17.2, build=20.08.2022 16.50)
16:00:29.544 [FXGL Background Thread 3 ] DEBUG Engine               - saveFileExt: sav
16:00:29.544 [FXGL Background Thread 3 ] DEBUG Engine               - scaledHeightProp$fxgl: DoubleProperty [bound, value: 533.0]
16:00:29.544 [FXGL Background Thread 3 ] DEBUG Engine               - scaledWidthProp$fxgl: DoubleProperty [bound, value: 750.0]
16:00:29.544 [FXGL Background Thread 3 ] DEBUG Engine               - sceneFactory: com.zrt.pvz.PVZApp$1@580582f5
16:00:29.544 [FXGL Background Thread 3 ] DEBUG Engine               - secondsIn24h: 60
16:00:29.544 [FXGL Background Thread 3 ] DEBUG Engine               - soundMenuBack: menu/back.wav
16:00:29.544 [FXGL Background Thread 3 ] DEBUG Engine               - soundMenuPress: menu/press.wav
16:00:29.544 [FXGL Background Thread 3 ] DEBUG Engine               - soundMenuSelect: menu/select.wav
16:00:29.544 [FXGL Background Thread 3 ] DEBUG Engine               - soundNotification: core/notification.wav
16:00:29.544 [FXGL Background Thread 3 ] DEBUG Engine               - stageStyle: DECORATED
16:00:29.544 [FXGL Background Thread 3 ] DEBUG Engine               - supportedLanguages: [ENGLISH, FRENCH, GERMAN, HUNGARIAN, RUSSIAN]
16:00:29.545 [FXGL Background Thread 3 ] DEBUG Engine               - ticksPerSecond: -1
16:00:29.545 [FXGL Background Thread 3 ] DEBUG Engine               - title: Plants Vs Zombies
16:00:29.545 [FXGL Background Thread 3 ] DEBUG Engine               - urlGithub: https://github.com/AlmasB/FXGL
16:00:29.545 [FXGL Background Thread 3 ] DEBUG Engine               - urlLeaderboard: http://fxgl-top.herokuapp.com/
16:00:29.545 [FXGL Background Thread 3 ] DEBUG Engine               - urlPOM: https://raw.githubusercontent.com/AlmasB/FXGL/release/README.md
16:00:29.545 [FXGL Background Thread 3 ] DEBUG Engine               - userAppClass: class com.zrt.pvz.PVZApp
16:00:29.545 [FXGL Background Thread 3 ] DEBUG Engine               - version: 0.0
16:00:29.545 [FXGL Background Thread 3 ] DEBUG Engine               - versionCheckDays: 7
16:00:29.545 [FXGL Background Thread 3 ] DEBUG Engine               - width: 750
16:00:29.545 [FXGL Background Thread 3 ] DEBUG Engine               - Logging services
16:00:29.545 [FXGL Background Thread 3 ] DEBUG Engine               - class com.almasb.fxgl.app.services.FXGLAssetLoaderService
16:00:29.545 [FXGL Background Thread 3 ] DEBUG Engine               - class com.almasb.fxgl.app.FXGLApplication$GameApplicationService
16:00:29.545 [FXGL Background Thread 3 ] DEBUG Engine               - class com.almasb.fxgl.app.services.FXGLDialogService
16:00:29.545 [FXGL Background Thread 3 ] DEBUG Engine               - class com.almasb.fxgl.app.services.IOTaskExecutorService
16:00:29.545 [FXGL Background Thread 3 ] DEBUG Engine               - class com.almasb.fxgl.io.FileSystemService
16:00:29.545 [FXGL Background Thread 3 ] DEBUG Engine               - class com.almasb.fxgl.localization.LocalizationService
16:00:29.545 [FXGL Background Thread 3 ] DEBUG Engine               - class com.almasb.fxgl.app.services.SystemBundleService
16:00:29.545 [FXGL Background Thread 3 ] DEBUG Engine               - class com.almasb.fxgl.profile.SaveLoadService
16:00:29.545 [FXGL Background Thread 3 ] DEBUG Engine               - class com.almasb.fxgl.ui.FXGLUIFactoryServiceProvider
16:00:29.545 [FXGL Background Thread 3 ] DEBUG Engine               - class com.almasb.fxgl.ui.FXGLDialogFactoryServiceProvider
16:00:29.545 [FXGL Background Thread 3 ] DEBUG Engine               - class com.almasb.fxgl.audio.AudioPlayer
16:00:29.545 [FXGL Background Thread 3 ] DEBUG Engine               - class com.almasb.fxgl.notification.impl.NotificationServiceProvider
16:00:29.545 [FXGL Background Thread 3 ] DEBUG Engine               - class com.almasb.fxgl.achievement.AchievementService
16:00:29.545 [FXGL Background Thread 3 ] DEBUG Engine               - class com.almasb.fxgl.cutscene.CutsceneService
16:00:29.545 [FXGL Background Thread 3 ] DEBUG Engine               - class com.almasb.fxgl.minigames.MiniGameService
16:00:29.545 [FXGL Background Thread 3 ] DEBUG Engine               - class com.almasb.fxgl.net.NetService
16:00:29.545 [FXGL Background Thread 3 ] DEBUG Engine               - class com.almasb.fxgl.app.services.UpdaterService
16:00:29.545 [FXGL Background Thread 3 ] DEBUG Engine               - class com.almasb.fxgl.dev.DevService
16:00:29.571 [FXGL Background Thread 4 ] DEBUG FXGLAssetLoaderServi - Loading JSON from: file:/C:/Users/dell/Desktop/OOP作业/Teamwork/target/classes/assets/levels/level1.json
16:00:29.580 [FXGL Background Thread 4 ] DEBUG FXGLAssetLoaderServi - Loading from file system: file:/C:/Users/dell/Desktop/OOP作业/Teamwork/target/classes/assets/textures/ui/choose/CherryBomb.png
16:00:29.581 [FXGL Background Thread 4 ] DEBUG FXGLAssetLoaderServi - Loading from file system: file:/C:/Users/dell/Desktop/OOP作业/Teamwork/target/classes/assets/textures/map/map1.jpg
16:00:29.630 [FXGL Background Thread 4 ] DEBUG FXGLAssetLoaderServi - Loading JSON from: file:/C:/Users/dell/Desktop/OOP作业/Teamwork/target/classes/assets/data/zombie/NormalZombie.json
16:00:29.641 [FXGL Background Thread 4 ] DEBUG FXGLAssetLoaderServi - Loading from file system: file:/C:/Users/dell/Desktop/OOP作业/Teamwork/target/classes/assets/textures/zombie/NormalZombie/ZombieShow/ZombieShow_0.png
16:00:29.643 [FXGL Background Thread 4 ] DEBUG FXGLAssetLoaderServi - Loading from file system: file:/C:/Users/dell/Desktop/OOP作业/Teamwork/target/classes/assets/textures/zombie/NormalZombie/ZombieShow/ZombieShow_1.png
16:00:29.643 [FXGL Background Thread 4 ] DEBUG FXGLAssetLoaderServi - Loading from file system: file:/C:/Users/dell/Desktop/OOP作业/Teamwork/target/classes/assets/textures/zombie/NormalZombie/ZombieShow/ZombieShow_2.png
16:00:29.644 [FXGL Background Thread 4 ] DEBUG FXGLAssetLoaderServi - Loading from file system: file:/C:/Users/dell/Desktop/OOP作业/Teamwork/target/classes/assets/textures/zombie/NormalZombie/ZombieShow/ZombieShow_3.png
16:00:29.644 [FXGL Background Thread 4 ] DEBUG FXGLAssetLoaderServi - Loading from file system: file:/C:/Users/dell/Desktop/OOP作业/Teamwork/target/classes/assets/textures/zombie/NormalZombie/ZombieShow/ZombieShow_4.png
16:00:29.655 [FXGL Background Thread 4 ] DEBUG FXGLAssetLoaderServi - Loading JSON from: file:/C:/Users/dell/Desktop/OOP作业/Teamwork/target/classes/assets/data/MapPoint.json
16:00:29.673 [FXGL Background Thread 4 ] INFO  FXGLApplication      - Game initialization took: 0.268 sec
16:00:29.674 [JavaFX Application Thread] DEBUG Input                - Clearing active input actions
16:00:29.678 [JavaFX Application Thread] DEBUG GameApplicationServi - Removing overlay from GameLoadingScene and adding to GameScene
16:00:29.679 [JavaFX Application Thread] DEBUG PrimaryStageWindow   - GameLoadingScene -> GameScene
16:00:34.003 [JavaFX Application Thread] DEBUG FXGLAssetLoaderServi - Loading from file system: file:/C:/Users/dell/Desktop/OOP作业/Teamwork/target/classes/assets/textures/ui/choose/chosenBg.png
16:00:34.011 [JavaFX Application Thread] DEBUG FXGLAssetLoaderServi - Loading from file system: file:/C:/Users/dell/Desktop/OOP作业/Teamwork/target/classes/assets/textures/ui/choose/ChoosePlant.png
16:00:34.023 [JavaFX Application Thread] DEBUG FXGLAssetLoaderServi - Loading JSON from: file:/C:/Users/dell/Desktop/OOP作业/Teamwork/target/classes/assets/data/plant/SunFlower.json
16:00:34.030 [JavaFX Application Thread] DEBUG FXGLAssetLoaderServi - Loading from file system: file:/C:/Users/dell/Desktop/OOP作业/Teamwork/target/classes/assets/textures/ui/choose/SunFlower.png
16:00:34.034 [JavaFX Application Thread] DEBUG FXGLAssetLoaderServi - Loading JSON from: file:/C:/Users/dell/Desktop/OOP作业/Teamwork/target/classes/assets/data/plant/PeaShooter.json
16:00:34.040 [JavaFX Application Thread] DEBUG FXGLAssetLoaderServi - Loading from file system: file:/C:/Users/dell/Desktop/OOP作业/Teamwork/target/classes/assets/textures/ui/choose/PeaShooter.png
16:00:34.042 [JavaFX Application Thread] DEBUG FXGLAssetLoaderServi - Loading JSON from: file:/C:/Users/dell/Desktop/OOP作业/Teamwork/target/classes/assets/data/plant/PuffShroom.json
16:00:34.046 [JavaFX Application Thread] DEBUG FXGLAssetLoaderServi - Loading from file system: file:/C:/Users/dell/Desktop/OOP作业/Teamwork/target/classes/assets/textures/ui/choose/PuffShroom.png
16:00:34.048 [JavaFX Application Thread] DEBUG FXGLAssetLoaderServi - Loading JSON from: file:/C:/Users/dell/Desktop/OOP作业/Teamwork/target/classes/assets/data/plant/SunShroom.json
16:00:34.053 [JavaFX Application Thread] DEBUG FXGLAssetLoaderServi - Loading from file system: file:/C:/Users/dell/Desktop/OOP作业/Teamwork/target/classes/assets/textures/ui/choose/SunShroom.png
16:00:34.055 [JavaFX Application Thread] DEBUG FXGLAssetLoaderServi - Loading JSON from: file:/C:/Users/dell/Desktop/OOP作业/Teamwork/target/classes/assets/data/plant/FumeShroom.json
16:00:34.059 [JavaFX Application Thread] DEBUG FXGLAssetLoaderServi - Loading from file system: file:/C:/Users/dell/Desktop/OOP作业/Teamwork/target/classes/assets/textures/ui/choose/FumeShroom.png
16:00:38.333 [JavaFX Application Thread] DEBUG FXGLAssetLoaderServi - Loading JSON from: file:/C:/Users/dell/Desktop/OOP作业/Teamwork/target/classes/assets/data/plant/FumeShroom.json
16:00:38.795 [JavaFX Application Thread] DEBUG FXGLAssetLoaderServi - Loading JSON from: file:/C:/Users/dell/Desktop/OOP作业/Teamwork/target/classes/assets/data/plant/FumeShroom.json
16:00:38.801 [JavaFX Application Thread] DEBUG FXGLAssetLoaderServi - Loading JSON from: file:/C:/Users/dell/Desktop/OOP作业/Teamwork/target/classes/assets/data/plant/SunShroom.json
16:00:39.051 [JavaFX Application Thread] DEBUG FXGLAssetLoaderServi - Loading JSON from: file:/C:/Users/dell/Desktop/OOP作业/Teamwork/target/classes/assets/data/plant/FumeShroom.json
16:00:39.057 [JavaFX Application Thread] DEBUG FXGLAssetLoaderServi - Loading JSON from: file:/C:/Users/dell/Desktop/OOP作业/Teamwork/target/classes/assets/data/plant/SunShroom.json
16:00:39.064 [JavaFX Application Thread] DEBUG FXGLAssetLoaderServi - Loading JSON from: file:/C:/Users/dell/Desktop/OOP作业/Teamwork/target/classes/assets/data/plant/PeaShooter.json
16:00:39.371 [JavaFX Application Thread] DEBUG FXGLAssetLoaderServi - Loading JSON from: file:/C:/Users/dell/Desktop/OOP作业/Teamwork/target/classes/assets/data/plant/FumeShroom.json
16:00:39.375 [JavaFX Application Thread] DEBUG FXGLAssetLoaderServi - Loading JSON from: file:/C:/Users/dell/Desktop/OOP作业/Teamwork/target/classes/assets/data/plant/SunShroom.json
16:00:39.379 [JavaFX Application Thread] DEBUG FXGLAssetLoaderServi - Loading JSON from: file:/C:/Users/dell/Desktop/OOP作业/Teamwork/target/classes/assets/data/plant/PeaShooter.json
16:00:39.382 [JavaFX Application Thread] DEBUG FXGLAssetLoaderServi - Loading JSON from: file:/C:/Users/dell/Desktop/OOP作业/Teamwork/target/classes/assets/data/plant/PuffShroom.json
16:00:40.252 [JavaFX Application Thread] DEBUG FXGLAssetLoaderServi - Loading JSON from: file:/C:/Users/dell/Desktop/OOP作业/Teamwork/target/classes/assets/data/plant/FumeShroom.json
16:00:40.256 [JavaFX Application Thread] DEBUG FXGLAssetLoaderServi - Loading JSON from: file:/C:/Users/dell/Desktop/OOP作业/Teamwork/target/classes/assets/data/plant/SunShroom.json
16:00:40.262 [JavaFX Application Thread] DEBUG FXGLAssetLoaderServi - Loading JSON from: file:/C:/Users/dell/Desktop/OOP作业/Teamwork/target/classes/assets/data/plant/PeaShooter.json
16:00:40.265 [JavaFX Application Thread] DEBUG FXGLAssetLoaderServi - Loading JSON from: file:/C:/Users/dell/Desktop/OOP作业/Teamwork/target/classes/assets/data/plant/PuffShroom.json
16:00:40.270 [JavaFX Application Thread] DEBUG FXGLAssetLoaderServi - Loading JSON from: file:/C:/Users/dell/Desktop/OOP作业/Teamwork/target/classes/assets/data/plant/SunFlower.json
16:00:40.845 [JavaFX Application Thread] DEBUG FXGLAssetLoaderServi - Loading from file system: file:/C:/Users/dell/Desktop/OOP作业/Teamwork/target/classes/assets/textures/plant/SunFlower/SunFlower.png
16:00:40.847 [JavaFX Application Thread] DEBUG FXGLAssetLoaderServi - Loading from file system: file:/C:/Users/dell/Desktop/OOP作业/Teamwork/target/classes/assets/textures/powerBeat/powerBeatBg(2).png
16:00:40.864 [JavaFX Application Thread] DEBUG FXGLAssetLoaderServi - Loading JSON from: file:/C:/Users/dell/Desktop/OOP作业/Teamwork/target/classes/assets/data/zombie/NormalZombie.json
16:00:43.738 [JavaFX Application Thread] DEBUG FXGLAssetLoaderServi - Loading from file system: file:/C:/Users/dell/Desktop/OOP作业/Teamwork/target/classes/assets/textures/weeder/weeder.png
16:00:43.742 [JavaFX Application Thread] DEBUG FXGLAssetLoaderServi - Loading from file system: file:/C:/Users/dell/Desktop/OOP作业/Teamwork/target/classes/assets/textures/prepareText/prepare.png
16:00:43.745 [JavaFX Application Thread] DEBUG FXGLAssetLoaderServi - Loading from file system: file:/C:/Users/dell/Desktop/OOP作业/Teamwork/target/classes/assets/sounds/readysetplant.wav
16:00:43.749 [JavaFX Application Thread] DEBUG FXGLAssetLoaderServi - Loading from file system: file:/C:/Users/dell/Desktop/OOP作业/Teamwork/target/classes/assets/textures/shovel/shovelBg.png
16:00:43.751 [JavaFX Application Thread] DEBUG FXGLAssetLoaderServi - Loading JSON from: file:/C:/Users/dell/Desktop/OOP作业/Teamwork/target/classes/assets/data/plant/FumeShroom.json
16:00:43.757 [JavaFX Application Thread] DEBUG FXGLAssetLoaderServi - Loading JSON from: file:/C:/Users/dell/Desktop/OOP作业/Teamwork/target/classes/assets/data/plant/SunShroom.json
16:00:43.760 [JavaFX Application Thread] DEBUG FXGLAssetLoaderServi - Loading JSON from: file:/C:/Users/dell/Desktop/OOP作业/Teamwork/target/classes/assets/data/plant/PeaShooter.json
16:00:43.763 [JavaFX Application Thread] DEBUG FXGLAssetLoaderServi - Loading JSON from: file:/C:/Users/dell/Desktop/OOP作业/Teamwork/target/classes/assets/data/plant/PuffShroom.json
16:00:43.766 [JavaFX Application Thread] DEBUG FXGLAssetLoaderServi - Loading JSON from: file:/C:/Users/dell/Desktop/OOP作业/Teamwork/target/classes/assets/data/plant/SunFlower.json
16:00:44.248 [JavaFX Application Thread] DEBUG FXGLAssetLoaderServi - Loading from file system: file:/C:/Users/dell/Desktop/OOP作业/Teamwork/target/classes/assets/textures/prepareText/puton.png
16:00:44.756 [JavaFX Application Thread] DEBUG FXGLAssetLoaderServi - Loading from file system: file:/C:/Users/dell/Desktop/OOP作业/Teamwork/target/classes/assets/textures/prepareText/plant.png
16:00:47.588 [JavaFX Application Thread] DEBUG FXGLAssetLoaderServi - Loading from file system: file:/C:/Users/dell/Desktop/OOP作业/Teamwork/target/classes/assets/textures/powerBeat/powerBeat.png
16:00:52.826 [JavaFX Application Thread] DEBUG FXGLAssetLoaderServi - Loading from file system: file:/C:/Users/dell/Desktop/OOP作业/Teamwork/target/classes/assets/textures/plant/SunShine/SunShine_0.png
16:00:52.827 [JavaFX Application Thread] DEBUG FXGLAssetLoaderServi - Loading from file system: file:/C:/Users/dell/Desktop/OOP作业/Teamwork/target/classes/assets/textures/plant/SunShine/SunShine_1.png
16:00:52.827 [JavaFX Application Thread] DEBUG FXGLAssetLoaderServi - Loading from file system: file:/C:/Users/dell/Desktop/OOP作业/Teamwork/target/classes/assets/textures/plant/SunShine/SunShine_2.png
16:00:52.828 [JavaFX Application Thread] DEBUG FXGLAssetLoaderServi - Loading from file system: file:/C:/Users/dell/Desktop/OOP作业/Teamwork/target/classes/assets/textures/plant/SunShine/SunShine_3.png
16:00:52.828 [JavaFX Application Thread] DEBUG FXGLAssetLoaderServi - Loading from file system: file:/C:/Users/dell/Desktop/OOP作业/Teamwork/target/classes/assets/textures/plant/SunShine/SunShine_4.png
16:00:52.828 [JavaFX Application Thread] DEBUG FXGLAssetLoaderServi - Loading from file system: file:/C:/Users/dell/Desktop/OOP作业/Teamwork/target/classes/assets/textures/plant/SunShine/SunShine_5.png
16:00:52.829 [JavaFX Application Thread] DEBUG FXGLAssetLoaderServi - Loading from file system: file:/C:/Users/dell/Desktop/OOP作业/Teamwork/target/classes/assets/textures/plant/SunShine/SunShine_6.png
16:00:52.829 [JavaFX Application Thread] DEBUG FXGLAssetLoaderServi - Loading from file system: file:/C:/Users/dell/Desktop/OOP作业/Teamwork/target/classes/assets/textures/plant/SunShine/SunShine_7.png
16:00:52.830 [JavaFX Application Thread] DEBUG FXGLAssetLoaderServi - Loading from file system: file:/C:/Users/dell/Desktop/OOP作业/Teamwork/target/classes/assets/textures/plant/SunShine/SunShine_8.png
16:00:52.830 [JavaFX Application Thread] DEBUG FXGLAssetLoaderServi - Loading from file system: file:/C:/Users/dell/Desktop/OOP作业/Teamwork/target/classes/assets/textures/plant/SunShine/SunShine_9.png
16:00:52.831 [JavaFX Application Thread] DEBUG FXGLAssetLoaderServi - Loading from file system: file:/C:/Users/dell/Desktop/OOP作业/Teamwork/target/classes/assets/textures/plant/SunShine/SunShine_10.png
16:00:52.832 [JavaFX Application Thread] DEBUG FXGLAssetLoaderServi - Loading from file system: file:/C:/Users/dell/Desktop/OOP作业/Teamwork/target/classes/assets/textures/plant/SunShine/SunShine_11.png
16:00:52.832 [JavaFX Application Thread] DEBUG FXGLAssetLoaderServi - Loading from file system: file:/C:/Users/dell/Desktop/OOP作业/Teamwork/target/classes/assets/textures/plant/SunShine/SunShine_12.png
16:00:52.833 [JavaFX Application Thread] DEBUG FXGLAssetLoaderServi - Loading from file system: file:/C:/Users/dell/Desktop/OOP作业/Teamwork/target/classes/assets/textures/plant/SunShine/SunShine_13.png
16:00:52.833 [JavaFX Application Thread] DEBUG FXGLAssetLoaderServi - Loading from file system: file:/C:/Users/dell/Desktop/OOP作业/Teamwork/target/classes/assets/textures/plant/SunShine/SunShine_14.png
16:00:52.833 [JavaFX Application Thread] DEBUG FXGLAssetLoaderServi - Loading from file system: file:/C:/Users/dell/Desktop/OOP作业/Teamwork/target/classes/assets/textures/plant/SunShine/SunShine_15.png
16:00:52.834 [JavaFX Application Thread] DEBUG FXGLAssetLoaderServi - Loading from file system: file:/C:/Users/dell/Desktop/OOP作业/Teamwork/target/classes/assets/textures/plant/SunShine/SunShine_16.png
16:00:52.835 [JavaFX Application Thread] DEBUG FXGLAssetLoaderServi - Loading from file system: file:/C:/Users/dell/Desktop/OOP作业/Teamwork/target/classes/assets/textures/plant/SunShine/SunShine_17.png
16:00:52.835 [JavaFX Application Thread] DEBUG FXGLAssetLoaderServi - Loading from file system: file:/C:/Users/dell/Desktop/OOP作业/Teamwork/target/classes/assets/textures/plant/SunShine/SunShine_18.png
16:00:52.836 [JavaFX Application Thread] DEBUG FXGLAssetLoaderServi - Loading from file system: file:/C:/Users/dell/Desktop/OOP作业/Teamwork/target/classes/assets/textures/plant/SunShine/SunShine_19.png
16:00:52.836 [JavaFX Application Thread] DEBUG FXGLAssetLoaderServi - Loading from file system: file:/C:/Users/dell/Desktop/OOP作业/Teamwork/target/classes/assets/textures/plant/SunShine/SunShine_20.png
16:00:52.837 [JavaFX Application Thread] DEBUG FXGLAssetLoaderServi - Loading from file system: file:/C:/Users/dell/Desktop/OOP作业/Teamwork/target/classes/assets/textures/plant/SunShine/SunShine_21.png
16:00:52.838 [JavaFX Application Thread] DEBUG FXGLAssetLoaderServi - Loading from file system: file:/C:/Users/dell/Desktop/OOP作业/Teamwork/target/classes/assets/textures/plant/SunShine/SunShine_22.png
16:00:52.838 [JavaFX Application Thread] DEBUG FXGLAssetLoaderServi - Loading from file system: file:/C:/Users/dell/Desktop/OOP作业/Teamwork/target/classes/assets/textures/plant/SunShine/SunShine_23.png
16:00:52.839 [JavaFX Application Thread] DEBUG FXGLAssetLoaderServi - Loading from file system: file:/C:/Users/dell/Desktop/OOP作业/Teamwork/target/classes/assets/textures/plant/SunShine/SunShine_24.png
16:00:52.840 [JavaFX Application Thread] DEBUG FXGLAssetLoaderServi - Loading from file system: file:/C:/Users/dell/Desktop/OOP作业/Teamwork/target/classes/assets/textures/plant/SunShine/SunShine_25.png
16:00:52.840 [JavaFX Application Thread] DEBUG FXGLAssetLoaderServi - Loading from file system: file:/C:/Users/dell/Desktop/OOP作业/Teamwork/target/classes/assets/textures/plant/SunShine/SunShine_26.png
16:00:52.840 [JavaFX Application Thread] DEBUG FXGLAssetLoaderServi - Loading from file system: file:/C:/Users/dell/Desktop/OOP作业/Teamwork/target/classes/assets/textures/plant/SunShine/SunShine_27.png
16:00:52.841 [JavaFX Application Thread] DEBUG FXGLAssetLoaderServi - Loading from file system: file:/C:/Users/dell/Desktop/OOP作业/Teamwork/target/classes/assets/textures/plant/SunShine/SunShine_28.png
16:00:54.018 [JavaFX Application Thread] DEBUG FXGLAssetLoaderServi - Loading from file system: file:/C:/Users/dell/Desktop/OOP作业/Teamwork/target/classes/assets/sounds/points.wav
16:00:54.876 [JavaFX Application Thread] DEBUG FXGLAssetLoaderServi - Loading from file system: file:/C:/Users/dell/Desktop/OOP作业/Teamwork/target/classes/assets/sounds/seedlift.wav
16:00:54.991 [JavaFX Application Thread] DEBUG FXGLAssetLoaderServi - Loading from file system: file:/C:/Users/dell/Desktop/OOP作业/Teamwork/target/classes/assets/textures/plant/PuffShroom/PuffShroom.png
16:00:55.458 [JavaFX Application Thread] DEBUG FXGLAssetLoaderServi - Loading from file system: file:/C:/Users/dell/Desktop/OOP作业/Teamwork/target/classes/assets/sounds/placed.wav
16:00:55.466 [JavaFX Application Thread] DEBUG FXGLAssetLoaderServi - Loading from file system: file:/C:/Users/dell/Desktop/OOP作业/Teamwork/target/classes/assets/textures/plant/PuffShroom/PuffShroom/PuffShroom_0.png
16:00:55.467 [JavaFX Application Thread] DEBUG FXGLAssetLoaderServi - Loading from file system: file:/C:/Users/dell/Desktop/OOP作业/Teamwork/target/classes/assets/textures/plant/PuffShroom/PuffShroom/PuffShroom_1.png
16:00:55.467 [JavaFX Application Thread] DEBUG FXGLAssetLoaderServi - Loading from file system: file:/C:/Users/dell/Desktop/OOP作业/Teamwork/target/classes/assets/textures/plant/PuffShroom/PuffShroom/PuffShroom_2.png
16:00:55.467 [JavaFX Application Thread] DEBUG FXGLAssetLoaderServi - Loading from file system: file:/C:/Users/dell/Desktop/OOP作业/Teamwork/target/classes/assets/textures/plant/PuffShroom/PuffShroom/PuffShroom_3.png
16:00:55.468 [JavaFX Application Thread] DEBUG FXGLAssetLoaderServi - Loading from file system: file:/C:/Users/dell/Desktop/OOP作业/Teamwork/target/classes/assets/textures/plant/PuffShroom/PuffShroom/PuffShroom_4.png
16:00:55.468 [JavaFX Application Thread] DEBUG FXGLAssetLoaderServi - Loading from file system: file:/C:/Users/dell/Desktop/OOP作业/Teamwork/target/classes/assets/textures/plant/PuffShroom/PuffShroom/PuffShroom_5.png
16:00:55.469 [JavaFX Application Thread] DEBUG FXGLAssetLoaderServi - Loading from file system: file:/C:/Users/dell/Desktop/OOP作业/Teamwork/target/classes/assets/textures/plant/PuffShroom/PuffShroom/PuffShroom_6.png
16:00:55.469 [JavaFX Application Thread] DEBUG FXGLAssetLoaderServi - Loading from file system: file:/C:/Users/dell/Desktop/OOP作业/Teamwork/target/classes/assets/textures/plant/PuffShroom/PuffShroom/PuffShroom_7.png
16:00:55.469 [JavaFX Application Thread] DEBUG FXGLAssetLoaderServi - Loading from file system: file:/C:/Users/dell/Desktop/OOP作业/Teamwork/target/classes/assets/textures/plant/PuffShroom/PuffShroom/PuffShroom_8.png
16:00:55.470 [JavaFX Application Thread] DEBUG FXGLAssetLoaderServi - Loading from file system: file:/C:/Users/dell/Desktop/OOP作业/Teamwork/target/classes/assets/textures/plant/PuffShroom/PuffShroom/PuffShroom_9.png
16:00:55.471 [JavaFX Application Thread] DEBUG FXGLAssetLoaderServi - Loading from file system: file:/C:/Users/dell/Desktop/OOP作业/Teamwork/target/classes/assets/textures/plant/PuffShroom/PuffShroom/PuffShroom_10.png
16:00:55.471 [JavaFX Application Thread] DEBUG FXGLAssetLoaderServi - Loading from file system: file:/C:/Users/dell/Desktop/OOP作业/Teamwork/target/classes/assets/textures/plant/PuffShroom/PuffShroom/PuffShroom_11.png
16:00:55.473 [JavaFX Application Thread] DEBUG FXGLAssetLoaderServi - Loading from file system: file:/C:/Users/dell/Desktop/OOP作业/Teamwork/target/classes/assets/textures/plant/PuffShroom/PuffShroom/PuffShroom_12.png
16:00:55.473 [JavaFX Application Thread] DEBUG FXGLAssetLoaderServi - Loading from file system: file:/C:/Users/dell/Desktop/OOP作业/Teamwork/target/classes/assets/textures/plant/PuffShroom/PuffShroom/PuffShroom_13.png
16:00:55.473 [JavaFX Application Thread] DEBUG FXGLAssetLoaderServi - Loading from file system: file:/C:/Users/dell/Desktop/OOP作业/Teamwork/target/classes/assets/textures/plant/PuffShroom/PuffShroomSleep/PuffShroomSleep_0.png
16:00:55.474 [JavaFX Application Thread] DEBUG FXGLAssetLoaderServi - Loading from file system: file:/C:/Users/dell/Desktop/OOP作业/Teamwork/target/classes/assets/textures/plant/PuffShroom/PuffShroomSleep/PuffShroomSleep_1.png
16:00:55.474 [JavaFX Application Thread] DEBUG FXGLAssetLoaderServi - Loading from file system: file:/C:/Users/dell/Desktop/OOP作业/Teamwork/target/classes/assets/textures/plant/PuffShroom/PuffShroomSleep/PuffShroomSleep_2.png
16:00:55.475 [JavaFX Application Thread] DEBUG FXGLAssetLoaderServi - Loading from file system: file:/C:/Users/dell/Desktop/OOP作业/Teamwork/target/classes/assets/textures/plant/PuffShroom/PuffShroomSleep/PuffShroomSleep_3.png
16:00:55.475 [JavaFX Application Thread] DEBUG FXGLAssetLoaderServi - Loading from file system: file:/C:/Users/dell/Desktop/OOP作业/Teamwork/target/classes/assets/textures/plant/PuffShroom/PuffShroomSleep/PuffShroomSleep_4.png
16:00:55.476 [JavaFX Application Thread] DEBUG FXGLAssetLoaderServi - Loading from file system: file:/C:/Users/dell/Desktop/OOP作业/Teamwork/target/classes/assets/textures/plant/PuffShroom/PuffShroomSleep/PuffShroomSleep_5.png
16:00:55.476 [JavaFX Application Thread] DEBUG FXGLAssetLoaderServi - Loading from file system: file:/C:/Users/dell/Desktop/OOP作业/Teamwork/target/classes/assets/textures/plant/PuffShroom/PuffShroomSleep/PuffShroomSleep_6.png
16:00:55.476 [JavaFX Application Thread] DEBUG FXGLAssetLoaderServi - Loading from file system: file:/C:/Users/dell/Desktop/OOP作业/Teamwork/target/classes/assets/textures/plant/PuffShroom/PuffShroomSleep/PuffShroomSleep_7.png
16:00:55.477 [JavaFX Application Thread] DEBUG FXGLAssetLoaderServi - Loading from file system: file:/C:/Users/dell/Desktop/OOP作业/Teamwork/target/classes/assets/textures/plant/PuffShroom/PuffShroomSleep/PuffShroomSleep_8.png
16:00:55.477 [JavaFX Application Thread] DEBUG FXGLAssetLoaderServi - Loading from file system: file:/C:/Users/dell/Desktop/OOP作业/Teamwork/target/classes/assets/textures/plant/PuffShroom/PuffShroomSleep/PuffShroomSleep_9.png
16:00:55.478 [JavaFX Application Thread] DEBUG FXGLAssetLoaderServi - Loading from file system: file:/C:/Users/dell/Desktop/OOP作业/Teamwork/target/classes/assets/textures/plant/PuffShroom/PuffShroomSleep/PuffShroomSleep_10.png
16:00:55.478 [JavaFX Application Thread] DEBUG FXGLAssetLoaderServi - Loading from file system: file:/C:/Users/dell/Desktop/OOP作业/Teamwork/target/classes/assets/textures/plant/PuffShroom/PuffShroomSleep/PuffShroomSleep_11.png
16:00:55.479 [JavaFX Application Thread] DEBUG FXGLAssetLoaderServi - Loading from file system: file:/C:/Users/dell/Desktop/OOP作业/Teamwork/target/classes/assets/textures/plant/PuffShroom/PuffShroomSleep/PuffShroomSleep_12.png
16:00:55.479 [JavaFX Application Thread] DEBUG FXGLAssetLoaderServi - Loading from file system: file:/C:/Users/dell/Desktop/OOP作业/Teamwork/target/classes/assets/textures/plant/PuffShroom/PuffShroomSleep/PuffShroomSleep_13.png
16:00:55.480 [JavaFX Application Thread] DEBUG FXGLAssetLoaderServi - Loading from file system: file:/C:/Users/dell/Desktop/OOP作业/Teamwork/target/classes/assets/textures/plant/PuffShroom/PuffShroomSleep/PuffShroomSleep_14.png
16:00:55.480 [JavaFX Application Thread] DEBUG FXGLAssetLoaderServi - Loading from file system: file:/C:/Users/dell/Desktop/OOP作业/Teamwork/target/classes/assets/textures/plant/PuffShroom/PuffShroomSleep/PuffShroomSleep_15.png
16:00:55.481 [JavaFX Application Thread] DEBUG FXGLAssetLoaderServi - Loading from file system: file:/C:/Users/dell/Desktop/OOP作业/Teamwork/target/classes/assets/textures/plant/PuffShroom/PuffShroomSleep/PuffShroomSleep_16.png
16:00:57.432 [JavaFX Application Thread] DEBUG FXGLAssetLoaderServi - Loading from file system: file:/C:/Users/dell/Desktop/OOP作业/Teamwork/target/classes/assets/textures/zombie/NormalZombie/Zombie/Zombie_0.png
16:00:57.433 [JavaFX Application Thread] DEBUG FXGLAssetLoaderServi - Loading from file system: file:/C:/Users/dell/Desktop/OOP作业/Teamwork/target/classes/assets/textures/zombie/NormalZombie/Zombie/Zombie_1.png
16:00:57.434 [JavaFX Application Thread] DEBUG FXGLAssetLoaderServi - Loading from file system: file:/C:/Users/dell/Desktop/OOP作业/Teamwork/target/classes/assets/textures/zombie/NormalZombie/Zombie/Zombie_2.png
16:00:57.434 [JavaFX Application Thread] DEBUG FXGLAssetLoaderServi - Loading from file system: file:/C:/Users/dell/Desktop/OOP作业/Teamwork/target/classes/assets/textures/zombie/NormalZombie/Zombie/Zombie_3.png
16:00:57.435 [JavaFX Application Thread] DEBUG FXGLAssetLoaderServi - Loading from file system: file:/C:/Users/dell/Desktop/OOP作业/Teamwork/target/classes/assets/textures/zombie/NormalZombie/Zombie/Zombie_4.png
16:00:57.436 [JavaFX Application Thread] DEBUG FXGLAssetLoaderServi - Loading from file system: file:/C:/Users/dell/Desktop/OOP作业/Teamwork/target/classes/assets/textures/zombie/NormalZombie/Zombie/Zombie_5.png
16:00:57.437 [JavaFX Application Thread] DEBUG FXGLAssetLoaderServi - Loading from file system: file:/C:/Users/dell/Desktop/OOP作业/Teamwork/target/classes/assets/textures/zombie/NormalZombie/Zombie/Zombie_6.png
16:00:57.437 [JavaFX Application Thread] DEBUG FXGLAssetLoaderServi - Loading from file system: file:/C:/Users/dell/Desktop/OOP作业/Teamwork/target/classes/assets/textures/zombie/NormalZombie/Zombie/Zombie_7.png
16:00:57.438 [JavaFX Application Thread] DEBUG FXGLAssetLoaderServi - Loading from file system: file:/C:/Users/dell/Desktop/OOP作业/Teamwork/target/classes/assets/textures/zombie/NormalZombie/Zombie/Zombie_8.png
16:00:57.439 [JavaFX Application Thread] DEBUG FXGLAssetLoaderServi - Loading from file system: file:/C:/Users/dell/Desktop/OOP作业/Teamwork/target/classes/assets/textures/zombie/NormalZombie/Zombie/Zombie_9.png
16:00:57.439 [JavaFX Application Thread] DEBUG FXGLAssetLoaderServi - Loading from file system: file:/C:/Users/dell/Desktop/OOP作业/Teamwork/target/classes/assets/textures/zombie/NormalZombie/Zombie/Zombie_10.png
16:00:57.440 [JavaFX Application Thread] DEBUG FXGLAssetLoaderServi - Loading from file system: file:/C:/Users/dell/Desktop/OOP作业/Teamwork/target/classes/assets/textures/zombie/NormalZombie/Zombie/Zombie_11.png
16:00:57.441 [JavaFX Application Thread] DEBUG FXGLAssetLoaderServi - Loading from file system: file:/C:/Users/dell/Desktop/OOP作业/Teamwork/target/classes/assets/textures/zombie/NormalZombie/Zombie/Zombie_12.png
16:00:57.442 [JavaFX Application Thread] DEBUG FXGLAssetLoaderServi - Loading from file system: file:/C:/Users/dell/Desktop/OOP作业/Teamwork/target/classes/assets/textures/zombie/NormalZombie/Zombie/Zombie_13.png
16:00:57.442 [JavaFX Application Thread] DEBUG FXGLAssetLoaderServi - Loading from file system: file:/C:/Users/dell/Desktop/OOP作业/Teamwork/target/classes/assets/textures/zombie/NormalZombie/Zombie/Zombie_14.png
16:00:57.443 [JavaFX Application Thread] DEBUG FXGLAssetLoaderServi - Loading from file system: file:/C:/Users/dell/Desktop/OOP作业/Teamwork/target/classes/assets/textures/zombie/NormalZombie/Zombie/Zombie_15.png
16:00:57.444 [JavaFX Application Thread] DEBUG FXGLAssetLoaderServi - Loading from file system: file:/C:/Users/dell/Desktop/OOP作业/Teamwork/target/classes/assets/textures/zombie/NormalZombie/Zombie/Zombie_16.png
16:00:57.444 [JavaFX Application Thread] DEBUG FXGLAssetLoaderServi - Loading from file system: file:/C:/Users/dell/Desktop/OOP作业/Teamwork/target/classes/assets/textures/zombie/NormalZombie/Zombie/Zombie_17.png
16:00:57.445 [JavaFX Application Thread] DEBUG FXGLAssetLoaderServi - Loading from file system: file:/C:/Users/dell/Desktop/OOP作业/Teamwork/target/classes/assets/textures/zombie/NormalZombie/Zombie/Zombie_18.png
16:00:57.446 [JavaFX Application Thread] DEBUG FXGLAssetLoaderServi - Loading from file system: file:/C:/Users/dell/Desktop/OOP作业/Teamwork/target/classes/assets/textures/zombie/NormalZombie/Zombie/Zombie_19.png
16:00:57.446 [JavaFX Application Thread] DEBUG FXGLAssetLoaderServi - Loading from file system: file:/C:/Users/dell/Desktop/OOP作业/Teamwork/target/classes/assets/textures/zombie/NormalZombie/Zombie/Zombie_20.png
16:00:57.447 [JavaFX Application Thread] DEBUG FXGLAssetLoaderServi - Loading from file system: file:/C:/Users/dell/Desktop/OOP作业/Teamwork/target/classes/assets/textures/zombie/NormalZombie/Zombie/Zombie_21.png
16:00:57.451 [JavaFX Application Thread] DEBUG FXGLAssetLoaderServi - Loading from file system: file:/C:/Users/dell/Desktop/OOP作业/Teamwork/target/classes/assets/textures/zombie/NormalZombie/ZombieDie/ZombieDie_0.png
16:00:57.452 [JavaFX Application Thread] DEBUG FXGLAssetLoaderServi - Loading from file system: file:/C:/Users/dell/Desktop/OOP作业/Teamwork/target/classes/assets/textures/zombie/NormalZombie/ZombieDie/ZombieDie_1.png
16:00:57.453 [JavaFX Application Thread] DEBUG FXGLAssetLoaderServi - Loading from file system: file:/C:/Users/dell/Desktop/OOP作业/Teamwork/target/classes/assets/textures/zombie/NormalZombie/ZombieDie/ZombieDie_2.png
16:00:57.454 [JavaFX Application Thread] DEBUG FXGLAssetLoaderServi - Loading from file system: file:/C:/Users/dell/Desktop/OOP作业/Teamwork/target/classes/assets/textures/zombie/NormalZombie/ZombieDie/ZombieDie_3.png
16:00:57.454 [JavaFX Application Thread] DEBUG FXGLAssetLoaderServi - Loading from file system: file:/C:/Users/dell/Desktop/OOP作业/Teamwork/target/classes/assets/textures/zombie/NormalZombie/ZombieDie/ZombieDie_4.png
16:00:57.454 [JavaFX Application Thread] DEBUG FXGLAssetLoaderServi - Loading from file system: file:/C:/Users/dell/Desktop/OOP作业/Teamwork/target/classes/assets/textures/zombie/NormalZombie/ZombieDie/ZombieDie_5.png
16:00:57.456 [JavaFX Application Thread] DEBUG FXGLAssetLoaderServi - Loading from file system: file:/C:/Users/dell/Desktop/OOP作业/Teamwork/target/classes/assets/textures/zombie/NormalZombie/ZombieDie/ZombieDie_6.png
16:00:57.456 [JavaFX Application Thread] DEBUG FXGLAssetLoaderServi - Loading from file system: file:/C:/Users/dell/Desktop/OOP作业/Teamwork/target/classes/assets/textures/zombie/NormalZombie/ZombieDie/ZombieDie_7.png
16:00:57.457 [JavaFX Application Thread] DEBUG FXGLAssetLoaderServi - Loading from file system: file:/C:/Users/dell/Desktop/OOP作业/Teamwork/target/classes/assets/textures/zombie/NormalZombie/ZombieDie/ZombieDie_8.png
16:00:57.457 [JavaFX Application Thread] DEBUG FXGLAssetLoaderServi - Loading from file system: file:/C:/Users/dell/Desktop/OOP作业/Teamwork/target/classes/assets/textures/zombie/NormalZombie/ZombieDie/ZombieDie_9.png
16:00:57.458 [JavaFX Application Thread] DEBUG FXGLAssetLoaderServi - Loading from file system: file:/C:/Users/dell/Desktop/OOP作业/Teamwork/target/classes/assets/textures/zombie/NormalZombie/BoomDie/BoomDie_0.png
16:00:57.459 [JavaFX Application Thread] DEBUG FXGLAssetLoaderServi - Loading from file system: file:/C:/Users/dell/Desktop/OOP作业/Teamwork/target/classes/assets/textures/zombie/NormalZombie/BoomDie/BoomDie_1.png
16:00:57.459 [JavaFX Application Thread] DEBUG FXGLAssetLoaderServi - Loading from file system: file:/C:/Users/dell/Desktop/OOP作业/Teamwork/target/classes/assets/textures/zombie/NormalZombie/BoomDie/BoomDie_2.png
16:00:57.460 [JavaFX Application Thread] DEBUG FXGLAssetLoaderServi - Loading from file system: file:/C:/Users/dell/Desktop/OOP作业/Teamwork/target/classes/assets/textures/zombie/NormalZombie/BoomDie/BoomDie_3.png
16:00:57.460 [JavaFX Application Thread] DEBUG FXGLAssetLoaderServi - Loading from file system: file:/C:/Users/dell/Desktop/OOP作业/Teamwork/target/classes/assets/textures/zombie/NormalZombie/BoomDie/BoomDie_4.png
16:00:57.461 [JavaFX Application Thread] DEBUG FXGLAssetLoaderServi - Loading from file system: file:/C:/Users/dell/Desktop/OOP作业/Teamwork/target/classes/assets/textures/zombie/NormalZombie/BoomDie/BoomDie_5.png
16:00:57.461 [JavaFX Application Thread] DEBUG FXGLAssetLoaderServi - Loading from file system: file:/C:/Users/dell/Desktop/OOP作业/Teamwork/target/classes/assets/textures/zombie/NormalZombie/BoomDie/BoomDie_6.png
16:00:57.462 [JavaFX Application Thread] DEBUG FXGLAssetLoaderServi - Loading from file system: file:/C:/Users/dell/Desktop/OOP作业/Teamwork/target/classes/assets/textures/zombie/NormalZombie/BoomDie/BoomDie_7.png
16:00:57.463 [JavaFX Application Thread] DEBUG FXGLAssetLoaderServi - Loading from file system: file:/C:/Users/dell/Desktop/OOP作业/Teamwork/target/classes/assets/textures/zombie/NormalZombie/BoomDie/BoomDie_8.png
16:00:57.463 [JavaFX Application Thread] DEBUG FXGLAssetLoaderServi - Loading from file system: file:/C:/Users/dell/Desktop/OOP作业/Teamwork/target/classes/assets/textures/zombie/NormalZombie/BoomDie/BoomDie_9.png
16:00:57.464 [JavaFX Application Thread] DEBUG FXGLAssetLoaderServi - Loading from file system: file:/C:/Users/dell/Desktop/OOP作业/Teamwork/target/classes/assets/textures/zombie/NormalZombie/BoomDie/BoomDie_10.png
16:00:57.465 [JavaFX Application Thread] DEBUG FXGLAssetLoaderServi - Loading from file system: file:/C:/Users/dell/Desktop/OOP作业/Teamwork/target/classes/assets/textures/zombie/NormalZombie/BoomDie/BoomDie_11.png
16:00:57.465 [JavaFX Application Thread] DEBUG FXGLAssetLoaderServi - Loading from file system: file:/C:/Users/dell/Desktop/OOP作业/Teamwork/target/classes/assets/textures/zombie/NormalZombie/BoomDie/BoomDie_12.png
16:00:57.466 [JavaFX Application Thread] DEBUG FXGLAssetLoaderServi - Loading from file system: file:/C:/Users/dell/Desktop/OOP作业/Teamwork/target/classes/assets/textures/zombie/NormalZombie/BoomDie/BoomDie_13.png
16:00:57.467 [JavaFX Application Thread] DEBUG FXGLAssetLoaderServi - Loading from file system: file:/C:/Users/dell/Desktop/OOP作业/Teamwork/target/classes/assets/textures/zombie/NormalZombie/BoomDie/BoomDie_14.png
16:00:57.467 [JavaFX Application Thread] DEBUG FXGLAssetLoaderServi - Loading from file system: file:/C:/Users/dell/Desktop/OOP作业/Teamwork/target/classes/assets/textures/zombie/NormalZombie/BoomDie/BoomDie_15.png
16:00:57.467 [JavaFX Application Thread] DEBUG FXGLAssetLoaderServi - Loading from file system: file:/C:/Users/dell/Desktop/OOP作业/Teamwork/target/classes/assets/textures/zombie/NormalZombie/BoomDie/BoomDie_16.png
16:00:57.468 [JavaFX Application Thread] DEBUG FXGLAssetLoaderServi - Loading from file system: file:/C:/Users/dell/Desktop/OOP作业/Teamwork/target/classes/assets/textures/zombie/NormalZombie/BoomDie/BoomDie_17.png
16:00:57.469 [JavaFX Application Thread] DEBUG FXGLAssetLoaderServi - Loading from file system: file:/C:/Users/dell/Desktop/OOP作业/Teamwork/target/classes/assets/textures/zombie/NormalZombie/BoomDie/BoomDie_18.png
16:00:57.470 [JavaFX Application Thread] DEBUG FXGLAssetLoaderServi - Loading from file system: file:/C:/Users/dell/Desktop/OOP作业/Teamwork/target/classes/assets/textures/zombie/NormalZombie/BoomDie/BoomDie_19.png
16:00:57.471 [JavaFX Application Thread] DEBUG FXGLAssetLoaderServi - Loading from file system: file:/C:/Users/dell/Desktop/OOP作业/Teamwork/target/classes/assets/textures/zombie/NormalZombie/ZombieAttack/ZombieAttack_0.png
16:00:57.472 [JavaFX Application Thread] DEBUG FXGLAssetLoaderServi - Loading from file system: file:/C:/Users/dell/Desktop/OOP作业/Teamwork/target/classes/assets/textures/zombie/NormalZombie/ZombieAttack/ZombieAttack_1.png
16:00:57.472 [JavaFX Application Thread] DEBUG FXGLAssetLoaderServi - Loading from file system: file:/C:/Users/dell/Desktop/OOP作业/Teamwork/target/classes/assets/textures/zombie/NormalZombie/ZombieAttack/ZombieAttack_2.png
16:00:57.472 [JavaFX Application Thread] DEBUG FXGLAssetLoaderServi - Loading from file system: file:/C:/Users/dell/Desktop/OOP作业/Teamwork/target/classes/assets/textures/zombie/NormalZombie/ZombieAttack/ZombieAttack_3.png
16:00:57.473 [JavaFX Application Thread] DEBUG FXGLAssetLoaderServi - Loading from file system: file:/C:/Users/dell/Desktop/OOP作业/Teamwork/target/classes/assets/textures/zombie/NormalZombie/ZombieAttack/ZombieAttack_4.png
16:00:57.474 [JavaFX Application Thread] DEBUG FXGLAssetLoaderServi - Loading from file system: file:/C:/Users/dell/Desktop/OOP作业/Teamwork/target/classes/assets/textures/zombie/NormalZombie/ZombieAttack/ZombieAttack_5.png
16:00:57.474 [JavaFX Application Thread] DEBUG FXGLAssetLoaderServi - Loading from file system: file:/C:/Users/dell/Desktop/OOP作业/Teamwork/target/classes/assets/textures/zombie/NormalZombie/ZombieAttack/ZombieAttack_6.png
16:00:57.475 [JavaFX Application Thread] DEBUG FXGLAssetLoaderServi - Loading from file system: file:/C:/Users/dell/Desktop/OOP作业/Teamwork/target/classes/assets/textures/zombie/NormalZombie/ZombieAttack/ZombieAttack_7.png
16:00:57.476 [JavaFX Application Thread] DEBUG FXGLAssetLoaderServi - Loading from file system: file:/C:/Users/dell/Desktop/OOP作业/Teamwork/target/classes/assets/textures/zombie/NormalZombie/ZombieAttack/ZombieAttack_8.png
16:00:57.476 [JavaFX Application Thread] DEBUG FXGLAssetLoaderServi - Loading from file system: file:/C:/Users/dell/Desktop/OOP作业/Teamwork/target/classes/assets/textures/zombie/NormalZombie/ZombieAttack/ZombieAttack_9.png
16:00:57.477 [JavaFX Application Thread] DEBUG FXGLAssetLoaderServi - Loading from file system: file:/C:/Users/dell/Desktop/OOP作业/Teamwork/target/classes/assets/textures/zombie/NormalZombie/ZombieAttack/ZombieAttack_10.png
16:00:57.479 [JavaFX Application Thread] DEBUG FXGLAssetLoaderServi - Loading from file system: file:/C:/Users/dell/Desktop/OOP作业/Teamwork/target/classes/assets/textures/zombie/NormalZombie/ZombieAttack/ZombieAttack_11.png
16:00:57.479 [JavaFX Application Thread] DEBUG FXGLAssetLoaderServi - Loading from file system: file:/C:/Users/dell/Desktop/OOP作业/Teamwork/target/classes/assets/textures/zombie/NormalZombie/ZombieAttack/ZombieAttack_12.png
16:00:57.480 [JavaFX Application Thread] DEBUG FXGLAssetLoaderServi - Loading from file system: file:/C:/Users/dell/Desktop/OOP作业/Teamwork/target/classes/assets/textures/zombie/NormalZombie/ZombieAttack/ZombieAttack_13.png
16:00:57.481 [JavaFX Application Thread] DEBUG FXGLAssetLoaderServi - Loading from file system: file:/C:/Users/dell/Desktop/OOP作业/Teamwork/target/classes/assets/textures/zombie/NormalZombie/ZombieAttack/ZombieAttack_14.png
16:00:57.481 [JavaFX Application Thread] DEBUG FXGLAssetLoaderServi - Loading from file system: file:/C:/Users/dell/Desktop/OOP作业/Teamwork/target/classes/assets/textures/zombie/NormalZombie/ZombieAttack/ZombieAttack_15.png
16:00:57.482 [JavaFX Application Thread] DEBUG FXGLAssetLoaderServi - Loading from file system: file:/C:/Users/dell/Desktop/OOP作业/Teamwork/target/classes/assets/textures/zombie/NormalZombie/ZombieAttack/ZombieAttack_16.png
16:00:57.483 [JavaFX Application Thread] DEBUG FXGLAssetLoaderServi - Loading from file system: file:/C:/Users/dell/Desktop/OOP作业/Teamwork/target/classes/assets/textures/zombie/NormalZombie/ZombieAttack/ZombieAttack_17.png
16:00:57.484 [JavaFX Application Thread] DEBUG FXGLAssetLoaderServi - Loading from file system: file:/C:/Users/dell/Desktop/OOP作业/Teamwork/target/classes/assets/textures/zombie/NormalZombie/ZombieAttack/ZombieAttack_18.png
16:00:57.484 [JavaFX Application Thread] DEBUG FXGLAssetLoaderServi - Loading from file system: file:/C:/Users/dell/Desktop/OOP作业/Teamwork/target/classes/assets/textures/zombie/NormalZombie/ZombieAttack/ZombieAttack_19.png
16:00:57.485 [JavaFX Application Thread] DEBUG FXGLAssetLoaderServi - Loading from file system: file:/C:/Users/dell/Desktop/OOP作业/Teamwork/target/classes/assets/textures/zombie/NormalZombie/ZombieAttack/ZombieAttack_20.png
16:00:57.488 [JavaFX Application Thread] DEBUG FXGLAssetLoaderServi - Loading from file system: file:/C:/Users/dell/Desktop/OOP作业/Teamwork/target/classes/assets/textures/ui/progressBar/FlagMeterFull.png
16:00:57.489 [JavaFX Application Thread] DEBUG FXGLAssetLoaderServi - Loading from file system: file:/C:/Users/dell/Desktop/OOP作业/Teamwork/target/classes/assets/textures/ui/progressBar/FlagMeterEmpty.png
16:00:57.490 [JavaFX Application Thread] DEBUG FXGLAssetLoaderServi - Loading from file system: file:/C:/Users/dell/Desktop/OOP作业/Teamwork/target/classes/assets/textures/ui/progressBar/FlagMeterLevelProgress.png
16:00:57.490 [JavaFX Application Thread] DEBUG FXGLAssetLoaderServi - Loading from file system: file:/C:/Users/dell/Desktop/OOP作业/Teamwork/target/classes/assets/textures/ui/progressBar/FlagMeterParts1.png
16:00:57.493 [JavaFX Application Thread] DEBUG FXGLAssetLoaderServi - Loading from file system: file:/C:/Users/dell/Desktop/OOP作业/Teamwork/target/classes/assets/textures/ui/progressBar/FlagMeterParts2.png
16:00:57.494 [JavaFX Application Thread] DEBUG FXGLAssetLoaderServi - Loading from file system: file:/C:/Users/dell/Desktop/OOP作业/Teamwork/target/classes/assets/sounds/siren.wav
16:00:57.496 [JavaFX Application Thread] DEBUG FXGLAssetLoaderServi - Loading from file system: file:/C:/Users/dell/Desktop/OOP作业/Teamwork/target/classes/assets/sounds/loadingbar_zombie.wav
16:00:58.553 [JavaFX Application Thread] DEBUG FXGLAssetLoaderServi - Loading from file system: file:/C:/Users/dell/Desktop/OOP作业/Teamwork/target/classes/assets/textures/plant/SunShroom/SunShroom.png
16:00:59.124 [JavaFX Application Thread] DEBUG FXGLAssetLoaderServi - Loading from file system: file:/C:/Users/dell/Desktop/OOP作业/Teamwork/target/classes/assets/textures/plant/SunShroom/SunShroom/SunShroom_0.png
16:00:59.125 [JavaFX Application Thread] DEBUG FXGLAssetLoaderServi - Loading from file system: file:/C:/Users/dell/Desktop/OOP作业/Teamwork/target/classes/assets/textures/plant/SunShroom/SunShroom/SunShroom_1.png
16:00:59.126 [JavaFX Application Thread] DEBUG FXGLAssetLoaderServi - Loading from file system: file:/C:/Users/dell/Desktop/OOP作业/Teamwork/target/classes/assets/textures/plant/SunShroom/SunShroom/SunShroom_2.png
16:00:59.126 [JavaFX Application Thread] DEBUG FXGLAssetLoaderServi - Loading from file system: file:/C:/Users/dell/Desktop/OOP作业/Teamwork/target/classes/assets/textures/plant/SunShroom/SunShroom/SunShroom_3.png
16:00:59.126 [JavaFX Application Thread] DEBUG FXGLAssetLoaderServi - Loading from file system: file:/C:/Users/dell/Desktop/OOP作业/Teamwork/target/classes/assets/textures/plant/SunShroom/SunShroom/SunShroom_4.png
16:00:59.126 [JavaFX Application Thread] DEBUG FXGLAssetLoaderServi - Loading from file system: file:/C:/Users/dell/Desktop/OOP作业/Teamwork/target/classes/assets/textures/plant/SunShroom/SunShroom/SunShroom_5.png
16:00:59.128 [JavaFX Application Thread] DEBUG FXGLAssetLoaderServi - Loading from file system: file:/C:/Users/dell/Desktop/OOP作业/Teamwork/target/classes/assets/textures/plant/SunShroom/SunShroom/SunShroom_6.png
16:00:59.129 [JavaFX Application Thread] DEBUG FXGLAssetLoaderServi - Loading from file system: file:/C:/Users/dell/Desktop/OOP作业/Teamwork/target/classes/assets/textures/plant/SunShroom/SunShroom/SunShroom_7.png
16:00:59.129 [JavaFX Application Thread] DEBUG FXGLAssetLoaderServi - Loading from file system: file:/C:/Users/dell/Desktop/OOP作业/Teamwork/target/classes/assets/textures/plant/SunShroom/SunShroom/SunShroom_8.png
16:00:59.129 [JavaFX Application Thread] DEBUG FXGLAssetLoaderServi - Loading from file system: file:/C:/Users/dell/Desktop/OOP作业/Teamwork/target/classes/assets/textures/plant/SunShroom/SunShroom/SunShroom_9.png
16:00:59.130 [JavaFX Application Thread] DEBUG FXGLAssetLoaderServi - Loading from file system: file:/C:/Users/dell/Desktop/OOP作业/Teamwork/target/classes/assets/textures/plant/SunShroom/SunShroomSleep/SunShroomSleep_0.png
16:00:59.130 [JavaFX Application Thread] DEBUG FXGLAssetLoaderServi - Loading from file system: file:/C:/Users/dell/Desktop/OOP作业/Teamwork/target/classes/assets/textures/plant/SunShroom/SunShroomSleep/SunShroomSleep_1.png
16:00:59.131 [JavaFX Application Thread] DEBUG FXGLAssetLoaderServi - Loading from file system: file:/C:/Users/dell/Desktop/OOP作业/Teamwork/target/classes/assets/textures/plant/SunShroom/SunShroomSleep/SunShroomSleep_2.png
16:00:59.131 [JavaFX Application Thread] DEBUG FXGLAssetLoaderServi - Loading from file system: file:/C:/Users/dell/Desktop/OOP作业/Teamwork/target/classes/assets/textures/plant/SunShroom/SunShroomSleep/SunShroomSleep_3.png
16:00:59.132 [JavaFX Application Thread] DEBUG FXGLAssetLoaderServi - Loading from file system: file:/C:/Users/dell/Desktop/OOP作业/Teamwork/target/classes/assets/textures/plant/SunShroom/SunShroomSleep/SunShroomSleep_4.png
16:00:59.132 [JavaFX Application Thread] DEBUG FXGLAssetLoaderServi - Loading from file system: file:/C:/Users/dell/Desktop/OOP作业/Teamwork/target/classes/assets/textures/plant/SunShroom/SunShroomSleep/SunShroomSleep_5.png
16:00:59.133 [JavaFX Application Thread] DEBUG FXGLAssetLoaderServi - Loading from file system: file:/C:/Users/dell/Desktop/OOP作业/Teamwork/target/classes/assets/textures/plant/SunShroom/SunShroomSleep/SunShroomSleep_6.png
16:00:59.133 [JavaFX Application Thread] DEBUG FXGLAssetLoaderServi - Loading from file system: file:/C:/Users/dell/Desktop/OOP作业/Teamwork/target/classes/assets/textures/plant/SunShroom/SunShroomSleep/SunShroomSleep_7.png
16:00:59.134 [JavaFX Application Thread] DEBUG FXGLAssetLoaderServi - Loading from file system: file:/C:/Users/dell/Desktop/OOP作业/Teamwork/target/classes/assets/textures/plant/SunShroom/SunShroomSleep/SunShroomSleep_8.png
16:00:59.134 [JavaFX Application Thread] DEBUG FXGLAssetLoaderServi - Loading from file system: file:/C:/Users/dell/Desktop/OOP作业/Teamwork/target/classes/assets/textures/plant/SunShroom/SunShroomSleep/SunShroomSleep_9.png
16:00:59.134 [JavaFX Application Thread] DEBUG FXGLAssetLoaderServi - Loading from file system: file:/C:/Users/dell/Desktop/OOP作业/Teamwork/target/classes/assets/textures/plant/SunShroom/SunShroomSleep/SunShroomSleep_10.png
16:00:59.135 [JavaFX Application Thread] DEBUG FXGLAssetLoaderServi - Loading from file system: file:/C:/Users/dell/Desktop/OOP作业/Teamwork/target/classes/assets/textures/plant/SunShroom/SunShroomSleep/SunShroomSleep_11.png
16:00:59.135 [JavaFX Application Thread] DEBUG FXGLAssetLoaderServi - Loading from file system: file:/C:/Users/dell/Desktop/OOP作业/Teamwork/target/classes/assets/textures/plant/SunShroom/SunShroomSleep/SunShroomSleep_12.png
16:00:59.136 [JavaFX Application Thread] DEBUG FXGLAssetLoaderServi - Loading from file system: file:/C:/Users/dell/Desktop/OOP作业/Teamwork/target/classes/assets/textures/plant/SunShroom/SunShroomBig/SunShroomBig_0.png
16:00:59.136 [JavaFX Application Thread] DEBUG FXGLAssetLoaderServi - Loading from file system: file:/C:/Users/dell/Desktop/OOP作业/Teamwork/target/classes/assets/textures/plant/SunShroom/SunShroomBig/SunShroomBig_1.png
16:00:59.137 [JavaFX Application Thread] DEBUG FXGLAssetLoaderServi - Loading from file system: file:/C:/Users/dell/Desktop/OOP作业/Teamwork/target/classes/assets/textures/plant/SunShroom/SunShroomBig/SunShroomBig_2.png
16:00:59.137 [JavaFX Application Thread] DEBUG FXGLAssetLoaderServi - Loading from file system: file:/C:/Users/dell/Desktop/OOP作业/Teamwork/target/classes/assets/textures/plant/SunShroom/SunShroomBig/SunShroomBig_3.png
16:00:59.138 [JavaFX Application Thread] DEBUG FXGLAssetLoaderServi - Loading from file system: file:/C:/Users/dell/Desktop/OOP作业/Teamwork/target/classes/assets/textures/plant/SunShroom/SunShroomBig/SunShroomBig_4.png
16:00:59.138 [JavaFX Application Thread] DEBUG FXGLAssetLoaderServi - Loading from file system: file:/C:/Users/dell/Desktop/OOP作业/Teamwork/target/classes/assets/textures/plant/SunShroom/SunShroomBig/SunShroomBig_5.png
16:00:59.138 [JavaFX Application Thread] DEBUG FXGLAssetLoaderServi - Loading from file system: file:/C:/Users/dell/Desktop/OOP作业/Teamwork/target/classes/assets/textures/plant/SunShroom/SunShroomBig/SunShroomBig_6.png
16:00:59.139 [JavaFX Application Thread] DEBUG FXGLAssetLoaderServi - Loading from file system: file:/C:/Users/dell/Desktop/OOP作业/Teamwork/target/classes/assets/textures/plant/SunShroom/SunShroomBig/SunShroomBig_7.png
16:00:59.140 [JavaFX Application Thread] DEBUG FXGLAssetLoaderServi - Loading from file system: file:/C:/Users/dell/Desktop/OOP作业/Teamwork/target/classes/assets/textures/plant/SunShroom/SunShroomBig/SunShroomBig_8.png
16:00:59.140 [JavaFX Application Thread] DEBUG FXGLAssetLoaderServi - Loading from file system: file:/C:/Users/dell/Desktop/OOP作业/Teamwork/target/classes/assets/textures/plant/SunShroom/SunShroomBig/SunShroomBig_9.png
16:01:02.063 [JavaFX Application Thread] DEBUG FXGLAssetLoaderServi - Loading from file system: file:/C:/Users/dell/Desktop/OOP作业/Teamwork/target/classes/assets/textures/plant/SunFlower/SunFlower/SunFlower_0.png
16:01:02.064 [JavaFX Application Thread] DEBUG FXGLAssetLoaderServi - Loading from file system: file:/C:/Users/dell/Desktop/OOP作业/Teamwork/target/classes/assets/textures/plant/SunFlower/SunFlower/SunFlower_1.png
16:01:02.064 [JavaFX Application Thread] DEBUG FXGLAssetLoaderServi - Loading from file system: file:/C:/Users/dell/Desktop/OOP作业/Teamwork/target/classes/assets/textures/plant/SunFlower/SunFlower/SunFlower_2.png
16:01:02.065 [JavaFX Application Thread] DEBUG FXGLAssetLoaderServi - Loading from file system: file:/C:/Users/dell/Desktop/OOP作业/Teamwork/target/classes/assets/textures/plant/SunFlower/SunFlower/SunFlower_3.png
16:01:02.065 [JavaFX Application Thread] DEBUG FXGLAssetLoaderServi - Loading from file system: file:/C:/Users/dell/Desktop/OOP作业/Teamwork/target/classes/assets/textures/plant/SunFlower/SunFlower/SunFlower_4.png
16:01:02.065 [JavaFX Application Thread] DEBUG FXGLAssetLoaderServi - Loading from file system: file:/C:/Users/dell/Desktop/OOP作业/Teamwork/target/classes/assets/textures/plant/SunFlower/SunFlower/SunFlower_5.png
16:01:02.066 [JavaFX Application Thread] DEBUG FXGLAssetLoaderServi - Loading from file system: file:/C:/Users/dell/Desktop/OOP作业/Teamwork/target/classes/assets/textures/plant/SunFlower/SunFlower/SunFlower_6.png
16:01:02.066 [JavaFX Application Thread] DEBUG FXGLAssetLoaderServi - Loading from file system: file:/C:/Users/dell/Desktop/OOP作业/Teamwork/target/classes/assets/textures/plant/SunFlower/SunFlower/SunFlower_7.png
16:01:02.066 [JavaFX Application Thread] DEBUG FXGLAssetLoaderServi - Loading from file system: file:/C:/Users/dell/Desktop/OOP作业/Teamwork/target/classes/assets/textures/plant/SunFlower/SunFlower/SunFlower_8.png
16:01:02.067 [JavaFX Application Thread] DEBUG FXGLAssetLoaderServi - Loading from file system: file:/C:/Users/dell/Desktop/OOP作业/Teamwork/target/classes/assets/textures/plant/SunFlower/SunFlower/SunFlower_9.png
16:01:02.067 [JavaFX Application Thread] DEBUG FXGLAssetLoaderServi - Loading from file system: file:/C:/Users/dell/Desktop/OOP作业/Teamwork/target/classes/assets/textures/plant/SunFlower/SunFlower/SunFlower_10.png
16:01:02.068 [JavaFX Application Thread] DEBUG FXGLAssetLoaderServi - Loading from file system: file:/C:/Users/dell/Desktop/OOP作业/Teamwork/target/classes/assets/textures/plant/SunFlower/SunFlower/SunFlower_11.png
16:01:02.068 [JavaFX Application Thread] DEBUG FXGLAssetLoaderServi - Loading from file system: file:/C:/Users/dell/Desktop/OOP作业/Teamwork/target/classes/assets/textures/plant/SunFlower/SunFlower/SunFlower_12.png
16:01:02.068 [JavaFX Application Thread] DEBUG FXGLAssetLoaderServi - Loading from file system: file:/C:/Users/dell/Desktop/OOP作业/Teamwork/target/classes/assets/textures/plant/SunFlower/SunFlower/SunFlower_13.png
16:01:02.069 [JavaFX Application Thread] DEBUG FXGLAssetLoaderServi - Loading from file system: file:/C:/Users/dell/Desktop/OOP作业/Teamwork/target/classes/assets/textures/plant/SunFlower/SunFlower/SunFlower_14.png
16:01:02.069 [JavaFX Application Thread] DEBUG FXGLAssetLoaderServi - Loading from file system: file:/C:/Users/dell/Desktop/OOP作业/Teamwork/target/classes/assets/textures/plant/SunFlower/SunFlower/SunFlower_15.png
16:01:02.069 [JavaFX Application Thread] DEBUG FXGLAssetLoaderServi - Loading from file system: file:/C:/Users/dell/Desktop/OOP作业/Teamwork/target/classes/assets/textures/plant/SunFlower/SunFlower/SunFlower_16.png
16:01:02.070 [JavaFX Application Thread] DEBUG FXGLAssetLoaderServi - Loading from file system: file:/C:/Users/dell/Desktop/OOP作业/Teamwork/target/classes/assets/textures/plant/SunFlower/SunFlower/SunFlower_17.png
16:01:07.314 [JavaFX Application Thread] DEBUG FXGLAssetLoaderServi - Loading from file system: file:/C:/Users/dell/Desktop/OOP作业/Teamwork/target/classes/assets/textures/powerBeat/powerBeat_0.png
16:01:07.315 [JavaFX Application Thread] DEBUG FXGLAssetLoaderServi - Loading from file system: file:/C:/Users/dell/Desktop/OOP作业/Teamwork/target/classes/assets/textures/powerBeat/powerBeat_1.png
16:01:07.315 [JavaFX Application Thread] DEBUG FXGLAssetLoaderServi - Loading from file system: file:/C:/Users/dell/Desktop/OOP作业/Teamwork/target/classes/assets/textures/powerBeat/powerBeat_2.png
16:01:07.315 [JavaFX Application Thread] DEBUG FXGLAssetLoaderServi - Loading from file system: file:/C:/Users/dell/Desktop/OOP作业/Teamwork/target/classes/assets/textures/powerBeat/powerBeat_3.png
16:01:07.315 [JavaFX Application Thread] DEBUG FXGLAssetLoaderServi - Loading from file system: file:/C:/Users/dell/Desktop/OOP作业/Teamwork/target/classes/assets/textures/powerBeat/powerBeat_4.png
16:01:07.316 [JavaFX Application Thread] DEBUG FXGLAssetLoaderServi - Loading from file system: file:/C:/Users/dell/Desktop/OOP作业/Teamwork/target/classes/assets/textures/powerBeat/powerBeat_5.png
16:01:07.316 [JavaFX Application Thread] DEBUG FXGLAssetLoaderServi - Loading from file system: file:/C:/Users/dell/Desktop/OOP作业/Teamwork/target/classes/assets/textures/powerBeat/powerBeat_6.png
16:01:07.317 [JavaFX Application Thread] DEBUG FXGLAssetLoaderServi - Loading JSON from: file:/C:/Users/dell/Desktop/OOP作业/Teamwork/target/classes/assets/data/zombie/NormalZombie.json
16:01:07.335 [JavaFX Application Thread] DEBUG FXGLAssetLoaderServi - Loading JSON from: file:/C:/Users/dell/Desktop/OOP作业/Teamwork/target/classes/assets/data/zombie/NormalZombie.json
16:01:07.351 [JavaFX Application Thread] DEBUG FXGLAssetLoaderServi - Loading JSON from: file:/C:/Users/dell/Desktop/OOP作业/Teamwork/target/classes/assets/data/zombie/NormalZombie.json
16:01:07.360 [JavaFX Application Thread] DEBUG FXGLAssetLoaderServi - Loading JSON from: file:/C:/Users/dell/Desktop/OOP作业/Teamwork/target/classes/assets/data/zombie/NormalZombie.json
16:01:07.368 [JavaFX Application Thread] DEBUG FXGLAssetLoaderServi - Loading JSON from: file:/C:/Users/dell/Desktop/OOP作业/Teamwork/target/classes/assets/data/zombie/NormalZombie.json
16:01:07.375 [JavaFX Application Thread] DEBUG FXGLAssetLoaderServi - Loading JSON from: file:/C:/Users/dell/Desktop/OOP作业/Teamwork/target/classes/assets/data/zombie/NormalZombie.json
16:01:07.383 [JavaFX Application Thread] DEBUG FXGLAssetLoaderServi - Loading from file system: file:/C:/Users/dell/Desktop/OOP作业/Teamwork/target/classes/assets/sounds/hugewave.wav
16:01:07.385 [JavaFX Application Thread] DEBUG FXGLAssetLoaderServi - Loading from file system: file:/C:/Users/dell/Desktop/OOP作业/Teamwork/target/classes/assets/textures/ui/progressBar/LargeWave.png
16:01:09.399 [JavaFX Application Thread] DEBUG FXGLAssetLoaderServi - Loading from file system: file:/C:/Users/dell/Desktop/OOP作业/Teamwork/target/classes/assets/textures/ui/progressBar/FinalWave.png
16:01:11.526 [JavaFX Application Thread] DEBUG FXGLAssetLoaderServi - Loading from file system: file:/C:/Users/dell/Desktop/OOP作业/Teamwork/target/classes/assets/textures/powerBeat/powerBeatBg(3).png
16:01:14.270 [JavaFX Application Thread] DEBUG FXGLAssetLoaderServi - Loading from file system: file:/C:/Users/dell/Desktop/OOP作业/Teamwork/target/classes/assets/textures/powerBeat/Coffeebean_head1.png
16:01:14.271 [JavaFX Application Thread] DEBUG FXGLAssetLoaderServi - Loading from file system: file:/C:/Users/dell/Desktop/OOP作业/Teamwork/target/classes/assets/textures/powerBeat/Coffeebean_head2.png
16:01:14.271 [JavaFX Application Thread] DEBUG FXGLAssetLoaderServi - Loading from file system: file:/C:/Users/dell/Desktop/OOP作业/Teamwork/target/classes/assets/textures/powerBeat/Coffeebean_head3.png
16:01:14.271 [JavaFX Application Thread] DEBUG FXGLAssetLoaderServi - Loading from file system: file:/C:/Users/dell/Desktop/OOP作业/Teamwork/target/classes/assets/textures/powerBeat/Coffeebean_head4.png
16:01:14.272 [JavaFX Application Thread] DEBUG FXGLAssetLoaderServi - Loading from file system: file:/C:/Users/dell/Desktop/OOP作业/Teamwork/target/classes/assets/textures/powerBeat/Coffeebean_head5.png
16:01:14.272 [JavaFX Application Thread] DEBUG FXGLAssetLoaderServi - Loading from file system: file:/C:/Users/dell/Desktop/OOP作业/Teamwork/target/classes/assets/textures/powerBeat/Coffeebean_head6.png
16:01:14.273 [JavaFX Application Thread] DEBUG FXGLAssetLoaderServi - Loading from file system: file:/C:/Users/dell/Desktop/OOP作业/Teamwork/target/classes/assets/textures/powerBeat/Coffeebean_head7.png
16:01:14.273 [JavaFX Application Thread] DEBUG FXGLAssetLoaderServi - Loading from file system: file:/C:/Users/dell/Desktop/OOP作业/Teamwork/target/classes/assets/textures/powerBeat/Coffeebean_head8.png
16:01:14.274 [JavaFX Application Thread] DEBUG FXGLAssetLoaderServi - Loading from file system: file:/C:/Users/dell/Desktop/OOP作业/Teamwork/target/classes/assets/textures/powerBeat/Coffeebean_head9.png
16:01:14.274 [JavaFX Application Thread] DEBUG FXGLAssetLoaderServi - Loading from file system: file:/C:/Users/dell/Desktop/OOP作业/Teamwork/target/classes/assets/textures/powerBeat/Coffeebean_head10.png
16:01:14.275 [JavaFX Application Thread] DEBUG FXGLAssetLoaderServi - Loading from file system: file:/C:/Users/dell/Desktop/OOP作业/Teamwork/target/classes/assets/textures/powerBeat/Coffeebean_head11.png
16:01:14.276 [JavaFX Application Thread] WARN  Entity               - Cannot add / remove components during updating
16:01:23.953 [JavaFX Application Thread] DEBUG FXGLAssetLoaderServi - Loading from file system: file:/C:/Users/dell/Desktop/OOP作业/Teamwork/target/classes/assets/textures/plant/FumeShroom/FumeShroom.png
16:01:24.661 [JavaFX Application Thread] DEBUG FXGLAssetLoaderServi - Loading from file system: file:/C:/Users/dell/Desktop/OOP作业/Teamwork/target/classes/assets/textures/plant/FumeShroom/FumeShroom/FumeShroom_0.png
16:01:24.662 [JavaFX Application Thread] DEBUG FXGLAssetLoaderServi - Loading from file system: file:/C:/Users/dell/Desktop/OOP作业/Teamwork/target/classes/assets/textures/plant/FumeShroom/FumeShroom/FumeShroom_1.png
16:01:24.662 [JavaFX Application Thread] DEBUG FXGLAssetLoaderServi - Loading from file system: file:/C:/Users/dell/Desktop/OOP作业/Teamwork/target/classes/assets/textures/plant/FumeShroom/FumeShroom/FumeShroom_2.png
16:01:24.663 [JavaFX Application Thread] DEBUG FXGLAssetLoaderServi - Loading from file system: file:/C:/Users/dell/Desktop/OOP作业/Teamwork/target/classes/assets/textures/plant/FumeShroom/FumeShroom/FumeShroom_3.png
16:01:24.664 [JavaFX Application Thread] DEBUG FXGLAssetLoaderServi - Loading from file system: file:/C:/Users/dell/Desktop/OOP作业/Teamwork/target/classes/assets/textures/plant/FumeShroom/FumeShroom/FumeShroom_4.png
16:01:24.664 [JavaFX Application Thread] DEBUG FXGLAssetLoaderServi - Loading from file system: file:/C:/Users/dell/Desktop/OOP作业/Teamwork/target/classes/assets/textures/plant/FumeShroom/FumeShroom/FumeShroom_5.png
16:01:24.664 [JavaFX Application Thread] DEBUG FXGLAssetLoaderServi - Loading from file system: file:/C:/Users/dell/Desktop/OOP作业/Teamwork/target/classes/assets/textures/plant/FumeShroom/FumeShroom/FumeShroom_6.png
16:01:24.665 [JavaFX Application Thread] DEBUG FXGLAssetLoaderServi - Loading from file system: file:/C:/Users/dell/Desktop/OOP作业/Teamwork/target/classes/assets/textures/plant/FumeShroom/FumeShroom/FumeShroom_7.png
16:01:24.666 [JavaFX Application Thread] DEBUG FXGLAssetLoaderServi - Loading from file system: file:/C:/Users/dell/Desktop/OOP作业/Teamwork/target/classes/assets/textures/plant/FumeShroom/FumeShroom/FumeShroom_8.png
16:01:24.666 [JavaFX Application Thread] DEBUG FXGLAssetLoaderServi - Loading from file system: file:/C:/Users/dell/Desktop/OOP作业/Teamwork/target/classes/assets/textures/plant/FumeShroom/FumeShroom/FumeShroom_9.png
16:01:24.666 [JavaFX Application Thread] DEBUG FXGLAssetLoaderServi - Loading from file system: file:/C:/Users/dell/Desktop/OOP作业/Teamwork/target/classes/assets/textures/plant/FumeShroom/FumeShroom/FumeShroom_10.png
16:01:24.667 [JavaFX Application Thread] DEBUG FXGLAssetLoaderServi - Loading from file system: file:/C:/Users/dell/Desktop/OOP作业/Teamwork/target/classes/assets/textures/plant/FumeShroom/FumeShroom/FumeShroom_11.png
16:01:24.667 [JavaFX Application Thread] DEBUG FXGLAssetLoaderServi - Loading from file system: file:/C:/Users/dell/Desktop/OOP作业/Teamwork/target/classes/assets/textures/plant/FumeShroom/FumeShroom/FumeShroom_12.png
16:01:24.667 [JavaFX Application Thread] DEBUG FXGLAssetLoaderServi - Loading from file system: file:/C:/Users/dell/Desktop/OOP作业/Teamwork/target/classes/assets/textures/plant/FumeShroom/FumeShroom/FumeShroom_13.png
16:01:24.668 [JavaFX Application Thread] DEBUG FXGLAssetLoaderServi - Loading from file system: file:/C:/Users/dell/Desktop/OOP作业/Teamwork/target/classes/assets/textures/plant/FumeShroom/FumeShroom/FumeShroom_14.png
16:01:24.668 [JavaFX Application Thread] DEBUG FXGLAssetLoaderServi - Loading from file system: file:/C:/Users/dell/Desktop/OOP作业/Teamwork/target/classes/assets/textures/plant/FumeShroom/FumeShroom/FumeShroom_15.png
16:01:24.669 [JavaFX Application Thread] DEBUG FXGLAssetLoaderServi - Loading from file system: file:/C:/Users/dell/Desktop/OOP作业/Teamwork/target/classes/assets/textures/plant/FumeShroom/FumeShroomSleep/FumeShroomSleep_0.png
16:01:24.669 [JavaFX Application Thread] DEBUG FXGLAssetLoaderServi - Loading from file system: file:/C:/Users/dell/Desktop/OOP作业/Teamwork/target/classes/assets/textures/plant/FumeShroom/FumeShroomSleep/FumeShroomSleep_1.png
16:01:24.669 [JavaFX Application Thread] DEBUG FXGLAssetLoaderServi - Loading from file system: file:/C:/Users/dell/Desktop/OOP作业/Teamwork/target/classes/assets/textures/plant/FumeShroom/FumeShroomSleep/FumeShroomSleep_2.png
16:01:24.670 [JavaFX Application Thread] DEBUG FXGLAssetLoaderServi - Loading from file system: file:/C:/Users/dell/Desktop/OOP作业/Teamwork/target/classes/assets/textures/plant/FumeShroom/FumeShroomSleep/FumeShroomSleep_3.png
16:01:24.670 [JavaFX Application Thread] DEBUG FXGLAssetLoaderServi - Loading from file system: file:/C:/Users/dell/Desktop/OOP作业/Teamwork/target/classes/assets/textures/plant/FumeShroom/FumeShroomSleep/FumeShroomSleep_4.png
16:01:24.670 [JavaFX Application Thread] DEBUG FXGLAssetLoaderServi - Loading from file system: file:/C:/Users/dell/Desktop/OOP作业/Teamwork/target/classes/assets/textures/plant/FumeShroom/FumeShroomSleep/FumeShroomSleep_5.png
16:01:24.671 [JavaFX Application Thread] DEBUG FXGLAssetLoaderServi - Loading from file system: file:/C:/Users/dell/Desktop/OOP作业/Teamwork/target/classes/assets/textures/plant/FumeShroom/FumeShroomSleep/FumeShroomSleep_6.png
16:01:24.671 [JavaFX Application Thread] DEBUG FXGLAssetLoaderServi - Loading from file system: file:/C:/Users/dell/Desktop/OOP作业/Teamwork/target/classes/assets/textures/plant/FumeShroom/FumeShroomSleep/FumeShroomSleep_7.png
16:01:24.672 [JavaFX Application Thread] DEBUG FXGLAssetLoaderServi - Loading from file system: file:/C:/Users/dell/Desktop/OOP作业/Teamwork/target/classes/assets/textures/plant/FumeShroom/FumeShroomSleep/FumeShroomSleep_8.png
16:01:24.672 [JavaFX Application Thread] DEBUG FXGLAssetLoaderServi - Loading from file system: file:/C:/Users/dell/Desktop/OOP作业/Teamwork/target/classes/assets/textures/plant/FumeShroom/FumeShroomSleep/FumeShroomSleep_9.png
16:01:24.672 [JavaFX Application Thread] DEBUG FXGLAssetLoaderServi - Loading from file system: file:/C:/Users/dell/Desktop/OOP作业/Teamwork/target/classes/assets/textures/plant/FumeShroom/FumeShroomSleep/FumeShroomSleep_10.png
16:01:24.673 [JavaFX Application Thread] DEBUG FXGLAssetLoaderServi - Loading from file system: file:/C:/Users/dell/Desktop/OOP作业/Teamwork/target/classes/assets/textures/plant/FumeShroom/FumeShroomSleep/FumeShroomSleep_11.png
16:01:24.673 [JavaFX Application Thread] DEBUG FXGLAssetLoaderServi - Loading from file system: file:/C:/Users/dell/Desktop/OOP作业/Teamwork/target/classes/assets/textures/plant/FumeShroom/FumeShroomSleep/FumeShroomSleep_12.png
16:01:24.673 [JavaFX Application Thread] DEBUG FXGLAssetLoaderServi - Loading from file system: file:/C:/Users/dell/Desktop/OOP作业/Teamwork/target/classes/assets/textures/plant/FumeShroom/FumeShroomSleep/FumeShroomSleep_13.png
16:01:26.097 [JavaFX Application Thread] DEBUG FXGLAssetLoaderServi - Loading from file system: file:/C:/Users/dell/Desktop/OOP作业/Teamwork/target/classes/assets/textures/powerBeat/powerBeatBg(1).png
16:01:26.988 [JavaFX Application Thread] DEBUG FXGLAssetLoaderServi - Loading from file system: file:/C:/Users/dell/Desktop/OOP作业/Teamwork/target/classes/assets/sounds/zombieAttack.wav
16:01:28.097 [JavaFX Application Thread] WARN  Entity               - Cannot add / remove components during updating
16:01:31.207 [JavaFX Application Thread] DEBUG FXGLAssetLoaderServi - Loading from file system: file:/C:/Users/dell/Desktop/OOP作业/Teamwork/target/classes/assets/textures/powerBeat/powerBeatBg(0).png
16:01:32.661 [JavaFX Application Thread] WARN  Entity               - Cannot add / remove components during updating
16:02:09.373 [JavaFX Application Thread] DEBUG FXGLAssetLoaderServi - Loading from file system: file:/C:/Users/dell/Desktop/OOP作业/Teamwork/target/classes/assets/sounds/weeder.wav
16:02:11.545 [JavaFX Application Thread] DEBUG PrimaryStageWindow   - Push state: GameMenu
16:02:11.545 [JavaFX Application Thread] DEBUG Input                - Clearing active input actions
16:02:11.546 [JavaFX Application Thread] DEBUG GameApplicationServi - Removing overlay from GameScene and adding to GameMenu
16:02:11.546 [JavaFX Application Thread] DEBUG PrimaryStageWindow   - GameScene -> GameMenu
16:02:12.719 [JavaFX Application Thread] DEBUG GameApplicationServi - Starting new game
16:02:12.719 [JavaFX Application Thread] DEBUG PrimaryStageWindow   - Pop state: GameMenu
16:02:12.719 [JavaFX Application Thread] DEBUG Input                - Clearing active input actions
16:02:12.719 [JavaFX Application Thread] DEBUG GameApplicationServi - Removing overlay from GameMenu and adding to GameScene
16:02:12.719 [JavaFX Application Thread] DEBUG PrimaryStageWindow   - GameScene <- GameMenu
16:02:12.719 [JavaFX Application Thread] DEBUG Input                - Clearing active input actions
16:02:12.723 [JavaFX Application Thread] DEBUG GameApplicationServi - Removing overlay from GameScene and adding to GameLoadingScene
16:02:12.723 [JavaFX Application Thread] DEBUG PrimaryStageWindow   - GameScene -> GameLoadingScene
16:02:12.723 [JavaFX Application Thread] DEBUG GameApplicationServi - Clearing previous game
16:02:12.723 [JavaFX Application Thread] DEBUG GameScene            - Clearing game scene
16:02:12.723 [JavaFX Application Thread] DEBUG GameWorld            - Clearing game world
16:02:12.724 [JavaFX Application Thread] DEBUG PhysicsWorld         - Clearing physics world
16:02:12.724 [FXGL Background Thread 5 ] DEBUG FXGLApplication      - Initializing game
16:02:12.725 [FXGL Background Thread 5 ] WARN  GameWorld            - Attempted to remove entity which is not active
16:02:12.726 [FXGL Background Thread 5 ] DEBUG FXGLAssetLoaderServi - Loading JSON from: file:/C:/Users/dell/Desktop/OOP作业/Teamwork/target/classes/assets/levels/level1.json
16:02:12.730 [FXGL Background Thread 5 ] DEBUG FXGLAssetLoaderServi - Loading JSON from: file:/C:/Users/dell/Desktop/OOP作业/Teamwork/target/classes/assets/data/zombie/NormalZombie.json
16:02:12.736 [FXGL Background Thread 5 ] DEBUG FXGLAssetLoaderServi - Loading JSON from: file:/C:/Users/dell/Desktop/OOP作业/Teamwork/target/classes/assets/data/MapPoint.json
16:02:12.741 [FXGL Background Thread 5 ] INFO  FXGLApplication      - Game initialization took: 0.017 sec
16:02:12.742 [JavaFX Application Thread] DEBUG Input                - Clearing active input actions
16:02:12.744 [JavaFX Application Thread] DEBUG GameApplicationServi - Removing overlay from GameLoadingScene and adding to GameScene
16:02:12.744 [JavaFX Application Thread] DEBUG PrimaryStageWindow   - GameLoadingScene -> GameScene
16:02:17.635 [JavaFX Application Thread] DEBUG FXGLAssetLoaderServi - Loading JSON from: file:/C:/Users/dell/Desktop/OOP作业/Teamwork/target/classes/assets/data/plant/SunFlower.json
16:02:17.638 [JavaFX Application Thread] DEBUG FXGLAssetLoaderServi - Loading JSON from: file:/C:/Users/dell/Desktop/OOP作业/Teamwork/target/classes/assets/data/plant/PeaShooter.json
16:02:17.642 [JavaFX Application Thread] DEBUG FXGLAssetLoaderServi - Loading JSON from: file:/C:/Users/dell/Desktop/OOP作业/Teamwork/target/classes/assets/data/plant/PuffShroom.json
16:02:17.645 [JavaFX Application Thread] DEBUG FXGLAssetLoaderServi - Loading JSON from: file:/C:/Users/dell/Desktop/OOP作业/Teamwork/target/classes/assets/data/plant/SunShroom.json
16:02:17.647 [JavaFX Application Thread] DEBUG FXGLAssetLoaderServi - Loading JSON from: file:/C:/Users/dell/Desktop/OOP作业/Teamwork/target/classes/assets/data/plant/FumeShroom.json
16:02:18.819 [JavaFX Application Thread] DEBUG FXGLAssetLoaderServi - Loading JSON from: file:/C:/Users/dell/Desktop/OOP作业/Teamwork/target/classes/assets/data/plant/PuffShroom.json
16:02:19.058 [JavaFX Application Thread] DEBUG FXGLAssetLoaderServi - Loading JSON from: file:/C:/Users/dell/Desktop/OOP作业/Teamwork/target/classes/assets/data/plant/PuffShroom.json
16:02:19.061 [JavaFX Application Thread] DEBUG FXGLAssetLoaderServi - Loading JSON from: file:/C:/Users/dell/Desktop/OOP作业/Teamwork/target/classes/assets/data/plant/SunShroom.json
16:02:19.282 [JavaFX Application Thread] DEBUG FXGLAssetLoaderServi - Loading JSON from: file:/C:/Users/dell/Desktop/OOP作业/Teamwork/target/classes/assets/data/plant/PuffShroom.json
16:02:19.285 [JavaFX Application Thread] DEBUG FXGLAssetLoaderServi - Loading JSON from: file:/C:/Users/dell/Desktop/OOP作业/Teamwork/target/classes/assets/data/plant/SunShroom.json
16:02:19.286 [JavaFX Application Thread] DEBUG FXGLAssetLoaderServi - Loading JSON from: file:/C:/Users/dell/Desktop/OOP作业/Teamwork/target/classes/assets/data/plant/FumeShroom.json
16:02:19.826 [JavaFX Application Thread] DEBUG FXGLAssetLoaderServi - Loading JSON from: file:/C:/Users/dell/Desktop/OOP作业/Teamwork/target/classes/assets/data/plant/PuffShroom.json
16:02:19.830 [JavaFX Application Thread] DEBUG FXGLAssetLoaderServi - Loading JSON from: file:/C:/Users/dell/Desktop/OOP作业/Teamwork/target/classes/assets/data/plant/SunShroom.json
16:02:19.832 [JavaFX Application Thread] DEBUG FXGLAssetLoaderServi - Loading JSON from: file:/C:/Users/dell/Desktop/OOP作业/Teamwork/target/classes/assets/data/plant/FumeShroom.json
16:02:19.834 [JavaFX Application Thread] DEBUG FXGLAssetLoaderServi - Loading JSON from: file:/C:/Users/dell/Desktop/OOP作业/Teamwork/target/classes/assets/data/plant/PeaShooter.json
16:02:20.178 [JavaFX Application Thread] DEBUG FXGLAssetLoaderServi - Loading JSON from: file:/C:/Users/dell/Desktop/OOP作业/Teamwork/target/classes/assets/data/plant/PuffShroom.json
16:02:20.182 [JavaFX Application Thread] DEBUG FXGLAssetLoaderServi - Loading JSON from: file:/C:/Users/dell/Desktop/OOP作业/Teamwork/target/classes/assets/data/plant/SunShroom.json
16:02:20.187 [JavaFX Application Thread] DEBUG FXGLAssetLoaderServi - Loading JSON from: file:/C:/Users/dell/Desktop/OOP作业/Teamwork/target/classes/assets/data/plant/FumeShroom.json
16:02:20.189 [JavaFX Application Thread] DEBUG FXGLAssetLoaderServi - Loading JSON from: file:/C:/Users/dell/Desktop/OOP作业/Teamwork/target/classes/assets/data/plant/PeaShooter.json
16:02:20.191 [JavaFX Application Thread] DEBUG FXGLAssetLoaderServi - Loading JSON from: file:/C:/Users/dell/Desktop/OOP作业/Teamwork/target/classes/assets/data/plant/SunFlower.json
16:02:20.723 [JavaFX Application Thread] DEBUG FXGLAssetLoaderServi - Loading JSON from: file:/C:/Users/dell/Desktop/OOP作业/Teamwork/target/classes/assets/data/zombie/NormalZombie.json
16:02:23.747 [JavaFX Application Thread] DEBUG FXGLAssetLoaderServi - Loading JSON from: file:/C:/Users/dell/Desktop/OOP作业/Teamwork/target/classes/assets/data/plant/PuffShroom.json
16:02:23.751 [JavaFX Application Thread] DEBUG FXGLAssetLoaderServi - Loading JSON from: file:/C:/Users/dell/Desktop/OOP作业/Teamwork/target/classes/assets/data/plant/SunShroom.json
16:02:23.753 [JavaFX Application Thread] DEBUG FXGLAssetLoaderServi - Loading JSON from: file:/C:/Users/dell/Desktop/OOP作业/Teamwork/target/classes/assets/data/plant/FumeShroom.json
16:02:23.755 [JavaFX Application Thread] DEBUG FXGLAssetLoaderServi - Loading JSON from: file:/C:/Users/dell/Desktop/OOP作业/Teamwork/target/classes/assets/data/plant/PeaShooter.json
16:02:23.759 [JavaFX Application Thread] DEBUG FXGLAssetLoaderServi - Loading JSON from: file:/C:/Users/dell/Desktop/OOP作业/Teamwork/target/classes/assets/data/plant/SunFlower.json
16:02:48.154 [JavaFX Application Thread] DEBUG FXGLAssetLoaderServi - Loading JSON from: file:/C:/Users/dell/Desktop/OOP作业/Teamwork/target/classes/assets/data/zombie/NormalZombie.json
16:02:48.174 [JavaFX Application Thread] DEBUG FXGLAssetLoaderServi - Loading JSON from: file:/C:/Users/dell/Desktop/OOP作业/Teamwork/target/classes/assets/data/zombie/NormalZombie.json
16:02:48.182 [JavaFX Application Thread] DEBUG FXGLAssetLoaderServi - Loading JSON from: file:/C:/Users/dell/Desktop/OOP作业/Teamwork/target/classes/assets/data/zombie/NormalZombie.json
16:02:48.189 [JavaFX Application Thread] DEBUG FXGLAssetLoaderServi - Loading JSON from: file:/C:/Users/dell/Desktop/OOP作业/Teamwork/target/classes/assets/data/zombie/NormalZombie.json
16:02:48.196 [JavaFX Application Thread] DEBUG FXGLAssetLoaderServi - Loading JSON from: file:/C:/Users/dell/Desktop/OOP作业/Teamwork/target/classes/assets/data/zombie/NormalZombie.json
16:02:48.203 [JavaFX Application Thread] DEBUG FXGLAssetLoaderServi - Loading JSON from: file:/C:/Users/dell/Desktop/OOP作业/Teamwork/target/classes/assets/data/zombie/NormalZombie.json
16:02:53.003 [JavaFX Application Thread] WARN  Entity               - Cannot add / remove components during updating
16:03:01.980 [JavaFX Application Thread] DEBUG FXGLApplication      - Exiting FXGL
16:03:01.980 [JavaFX Application Thread] DEBUG LoopRunner           - Stopping loop
16:03:01.980 [JavaFX Application Thread] DEBUG SystemBundleService  - Saving FXGL system data
16:03:01.981 [JavaFX Application Thread] DEBUG FileSystemAccess     - Writing to: C:\Users\dell\Desktop\OOP作业\Teamwork\system\fxgl.bundle
16:03:01.982 [JavaFX Application Thread] DEBUG Async                - Shutting down background threads
16:03:01.982 [JavaFX Application Thread] DEBUG PrimaryStageWindow   - Closing main window
16:03:02.009 [JavaFX Application Thread] DEBUG Logger               - Closing Logger
