04:14:41.204 [main                     ] DEBUG Logger               - Configured Logger
04:14:41.230 [main                     ] DEBUG GameApplication      - Logging settings
Title: Plants Vs Zombies
Version: 0.0
Width: 750
Height: 533
Fullscreen: false
Intro: false
Profiling: false
Single step:false
App Mode: DEVELOPER
Menu Key: ESCAPE
Stage Style: DECORATED
Scene Factory: class com.zrt.pvz.PVZApp$1

04:14:41.537 [JavaFX Application Thread] DEBUG FXGLApplication      - Initializing FXGL
04:14:41.541 [JavaFX Application Thread] INFO  Engine               - FXGL-17.2 (20.08.2022 16.50) on WINDOWS (J:20.0.1 FX:20.0.1)
04:14:41.542 [JavaFX Application Thread] DEBUG Engine               - JRE Vendor Name: Oracle Corporation
04:14:41.542 [JavaFX Application Thread] DEBUG Engine               - Running on OS: Windows 11 version 10.0
04:14:41.542 [JavaFX Application Thread] DEBUG Engine               - Architecture: amd64
04:14:41.542 [JavaFX Application Thread] INFO  Engine               - Source code and latest versions at: https://github.com/AlmasB/FXGL
04:14:41.542 [JavaFX Application Thread] INFO  Engine               -       Ask questions and discuss at: https://github.com/AlmasB/FXGL/discussions
04:14:41.542 [JavaFX Application Thread] INFO  Engine               -              Join the FXGL chat at: https://gitter.im/AlmasB/FXGL
04:14:41.694 [JavaFX Application Thread] DEBUG PrimaryStageWindow   - Creating a JavaFX scene
04:14:41.745 [JavaFX Application Thread] DEBUG PrimaryStageWindow   - Target settings size: 750.0 x 533.0
04:14:41.745 [JavaFX Application Thread] DEBUG PrimaryStageWindow   - Scaled scene size:    750.0 x 533.0
04:14:41.745 [JavaFX Application Thread] DEBUG PrimaryStageWindow   - Scaled ratio: (1.0, 1.0)
04:14:41.746 [JavaFX Application Thread] DEBUG PrimaryStageWindow   - Set initial scene to GameStartupScene
04:14:41.748 [JavaFX Application Thread] DEBUG PrimaryStageWindow   - Opening main window
04:14:42.068 [JavaFX Application Thread] DEBUG PrimaryStageWindow   - Window border size: (14.79998779296875, 38.20001220703125)
04:14:42.068 [JavaFX Application Thread] DEBUG PrimaryStageWindow   - Scaled size: 750.0 x 533.0
04:14:42.068 [JavaFX Application Thread] DEBUG PrimaryStageWindow   - Scaled ratio: (1.0, 1.0)
04:14:42.068 [JavaFX Application Thread] DEBUG PrimaryStageWindow   - Scene size: 750.0 x 533.0
04:14:42.068 [JavaFX Application Thread] DEBUG PrimaryStageWindow   - Stage size: 764.7999877929688 x 571.2000122070312
04:14:42.074 [FXGL Background Thread 1 ] DEBUG Engine               - Initializing environment variables
04:14:42.109 [FXGL Background Thread 1 ] DEBUG FXGLAssetLoaderServi - User app class for loading assets: class com.zrt.pvz.PVZApp
04:14:42.111 [FXGL Background Thread 1 ] DEBUG GameApplicationServi - Applying CSS: fxgl_dark.css
04:14:42.111 [FXGL Background Thread 1 ] DEBUG FXGLAssetLoaderServi - Loading from file system: jar:file:///C:/Users/dell/.m2/repository/com/github/almasb/fxgl/17.2/fxgl-17.2.jar!/fxglassets/ui/css/fxgl_dark.css
04:14:42.126 [FXGL Background Thread 1 ] DEBUG GameApplicationServi - Initializing application scenes
04:14:42.130 [FXGL Background Thread 1 ] DEBUG FXGLAssetLoaderServi - Loading from file system: file:/C:/Users/dell/Desktop/OOP作业/Teamwork/target/classes/assets/textures/map/map1LoadingBG.jpg
04:14:42.199 [FXGL Background Thread 1 ] DEBUG GameWorld            - Game world initialized
04:14:42.237 [FXGL Background Thread 1 ] DEBUG PhysicsWorld         - Physics world initialized: appHeight=533, physics.ppm=50.0
04:14:42.237 [FXGL Background Thread 1 ] DEBUG PhysicsWorld         - Using strategy: BRUTE_FORCE
04:14:42.241 [FXGL Background Thread 1 ] DEBUG GameScene            - Game scene initialized: 750x533
04:14:42.253 [FXGL Background Thread 1 ] DEBUG FXGLAssetLoaderServi - Loading from file system: file:/C:/Users/dell/Desktop/OOP作业/Teamwork/target/classes/assets/textures/ui/mainMenu/bg.png
04:14:42.303 [FXGL Background Thread 1 ] DEBUG FXGLAssetLoaderServi - Loading from file system: file:/C:/Users/dell/Desktop/OOP作业/Teamwork/target/classes/assets/textures/ui/mainMenu/puzzle.png
04:14:42.316 [FXGL Background Thread 1 ] DEBUG FXGLAssetLoaderServi - Loading from file system: file:/C:/Users/dell/Desktop/OOP作业/Teamwork/target/classes/assets/textures/ui/mainMenu/userBoard.png
04:14:42.331 [FXGL Background Thread 1 ] DEBUG FXGLAssetLoaderServi - Loading from file system: file:/C:/Users/dell/Desktop/OOP作业/Teamwork/target/classes/assets/textures/ui/gameMenu/Menu.png
04:14:42.343 [FXGL Background Thread 1 ] DEBUG GameApplicationServi - Application scenes initialized
04:14:42.357 [FXGL Background Thread 1 ] DEBUG SystemBundleService  - Loading FXGL system data
04:14:42.358 [FXGL Background Thread 1 ] DEBUG FileSystemAccess     - Reading from: C:\Users\dell\Desktop\OOP作业\Teamwork\system\fxgl.bundle
04:14:42.362 [FXGL Background Thread 1 ] DEBUG SystemBundleService  - Bundle FXGL: {}
04:14:42.362 [FXGL Background Thread 1 ] DEBUG UpdaterService       - Checking for updates
04:14:42.367 [FXGL Background Thread 4 ] DEBUG FXGLApplication      - Loading fonts
04:14:42.368 [FXGL Background Thread 4 ] DEBUG FXGLAssetLoaderServi - Loading from file system: jar:file:///C:/Users/dell/.m2/repository/com/github/almasb/fxgl/17.2/fxgl-17.2.jar!/fxglassets/ui/fonts/VarelaRound-Regular.ttf
04:14:42.369 [FXGL Background Thread 1 ] DEBUG FXGLApplication      - Loading default localization
04:14:42.370 [FXGL Background Thread 1 ] DEBUG FXGLAssetLoaderServi - Loading from file system: jar:file:///C:/Users/dell/.m2/repository/com/github/almasb/fxgl/17.2/fxgl-17.2.jar!/fxglassets/languages/english.lang
04:14:42.409 [FXGL Background Thread 1 ] INFO  FXGLApplication      - FXGL initialization took: 0.334 sec
04:14:42.410 [JavaFX Application Thread] DEBUG FXGLAssetLoaderServi - Loading from file system: file:/C:/Users/dell/Desktop/OOP作业/Teamwork/target/classes/assets/textures/logo.jpg
04:14:42.421 [JavaFX Application Thread] DEBUG FXGLAssetLoaderServi - Loading from file system: jar:file:///C:/Users/dell/.m2/repository/com/github/almasb/fxgl/17.2/fxgl-17.2.jar!/fxglassets/textures/fxgl_default_cursor.png
04:14:42.434 [JavaFX Application Thread] DEBUG Input                - Registered new binding: Screenshot - CTRL+8
04:14:42.435 [JavaFX Application Thread] DEBUG Input                - Registered new binding: System info dump - CTRL+9
04:14:42.436 [JavaFX Application Thread] DEBUG Input                - Registered new binding: Restart - CTRL+R
04:14:42.437 [JavaFX Application Thread] DEBUG Input                - Registered new binding: Toggle Debug Camera - CTRL+7
04:14:42.443 [JavaFX Application Thread] DEBUG LoopRunner           - Starting loop
04:14:42.443 [JavaFX Application Thread] DEBUG LoopRunner           - Initializing JavaFX AnimationTimerLoop
04:14:42.445 [JavaFX Application Thread] DEBUG Input                - Clearing active input actions
04:14:42.452 [JavaFX Application Thread] DEBUG GameApplicationServi - Removing overlay from GameStartupScene and adding to FXGLMainMenuDummyScene
04:14:42.453 [JavaFX Application Thread] DEBUG PrimaryStageWindow   - GameStartupScene -> FXGLMainMenuDummyScene
04:14:42.453 [JavaFX Application Thread] DEBUG PrimaryStageWindow   - Push state: MainMenu
04:14:42.453 [JavaFX Application Thread] DEBUG FXGLAssetLoaderServi - Loading from file system: file:/C:/Users/dell/Desktop/OOP作业/Teamwork/target/classes/assets/music/mainMenu.wav
04:14:42.480 [FXGL Background Thread 4 ] DEBUG FXGLAssetLoaderServi - Loading from file system: jar:file:///C:/Users/dell/.m2/repository/com/github/almasb/fxgl/17.2/fxgl-17.2.jar!/fxglassets/ui/fonts/Abel-Regular.ttf
04:14:42.482 [FXGL Background Thread 4 ] DEBUG FXGLAssetLoaderServi - Loading from file system: jar:file:///C:/Users/dell/.m2/repository/com/github/almasb/fxgl/17.2/fxgl-17.2.jar!/fxglassets/ui/fonts/TerminalLandMono-Regular.otf
04:14:42.484 [FXGL Background Thread 4 ] DEBUG FXGLAssetLoaderServi - Loading from file system: jar:file:///C:/Users/dell/.m2/repository/com/github/almasb/fxgl/17.2/fxgl-17.2.jar!/fxglassets/ui/fonts/Courier-Prime.ttf
04:14:42.614 [JavaFX Application Thread] DEBUG AudioPlayer          - Playing music com.almasb.fxgl.audio.Music@3ce6d3fc
04:14:42.615 [JavaFX Application Thread] DEBUG Input                - Clearing active input actions
04:14:42.617 [JavaFX Application Thread] DEBUG GameApplicationServi - Removing overlay from FXGLMainMenuDummyScene and adding to MainMenu
04:14:42.619 [JavaFX Application Thread] DEBUG PrimaryStageWindow   - FXGLMainMenuDummyScene -> MainMenu
04:14:42.649 [JavaFX Application Thread] DEBUG FXGLApplication      - Registering font factories with UI factory
04:14:43.009 [JavaFX Application Thread] DEBUG FXGLAssetLoaderServi - Loading from file system: file:/C:/Users/dell/Desktop/OOP作业/Teamwork/target/classes/assets/sounds/mainMenuHover.wav
04:14:45.367 [FXGL Background Thread 3 ] DEBUG Engine               - Logging environment variables
04:14:45.367 [FXGL Background Thread 3 ] DEBUG Engine               - achievements: []
04:14:45.367 [FXGL Background Thread 3 ] DEBUG Engine               - actualHeight: 533.0
04:14:45.367 [FXGL Background Thread 3 ] DEBUG Engine               - actualHeightProperty: ReadOnlyDoubleProperty [value: 533.0]
04:14:45.367 [FXGL Background Thread 3 ] DEBUG Engine               - actualWidth: 750.0
04:14:45.367 [FXGL Background Thread 3 ] DEBUG Engine               - actualWidthProperty: ReadOnlyDoubleProperty [value: 750.0]
04:14:45.368 [FXGL Background Thread 3 ] DEBUG Engine               - appIcon: logo.jpg
04:14:45.368 [FXGL Background Thread 3 ] DEBUG Engine               - applicationMode: DEVELOPER
04:14:45.368 [FXGL Background Thread 3 ] DEBUG Engine               - cSSList: [fxgl_dark.css]
04:14:45.368 [FXGL Background Thread 3 ] DEBUG Engine               - collisionDetectionStrategy: BRUTE_FORCE
04:14:45.368 [FXGL Background Thread 3 ] DEBUG Engine               - configClass: Optional.empty
04:14:45.368 [FXGL Background Thread 3 ] DEBUG Engine               - credits: []
04:14:45.369 [FXGL Background Thread 3 ] DEBUG Engine               - defaultCursor: CursorInfo(imageName=fxgl_default_cursor.png, hotspotX=7.0, hotspotY=6.0)
04:14:45.369 [FXGL Background Thread 3 ] DEBUG Engine               - devBBoxColorProperty: ObjectProperty [value: 0xff0000ff]
04:14:45.369 [FXGL Background Thread 3 ] DEBUG Engine               - devEnableDebugCameraProperty: BooleanProperty [value: false]
04:14:45.369 [FXGL Background Thread 3 ] DEBUG Engine               - devSensorColorProperty: ObjectProperty [value: 0xffff00ff]
04:14:45.369 [FXGL Background Thread 3 ] DEBUG Engine               - devShowBBoxProperty: BooleanProperty [value: false]
04:14:45.369 [FXGL Background Thread 3 ] DEBUG Engine               - devShowPositionProperty: BooleanProperty [value: false]
04:14:45.370 [FXGL Background Thread 3 ] DEBUG Engine               - enabledMenuItems: []
04:14:45.370 [FXGL Background Thread 3 ] DEBUG Engine               - engineServices: [class com.almasb.fxgl.app.services.FXGLAssetLoaderService, class com.almasb.fxgl.app.FXGLApplication$GameApplicationService, class com.almasb.fxgl.app.services.FXGLDialogService, class com.almasb.fxgl.app.services.IOTaskExecutorService, class com.almasb.fxgl.io.FileSystemService, class com.almasb.fxgl.localization.LocalizationService, class com.almasb.fxgl.app.services.SystemBundleService, class com.almasb.fxgl.profile.SaveLoadService, class com.almasb.fxgl.ui.FXGLUIFactoryServiceProvider, class com.almasb.fxgl.ui.FXGLDialogFactoryServiceProvider, class com.almasb.fxgl.audio.AudioPlayer, class com.almasb.fxgl.notification.impl.NotificationServiceProvider, class com.almasb.fxgl.achievement.AchievementService, class com.almasb.fxgl.cutscene.CutsceneService, class com.almasb.fxgl.minigames.MiniGameService, class com.almasb.fxgl.net.NetService, class com.almasb.fxgl.app.services.UpdaterService, class com.almasb.fxgl.dev.DevService]
04:14:45.370 [FXGL Background Thread 3 ] DEBUG Engine               - fontGame: Abel-Regular.ttf
04:14:45.370 [FXGL Background Thread 3 ] DEBUG Engine               - fontMono: TerminalLandMono-Regular.otf
04:14:45.370 [FXGL Background Thread 3 ] DEBUG Engine               - fontText: Courier-Prime.ttf
04:14:45.370 [FXGL Background Thread 3 ] DEBUG Engine               - fontUI: VarelaRound-Regular.ttf
04:14:45.370 [FXGL Background Thread 3 ] DEBUG Engine               - fullScreen: BooleanProperty [value: false]
04:14:45.370 [FXGL Background Thread 3 ] DEBUG Engine               - gameDifficulty: MEDIUM
04:14:45.370 [FXGL Background Thread 3 ] DEBUG Engine               - gameDifficultyProperty: ObjectProperty [value: MEDIUM]
04:14:45.370 [FXGL Background Thread 3 ] DEBUG Engine               - globalMusicVolume: 0.5
04:14:45.370 [FXGL Background Thread 3 ] DEBUG Engine               - globalMusicVolumeProperty: DoubleProperty [value: 0.5]
04:14:45.370 [FXGL Background Thread 3 ] DEBUG Engine               - globalSoundVolume: 0.5
04:14:45.370 [FXGL Background Thread 3 ] DEBUG Engine               - globalSoundVolumeProperty: DoubleProperty [value: 0.5]
04:14:45.370 [FXGL Background Thread 3 ] DEBUG Engine               - height: 533
04:14:45.370 [FXGL Background Thread 3 ] DEBUG Engine               - is3D: false
04:14:45.370 [FXGL Background Thread 3 ] DEBUG Engine               - isAndroid: false
04:14:45.370 [FXGL Background Thread 3 ] DEBUG Engine               - isBrowser: false
04:14:45.370 [FXGL Background Thread 3 ] DEBUG Engine               - isClickFeedbackEnabled: false
04:14:45.370 [FXGL Background Thread 3 ] DEBUG Engine               - isCloseConfirmation: false
04:14:45.370 [FXGL Background Thread 3 ] DEBUG Engine               - isDesktop: true
04:14:45.370 [FXGL Background Thread 3 ] DEBUG Engine               - isDeveloperMenuEnabled: false
04:14:45.370 [FXGL Background Thread 3 ] DEBUG Engine               - isEmbedded: false
04:14:45.370 [FXGL Background Thread 3 ] DEBUG Engine               - isEntityPreloadEnabled: true
04:14:45.370 [FXGL Background Thread 3 ] DEBUG Engine               - isExperimentalTiledLargeMap: false
04:14:45.370 [FXGL Background Thread 3 ] DEBUG Engine               - isFileSystemWriteAllowed: true
04:14:45.370 [FXGL Background Thread 3 ] DEBUG Engine               - isFullScreenAllowed: false
04:14:45.370 [FXGL Background Thread 3 ] DEBUG Engine               - isFullScreenFromStart: false
04:14:45.370 [FXGL Background Thread 3 ] DEBUG Engine               - isGameMenuEnabled: true
04:14:45.370 [FXGL Background Thread 3 ] DEBUG Engine               - isIOS: false
04:14:45.370 [FXGL Background Thread 3 ] DEBUG Engine               - isIntroEnabled: false
04:14:45.370 [FXGL Background Thread 3 ] DEBUG Engine               - isLinux: false
04:14:45.370 [FXGL Background Thread 3 ] DEBUG Engine               - isMac: false
04:14:45.370 [FXGL Background Thread 3 ] DEBUG Engine               - isMainMenuEnabled: true
04:14:45.370 [FXGL Background Thread 3 ] DEBUG Engine               - isManualResizeEnabled: false
04:14:45.370 [FXGL Background Thread 3 ] DEBUG Engine               - isMobile: false
04:14:45.370 [FXGL Background Thread 3 ] DEBUG Engine               - isNative: false
04:14:45.370 [FXGL Background Thread 3 ] DEBUG Engine               - isPauseMusicWhenMinimized: true
04:14:45.370 [FXGL Background Thread 3 ] DEBUG Engine               - isPreserveResizeRatio: false
04:14:45.370 [FXGL Background Thread 3 ] DEBUG Engine               - isProfilingEnabled: false
04:14:45.370 [FXGL Background Thread 3 ] DEBUG Engine               - isScaleAffectedOnResize: true
04:14:45.370 [FXGL Background Thread 3 ] DEBUG Engine               - isSingleStep: false
04:14:45.371 [FXGL Background Thread 3 ] DEBUG Engine               - isUserProfileEnabled: false
04:14:45.371 [FXGL Background Thread 3 ] DEBUG Engine               - isWindows: true
04:14:45.371 [FXGL Background Thread 3 ] DEBUG Engine               - language: ObjectProperty [value: ENGLISH]
04:14:45.371 [FXGL Background Thread 3 ] DEBUG Engine               - menuKey: ESCAPE
04:14:45.371 [FXGL Background Thread 3 ] DEBUG Engine               - mouseSensitivity: 0.2
04:14:45.371 [FXGL Background Thread 3 ] DEBUG Engine               - notificationViewClass: class com.almasb.fxgl.notification.view.XboxNotificationView
04:14:45.371 [FXGL Background Thread 3 ] DEBUG Engine               - pixelsPerMeter: 50.0
04:14:45.371 [FXGL Background Thread 3 ] DEBUG Engine               - platform: WINDOWS
04:14:45.371 [FXGL Background Thread 3 ] DEBUG Engine               - prefHeightProperty: ReadOnlyDoubleProperty [value: 533.0]
04:14:45.371 [FXGL Background Thread 3 ] DEBUG Engine               - prefWidthProperty: ReadOnlyDoubleProperty [value: 750.0]
04:14:45.371 [FXGL Background Thread 3 ] DEBUG Engine               - profileDir: profiles/
04:14:45.371 [FXGL Background Thread 3 ] DEBUG Engine               - profileName: StringProperty [value: DEFAULT]
04:14:45.371 [FXGL Background Thread 3 ] DEBUG Engine               - randomSeed: -1
04:14:45.371 [FXGL Background Thread 3 ] DEBUG Engine               - runtimeInfo: RuntimeInfo(platform=WINDOWS, version=17.2, build=20.08.2022 16.50)
04:14:45.371 [FXGL Background Thread 3 ] DEBUG Engine               - saveFileExt: sav
04:14:45.372 [FXGL Background Thread 3 ] DEBUG Engine               - scaledHeightProp$fxgl: DoubleProperty [bound, value: 533.0]
04:14:45.372 [FXGL Background Thread 3 ] DEBUG Engine               - scaledWidthProp$fxgl: DoubleProperty [bound, value: 750.0]
04:14:45.372 [FXGL Background Thread 3 ] DEBUG Engine               - sceneFactory: com.zrt.pvz.PVZApp$1@7190156d
04:14:45.372 [FXGL Background Thread 3 ] DEBUG Engine               - secondsIn24h: 60
04:14:45.372 [FXGL Background Thread 3 ] DEBUG Engine               - soundMenuBack: menu/back.wav
04:14:45.372 [FXGL Background Thread 3 ] DEBUG Engine               - soundMenuPress: menu/press.wav
04:14:45.372 [FXGL Background Thread 3 ] DEBUG Engine               - soundMenuSelect: menu/select.wav
04:14:45.372 [FXGL Background Thread 3 ] DEBUG Engine               - soundNotification: core/notification.wav
04:14:45.372 [FXGL Background Thread 3 ] DEBUG Engine               - stageStyle: DECORATED
04:14:45.372 [FXGL Background Thread 3 ] DEBUG Engine               - supportedLanguages: [ENGLISH, FRENCH, GERMAN, HUNGARIAN, RUSSIAN]
04:14:45.372 [FXGL Background Thread 3 ] DEBUG Engine               - ticksPerSecond: -1
04:14:45.372 [FXGL Background Thread 3 ] DEBUG Engine               - title: Plants Vs Zombies
04:14:45.372 [FXGL Background Thread 3 ] DEBUG Engine               - urlGithub: https://github.com/AlmasB/FXGL
04:14:45.372 [FXGL Background Thread 3 ] DEBUG Engine               - urlLeaderboard: http://fxgl-top.herokuapp.com/
04:14:45.372 [FXGL Background Thread 3 ] DEBUG Engine               - urlPOM: https://raw.githubusercontent.com/AlmasB/FXGL/release/README.md
04:14:45.372 [FXGL Background Thread 3 ] DEBUG Engine               - userAppClass: class com.zrt.pvz.PVZApp
04:14:45.372 [FXGL Background Thread 3 ] DEBUG Engine               - version: 0.0
04:14:45.372 [FXGL Background Thread 3 ] DEBUG Engine               - versionCheckDays: 7
04:14:45.372 [FXGL Background Thread 3 ] DEBUG Engine               - width: 750
04:14:45.372 [FXGL Background Thread 3 ] DEBUG Engine               - Logging services
04:14:45.372 [FXGL Background Thread 3 ] DEBUG Engine               - class com.almasb.fxgl.app.services.FXGLAssetLoaderService
04:14:45.372 [FXGL Background Thread 3 ] DEBUG Engine               - class com.almasb.fxgl.app.FXGLApplication$GameApplicationService
04:14:45.372 [FXGL Background Thread 3 ] DEBUG Engine               - class com.almasb.fxgl.app.services.FXGLDialogService
04:14:45.372 [FXGL Background Thread 3 ] DEBUG Engine               - class com.almasb.fxgl.app.services.IOTaskExecutorService
04:14:45.372 [FXGL Background Thread 3 ] DEBUG Engine               - class com.almasb.fxgl.io.FileSystemService
04:14:45.372 [FXGL Background Thread 3 ] DEBUG Engine               - class com.almasb.fxgl.localization.LocalizationService
04:14:45.372 [FXGL Background Thread 3 ] DEBUG Engine               - class com.almasb.fxgl.app.services.SystemBundleService
04:14:45.372 [FXGL Background Thread 3 ] DEBUG Engine               - class com.almasb.fxgl.profile.SaveLoadService
04:14:45.372 [FXGL Background Thread 3 ] DEBUG Engine               - class com.almasb.fxgl.ui.FXGLUIFactoryServiceProvider
04:14:45.372 [FXGL Background Thread 3 ] DEBUG Engine               - class com.almasb.fxgl.ui.FXGLDialogFactoryServiceProvider
04:14:45.372 [FXGL Background Thread 3 ] DEBUG Engine               - class com.almasb.fxgl.audio.AudioPlayer
04:14:45.372 [FXGL Background Thread 3 ] DEBUG Engine               - class com.almasb.fxgl.notification.impl.NotificationServiceProvider
04:14:45.372 [FXGL Background Thread 3 ] DEBUG Engine               - class com.almasb.fxgl.achievement.AchievementService
04:14:45.372 [FXGL Background Thread 3 ] DEBUG Engine               - class com.almasb.fxgl.cutscene.CutsceneService
04:14:45.372 [FXGL Background Thread 3 ] DEBUG Engine               - class com.almasb.fxgl.minigames.MiniGameService
04:14:45.372 [FXGL Background Thread 3 ] DEBUG Engine               - class com.almasb.fxgl.net.NetService
04:14:45.372 [FXGL Background Thread 3 ] DEBUG Engine               - class com.almasb.fxgl.app.services.UpdaterService
04:14:45.372 [FXGL Background Thread 3 ] DEBUG Engine               - class com.almasb.fxgl.dev.DevService
04:14:51.561 [JavaFX Application Thread] DEBUG FXGLApplication      - Exiting FXGL
04:14:51.561 [JavaFX Application Thread] DEBUG LoopRunner           - Stopping loop
04:14:51.561 [JavaFX Application Thread] DEBUG SystemBundleService  - Saving FXGL system data
04:14:51.562 [JavaFX Application Thread] DEBUG FileSystemAccess     - Writing to: C:\Users\dell\Desktop\OOP作业\Teamwork\system\fxgl.bundle
04:14:51.563 [JavaFX Application Thread] DEBUG Async                - Shutting down background threads
04:14:51.563 [JavaFX Application Thread] DEBUG PrimaryStageWindow   - Closing main window
04:14:51.595 [JavaFX Application Thread] DEBUG Logger               - Closing Logger
