16:34:35.496 [main                     ] DEBUG Logger               - Configured Logger
16:34:35.521 [main                     ] DEBUG GameApplication      - Logging settings
Title: Plants Vs Zombies
Version: 0.0
Width: 750
Height: 533
Fullscreen: false
Intro: false
Profiling: false
Single step:false
App Mode: DEVELOPER
Menu Key: ESCAPE
Stage Style: DECORATED
Scene Factory: class com.zrt.pvz.PVZApp$1

16:34:35.786 [JavaFX Application Thread] DEBUG FXGLApplication      - Initializing FXGL
16:34:35.791 [JavaFX Application Thread] INFO  Engine               - FXGL-17.2 (20.08.2022 16.50) on WINDOWS (J:20.0.1 FX:20.0.1)
16:34:35.791 [JavaFX Application Thread] DEBUG Engine               - JRE Vendor Name: Oracle Corporation
16:34:35.791 [JavaFX Application Thread] DEBUG Engine               - Running on OS: Windows 11 version 10.0
16:34:35.791 [JavaFX Application Thread] DEBUG Engine               - Architecture: amd64
16:34:35.792 [JavaFX Application Thread] INFO  Engine               - Source code and latest versions at: https://github.com/AlmasB/FXGL
16:34:35.792 [JavaFX Application Thread] INFO  Engine               -       Ask questions and discuss at: https://github.com/AlmasB/FXGL/discussions
16:34:35.792 [JavaFX Application Thread] INFO  Engine               -              Join the FXGL chat at: https://gitter.im/AlmasB/FXGL
16:34:35.914 [JavaFX Application Thread] DEBUG PrimaryStageWindow   - Creating a JavaFX scene
16:34:35.958 [JavaFX Application Thread] DEBUG PrimaryStageWindow   - Target settings size: 750.0 x 533.0
16:34:35.958 [JavaFX Application Thread] DEBUG PrimaryStageWindow   - Scaled scene size:    750.0 x 533.0
16:34:35.958 [JavaFX Application Thread] DEBUG PrimaryStageWindow   - Scaled ratio: (1.0, 1.0)
16:34:35.959 [JavaFX Application Thread] DEBUG PrimaryStageWindow   - Set initial scene to GameStartupScene
16:34:35.961 [JavaFX Application Thread] DEBUG PrimaryStageWindow   - Opening main window
16:34:36.229 [JavaFX Application Thread] DEBUG PrimaryStageWindow   - Window border size: (14.79998779296875, 38.20001220703125)
16:34:36.229 [JavaFX Application Thread] DEBUG PrimaryStageWindow   - Scaled size: 750.0 x 533.0
16:34:36.229 [JavaFX Application Thread] DEBUG PrimaryStageWindow   - Scaled ratio: (1.0, 1.0)
16:34:36.229 [JavaFX Application Thread] DEBUG PrimaryStageWindow   - Scene size: 750.0 x 533.0
16:34:36.229 [JavaFX Application Thread] DEBUG PrimaryStageWindow   - Stage size: 764.7999877929688 x 571.2000122070312
16:34:36.234 [FXGL Background Thread 1 ] DEBUG Engine               - Initializing environment variables
16:34:36.267 [FXGL Background Thread 1 ] DEBUG FXGLAssetLoaderServi - User app class for loading assets: class com.zrt.pvz.PVZApp
16:34:36.267 [FXGL Background Thread 1 ] DEBUG GameApplicationServi - Applying CSS: fxgl_dark.css
16:34:36.267 [FXGL Background Thread 1 ] DEBUG FXGLAssetLoaderServi - Loading from file system: jar:file:///C:/Users/dell/.m2/repository/com/github/almasb/fxgl/17.2/fxgl-17.2.jar!/fxglassets/ui/css/fxgl_dark.css
16:34:36.277 [FXGL Background Thread 1 ] DEBUG GameApplicationServi - Initializing application scenes
16:34:36.289 [FXGL Background Thread 1 ] DEBUG GameWorld            - Game world initialized
16:34:36.325 [FXGL Background Thread 1 ] DEBUG PhysicsWorld         - Physics world initialized: appHeight=533, physics.ppm=50.0
16:34:36.326 [FXGL Background Thread 1 ] DEBUG PhysicsWorld         - Using strategy: BRUTE_FORCE
16:34:36.329 [FXGL Background Thread 1 ] DEBUG GameScene            - Game scene initialized: 750x533
16:34:36.331 [FXGL Background Thread 1 ] DEBUG FXGLAssetLoaderServi - Loading from file system: file:/C:/Users/dell/Desktop/OOP作业/Teamwork/target/classes/assets/textures/ui/mainMenu/bg.png
16:34:36.381 [FXGL Background Thread 1 ] DEBUG FXGLAssetLoaderServi - Loading from file system: file:/C:/Users/dell/Desktop/OOP作业/Teamwork/target/classes/assets/textures/ui/mainMenu/smallgame.png
16:34:36.391 [FXGL Background Thread 1 ] DEBUG FXGLAssetLoaderServi - Loading from file system: file:/C:/Users/dell/Desktop/OOP作业/Teamwork/target/classes/assets/textures/ui/mainMenu/puzzle.png
16:34:36.399 [FXGL Background Thread 1 ] DEBUG FXGLAssetLoaderServi - Loading from file system: file:/C:/Users/dell/Desktop/OOP作业/Teamwork/target/classes/assets/textures/ui/gameMenu/Menu.png
16:34:36.407 [FXGL Background Thread 1 ] DEBUG GameApplicationServi - Application scenes initialized
16:34:36.422 [FXGL Background Thread 1 ] DEBUG SystemBundleService  - Loading FXGL system data
16:34:36.425 [FXGL Background Thread 1 ] DEBUG FileSystemAccess     - Reading from: C:\Users\dell\Desktop\OOP作业\Teamwork\system\fxgl.bundle
16:34:36.433 [FXGL Background Thread 1 ] DEBUG SystemBundleService  - Bundle FXGL: {}
16:34:36.433 [FXGL Background Thread 1 ] DEBUG UpdaterService       - Checking for updates
16:34:36.440 [FXGL Background Thread 4 ] DEBUG FXGLApplication      - Loading fonts
16:34:36.440 [FXGL Background Thread 4 ] DEBUG FXGLAssetLoaderServi - Loading from file system: jar:file:///C:/Users/dell/.m2/repository/com/github/almasb/fxgl/17.2/fxgl-17.2.jar!/fxglassets/ui/fonts/VarelaRound-Regular.ttf
16:34:36.441 [FXGL Background Thread 1 ] DEBUG FXGLApplication      - Loading default localization
16:34:36.442 [FXGL Background Thread 1 ] DEBUG FXGLAssetLoaderServi - Loading from file system: jar:file:///C:/Users/dell/.m2/repository/com/github/almasb/fxgl/17.2/fxgl-17.2.jar!/fxglassets/languages/english.lang
16:34:36.479 [FXGL Background Thread 1 ] INFO  FXGLApplication      - FXGL initialization took: 0.244 sec
16:34:36.480 [JavaFX Application Thread] DEBUG FXGLAssetLoaderServi - Loading from file system: file:/C:/Users/dell/Desktop/OOP作业/Teamwork/target/classes/assets/textures/logo.jpg
16:34:36.486 [JavaFX Application Thread] DEBUG FXGLAssetLoaderServi - Loading from file system: jar:file:///C:/Users/dell/.m2/repository/com/github/almasb/fxgl/17.2/fxgl-17.2.jar!/fxglassets/textures/fxgl_default_cursor.png
16:34:36.499 [JavaFX Application Thread] DEBUG Input                - Registered new binding: Screenshot - CTRL+8
16:34:36.499 [JavaFX Application Thread] DEBUG Input                - Registered new binding: System info dump - CTRL+9
16:34:36.500 [JavaFX Application Thread] DEBUG Input                - Registered new binding: Restart - CTRL+R
16:34:36.502 [JavaFX Application Thread] DEBUG Input                - Registered new binding: Toggle Debug Camera - CTRL+7
16:34:36.505 [JavaFX Application Thread] DEBUG LoopRunner           - Starting loop
16:34:36.505 [JavaFX Application Thread] DEBUG LoopRunner           - Initializing JavaFX AnimationTimerLoop
16:34:36.510 [JavaFX Application Thread] DEBUG Input                - Clearing active input actions
16:34:36.514 [JavaFX Application Thread] DEBUG GameApplicationServi - Removing overlay from GameStartupScene and adding to FXGLMainMenuDummyScene
16:34:36.514 [JavaFX Application Thread] DEBUG PrimaryStageWindow   - GameStartupScene -> FXGLMainMenuDummyScene
16:34:36.514 [JavaFX Application Thread] DEBUG PrimaryStageWindow   - Push state: MainMenu
16:34:36.514 [JavaFX Application Thread] DEBUG FXGLAssetLoaderServi - Loading from file system: file:/C:/Users/dell/Desktop/OOP作业/Teamwork/target/classes/assets/music/mainMenu.wav
16:34:36.534 [FXGL Background Thread 4 ] DEBUG FXGLAssetLoaderServi - Loading from file system: jar:file:///C:/Users/dell/.m2/repository/com/github/almasb/fxgl/17.2/fxgl-17.2.jar!/fxglassets/ui/fonts/Abel-Regular.ttf
16:34:36.536 [FXGL Background Thread 4 ] DEBUG FXGLAssetLoaderServi - Loading from file system: jar:file:///C:/Users/dell/.m2/repository/com/github/almasb/fxgl/17.2/fxgl-17.2.jar!/fxglassets/ui/fonts/TerminalLandMono-Regular.otf
16:34:36.538 [FXGL Background Thread 4 ] DEBUG FXGLAssetLoaderServi - Loading from file system: jar:file:///C:/Users/dell/.m2/repository/com/github/almasb/fxgl/17.2/fxgl-17.2.jar!/fxglassets/ui/fonts/Courier-Prime.ttf
16:34:36.636 [JavaFX Application Thread] DEBUG AudioPlayer          - Playing music com.almasb.fxgl.audio.Music@5766d889
16:34:36.636 [JavaFX Application Thread] DEBUG Input                - Clearing active input actions
16:34:36.637 [JavaFX Application Thread] DEBUG GameApplicationServi - Removing overlay from FXGLMainMenuDummyScene and adding to MainMenu
16:34:36.638 [JavaFX Application Thread] DEBUG PrimaryStageWindow   - FXGLMainMenuDummyScene -> MainMenu
16:34:36.647 [JavaFX Application Thread] DEBUG FXGLApplication      - Registering font factories with UI factory
16:34:39.439 [FXGL Background Thread 3 ] DEBUG Engine               - Logging environment variables
16:34:39.439 [FXGL Background Thread 3 ] DEBUG Engine               - achievements: []
16:34:39.440 [FXGL Background Thread 3 ] DEBUG Engine               - actualHeight: 533.0
16:34:39.440 [FXGL Background Thread 3 ] DEBUG Engine               - actualHeightProperty: ReadOnlyDoubleProperty [value: 533.0]
16:34:39.440 [FXGL Background Thread 3 ] DEBUG Engine               - actualWidth: 750.0
16:34:39.440 [FXGL Background Thread 3 ] DEBUG Engine               - actualWidthProperty: ReadOnlyDoubleProperty [value: 750.0]
16:34:39.440 [FXGL Background Thread 3 ] DEBUG Engine               - appIcon: logo.jpg
16:34:39.440 [FXGL Background Thread 3 ] DEBUG Engine               - applicationMode: DEVELOPER
16:34:39.440 [FXGL Background Thread 3 ] DEBUG Engine               - cSSList: [fxgl_dark.css]
16:34:39.440 [FXGL Background Thread 3 ] DEBUG Engine               - collisionDetectionStrategy: BRUTE_FORCE
16:34:39.440 [FXGL Background Thread 3 ] DEBUG Engine               - configClass: Optional.empty
16:34:39.440 [FXGL Background Thread 3 ] DEBUG Engine               - credits: []
16:34:39.442 [FXGL Background Thread 3 ] DEBUG Engine               - defaultCursor: CursorInfo(imageName=fxgl_default_cursor.png, hotspotX=7.0, hotspotY=6.0)
16:34:39.442 [FXGL Background Thread 3 ] DEBUG Engine               - devBBoxColorProperty: ObjectProperty [value: 0xff0000ff]
16:34:39.443 [FXGL Background Thread 3 ] DEBUG Engine               - devEnableDebugCameraProperty: BooleanProperty [value: false]
16:34:39.443 [FXGL Background Thread 3 ] DEBUG Engine               - devSensorColorProperty: ObjectProperty [value: 0xffff00ff]
16:34:39.443 [FXGL Background Thread 3 ] DEBUG Engine               - devShowBBoxProperty: BooleanProperty [value: false]
16:34:39.443 [FXGL Background Thread 3 ] DEBUG Engine               - devShowPositionProperty: BooleanProperty [value: false]
16:34:39.444 [FXGL Background Thread 3 ] DEBUG Engine               - enabledMenuItems: []
16:34:39.444 [FXGL Background Thread 3 ] DEBUG Engine               - engineServices: [class com.almasb.fxgl.app.services.FXGLAssetLoaderService, class com.almasb.fxgl.app.FXGLApplication$GameApplicationService, class com.almasb.fxgl.app.services.FXGLDialogService, class com.almasb.fxgl.app.services.IOTaskExecutorService, class com.almasb.fxgl.io.FileSystemService, class com.almasb.fxgl.localization.LocalizationService, class com.almasb.fxgl.app.services.SystemBundleService, class com.almasb.fxgl.profile.SaveLoadService, class com.almasb.fxgl.ui.FXGLUIFactoryServiceProvider, class com.almasb.fxgl.ui.FXGLDialogFactoryServiceProvider, class com.almasb.fxgl.audio.AudioPlayer, class com.almasb.fxgl.notification.impl.NotificationServiceProvider, class com.almasb.fxgl.achievement.AchievementService, class com.almasb.fxgl.cutscene.CutsceneService, class com.almasb.fxgl.minigames.MiniGameService, class com.almasb.fxgl.net.NetService, class com.almasb.fxgl.app.services.UpdaterService, class com.almasb.fxgl.dev.DevService]
16:34:39.444 [FXGL Background Thread 3 ] DEBUG Engine               - fontGame: Abel-Regular.ttf
16:34:39.444 [FXGL Background Thread 3 ] DEBUG Engine               - fontMono: TerminalLandMono-Regular.otf
16:34:39.444 [FXGL Background Thread 3 ] DEBUG Engine               - fontText: Courier-Prime.ttf
16:34:39.444 [FXGL Background Thread 3 ] DEBUG Engine               - fontUI: VarelaRound-Regular.ttf
16:34:39.444 [FXGL Background Thread 3 ] DEBUG Engine               - fullScreen: BooleanProperty [value: false]
16:34:39.444 [FXGL Background Thread 3 ] DEBUG Engine               - gameDifficulty: MEDIUM
16:34:39.444 [FXGL Background Thread 3 ] DEBUG Engine               - gameDifficultyProperty: ObjectProperty [value: MEDIUM]
16:34:39.444 [FXGL Background Thread 3 ] DEBUG Engine               - globalMusicVolume: 0.5
16:34:39.444 [FXGL Background Thread 3 ] DEBUG Engine               - globalMusicVolumeProperty: DoubleProperty [value: 0.5]
16:34:39.444 [FXGL Background Thread 3 ] DEBUG Engine               - globalSoundVolume: 0.5
16:34:39.445 [FXGL Background Thread 3 ] DEBUG Engine               - globalSoundVolumeProperty: DoubleProperty [value: 0.5]
16:34:39.445 [FXGL Background Thread 3 ] DEBUG Engine               - height: 533
16:34:39.445 [FXGL Background Thread 3 ] DEBUG Engine               - is3D: false
16:34:39.445 [FXGL Background Thread 3 ] DEBUG Engine               - isAndroid: false
16:34:39.445 [FXGL Background Thread 3 ] DEBUG Engine               - isBrowser: false
16:34:39.445 [FXGL Background Thread 3 ] DEBUG Engine               - isClickFeedbackEnabled: false
16:34:39.445 [FXGL Background Thread 3 ] DEBUG Engine               - isCloseConfirmation: false
16:34:39.445 [FXGL Background Thread 3 ] DEBUG Engine               - isDesktop: true
16:34:39.445 [FXGL Background Thread 3 ] DEBUG Engine               - isDeveloperMenuEnabled: false
16:34:39.445 [FXGL Background Thread 3 ] DEBUG Engine               - isEmbedded: false
16:34:39.445 [FXGL Background Thread 3 ] DEBUG Engine               - isEntityPreloadEnabled: true
16:34:39.445 [FXGL Background Thread 3 ] DEBUG Engine               - isExperimentalTiledLargeMap: false
16:34:39.445 [FXGL Background Thread 3 ] DEBUG Engine               - isFileSystemWriteAllowed: true
16:34:39.445 [FXGL Background Thread 3 ] DEBUG Engine               - isFullScreenAllowed: false
16:34:39.445 [FXGL Background Thread 3 ] DEBUG Engine               - isFullScreenFromStart: false
16:34:39.445 [FXGL Background Thread 3 ] DEBUG Engine               - isGameMenuEnabled: true
16:34:39.445 [FXGL Background Thread 3 ] DEBUG Engine               - isIOS: false
16:34:39.445 [FXGL Background Thread 3 ] DEBUG Engine               - isIntroEnabled: false
16:34:39.445 [FXGL Background Thread 3 ] DEBUG Engine               - isLinux: false
16:34:39.445 [FXGL Background Thread 3 ] DEBUG Engine               - isMac: false
16:34:39.445 [FXGL Background Thread 3 ] DEBUG Engine               - isMainMenuEnabled: true
16:34:39.445 [FXGL Background Thread 3 ] DEBUG Engine               - isManualResizeEnabled: false
16:34:39.445 [FXGL Background Thread 3 ] DEBUG Engine               - isMobile: false
16:34:39.445 [FXGL Background Thread 3 ] DEBUG Engine               - isNative: false
16:34:39.445 [FXGL Background Thread 3 ] DEBUG Engine               - isPauseMusicWhenMinimized: true
16:34:39.445 [FXGL Background Thread 3 ] DEBUG Engine               - isPreserveResizeRatio: false
16:34:39.445 [FXGL Background Thread 3 ] DEBUG Engine               - isProfilingEnabled: false
16:34:39.445 [FXGL Background Thread 3 ] DEBUG Engine               - isScaleAffectedOnResize: true
16:34:39.445 [FXGL Background Thread 3 ] DEBUG Engine               - isSingleStep: false
16:34:39.445 [FXGL Background Thread 3 ] DEBUG Engine               - isUserProfileEnabled: false
16:34:39.445 [FXGL Background Thread 3 ] DEBUG Engine               - isWindows: true
16:34:39.445 [FXGL Background Thread 3 ] DEBUG Engine               - language: ObjectProperty [value: ENGLISH]
16:34:39.445 [FXGL Background Thread 3 ] DEBUG Engine               - menuKey: ESCAPE
16:34:39.446 [FXGL Background Thread 3 ] DEBUG Engine               - mouseSensitivity: 0.2
16:34:39.446 [FXGL Background Thread 3 ] DEBUG Engine               - notificationViewClass: class com.almasb.fxgl.notification.view.XboxNotificationView
16:34:39.446 [FXGL Background Thread 3 ] DEBUG Engine               - pixelsPerMeter: 50.0
16:34:39.446 [FXGL Background Thread 3 ] DEBUG Engine               - platform: WINDOWS
16:34:39.446 [FXGL Background Thread 3 ] DEBUG Engine               - prefHeightProperty: ReadOnlyDoubleProperty [value: 533.0]
16:34:39.446 [FXGL Background Thread 3 ] DEBUG Engine               - prefWidthProperty: ReadOnlyDoubleProperty [value: 750.0]
16:34:39.446 [FXGL Background Thread 3 ] DEBUG Engine               - profileDir: profiles/
16:34:39.446 [FXGL Background Thread 3 ] DEBUG Engine               - profileName: StringProperty [value: DEFAULT]
16:34:39.446 [FXGL Background Thread 3 ] DEBUG Engine               - randomSeed: -1
16:34:39.446 [FXGL Background Thread 3 ] DEBUG Engine               - runtimeInfo: RuntimeInfo(platform=WINDOWS, version=17.2, build=20.08.2022 16.50)
16:34:39.446 [FXGL Background Thread 3 ] DEBUG Engine               - saveFileExt: sav
16:34:39.446 [FXGL Background Thread 3 ] DEBUG Engine               - scaledHeightProp$fxgl: DoubleProperty [bound, value: 533.0]
16:34:39.446 [FXGL Background Thread 3 ] DEBUG Engine               - scaledWidthProp$fxgl: DoubleProperty [bound, value: 750.0]
16:34:39.446 [FXGL Background Thread 3 ] DEBUG Engine               - sceneFactory: com.zrt.pvz.PVZApp$1@3a5bc86e
16:34:39.446 [FXGL Background Thread 3 ] DEBUG Engine               - secondsIn24h: 60
16:34:39.446 [FXGL Background Thread 3 ] DEBUG Engine               - soundMenuBack: menu/back.wav
16:34:39.446 [FXGL Background Thread 3 ] DEBUG Engine               - soundMenuPress: menu/press.wav
16:34:39.446 [FXGL Background Thread 3 ] DEBUG Engine               - soundMenuSelect: menu/select.wav
16:34:39.447 [FXGL Background Thread 3 ] DEBUG Engine               - soundNotification: core/notification.wav
16:34:39.447 [FXGL Background Thread 3 ] DEBUG Engine               - stageStyle: DECORATED
16:34:39.447 [FXGL Background Thread 3 ] DEBUG Engine               - supportedLanguages: [ENGLISH, FRENCH, GERMAN, HUNGARIAN, RUSSIAN]
16:34:39.447 [FXGL Background Thread 3 ] DEBUG Engine               - ticksPerSecond: -1
16:34:39.447 [FXGL Background Thread 3 ] DEBUG Engine               - title: Plants Vs Zombies
16:34:39.447 [FXGL Background Thread 3 ] DEBUG Engine               - urlGithub: https://github.com/AlmasB/FXGL
16:34:39.447 [FXGL Background Thread 3 ] DEBUG Engine               - urlLeaderboard: http://fxgl-top.herokuapp.com/
16:34:39.447 [FXGL Background Thread 3 ] DEBUG Engine               - urlPOM: https://raw.githubusercontent.com/AlmasB/FXGL/release/README.md
16:34:39.447 [FXGL Background Thread 3 ] DEBUG Engine               - userAppClass: class com.zrt.pvz.PVZApp
16:34:39.447 [FXGL Background Thread 3 ] DEBUG Engine               - version: 0.0
16:34:39.447 [FXGL Background Thread 3 ] DEBUG Engine               - versionCheckDays: 7
16:34:39.447 [FXGL Background Thread 3 ] DEBUG Engine               - width: 750
16:34:39.447 [FXGL Background Thread 3 ] DEBUG Engine               - Logging services
16:34:39.447 [FXGL Background Thread 3 ] DEBUG Engine               - class com.almasb.fxgl.app.services.FXGLAssetLoaderService
16:34:39.447 [FXGL Background Thread 3 ] DEBUG Engine               - class com.almasb.fxgl.app.FXGLApplication$GameApplicationService
16:34:39.447 [FXGL Background Thread 3 ] DEBUG Engine               - class com.almasb.fxgl.app.services.FXGLDialogService
16:34:39.447 [FXGL Background Thread 3 ] DEBUG Engine               - class com.almasb.fxgl.app.services.IOTaskExecutorService
16:34:39.447 [FXGL Background Thread 3 ] DEBUG Engine               - class com.almasb.fxgl.io.FileSystemService
16:34:39.447 [FXGL Background Thread 3 ] DEBUG Engine               - class com.almasb.fxgl.localization.LocalizationService
16:34:39.447 [FXGL Background Thread 3 ] DEBUG Engine               - class com.almasb.fxgl.app.services.SystemBundleService
16:34:39.447 [FXGL Background Thread 3 ] DEBUG Engine               - class com.almasb.fxgl.profile.SaveLoadService
16:34:39.447 [FXGL Background Thread 3 ] DEBUG Engine               - class com.almasb.fxgl.ui.FXGLUIFactoryServiceProvider
16:34:39.447 [FXGL Background Thread 3 ] DEBUG Engine               - class com.almasb.fxgl.ui.FXGLDialogFactoryServiceProvider
16:34:39.447 [FXGL Background Thread 3 ] DEBUG Engine               - class com.almasb.fxgl.audio.AudioPlayer
16:34:39.447 [FXGL Background Thread 3 ] DEBUG Engine               - class com.almasb.fxgl.notification.impl.NotificationServiceProvider
16:34:39.447 [FXGL Background Thread 3 ] DEBUG Engine               - class com.almasb.fxgl.achievement.AchievementService
16:34:39.447 [FXGL Background Thread 3 ] DEBUG Engine               - class com.almasb.fxgl.cutscene.CutsceneService
16:34:39.447 [FXGL Background Thread 3 ] DEBUG Engine               - class com.almasb.fxgl.minigames.MiniGameService
16:34:39.447 [FXGL Background Thread 3 ] DEBUG Engine               - class com.almasb.fxgl.net.NetService
16:34:39.447 [FXGL Background Thread 3 ] DEBUG Engine               - class com.almasb.fxgl.app.services.UpdaterService
16:34:39.447 [FXGL Background Thread 3 ] DEBUG Engine               - class com.almasb.fxgl.dev.DevService
16:34:40.833 [JavaFX Application Thread] WARN  FXGLAssetLoaderServi - Asset "/assets/sounds/mainMenuHover.wav" was not found!
16:34:40.833 [JavaFX Application Thread] WARN  FXGLAssetLoaderServi - Failed to load SOUND
16:34:41.231 [JavaFX Application Thread] WARN  FXGLAssetLoaderServi - Asset "/assets/sounds/select.wav" was not found!
16:34:41.231 [JavaFX Application Thread] WARN  FXGLAssetLoaderServi - Failed to load SOUND
16:34:41.231 [JavaFX Application Thread] DEBUG FXGLAssetLoaderServi - Loading from file system: file:/C:/Users/dell/Desktop/OOP作业/Teamwork/target/classes/assets/textures/ui/mainMenu/ZombieHand.png
16:34:41.239 [JavaFX Application Thread] DEBUG GameApplicationServi - Starting new game
16:34:41.239 [JavaFX Application Thread] DEBUG PrimaryStageWindow   - Pop state: MainMenu
16:34:41.240 [JavaFX Application Thread] DEBUG Input                - Clearing active input actions
16:34:41.240 [JavaFX Application Thread] DEBUG GameApplicationServi - Removing overlay from MainMenu and adding to FXGLMainMenuDummyScene
16:34:41.240 [JavaFX Application Thread] DEBUG PrimaryStageWindow   - FXGLMainMenuDummyScene <- MainMenu
16:34:41.240 [JavaFX Application Thread] DEBUG Input                - Clearing active input actions
16:34:41.245 [JavaFX Application Thread] DEBUG GameApplicationServi - Removing overlay from FXGLMainMenuDummyScene and adding to FXGLLoadingScene
16:34:41.245 [JavaFX Application Thread] DEBUG PrimaryStageWindow   - FXGLMainMenuDummyScene -> FXGLLoadingScene
16:34:41.245 [JavaFX Application Thread] DEBUG GameApplicationServi - Clearing previous game
16:34:41.245 [JavaFX Application Thread] DEBUG GameScene            - Clearing game scene
16:34:41.245 [JavaFX Application Thread] DEBUG GameWorld            - Clearing game world
16:34:41.245 [JavaFX Application Thread] DEBUG PhysicsWorld         - Clearing physics world
16:34:41.247 [FXGL Background Thread 4 ] DEBUG FXGLApplication      - Initializing game
16:34:41.271 [FXGL Background Thread 4 ] DEBUG FXGLAssetLoaderServi - Loading JSON from: file:/C:/Users/dell/Desktop/OOP作业/Teamwork/target/classes/assets/levels/level1.json
16:34:41.417 [FXGL Background Thread 4 ] WARN  FXGLAssetLoaderServi - Loading failed: file:/C:/Users/dell/Desktop/OOP作业/Teamwork/target/classes/assets/levels/level1.json
com.fasterxml.jackson.databind.exc.UnrecognizedPropertyException: Unrecognized field "enemy" (class com.zrt.pvz.data.LevelData), not marked as ignorable (7 known properties: "interval", "zombieMap", "amount", "waves", "name", "map", "width"])
 at [Source: (BufferedInputStream); line: 12, column: 2] (through reference chain: com.zrt.pvz.data.LevelData["enemy"])
	at com.fasterxml.jackson.databind@2.12.1/com.fasterxml.jackson.databind.exc.UnrecognizedPropertyException.from(UnrecognizedPropertyException.java:61)
	at com.fasterxml.jackson.databind@2.12.1/com.fasterxml.jackson.databind.DeserializationContext.handleUnknownProperty(DeserializationContext.java:987)
	at com.fasterxml.jackson.databind@2.12.1/com.fasterxml.jackson.databind.deser.std.StdDeserializer.handleUnknownProperty(StdDeserializer.java:1974)
	at com.fasterxml.jackson.databind@2.12.1/com.fasterxml.jackson.databind.deser.BeanDeserializerBase.handleUnknownProperty(BeanDeserializerBase.java:1686)
	at com.fasterxml.jackson.databind@2.12.1/com.fasterxml.jackson.databind.deser.BeanDeserializerBase.handleUnknownProperties(BeanDeserializerBase.java:1635)
	at com.fasterxml.jackson.databind@2.12.1/com.fasterxml.jackson.databind.deser.BeanDeserializer._deserializeUsingPropertyBased(BeanDeserializer.java:541)
	at com.fasterxml.jackson.databind@2.12.1/com.fasterxml.jackson.databind.deser.BeanDeserializerBase.deserializeFromObjectUsingNonDefault(BeanDeserializerBase.java:1390)
	at com.fasterxml.jackson.databind@2.12.1/com.fasterxml.jackson.databind.deser.BeanDeserializer.deserializeFromObject(BeanDeserializer.java:362)
	at com.fasterxml.jackson.databind@2.12.1/com.fasterxml.jackson.databind.deser.BeanDeserializer.deserialize(BeanDeserializer.java:195)
	at com.fasterxml.jackson.databind@2.12.1/com.fasterxml.jackson.databind.deser.DefaultDeserializationContext.readRootValue(DefaultDeserializationContext.java:322)
	at com.fasterxml.jackson.databind@2.12.1/com.fasterxml.jackson.databind.ObjectMapper._readMapAndClose(ObjectMapper.java:4593)
	at com.fasterxml.jackson.databind@2.12.1/com.fasterxml.jackson.databind.ObjectMapper.readValue(ObjectMapper.java:3585)
	at com.almasb.fxgl.all@17.2/com.almasb.fxgl.app.services.FXGLAssetLoaderService.loadJSON(FXGLAssetLoaderService.kt:352)
	at com.almasb.fxgl.all@17.2/com.almasb.fxgl.app.services.FXGLAssetLoaderService.loadJSON(FXGLAssetLoaderService.kt:331)
	at Teamwork/com.zrt.pvz.PVZApp.StartShow(PVZApp.java:597)
	at Teamwork/com.zrt.pvz.PVZApp.initGame(PVZApp.java:318)
	at com.almasb.fxgl.all@17.2/com.almasb.fxgl.app.FXGLApplication$InitAppTask.initGame(FXGLApplication.kt:339)
	at com.almasb.fxgl.all@17.2/com.almasb.fxgl.app.FXGLApplication$InitAppTask.call(FXGLApplication.kt:319)
	at com.almasb.fxgl.all@17.2/com.almasb.fxgl.app.FXGLApplication$InitAppTask.call(FXGLApplication.kt:311)
	at javafx.graphics@20.0.1/javafx.concurrent.Task$TaskCallable.call(Task.java:1426)
	at java.base/java.util.concurrent.FutureTask.run(FutureTask.java:317)
	at java.base/java.util.concurrent.Executors$RunnableAdapter.call(Executors.java:577)
	at java.base/java.util.concurrent.FutureTask.run(FutureTask.java:317)
	at java.base/java.util.concurrent.ThreadPoolExecutor.runWorker(ThreadPoolExecutor.java:1144)
	at java.base/java.util.concurrent.ThreadPoolExecutor$Worker.run(ThreadPoolExecutor.java:642)
	at java.base/java.lang.Thread.run(Thread.java:1623)

16:34:41.417 [JavaFX Application Thread] DEBUG LoopRunner           - Stopping loop
16:34:41.418 [JavaFX Application Thread] FATAL FXGLApplication      - Uncaught Exception:
java.lang.RuntimeException: Initialization failed
	at com.almasb.fxgl.all@17.2/com.almasb.fxgl.app.FXGLApplication$InitAppTask.failed(FXGLApplication.kt:343)
	at javafx.graphics@20.0.1/javafx.concurrent.Task.setState(Task.java:710)
	at javafx.graphics@20.0.1/javafx.concurrent.Task$TaskCallable.lambda$call$2(Task.java:1456)
	at javafx.graphics@20.0.1/com.sun.javafx.application.PlatformImpl.lambda$runLater$10(PlatformImpl.java:456)
	at java.base/java.security.AccessController.doPrivileged(AccessController.java:400)
	at javafx.graphics@20.0.1/com.sun.javafx.application.PlatformImpl.lambda$runLater$11(PlatformImpl.java:455)
	at javafx.graphics@20.0.1/com.sun.glass.ui.InvokeLaterDispatcher$Future.run(InvokeLaterDispatcher.java:95)
	at javafx.graphics@20.0.1/com.sun.glass.ui.win.WinApplication._runLoop(Native Method)
	at javafx.graphics@20.0.1/com.sun.glass.ui.win.WinApplication.lambda$runLoop$3(WinApplication.java:185)
	at java.base/java.lang.Thread.run(Thread.java:1623)
Caused by: java.util.NoSuchElementException: No value present
	at java.base/java.util.Optional.get(Optional.java:143)
	at Teamwork/com.zrt.pvz.PVZApp.StartShow(PVZApp.java:597)
	at Teamwork/com.zrt.pvz.PVZApp.initGame(PVZApp.java:318)
	at com.almasb.fxgl.all@17.2/com.almasb.fxgl.app.FXGLApplication$InitAppTask.initGame(FXGLApplication.kt:339)
	at com.almasb.fxgl.all@17.2/com.almasb.fxgl.app.FXGLApplication$InitAppTask.call(FXGLApplication.kt:319)
	at com.almasb.fxgl.all@17.2/com.almasb.fxgl.app.FXGLApplication$InitAppTask.call(FXGLApplication.kt:311)
	at javafx.graphics@20.0.1/javafx.concurrent.Task$TaskCallable.call(Task.java:1426)
	at java.base/java.util.concurrent.FutureTask.run(FutureTask.java:317)
	at java.base/java.util.concurrent.Executors$RunnableAdapter.call(Executors.java:577)
	at java.base/java.util.concurrent.FutureTask.run(FutureTask.java:317)
	at java.base/java.util.concurrent.ThreadPoolExecutor.runWorker(ThreadPoolExecutor.java:1144)
	at java.base/java.util.concurrent.ThreadPoolExecutor$Worker.run(ThreadPoolExecutor.java:642)
	... 1 more

16:34:41.418 [JavaFX Application Thread] FATAL FXGLApplication      - Application will now exit
16:34:41.430 [JavaFX Application Thread] DEBUG PrimaryStageWindow   - Push state: ErrorSubScene
16:34:41.430 [JavaFX Application Thread] DEBUG Input                - Clearing active input actions
16:34:41.433 [JavaFX Application Thread] DEBUG GameApplicationServi - Removing overlay from FXGLLoadingScene and adding to ErrorSubScene
16:34:41.433 [JavaFX Application Thread] DEBUG PrimaryStageWindow   - FXGLLoadingScene -> ErrorSubScene
16:34:42.885 [JavaFX Application Thread] DEBUG FXGLApplication      - Exiting FXGL
16:34:42.886 [JavaFX Application Thread] DEBUG Async                - Shutting down background threads
16:34:42.886 [JavaFX Application Thread] DEBUG PrimaryStageWindow   - Closing main window
16:34:42.923 [JavaFX Application Thread] DEBUG Logger               - Closing Logger
