03:10:55.266 [main                     ] DEBUG Logger               - Configured Logger
03:10:55.294 [main                     ] DEBUG GameApplication      - Logging settings
Title: Plants Vs Zombies
Version: 0.0
Width: 750
Height: 533
Fullscreen: false
Intro: false
Profiling: false
Single step:false
App Mode: DEVELOPER
Menu Key: ESCAPE
Stage Style: DECORATED
Scene Factory: class com.zrt.pvz.PVZApp$1

03:10:55.736 [JavaFX Application Thread] DEBUG FXGLApplication      - Initializing FXGL
03:10:55.741 [JavaFX Application Thread] INFO  Engine               - FXGL-17.2 (20.08.2022 16.50) on WINDOWS (J:20.0.1 FX:20.0.1)
03:10:55.741 [JavaFX Application Thread] DEBUG Engine               - JRE Vendor Name: Oracle Corporation
03:10:55.742 [JavaFX Application Thread] DEBUG Engine               - Running on OS: Windows 11 version 10.0
03:10:55.742 [JavaFX Application Thread] DEBUG Engine               - Architecture: amd64
03:10:55.742 [JavaFX Application Thread] INFO  Engine               - Source code and latest versions at: https://github.com/AlmasB/FXGL
03:10:55.742 [JavaFX Application Thread] INFO  Engine               -       Ask questions and discuss at: https://github.com/AlmasB/FXGL/discussions
03:10:55.742 [JavaFX Application Thread] INFO  Engine               -              Join the FXGL chat at: https://gitter.im/AlmasB/FXGL
03:10:55.925 [JavaFX Application Thread] DEBUG PrimaryStageWindow   - Creating a JavaFX scene
03:10:55.991 [JavaFX Application Thread] DEBUG PrimaryStageWindow   - Target settings size: 750.0 x 533.0
03:10:55.992 [JavaFX Application Thread] DEBUG PrimaryStageWindow   - Scaled scene size:    750.0 x 533.0
03:10:55.992 [JavaFX Application Thread] DEBUG PrimaryStageWindow   - Scaled ratio: (1.0, 1.0)
03:10:55.994 [JavaFX Application Thread] DEBUG PrimaryStageWindow   - Set initial scene to GameStartupScene
03:10:55.997 [JavaFX Application Thread] DEBUG PrimaryStageWindow   - Opening main window
03:10:56.324 [JavaFX Application Thread] DEBUG PrimaryStageWindow   - Window border size: (14.79998779296875, 38.20001220703125)
03:10:56.324 [JavaFX Application Thread] DEBUG PrimaryStageWindow   - Scaled size: 750.0 x 533.0
03:10:56.324 [JavaFX Application Thread] DEBUG PrimaryStageWindow   - Scaled ratio: (1.0, 1.0)
03:10:56.324 [JavaFX Application Thread] DEBUG PrimaryStageWindow   - Scene size: 750.0 x 533.0
03:10:56.324 [JavaFX Application Thread] DEBUG PrimaryStageWindow   - Stage size: 764.7999877929688 x 571.2000122070312
03:10:56.330 [FXGL Background Thread 1 ] DEBUG Engine               - Initializing environment variables
03:10:56.372 [FXGL Background Thread 1 ] DEBUG FXGLAssetLoaderServi - User app class for loading assets: class com.zrt.pvz.PVZApp
03:10:56.372 [FXGL Background Thread 1 ] DEBUG GameApplicationServi - Applying CSS: fxgl_dark.css
03:10:56.372 [FXGL Background Thread 1 ] DEBUG FXGLAssetLoaderServi - Loading from file system: jar:file:///C:/Users/dell/.m2/repository/com/github/almasb/fxgl/17.2/fxgl-17.2.jar!/fxglassets/ui/css/fxgl_dark.css
03:10:56.385 [FXGL Background Thread 1 ] DEBUG GameApplicationServi - Initializing application scenes
03:10:56.390 [FXGL Background Thread 1 ] DEBUG FXGLAssetLoaderServi - Loading from file system: file:/C:/Users/dell/Desktop/OOP作业/Teamwork/target/classes/assets/textures/map/map1LoadingBG.jpg
03:10:56.459 [FXGL Background Thread 1 ] DEBUG GameWorld            - Game world initialized
03:10:56.493 [FXGL Background Thread 1 ] DEBUG PhysicsWorld         - Physics world initialized: appHeight=533, physics.ppm=50.0
03:10:56.493 [FXGL Background Thread 1 ] DEBUG PhysicsWorld         - Using strategy: BRUTE_FORCE
03:10:56.498 [FXGL Background Thread 1 ] DEBUG GameScene            - Game scene initialized: 750x533
03:10:56.509 [FXGL Background Thread 1 ] DEBUG FXGLAssetLoaderServi - Loading from file system: file:/C:/Users/dell/Desktop/OOP作业/Teamwork/target/classes/assets/textures/ui/mainMenu/bg.png
03:10:56.586 [FXGL Background Thread 1 ] DEBUG FXGLAssetLoaderServi - Loading from file system: file:/C:/Users/dell/Desktop/OOP作业/Teamwork/target/classes/assets/textures/ui/mainMenu/puzzle.png
03:10:56.601 [FXGL Background Thread 1 ] DEBUG FXGLAssetLoaderServi - Loading from file system: file:/C:/Users/dell/Desktop/OOP作业/Teamwork/target/classes/assets/textures/ui/mainMenu/userBoard.png
03:10:56.616 [FXGL Background Thread 1 ] DEBUG FXGLAssetLoaderServi - Loading from file system: file:/C:/Users/dell/Desktop/OOP作业/Teamwork/target/classes/assets/textures/ui/gameMenu/Menu.png
03:10:56.628 [FXGL Background Thread 1 ] DEBUG GameApplicationServi - Application scenes initialized
03:10:56.640 [FXGL Background Thread 1 ] DEBUG SystemBundleService  - Loading FXGL system data
03:10:56.641 [FXGL Background Thread 1 ] DEBUG FileSystemAccess     - Reading from: C:\Users\dell\Desktop\OOP作业\Teamwork\system\fxgl.bundle
03:10:56.644 [FXGL Background Thread 1 ] DEBUG SystemBundleService  - Bundle FXGL: {}
03:10:56.644 [FXGL Background Thread 1 ] DEBUG UpdaterService       - Checking for updates
03:10:56.649 [FXGL Background Thread 1 ] DEBUG FXGLApplication      - Loading default localization
03:10:56.649 [FXGL Background Thread 4 ] DEBUG FXGLApplication      - Loading fonts
03:10:56.650 [FXGL Background Thread 4 ] DEBUG FXGLAssetLoaderServi - Loading from file system: jar:file:///C:/Users/dell/.m2/repository/com/github/almasb/fxgl/17.2/fxgl-17.2.jar!/fxglassets/ui/fonts/VarelaRound-Regular.ttf
03:10:56.651 [FXGL Background Thread 1 ] DEBUG FXGLAssetLoaderServi - Loading from file system: jar:file:///C:/Users/dell/.m2/repository/com/github/almasb/fxgl/17.2/fxgl-17.2.jar!/fxglassets/languages/english.lang
03:10:56.694 [FXGL Background Thread 1 ] INFO  FXGLApplication      - FXGL initialization took: 0.363 sec
03:10:56.696 [JavaFX Application Thread] DEBUG FXGLAssetLoaderServi - Loading from file system: file:/C:/Users/dell/Desktop/OOP作业/Teamwork/target/classes/assets/textures/logo.jpg
03:10:56.707 [JavaFX Application Thread] DEBUG FXGLAssetLoaderServi - Loading from file system: jar:file:///C:/Users/dell/.m2/repository/com/github/almasb/fxgl/17.2/fxgl-17.2.jar!/fxglassets/textures/fxgl_default_cursor.png
03:10:56.718 [JavaFX Application Thread] DEBUG Input                - Registered new binding: Screenshot - CTRL+8
03:10:56.719 [JavaFX Application Thread] DEBUG Input                - Registered new binding: System info dump - CTRL+9
03:10:56.720 [JavaFX Application Thread] DEBUG Input                - Registered new binding: Restart - CTRL+R
03:10:56.721 [JavaFX Application Thread] DEBUG Input                - Registered new binding: Toggle Debug Camera - CTRL+7
03:10:56.725 [JavaFX Application Thread] DEBUG LoopRunner           - Starting loop
03:10:56.725 [JavaFX Application Thread] DEBUG LoopRunner           - Initializing JavaFX AnimationTimerLoop
03:10:56.728 [JavaFX Application Thread] DEBUG Input                - Clearing active input actions
03:10:56.737 [JavaFX Application Thread] DEBUG GameApplicationServi - Removing overlay from GameStartupScene and adding to FXGLMainMenuDummyScene
03:10:56.737 [JavaFX Application Thread] DEBUG PrimaryStageWindow   - GameStartupScene -> FXGLMainMenuDummyScene
03:10:56.738 [JavaFX Application Thread] DEBUG PrimaryStageWindow   - Push state: MainMenu
03:10:56.739 [JavaFX Application Thread] DEBUG FXGLAssetLoaderServi - Loading from file system: file:/C:/Users/dell/Desktop/OOP作业/Teamwork/target/classes/assets/music/mainMenu.wav
03:10:56.844 [FXGL Background Thread 4 ] DEBUG FXGLAssetLoaderServi - Loading from file system: jar:file:///C:/Users/dell/.m2/repository/com/github/almasb/fxgl/17.2/fxgl-17.2.jar!/fxglassets/ui/fonts/Abel-Regular.ttf
03:10:56.857 [FXGL Background Thread 4 ] DEBUG FXGLAssetLoaderServi - Loading from file system: jar:file:///C:/Users/dell/.m2/repository/com/github/almasb/fxgl/17.2/fxgl-17.2.jar!/fxglassets/ui/fonts/TerminalLandMono-Regular.otf
03:10:56.860 [FXGL Background Thread 4 ] DEBUG FXGLAssetLoaderServi - Loading from file system: jar:file:///C:/Users/dell/.m2/repository/com/github/almasb/fxgl/17.2/fxgl-17.2.jar!/fxglassets/ui/fonts/Courier-Prime.ttf
03:10:56.907 [JavaFX Application Thread] DEBUG AudioPlayer          - Playing music com.almasb.fxgl.audio.Music@243be713
03:10:56.908 [JavaFX Application Thread] DEBUG Input                - Clearing active input actions
03:10:56.911 [JavaFX Application Thread] DEBUG GameApplicationServi - Removing overlay from FXGLMainMenuDummyScene and adding to MainMenu
03:10:56.911 [JavaFX Application Thread] DEBUG PrimaryStageWindow   - FXGLMainMenuDummyScene -> MainMenu
03:10:56.957 [JavaFX Application Thread] WARN  FXGLAssetLoaderServi - Asset "/assets/sounds/mainMenuHover.wav" was not found!
03:10:56.958 [JavaFX Application Thread] WARN  FXGLAssetLoaderServi - Failed to load SOUND
03:10:56.962 [JavaFX Application Thread] DEBUG FXGLApplication      - Registering font factories with UI factory
03:10:57.410 [JavaFX Application Thread] WARN  FXGLAssetLoaderServi - Asset "/assets/sounds/select.wav" was not found!
03:10:57.411 [JavaFX Application Thread] WARN  FXGLAssetLoaderServi - Failed to load SOUND
03:10:57.411 [JavaFX Application Thread] DEBUG FXGLAssetLoaderServi - Loading from file system: file:/C:/Users/dell/Desktop/OOP作业/Teamwork/target/classes/assets/textures/ui/mainMenu/ZombieHand.png
03:10:57.421 [JavaFX Application Thread] DEBUG GameApplicationServi - Starting new game
03:10:57.421 [JavaFX Application Thread] DEBUG PrimaryStageWindow   - Pop state: MainMenu
03:10:57.421 [JavaFX Application Thread] DEBUG Input                - Clearing active input actions
03:10:57.422 [JavaFX Application Thread] DEBUG GameApplicationServi - Removing overlay from MainMenu and adding to FXGLMainMenuDummyScene
03:10:57.423 [JavaFX Application Thread] DEBUG PrimaryStageWindow   - FXGLMainMenuDummyScene <- MainMenu
03:10:57.423 [JavaFX Application Thread] DEBUG Input                - Clearing active input actions
03:10:57.426 [JavaFX Application Thread] DEBUG GameApplicationServi - Removing overlay from FXGLMainMenuDummyScene and adding to GameLoadingScene
03:10:57.426 [JavaFX Application Thread] DEBUG PrimaryStageWindow   - FXGLMainMenuDummyScene -> GameLoadingScene
03:10:57.426 [JavaFX Application Thread] DEBUG GameApplicationServi - Clearing previous game
03:10:57.426 [JavaFX Application Thread] DEBUG GameScene            - Clearing game scene
03:10:57.426 [JavaFX Application Thread] DEBUG GameWorld            - Clearing game world
03:10:57.427 [JavaFX Application Thread] DEBUG PhysicsWorld         - Clearing physics world
03:10:57.430 [FXGL Background Thread 4 ] DEBUG FXGLApplication      - Initializing game
03:10:57.438 [FXGL Background Thread 4 ] DEBUG FXGLAssetLoaderServi - Loading JSON from: file:/C:/Users/dell/Desktop/OOP作业/Teamwork/target/classes/assets/data/plant/Imitator.json
03:10:57.624 [FXGL Background Thread 4 ] DEBUG FXGLAssetLoaderServi - Loading JSON from: file:/C:/Users/dell/Desktop/OOP作业/Teamwork/target/classes/assets/levels/level1.json
03:10:57.634 [FXGL Background Thread 4 ] DEBUG FXGLAssetLoaderServi - Loading from file system: file:/C:/Users/dell/Desktop/OOP作业/Teamwork/target/classes/assets/textures/ui/choose/CherryBomb.png
03:10:57.636 [FXGL Background Thread 4 ] DEBUG FXGLAssetLoaderServi - Loading from file system: file:/C:/Users/dell/Desktop/OOP作业/Teamwork/target/classes/assets/textures/map/map1.jpg
03:10:57.683 [FXGL Background Thread 4 ] DEBUG FXGLAssetLoaderServi - Loading JSON from: file:/C:/Users/dell/Desktop/OOP作业/Teamwork/target/classes/assets/data/zombie/NormalZombie.json
03:10:57.694 [FXGL Background Thread 4 ] DEBUG FXGLAssetLoaderServi - Loading from file system: file:/C:/Users/dell/Desktop/OOP作业/Teamwork/target/classes/assets/textures/zombie/NormalZombie/ZombieShow/ZombieShow_0.png
03:10:57.695 [FXGL Background Thread 4 ] DEBUG FXGLAssetLoaderServi - Loading from file system: file:/C:/Users/dell/Desktop/OOP作业/Teamwork/target/classes/assets/textures/zombie/NormalZombie/ZombieShow/ZombieShow_1.png
03:10:57.696 [FXGL Background Thread 4 ] DEBUG FXGLAssetLoaderServi - Loading from file system: file:/C:/Users/dell/Desktop/OOP作业/Teamwork/target/classes/assets/textures/zombie/NormalZombie/ZombieShow/ZombieShow_2.png
03:10:57.697 [FXGL Background Thread 4 ] DEBUG FXGLAssetLoaderServi - Loading from file system: file:/C:/Users/dell/Desktop/OOP作业/Teamwork/target/classes/assets/textures/zombie/NormalZombie/ZombieShow/ZombieShow_3.png
03:10:57.697 [FXGL Background Thread 4 ] DEBUG FXGLAssetLoaderServi - Loading from file system: file:/C:/Users/dell/Desktop/OOP作业/Teamwork/target/classes/assets/textures/zombie/NormalZombie/ZombieShow/ZombieShow_4.png
03:10:57.708 [FXGL Background Thread 4 ] DEBUG FXGLAssetLoaderServi - Loading JSON from: file:/C:/Users/dell/Desktop/OOP作业/Teamwork/target/classes/assets/data/MapPoint.json
03:10:57.720 [FXGL Background Thread 4 ] INFO  FXGLApplication      - Game initialization took: 0.289 sec
03:10:57.720 [JavaFX Application Thread] DEBUG Input                - Clearing active input actions
03:10:57.724 [JavaFX Application Thread] DEBUG GameApplicationServi - Removing overlay from GameLoadingScene and adding to GameScene
03:10:57.724 [JavaFX Application Thread] DEBUG PrimaryStageWindow   - GameLoadingScene -> GameScene
03:10:57.748 [FXGL Background Thread 2 ] INFO  UpdaterService       - Your current version:  17.2
03:10:57.748 [FXGL Background Thread 2 ] INFO  UpdaterService       - Latest stable version: 17.3
03:10:59.648 [FXGL Background Thread 3 ] DEBUG Engine               - Logging environment variables
03:10:59.648 [FXGL Background Thread 3 ] DEBUG Engine               - achievements: []
03:10:59.648 [FXGL Background Thread 3 ] DEBUG Engine               - actualHeight: 533.0
03:10:59.648 [FXGL Background Thread 3 ] DEBUG Engine               - actualHeightProperty: ReadOnlyDoubleProperty [value: 533.0]
03:10:59.648 [FXGL Background Thread 3 ] DEBUG Engine               - actualWidth: 750.0
03:10:59.648 [FXGL Background Thread 3 ] DEBUG Engine               - actualWidthProperty: ReadOnlyDoubleProperty [value: 750.0]
03:10:59.648 [FXGL Background Thread 3 ] DEBUG Engine               - appIcon: logo.jpg
03:10:59.648 [FXGL Background Thread 3 ] DEBUG Engine               - applicationMode: DEVELOPER
03:10:59.648 [FXGL Background Thread 3 ] DEBUG Engine               - cSSList: [fxgl_dark.css]
03:10:59.648 [FXGL Background Thread 3 ] DEBUG Engine               - collisionDetectionStrategy: BRUTE_FORCE
03:10:59.648 [FXGL Background Thread 3 ] DEBUG Engine               - configClass: Optional.empty
03:10:59.648 [FXGL Background Thread 3 ] DEBUG Engine               - credits: []
03:10:59.649 [FXGL Background Thread 3 ] DEBUG Engine               - defaultCursor: CursorInfo(imageName=fxgl_default_cursor.png, hotspotX=7.0, hotspotY=6.0)
03:10:59.649 [FXGL Background Thread 3 ] DEBUG Engine               - devBBoxColorProperty: ObjectProperty [value: 0xff0000ff]
03:10:59.649 [FXGL Background Thread 3 ] DEBUG Engine               - devEnableDebugCameraProperty: BooleanProperty [value: false]
03:10:59.649 [FXGL Background Thread 3 ] DEBUG Engine               - devSensorColorProperty: ObjectProperty [value: 0xffff00ff]
03:10:59.649 [FXGL Background Thread 3 ] DEBUG Engine               - devShowBBoxProperty: BooleanProperty [value: false]
03:10:59.649 [FXGL Background Thread 3 ] DEBUG Engine               - devShowPositionProperty: BooleanProperty [value: false]
03:10:59.649 [FXGL Background Thread 3 ] DEBUG Engine               - enabledMenuItems: []
03:10:59.649 [FXGL Background Thread 3 ] DEBUG Engine               - engineServices: [class com.almasb.fxgl.app.services.FXGLAssetLoaderService, class com.almasb.fxgl.app.FXGLApplication$GameApplicationService, class com.almasb.fxgl.app.services.FXGLDialogService, class com.almasb.fxgl.app.services.IOTaskExecutorService, class com.almasb.fxgl.io.FileSystemService, class com.almasb.fxgl.localization.LocalizationService, class com.almasb.fxgl.app.services.SystemBundleService, class com.almasb.fxgl.profile.SaveLoadService, class com.almasb.fxgl.ui.FXGLUIFactoryServiceProvider, class com.almasb.fxgl.ui.FXGLDialogFactoryServiceProvider, class com.almasb.fxgl.audio.AudioPlayer, class com.almasb.fxgl.notification.impl.NotificationServiceProvider, class com.almasb.fxgl.achievement.AchievementService, class com.almasb.fxgl.cutscene.CutsceneService, class com.almasb.fxgl.minigames.MiniGameService, class com.almasb.fxgl.net.NetService, class com.almasb.fxgl.app.services.UpdaterService, class com.almasb.fxgl.dev.DevService]
03:10:59.649 [FXGL Background Thread 3 ] DEBUG Engine               - fontGame: Abel-Regular.ttf
03:10:59.649 [FXGL Background Thread 3 ] DEBUG Engine               - fontMono: TerminalLandMono-Regular.otf
03:10:59.649 [FXGL Background Thread 3 ] DEBUG Engine               - fontText: Courier-Prime.ttf
03:10:59.649 [FXGL Background Thread 3 ] DEBUG Engine               - fontUI: VarelaRound-Regular.ttf
03:10:59.649 [FXGL Background Thread 3 ] DEBUG Engine               - fullScreen: BooleanProperty [value: false]
03:10:59.650 [FXGL Background Thread 3 ] DEBUG Engine               - gameDifficulty: MEDIUM
03:10:59.650 [FXGL Background Thread 3 ] DEBUG Engine               - gameDifficultyProperty: ObjectProperty [value: MEDIUM]
03:10:59.650 [FXGL Background Thread 3 ] DEBUG Engine               - globalMusicVolume: 0.5
03:10:59.650 [FXGL Background Thread 3 ] DEBUG Engine               - globalMusicVolumeProperty: DoubleProperty [value: 0.5]
03:10:59.650 [FXGL Background Thread 3 ] DEBUG Engine               - globalSoundVolume: 0.5
03:10:59.650 [FXGL Background Thread 3 ] DEBUG Engine               - globalSoundVolumeProperty: DoubleProperty [value: 0.5]
03:10:59.650 [FXGL Background Thread 3 ] DEBUG Engine               - height: 533
03:10:59.650 [FXGL Background Thread 3 ] DEBUG Engine               - is3D: false
03:10:59.650 [FXGL Background Thread 3 ] DEBUG Engine               - isAndroid: false
03:10:59.650 [FXGL Background Thread 3 ] DEBUG Engine               - isBrowser: false
03:10:59.650 [FXGL Background Thread 3 ] DEBUG Engine               - isClickFeedbackEnabled: false
03:10:59.650 [FXGL Background Thread 3 ] DEBUG Engine               - isCloseConfirmation: false
03:10:59.650 [FXGL Background Thread 3 ] DEBUG Engine               - isDesktop: true
03:10:59.650 [FXGL Background Thread 3 ] DEBUG Engine               - isDeveloperMenuEnabled: false
03:10:59.650 [FXGL Background Thread 3 ] DEBUG Engine               - isEmbedded: false
03:10:59.650 [FXGL Background Thread 3 ] DEBUG Engine               - isEntityPreloadEnabled: true
03:10:59.650 [FXGL Background Thread 3 ] DEBUG Engine               - isExperimentalTiledLargeMap: false
03:10:59.650 [FXGL Background Thread 3 ] DEBUG Engine               - isFileSystemWriteAllowed: true
03:10:59.650 [FXGL Background Thread 3 ] DEBUG Engine               - isFullScreenAllowed: false
03:10:59.650 [FXGL Background Thread 3 ] DEBUG Engine               - isFullScreenFromStart: false
03:10:59.650 [FXGL Background Thread 3 ] DEBUG Engine               - isGameMenuEnabled: true
03:10:59.650 [FXGL Background Thread 3 ] DEBUG Engine               - isIOS: false
03:10:59.650 [FXGL Background Thread 3 ] DEBUG Engine               - isIntroEnabled: false
03:10:59.650 [FXGL Background Thread 3 ] DEBUG Engine               - isLinux: false
03:10:59.650 [FXGL Background Thread 3 ] DEBUG Engine               - isMac: false
03:10:59.650 [FXGL Background Thread 3 ] DEBUG Engine               - isMainMenuEnabled: true
03:10:59.650 [FXGL Background Thread 3 ] DEBUG Engine               - isManualResizeEnabled: false
03:10:59.650 [FXGL Background Thread 3 ] DEBUG Engine               - isMobile: false
03:10:59.650 [FXGL Background Thread 3 ] DEBUG Engine               - isNative: false
03:10:59.650 [FXGL Background Thread 3 ] DEBUG Engine               - isPauseMusicWhenMinimized: true
03:10:59.650 [FXGL Background Thread 3 ] DEBUG Engine               - isPreserveResizeRatio: false
03:10:59.650 [FXGL Background Thread 3 ] DEBUG Engine               - isProfilingEnabled: false
03:10:59.650 [FXGL Background Thread 3 ] DEBUG Engine               - isScaleAffectedOnResize: true
03:10:59.650 [FXGL Background Thread 3 ] DEBUG Engine               - isSingleStep: false
03:10:59.650 [FXGL Background Thread 3 ] DEBUG Engine               - isUserProfileEnabled: false
03:10:59.650 [FXGL Background Thread 3 ] DEBUG Engine               - isWindows: true
03:10:59.650 [FXGL Background Thread 3 ] DEBUG Engine               - language: ObjectProperty [value: ENGLISH]
03:10:59.650 [FXGL Background Thread 3 ] DEBUG Engine               - menuKey: ESCAPE
03:10:59.650 [FXGL Background Thread 3 ] DEBUG Engine               - mouseSensitivity: 0.2
03:10:59.650 [FXGL Background Thread 3 ] DEBUG Engine               - notificationViewClass: class com.almasb.fxgl.notification.view.XboxNotificationView
03:10:59.650 [FXGL Background Thread 3 ] DEBUG Engine               - pixelsPerMeter: 50.0
03:10:59.650 [FXGL Background Thread 3 ] DEBUG Engine               - platform: WINDOWS
03:10:59.650 [FXGL Background Thread 3 ] DEBUG Engine               - prefHeightProperty: ReadOnlyDoubleProperty [value: 533.0]
03:10:59.650 [FXGL Background Thread 3 ] DEBUG Engine               - prefWidthProperty: ReadOnlyDoubleProperty [value: 750.0]
03:10:59.650 [FXGL Background Thread 3 ] DEBUG Engine               - profileDir: profiles/
03:10:59.650 [FXGL Background Thread 3 ] DEBUG Engine               - profileName: StringProperty [value: DEFAULT]
03:10:59.650 [FXGL Background Thread 3 ] DEBUG Engine               - randomSeed: -1
03:10:59.651 [FXGL Background Thread 3 ] DEBUG Engine               - runtimeInfo: RuntimeInfo(platform=WINDOWS, version=17.2, build=20.08.2022 16.50)
03:10:59.651 [FXGL Background Thread 3 ] DEBUG Engine               - saveFileExt: sav
03:10:59.651 [FXGL Background Thread 3 ] DEBUG Engine               - scaledHeightProp$fxgl: DoubleProperty [bound, value: 533.0]
03:10:59.651 [FXGL Background Thread 3 ] DEBUG Engine               - scaledWidthProp$fxgl: DoubleProperty [bound, value: 750.0]
03:10:59.651 [FXGL Background Thread 3 ] DEBUG Engine               - sceneFactory: com.zrt.pvz.PVZApp$1@419fd765
03:10:59.651 [FXGL Background Thread 3 ] DEBUG Engine               - secondsIn24h: 60
03:10:59.651 [FXGL Background Thread 3 ] DEBUG Engine               - soundMenuBack: menu/back.wav
03:10:59.651 [FXGL Background Thread 3 ] DEBUG Engine               - soundMenuPress: menu/press.wav
03:10:59.651 [FXGL Background Thread 3 ] DEBUG Engine               - soundMenuSelect: menu/select.wav
03:10:59.651 [FXGL Background Thread 3 ] DEBUG Engine               - soundNotification: core/notification.wav
03:10:59.651 [FXGL Background Thread 3 ] DEBUG Engine               - stageStyle: DECORATED
03:10:59.651 [FXGL Background Thread 3 ] DEBUG Engine               - supportedLanguages: [ENGLISH, FRENCH, GERMAN, HUNGARIAN, RUSSIAN]
03:10:59.651 [FXGL Background Thread 3 ] DEBUG Engine               - ticksPerSecond: -1
03:10:59.651 [FXGL Background Thread 3 ] DEBUG Engine               - title: Plants Vs Zombies
03:10:59.651 [FXGL Background Thread 3 ] DEBUG Engine               - urlGithub: https://github.com/AlmasB/FXGL
03:10:59.651 [FXGL Background Thread 3 ] DEBUG Engine               - urlLeaderboard: http://fxgl-top.herokuapp.com/
03:10:59.651 [FXGL Background Thread 3 ] DEBUG Engine               - urlPOM: https://raw.githubusercontent.com/AlmasB/FXGL/release/README.md
03:10:59.651 [FXGL Background Thread 3 ] DEBUG Engine               - userAppClass: class com.zrt.pvz.PVZApp
03:10:59.651 [FXGL Background Thread 3 ] DEBUG Engine               - version: 0.0
03:10:59.651 [FXGL Background Thread 3 ] DEBUG Engine               - versionCheckDays: 7
03:10:59.651 [FXGL Background Thread 3 ] DEBUG Engine               - width: 750
03:10:59.651 [FXGL Background Thread 3 ] DEBUG Engine               - Logging services
03:10:59.651 [FXGL Background Thread 3 ] DEBUG Engine               - class com.almasb.fxgl.app.services.FXGLAssetLoaderService
03:10:59.651 [FXGL Background Thread 3 ] DEBUG Engine               - class com.almasb.fxgl.app.FXGLApplication$GameApplicationService
03:10:59.651 [FXGL Background Thread 3 ] DEBUG Engine               - class com.almasb.fxgl.app.services.FXGLDialogService
03:10:59.651 [FXGL Background Thread 3 ] DEBUG Engine               - class com.almasb.fxgl.app.services.IOTaskExecutorService
03:10:59.651 [FXGL Background Thread 3 ] DEBUG Engine               - class com.almasb.fxgl.io.FileSystemService
03:10:59.651 [FXGL Background Thread 3 ] DEBUG Engine               - class com.almasb.fxgl.localization.LocalizationService
03:10:59.651 [FXGL Background Thread 3 ] DEBUG Engine               - class com.almasb.fxgl.app.services.SystemBundleService
03:10:59.651 [FXGL Background Thread 3 ] DEBUG Engine               - class com.almasb.fxgl.profile.SaveLoadService
03:10:59.651 [FXGL Background Thread 3 ] DEBUG Engine               - class com.almasb.fxgl.ui.FXGLUIFactoryServiceProvider
03:10:59.651 [FXGL Background Thread 3 ] DEBUG Engine               - class com.almasb.fxgl.ui.FXGLDialogFactoryServiceProvider
03:10:59.651 [FXGL Background Thread 3 ] DEBUG Engine               - class com.almasb.fxgl.audio.AudioPlayer
03:10:59.651 [FXGL Background Thread 3 ] DEBUG Engine               - class com.almasb.fxgl.notification.impl.NotificationServiceProvider
03:10:59.651 [FXGL Background Thread 3 ] DEBUG Engine               - class com.almasb.fxgl.achievement.AchievementService
03:10:59.651 [FXGL Background Thread 3 ] DEBUG Engine               - class com.almasb.fxgl.cutscene.CutsceneService
03:10:59.651 [FXGL Background Thread 3 ] DEBUG Engine               - class com.almasb.fxgl.minigames.MiniGameService
03:10:59.651 [FXGL Background Thread 3 ] DEBUG Engine               - class com.almasb.fxgl.net.NetService
03:10:59.651 [FXGL Background Thread 3 ] DEBUG Engine               - class com.almasb.fxgl.app.services.UpdaterService
03:10:59.651 [FXGL Background Thread 3 ] DEBUG Engine               - class com.almasb.fxgl.dev.DevService
03:11:01.980 [JavaFX Application Thread] DEBUG FXGLAssetLoaderServi - Loading from file system: file:/C:/Users/dell/Desktop/OOP作业/Teamwork/target/classes/assets/textures/ui/choose/chosenBg.png
03:11:01.989 [JavaFX Application Thread] DEBUG FXGLAssetLoaderServi - Loading from file system: file:/C:/Users/dell/Desktop/OOP作业/Teamwork/target/classes/assets/textures/ui/choose/ChoosePlant.png
03:11:02.001 [JavaFX Application Thread] DEBUG FXGLAssetLoaderServi - Loading JSON from: file:/C:/Users/dell/Desktop/OOP作业/Teamwork/target/classes/assets/data/plant/SunFlower.json
03:11:02.008 [JavaFX Application Thread] DEBUG FXGLAssetLoaderServi - Loading from file system: file:/C:/Users/dell/Desktop/OOP作业/Teamwork/target/classes/assets/textures/ui/choose/SunFlower.png
03:11:02.012 [JavaFX Application Thread] DEBUG FXGLAssetLoaderServi - Loading JSON from: file:/C:/Users/dell/Desktop/OOP作业/Teamwork/target/classes/assets/data/plant/PeaShooter.json
03:11:02.017 [JavaFX Application Thread] DEBUG FXGLAssetLoaderServi - Loading from file system: file:/C:/Users/dell/Desktop/OOP作业/Teamwork/target/classes/assets/textures/ui/choose/PeaShooter.png
03:11:02.019 [JavaFX Application Thread] DEBUG FXGLAssetLoaderServi - Loading JSON from: file:/C:/Users/dell/Desktop/OOP作业/Teamwork/target/classes/assets/data/plant/CherryBomb.json
03:11:02.026 [JavaFX Application Thread] DEBUG FXGLAssetLoaderServi - Loading JSON from: file:/C:/Users/dell/Desktop/OOP作业/Teamwork/target/classes/assets/data/plant/WallNut.json
03:11:02.031 [JavaFX Application Thread] DEBUG FXGLAssetLoaderServi - Loading from file system: file:/C:/Users/dell/Desktop/OOP作业/Teamwork/target/classes/assets/textures/ui/choose/WallNut.png
03:11:02.032 [JavaFX Application Thread] DEBUG FXGLAssetLoaderServi - Loading JSON from: file:/C:/Users/dell/Desktop/OOP作业/Teamwork/target/classes/assets/data/plant/PotatoMine.json
03:11:02.037 [JavaFX Application Thread] DEBUG FXGLAssetLoaderServi - Loading from file system: file:/C:/Users/dell/Desktop/OOP作业/Teamwork/target/classes/assets/textures/ui/choose/PotatoMine.png
03:11:02.040 [JavaFX Application Thread] DEBUG FXGLAssetLoaderServi - Loading JSON from: file:/C:/Users/dell/Desktop/OOP作业/Teamwork/target/classes/assets/data/plant/SnowPea.json
03:11:02.043 [JavaFX Application Thread] DEBUG FXGLAssetLoaderServi - Loading from file system: file:/C:/Users/dell/Desktop/OOP作业/Teamwork/target/classes/assets/textures/ui/choose/SnowPea.png
03:11:02.044 [JavaFX Application Thread] DEBUG FXGLAssetLoaderServi - Loading JSON from: file:/C:/Users/dell/Desktop/OOP作业/Teamwork/target/classes/assets/data/plant/Chomper.json
03:11:02.047 [JavaFX Application Thread] DEBUG FXGLAssetLoaderServi - Loading from file system: file:/C:/Users/dell/Desktop/OOP作业/Teamwork/target/classes/assets/textures/ui/choose/Chomper.png
03:11:02.049 [JavaFX Application Thread] DEBUG FXGLAssetLoaderServi - Loading JSON from: file:/C:/Users/dell/Desktop/OOP作业/Teamwork/target/classes/assets/data/plant/RepeaterPea.json
03:11:02.053 [JavaFX Application Thread] DEBUG FXGLAssetLoaderServi - Loading from file system: file:/C:/Users/dell/Desktop/OOP作业/Teamwork/target/classes/assets/textures/ui/choose/RepeaterPea.png
03:11:02.055 [JavaFX Application Thread] DEBUG FXGLAssetLoaderServi - Loading JSON from: file:/C:/Users/dell/Desktop/OOP作业/Teamwork/target/classes/assets/data/plant/PuffShroom.json
03:11:02.059 [JavaFX Application Thread] DEBUG FXGLAssetLoaderServi - Loading from file system: file:/C:/Users/dell/Desktop/OOP作业/Teamwork/target/classes/assets/textures/ui/choose/PuffShroom.png
03:11:02.060 [JavaFX Application Thread] DEBUG FXGLAssetLoaderServi - Loading JSON from: file:/C:/Users/dell/Desktop/OOP作业/Teamwork/target/classes/assets/data/plant/FumeShroom.json
03:11:02.064 [JavaFX Application Thread] DEBUG FXGLAssetLoaderServi - Loading from file system: file:/C:/Users/dell/Desktop/OOP作业/Teamwork/target/classes/assets/textures/ui/choose/FumeShroom.png
03:11:02.065 [JavaFX Application Thread] DEBUG FXGLAssetLoaderServi - Loading JSON from: file:/C:/Users/dell/Desktop/OOP作业/Teamwork/target/classes/assets/data/plant/SunShroom.json
03:11:05.708 [JavaFX Application Thread] DEBUG AudioPlayer          - Pausing music com.almasb.fxgl.audio.Music@243be713
03:11:05.709 [JavaFX Application Thread] DEBUG LoopRunner           - Pausing loop
03:11:21.346 [JavaFX Application Thread] DEBUG LoopRunner           - Resuming loop
03:11:21.346 [JavaFX Application Thread] DEBUG AudioPlayer          - Resuming music com.almasb.fxgl.audio.Music@243be713
03:11:25.405 [JavaFX Application Thread] DEBUG FXGLAssetLoaderServi - Loading JSON from: file:/C:/Users/dell/Desktop/OOP作业/Teamwork/target/classes/assets/data/plant/SunFlower.json
03:11:25.725 [JavaFX Application Thread] DEBUG FXGLAssetLoaderServi - Loading JSON from: file:/C:/Users/dell/Desktop/OOP作业/Teamwork/target/classes/assets/data/plant/SunFlower.json
03:11:25.728 [JavaFX Application Thread] DEBUG FXGLAssetLoaderServi - Loading JSON from: file:/C:/Users/dell/Desktop/OOP作业/Teamwork/target/classes/assets/data/plant/PeaShooter.json
03:11:26.029 [JavaFX Application Thread] DEBUG FXGLAssetLoaderServi - Loading JSON from: file:/C:/Users/dell/Desktop/OOP作业/Teamwork/target/classes/assets/data/plant/SunFlower.json
03:11:26.032 [JavaFX Application Thread] DEBUG FXGLAssetLoaderServi - Loading JSON from: file:/C:/Users/dell/Desktop/OOP作业/Teamwork/target/classes/assets/data/plant/PeaShooter.json
03:11:26.034 [JavaFX Application Thread] DEBUG FXGLAssetLoaderServi - Loading JSON from: file:/C:/Users/dell/Desktop/OOP作业/Teamwork/target/classes/assets/data/plant/CherryBomb.json
03:11:27.034 [JavaFX Application Thread] DEBUG FXGLApplication      - Exiting FXGL
03:11:27.034 [JavaFX Application Thread] DEBUG LoopRunner           - Stopping loop
03:11:27.034 [JavaFX Application Thread] DEBUG SystemBundleService  - Saving FXGL system data
03:11:27.036 [JavaFX Application Thread] DEBUG FileSystemAccess     - Writing to: C:\Users\dell\Desktop\OOP作业\Teamwork\system\fxgl.bundle
03:11:27.036 [JavaFX Application Thread] DEBUG Async                - Shutting down background threads
03:11:27.037 [JavaFX Application Thread] DEBUG PrimaryStageWindow   - Closing main window
03:11:27.085 [JavaFX Application Thread] DEBUG Logger               - Closing Logger
