19:52:56.187 [main                     ] DEBUG Logger               - Configured Logger
19:52:56.215 [main                     ] DEBUG GameApplication      - Logging settings
Title: Plants Vs Zombies
Version: 0.0
Width: 750
Height: 533
Fullscreen: false
Intro: false
Profiling: false
Single step:false
App Mode: DEVELOPER
Menu Key: ESCAPE
Stage Style: DECORATED
Scene Factory: class com.zrt.pvz.PVZApp$1

19:52:57.770 [JavaFX Application Thread] DEBUG FXGLApplication      - Initializing FXGL
19:52:57.775 [JavaFX Application Thread] INFO  Engine               - FXGL-17.2 (20.08.2022 16.50) on WINDOWS (J:20.0.1 FX:20.0.1)
19:52:57.775 [JavaFX Application Thread] DEBUG Engine               - JRE Vendor Name: Oracle Corporation
19:52:57.776 [JavaFX Application Thread] DEBUG Engine               - Running on OS: Windows 11 version 10.0
19:52:57.776 [JavaFX Application Thread] DEBUG Engine               - Architecture: amd64
19:52:57.776 [JavaFX Application Thread] INFO  Engine               - Source code and latest versions at: https://github.com/AlmasB/FXGL
19:52:57.776 [JavaFX Application Thread] INFO  Engine               -       Ask questions and discuss at: https://github.com/AlmasB/FXGL/discussions
19:52:57.776 [JavaFX Application Thread] INFO  Engine               -              Join the FXGL chat at: https://gitter.im/AlmasB/FXGL
19:52:57.978 [JavaFX Application Thread] DEBUG PrimaryStageWindow   - Creating a JavaFX scene
19:52:58.054 [JavaFX Application Thread] DEBUG PrimaryStageWindow   - Target settings size: 750.0 x 533.0
19:52:58.055 [JavaFX Application Thread] DEBUG PrimaryStageWindow   - Scaled scene size:    750.0 x 533.0
19:52:58.055 [JavaFX Application Thread] DEBUG PrimaryStageWindow   - Scaled ratio: (1.0, 1.0)
19:52:58.056 [JavaFX Application Thread] DEBUG PrimaryStageWindow   - Set initial scene to GameStartupScene
19:52:58.059 [JavaFX Application Thread] DEBUG PrimaryStageWindow   - Opening main window
19:52:58.520 [JavaFX Application Thread] DEBUG PrimaryStageWindow   - Window border size: (14.79998779296875, 38.20001220703125)
19:52:58.520 [JavaFX Application Thread] DEBUG PrimaryStageWindow   - Scaled size: 750.0 x 533.0
19:52:58.520 [JavaFX Application Thread] DEBUG PrimaryStageWindow   - Scaled ratio: (1.0, 1.0)
19:52:58.520 [JavaFX Application Thread] DEBUG PrimaryStageWindow   - Scene size: 750.0 x 533.0
19:52:58.520 [JavaFX Application Thread] DEBUG PrimaryStageWindow   - Stage size: 764.7999877929688 x 571.2000122070312
19:52:58.529 [FXGL Background Thread 1 ] DEBUG Engine               - Initializing environment variables
19:52:58.573 [FXGL Background Thread 1 ] DEBUG FXGLAssetLoaderServi - User app class for loading assets: class com.zrt.pvz.PVZApp
19:52:58.573 [FXGL Background Thread 1 ] DEBUG GameApplicationServi - Applying CSS: fxgl_dark.css
19:52:58.575 [FXGL Background Thread 1 ] DEBUG FXGLAssetLoaderServi - Loading from file system: jar:file:///C:/Users/dell/.m2/repository/com/github/almasb/fxgl/17.2/fxgl-17.2.jar!/fxglassets/ui/css/fxgl_dark.css
19:52:58.591 [FXGL Background Thread 1 ] DEBUG GameApplicationServi - Initializing application scenes
19:52:58.598 [FXGL Background Thread 1 ] DEBUG FXGLAssetLoaderServi - Loading from file system: file:/C:/Users/dell/Desktop/OOP作业/Teamwork/target/classes/assets/textures/map/map1LoadingBG.jpg
19:52:58.663 [FXGL Background Thread 1 ] DEBUG GameWorld            - Game world initialized
19:52:58.721 [FXGL Background Thread 1 ] DEBUG PhysicsWorld         - Physics world initialized: appHeight=533, physics.ppm=50.0
19:52:58.722 [FXGL Background Thread 1 ] DEBUG PhysicsWorld         - Using strategy: BRUTE_FORCE
19:52:58.725 [FXGL Background Thread 1 ] DEBUG GameScene            - Game scene initialized: 750x533
19:52:58.742 [FXGL Background Thread 1 ] DEBUG FXGLAssetLoaderServi - Loading from file system: file:/C:/Users/dell/Desktop/OOP作业/Teamwork/target/classes/assets/textures/ui/mainMenu/bg.png
19:52:58.785 [FXGL Background Thread 1 ] DEBUG FXGLAssetLoaderServi - Loading from file system: file:/C:/Users/dell/Desktop/OOP作业/Teamwork/target/classes/assets/textures/ui/mainMenu/puzzle.png
19:52:58.799 [FXGL Background Thread 1 ] DEBUG FXGLAssetLoaderServi - Loading from file system: file:/C:/Users/dell/Desktop/OOP作业/Teamwork/target/classes/assets/textures/ui/mainMenu/userBoard.png
19:52:58.814 [FXGL Background Thread 1 ] DEBUG FXGLAssetLoaderServi - Loading from file system: file:/C:/Users/dell/Desktop/OOP作业/Teamwork/target/classes/assets/textures/ui/gameMenu/Menu.png
19:52:58.825 [FXGL Background Thread 1 ] DEBUG GameApplicationServi - Application scenes initialized
19:52:58.837 [FXGL Background Thread 1 ] DEBUG SystemBundleService  - Loading FXGL system data
19:52:58.838 [FXGL Background Thread 1 ] DEBUG FileSystemAccess     - Reading from: C:\Users\dell\Desktop\OOP作业\Teamwork\system\fxgl.bundle
19:52:58.843 [FXGL Background Thread 1 ] DEBUG SystemBundleService  - Bundle FXGL: {}
19:52:58.843 [FXGL Background Thread 1 ] DEBUG UpdaterService       - Checking for updates
19:52:58.848 [FXGL Background Thread 4 ] DEBUG FXGLApplication      - Loading fonts
19:52:58.849 [FXGL Background Thread 1 ] DEBUG FXGLApplication      - Loading default localization
19:52:58.849 [FXGL Background Thread 4 ] DEBUG FXGLAssetLoaderServi - Loading from file system: jar:file:///C:/Users/dell/.m2/repository/com/github/almasb/fxgl/17.2/fxgl-17.2.jar!/fxglassets/ui/fonts/VarelaRound-Regular.ttf
19:52:58.849 [FXGL Background Thread 1 ] DEBUG FXGLAssetLoaderServi - Loading from file system: jar:file:///C:/Users/dell/.m2/repository/com/github/almasb/fxgl/17.2/fxgl-17.2.jar!/fxglassets/languages/english.lang
19:52:58.880 [FXGL Background Thread 1 ] INFO  FXGLApplication      - FXGL initialization took: 0.350 sec
19:52:58.882 [JavaFX Application Thread] DEBUG FXGLAssetLoaderServi - Loading from file system: file:/C:/Users/dell/Desktop/OOP作业/Teamwork/target/classes/assets/textures/logo.jpg
19:52:58.893 [JavaFX Application Thread] DEBUG FXGLAssetLoaderServi - Loading from file system: jar:file:///C:/Users/dell/.m2/repository/com/github/almasb/fxgl/17.2/fxgl-17.2.jar!/fxglassets/textures/fxgl_default_cursor.png
19:52:58.905 [JavaFX Application Thread] DEBUG Input                - Registered new binding: Screenshot - CTRL+8
19:52:58.905 [JavaFX Application Thread] DEBUG Input                - Registered new binding: System info dump - CTRL+9
19:52:58.905 [JavaFX Application Thread] DEBUG Input                - Registered new binding: Restart - CTRL+R
19:52:58.907 [JavaFX Application Thread] DEBUG Input                - Registered new binding: Toggle Debug Camera - CTRL+7
19:52:58.911 [JavaFX Application Thread] DEBUG LoopRunner           - Starting loop
19:52:58.911 [JavaFX Application Thread] DEBUG LoopRunner           - Initializing JavaFX AnimationTimerLoop
19:52:58.917 [JavaFX Application Thread] DEBUG Input                - Clearing active input actions
19:52:58.930 [JavaFX Application Thread] DEBUG GameApplicationServi - Removing overlay from GameStartupScene and adding to FXGLMainMenuDummyScene
19:52:58.930 [JavaFX Application Thread] DEBUG PrimaryStageWindow   - GameStartupScene -> FXGLMainMenuDummyScene
19:52:58.931 [JavaFX Application Thread] DEBUG PrimaryStageWindow   - Push state: MainMenu
19:52:58.931 [JavaFX Application Thread] DEBUG FXGLAssetLoaderServi - Loading from file system: file:/C:/Users/dell/Desktop/OOP作业/Teamwork/target/classes/assets/music/mainMenu.wav
19:52:58.990 [FXGL Background Thread 4 ] DEBUG FXGLAssetLoaderServi - Loading from file system: jar:file:///C:/Users/dell/.m2/repository/com/github/almasb/fxgl/17.2/fxgl-17.2.jar!/fxglassets/ui/fonts/Abel-Regular.ttf
19:52:58.993 [FXGL Background Thread 4 ] DEBUG FXGLAssetLoaderServi - Loading from file system: jar:file:///C:/Users/dell/.m2/repository/com/github/almasb/fxgl/17.2/fxgl-17.2.jar!/fxglassets/ui/fonts/TerminalLandMono-Regular.otf
19:52:58.996 [FXGL Background Thread 4 ] DEBUG FXGLAssetLoaderServi - Loading from file system: jar:file:///C:/Users/dell/.m2/repository/com/github/almasb/fxgl/17.2/fxgl-17.2.jar!/fxglassets/ui/fonts/Courier-Prime.ttf
19:52:59.136 [JavaFX Application Thread] DEBUG AudioPlayer          - Playing music com.almasb.fxgl.audio.Music@106cc481
19:52:59.137 [JavaFX Application Thread] DEBUG Input                - Clearing active input actions
19:52:59.140 [JavaFX Application Thread] DEBUG GameApplicationServi - Removing overlay from FXGLMainMenuDummyScene and adding to MainMenu
19:52:59.140 [JavaFX Application Thread] DEBUG PrimaryStageWindow   - FXGLMainMenuDummyScene -> MainMenu
19:52:59.178 [JavaFX Application Thread] DEBUG FXGLApplication      - Registering font factories with UI factory
19:53:00.640 [FXGL Background Thread 2 ] INFO  UpdaterService       - Your current version:  17.2
19:53:00.640 [FXGL Background Thread 2 ] INFO  UpdaterService       - Latest stable version: 17.3
19:53:01.849 [FXGL Background Thread 3 ] DEBUG Engine               - Logging environment variables
19:53:01.849 [FXGL Background Thread 3 ] DEBUG Engine               - achievements: []
19:53:01.849 [FXGL Background Thread 3 ] DEBUG Engine               - actualHeight: 533.0
19:53:01.849 [FXGL Background Thread 3 ] DEBUG Engine               - actualHeightProperty: ReadOnlyDoubleProperty [value: 533.0]
19:53:01.849 [FXGL Background Thread 3 ] DEBUG Engine               - actualWidth: 750.0
19:53:01.849 [FXGL Background Thread 3 ] DEBUG Engine               - actualWidthProperty: ReadOnlyDoubleProperty [value: 750.0]
19:53:01.849 [FXGL Background Thread 3 ] DEBUG Engine               - appIcon: logo.jpg
19:53:01.849 [FXGL Background Thread 3 ] DEBUG Engine               - applicationMode: DEVELOPER
19:53:01.849 [FXGL Background Thread 3 ] DEBUG Engine               - cSSList: [fxgl_dark.css]
19:53:01.849 [FXGL Background Thread 3 ] DEBUG Engine               - collisionDetectionStrategy: BRUTE_FORCE
19:53:01.850 [FXGL Background Thread 3 ] DEBUG Engine               - configClass: Optional.empty
19:53:01.850 [FXGL Background Thread 3 ] DEBUG Engine               - credits: []
19:53:01.850 [FXGL Background Thread 3 ] DEBUG Engine               - defaultCursor: CursorInfo(imageName=fxgl_default_cursor.png, hotspotX=7.0, hotspotY=6.0)
19:53:01.850 [FXGL Background Thread 3 ] DEBUG Engine               - devBBoxColorProperty: ObjectProperty [value: 0xff0000ff]
19:53:01.850 [FXGL Background Thread 3 ] DEBUG Engine               - devEnableDebugCameraProperty: BooleanProperty [value: false]
19:53:01.850 [FXGL Background Thread 3 ] DEBUG Engine               - devSensorColorProperty: ObjectProperty [value: 0xffff00ff]
19:53:01.850 [FXGL Background Thread 3 ] DEBUG Engine               - devShowBBoxProperty: BooleanProperty [value: false]
19:53:01.850 [FXGL Background Thread 3 ] DEBUG Engine               - devShowPositionProperty: BooleanProperty [value: false]
19:53:01.850 [FXGL Background Thread 3 ] DEBUG Engine               - enabledMenuItems: []
19:53:01.850 [FXGL Background Thread 3 ] DEBUG Engine               - engineServices: [class com.almasb.fxgl.app.services.FXGLAssetLoaderService, class com.almasb.fxgl.app.FXGLApplication$GameApplicationService, class com.almasb.fxgl.app.services.FXGLDialogService, class com.almasb.fxgl.app.services.IOTaskExecutorService, class com.almasb.fxgl.io.FileSystemService, class com.almasb.fxgl.localization.LocalizationService, class com.almasb.fxgl.app.services.SystemBundleService, class com.almasb.fxgl.profile.SaveLoadService, class com.almasb.fxgl.ui.FXGLUIFactoryServiceProvider, class com.almasb.fxgl.ui.FXGLDialogFactoryServiceProvider, class com.almasb.fxgl.audio.AudioPlayer, class com.almasb.fxgl.notification.impl.NotificationServiceProvider, class com.almasb.fxgl.achievement.AchievementService, class com.almasb.fxgl.cutscene.CutsceneService, class com.almasb.fxgl.minigames.MiniGameService, class com.almasb.fxgl.net.NetService, class com.almasb.fxgl.app.services.UpdaterService, class com.almasb.fxgl.dev.DevService]
19:53:01.850 [FXGL Background Thread 3 ] DEBUG Engine               - fontGame: Abel-Regular.ttf
19:53:01.850 [FXGL Background Thread 3 ] DEBUG Engine               - fontMono: TerminalLandMono-Regular.otf
19:53:01.850 [FXGL Background Thread 3 ] DEBUG Engine               - fontText: Courier-Prime.ttf
19:53:01.850 [FXGL Background Thread 3 ] DEBUG Engine               - fontUI: VarelaRound-Regular.ttf
19:53:01.851 [FXGL Background Thread 3 ] DEBUG Engine               - fullScreen: BooleanProperty [value: false]
19:53:01.851 [FXGL Background Thread 3 ] DEBUG Engine               - gameDifficulty: MEDIUM
19:53:01.851 [FXGL Background Thread 3 ] DEBUG Engine               - gameDifficultyProperty: ObjectProperty [value: MEDIUM]
19:53:01.851 [FXGL Background Thread 3 ] DEBUG Engine               - globalMusicVolume: 0.5
19:53:01.851 [FXGL Background Thread 3 ] DEBUG Engine               - globalMusicVolumeProperty: DoubleProperty [value: 0.5]
19:53:01.851 [FXGL Background Thread 3 ] DEBUG Engine               - globalSoundVolume: 0.5
19:53:01.851 [FXGL Background Thread 3 ] DEBUG Engine               - globalSoundVolumeProperty: DoubleProperty [value: 0.5]
19:53:01.851 [FXGL Background Thread 3 ] DEBUG Engine               - height: 533
19:53:01.851 [FXGL Background Thread 3 ] DEBUG Engine               - is3D: false
19:53:01.851 [FXGL Background Thread 3 ] DEBUG Engine               - isAndroid: false
19:53:01.851 [FXGL Background Thread 3 ] DEBUG Engine               - isBrowser: false
19:53:01.851 [FXGL Background Thread 3 ] DEBUG Engine               - isClickFeedbackEnabled: false
19:53:01.851 [FXGL Background Thread 3 ] DEBUG Engine               - isCloseConfirmation: false
19:53:01.851 [FXGL Background Thread 3 ] DEBUG Engine               - isDesktop: true
19:53:01.851 [FXGL Background Thread 3 ] DEBUG Engine               - isDeveloperMenuEnabled: false
19:53:01.851 [FXGL Background Thread 3 ] DEBUG Engine               - isEmbedded: false
19:53:01.851 [FXGL Background Thread 3 ] DEBUG Engine               - isEntityPreloadEnabled: true
19:53:01.851 [FXGL Background Thread 3 ] DEBUG Engine               - isExperimentalTiledLargeMap: false
19:53:01.851 [FXGL Background Thread 3 ] DEBUG Engine               - isFileSystemWriteAllowed: true
19:53:01.851 [FXGL Background Thread 3 ] DEBUG Engine               - isFullScreenAllowed: false
19:53:01.851 [FXGL Background Thread 3 ] DEBUG Engine               - isFullScreenFromStart: false
19:53:01.851 [FXGL Background Thread 3 ] DEBUG Engine               - isGameMenuEnabled: true
19:53:01.851 [FXGL Background Thread 3 ] DEBUG Engine               - isIOS: false
19:53:01.851 [FXGL Background Thread 3 ] DEBUG Engine               - isIntroEnabled: false
19:53:01.851 [FXGL Background Thread 3 ] DEBUG Engine               - isLinux: false
19:53:01.851 [FXGL Background Thread 3 ] DEBUG Engine               - isMac: false
19:53:01.851 [FXGL Background Thread 3 ] DEBUG Engine               - isMainMenuEnabled: true
19:53:01.851 [FXGL Background Thread 3 ] DEBUG Engine               - isManualResizeEnabled: false
19:53:01.851 [FXGL Background Thread 3 ] DEBUG Engine               - isMobile: false
19:53:01.851 [FXGL Background Thread 3 ] DEBUG Engine               - isNative: false
19:53:01.851 [FXGL Background Thread 3 ] DEBUG Engine               - isPauseMusicWhenMinimized: true
19:53:01.851 [FXGL Background Thread 3 ] DEBUG Engine               - isPreserveResizeRatio: false
19:53:01.851 [FXGL Background Thread 3 ] DEBUG Engine               - isProfilingEnabled: false
19:53:01.851 [FXGL Background Thread 3 ] DEBUG Engine               - isScaleAffectedOnResize: true
19:53:01.851 [FXGL Background Thread 3 ] DEBUG Engine               - isSingleStep: false
19:53:01.851 [FXGL Background Thread 3 ] DEBUG Engine               - isUserProfileEnabled: false
19:53:01.852 [FXGL Background Thread 3 ] DEBUG Engine               - isWindows: true
19:53:01.852 [FXGL Background Thread 3 ] DEBUG Engine               - language: ObjectProperty [value: ENGLISH]
19:53:01.852 [FXGL Background Thread 3 ] DEBUG Engine               - menuKey: ESCAPE
19:53:01.852 [FXGL Background Thread 3 ] DEBUG Engine               - mouseSensitivity: 0.2
19:53:01.852 [FXGL Background Thread 3 ] DEBUG Engine               - notificationViewClass: class com.almasb.fxgl.notification.view.XboxNotificationView
19:53:01.852 [FXGL Background Thread 3 ] DEBUG Engine               - pixelsPerMeter: 50.0
19:53:01.852 [FXGL Background Thread 3 ] DEBUG Engine               - platform: WINDOWS
19:53:01.852 [FXGL Background Thread 3 ] DEBUG Engine               - prefHeightProperty: ReadOnlyDoubleProperty [value: 533.0]
19:53:01.852 [FXGL Background Thread 3 ] DEBUG Engine               - prefWidthProperty: ReadOnlyDoubleProperty [value: 750.0]
19:53:01.852 [FXGL Background Thread 3 ] DEBUG Engine               - profileDir: profiles/
19:53:01.852 [FXGL Background Thread 3 ] DEBUG Engine               - profileName: StringProperty [value: DEFAULT]
19:53:01.852 [FXGL Background Thread 3 ] DEBUG Engine               - randomSeed: -1
19:53:01.852 [FXGL Background Thread 3 ] DEBUG Engine               - runtimeInfo: RuntimeInfo(platform=WINDOWS, version=17.2, build=20.08.2022 16.50)
19:53:01.852 [FXGL Background Thread 3 ] DEBUG Engine               - saveFileExt: sav
19:53:01.852 [FXGL Background Thread 3 ] DEBUG Engine               - scaledHeightProp$fxgl: DoubleProperty [bound, value: 533.0]
19:53:01.852 [FXGL Background Thread 3 ] DEBUG Engine               - scaledWidthProp$fxgl: DoubleProperty [bound, value: 750.0]
19:53:01.852 [FXGL Background Thread 3 ] DEBUG Engine               - sceneFactory: com.zrt.pvz.PVZApp$1@6ddc8d7e
19:53:01.852 [FXGL Background Thread 3 ] DEBUG Engine               - secondsIn24h: 60
19:53:01.852 [FXGL Background Thread 3 ] DEBUG Engine               - soundMenuBack: menu/back.wav
19:53:01.852 [FXGL Background Thread 3 ] DEBUG Engine               - soundMenuPress: menu/press.wav
19:53:01.852 [FXGL Background Thread 3 ] DEBUG Engine               - soundMenuSelect: menu/select.wav
19:53:01.852 [FXGL Background Thread 3 ] DEBUG Engine               - soundNotification: core/notification.wav
19:53:01.852 [FXGL Background Thread 3 ] DEBUG Engine               - stageStyle: DECORATED
19:53:01.852 [FXGL Background Thread 3 ] DEBUG Engine               - supportedLanguages: [ENGLISH, FRENCH, GERMAN, HUNGARIAN, RUSSIAN]
19:53:01.852 [FXGL Background Thread 3 ] DEBUG Engine               - ticksPerSecond: -1
19:53:01.852 [FXGL Background Thread 3 ] DEBUG Engine               - title: Plants Vs Zombies
19:53:01.852 [FXGL Background Thread 3 ] DEBUG Engine               - urlGithub: https://github.com/AlmasB/FXGL
19:53:01.852 [FXGL Background Thread 3 ] DEBUG Engine               - urlLeaderboard: http://fxgl-top.herokuapp.com/
19:53:01.852 [FXGL Background Thread 3 ] DEBUG Engine               - urlPOM: https://raw.githubusercontent.com/AlmasB/FXGL/release/README.md
19:53:01.852 [FXGL Background Thread 3 ] DEBUG Engine               - userAppClass: class com.zrt.pvz.PVZApp
19:53:01.852 [FXGL Background Thread 3 ] DEBUG Engine               - version: 0.0
19:53:01.852 [FXGL Background Thread 3 ] DEBUG Engine               - versionCheckDays: 7
19:53:01.852 [FXGL Background Thread 3 ] DEBUG Engine               - width: 750
19:53:01.852 [FXGL Background Thread 3 ] DEBUG Engine               - Logging services
19:53:01.852 [FXGL Background Thread 3 ] DEBUG Engine               - class com.almasb.fxgl.app.services.FXGLAssetLoaderService
19:53:01.852 [FXGL Background Thread 3 ] DEBUG Engine               - class com.almasb.fxgl.app.FXGLApplication$GameApplicationService
19:53:01.852 [FXGL Background Thread 3 ] DEBUG Engine               - class com.almasb.fxgl.app.services.FXGLDialogService
19:53:01.852 [FXGL Background Thread 3 ] DEBUG Engine               - class com.almasb.fxgl.app.services.IOTaskExecutorService
19:53:01.852 [FXGL Background Thread 3 ] DEBUG Engine               - class com.almasb.fxgl.io.FileSystemService
19:53:01.853 [FXGL Background Thread 3 ] DEBUG Engine               - class com.almasb.fxgl.localization.LocalizationService
19:53:01.853 [FXGL Background Thread 3 ] DEBUG Engine               - class com.almasb.fxgl.app.services.SystemBundleService
19:53:01.853 [FXGL Background Thread 3 ] DEBUG Engine               - class com.almasb.fxgl.profile.SaveLoadService
19:53:01.853 [FXGL Background Thread 3 ] DEBUG Engine               - class com.almasb.fxgl.ui.FXGLUIFactoryServiceProvider
19:53:01.853 [FXGL Background Thread 3 ] DEBUG Engine               - class com.almasb.fxgl.ui.FXGLDialogFactoryServiceProvider
19:53:01.853 [FXGL Background Thread 3 ] DEBUG Engine               - class com.almasb.fxgl.audio.AudioPlayer
19:53:01.853 [FXGL Background Thread 3 ] DEBUG Engine               - class com.almasb.fxgl.notification.impl.NotificationServiceProvider
19:53:01.853 [FXGL Background Thread 3 ] DEBUG Engine               - class com.almasb.fxgl.achievement.AchievementService
19:53:01.853 [FXGL Background Thread 3 ] DEBUG Engine               - class com.almasb.fxgl.cutscene.CutsceneService
19:53:01.853 [FXGL Background Thread 3 ] DEBUG Engine               - class com.almasb.fxgl.minigames.MiniGameService
19:53:01.853 [FXGL Background Thread 3 ] DEBUG Engine               - class com.almasb.fxgl.net.NetService
19:53:01.853 [FXGL Background Thread 3 ] DEBUG Engine               - class com.almasb.fxgl.app.services.UpdaterService
19:53:01.853 [FXGL Background Thread 3 ] DEBUG Engine               - class com.almasb.fxgl.dev.DevService
19:53:11.169 [JavaFX Application Thread] DEBUG FXGLApplication      - Exiting FXGL
19:53:11.169 [JavaFX Application Thread] DEBUG LoopRunner           - Stopping loop
19:53:11.169 [JavaFX Application Thread] DEBUG SystemBundleService  - Saving FXGL system data
19:53:11.172 [JavaFX Application Thread] DEBUG FileSystemAccess     - Writing to: C:\Users\dell\Desktop\OOP作业\Teamwork\system\fxgl.bundle
19:53:11.174 [JavaFX Application Thread] DEBUG Async                - Shutting down background threads
19:53:11.174 [JavaFX Application Thread] DEBUG PrimaryStageWindow   - Closing main window
19:53:11.205 [JavaFX Application Thread] DEBUG Logger               - Closing Logger
