16:54:23.119 [main                     ] DEBUG Logger               - Configured Logger
16:54:23.148 [main                     ] DEBUG GameApplication      - Logging settings
Title: Plants Vs Zombies
Version: 0.0
Width: 750
Height: 533
Fullscreen: false
Intro: false
Profiling: false
Single step:false
App Mode: DEVELOPER
Menu Key: ESCAPE
Stage Style: DECORATED
Scene Factory: class com.zrt.pvz.PVZApp$1

16:54:23.473 [JavaFX Application Thread] DEBUG FXGLApplication      - Initializing FXGL
16:54:23.477 [JavaFX Application Thread] INFO  Engine               - FXGL-17.2 (20.08.2022 16.50) on WINDOWS (J:20.0.1 FX:20.0.1)
16:54:23.478 [JavaFX Application Thread] DEBUG Engine               - JRE Vendor Name: Oracle Corporation
16:54:23.478 [JavaFX Application Thread] DEBUG Engine               - Running on OS: Windows 11 version 10.0
16:54:23.478 [JavaFX Application Thread] DEBUG Engine               - Architecture: amd64
16:54:23.478 [JavaFX Application Thread] INFO  Engine               - Source code and latest versions at: https://github.com/AlmasB/FXGL
16:54:23.478 [JavaFX Application Thread] INFO  Engine               -       Ask questions and discuss at: https://github.com/AlmasB/FXGL/discussions
16:54:23.478 [JavaFX Application Thread] INFO  Engine               -              Join the FXGL chat at: https://gitter.im/AlmasB/FXGL
16:54:23.647 [JavaFX Application Thread] DEBUG PrimaryStageWindow   - Creating a JavaFX scene
16:54:23.709 [JavaFX Application Thread] DEBUG PrimaryStageWindow   - Target settings size: 750.0 x 533.0
16:54:23.709 [JavaFX Application Thread] DEBUG PrimaryStageWindow   - Scaled scene size:    750.0 x 533.0
16:54:23.710 [JavaFX Application Thread] DEBUG PrimaryStageWindow   - Scaled ratio: (1.0, 1.0)
16:54:23.710 [JavaFX Application Thread] DEBUG PrimaryStageWindow   - Set initial scene to GameStartupScene
16:54:23.713 [JavaFX Application Thread] DEBUG PrimaryStageWindow   - Opening main window
16:54:24.081 [JavaFX Application Thread] DEBUG PrimaryStageWindow   - Window border size: (14.79998779296875, 38.20001220703125)
16:54:24.081 [JavaFX Application Thread] DEBUG PrimaryStageWindow   - Scaled size: 750.0 x 533.0
16:54:24.081 [JavaFX Application Thread] DEBUG PrimaryStageWindow   - Scaled ratio: (1.0, 1.0)
16:54:24.082 [JavaFX Application Thread] DEBUG PrimaryStageWindow   - Scene size: 750.0 x 533.0
16:54:24.082 [JavaFX Application Thread] DEBUG PrimaryStageWindow   - Stage size: 764.7999877929688 x 571.2000122070312
16:54:24.090 [FXGL Background Thread 1 ] DEBUG Engine               - Initializing environment variables
16:54:24.136 [FXGL Background Thread 1 ] DEBUG FXGLAssetLoaderServi - User app class for loading assets: class com.zrt.pvz.PVZApp
16:54:24.136 [FXGL Background Thread 1 ] DEBUG GameApplicationServi - Applying CSS: fxgl_dark.css
16:54:24.137 [FXGL Background Thread 1 ] DEBUG FXGLAssetLoaderServi - Loading from file system: jar:file:///C:/Users/dell/.m2/repository/com/github/almasb/fxgl/17.2/fxgl-17.2.jar!/fxglassets/ui/css/fxgl_dark.css
16:54:24.152 [FXGL Background Thread 1 ] DEBUG GameApplicationServi - Initializing application scenes
16:54:24.165 [FXGL Background Thread 1 ] DEBUG GameWorld            - Game world initialized
16:54:24.213 [FXGL Background Thread 1 ] DEBUG PhysicsWorld         - Physics world initialized: appHeight=533, physics.ppm=50.0
16:54:24.214 [FXGL Background Thread 1 ] DEBUG PhysicsWorld         - Using strategy: BRUTE_FORCE
16:54:24.220 [FXGL Background Thread 1 ] DEBUG GameScene            - Game scene initialized: 750x533
16:54:24.223 [FXGL Background Thread 1 ] DEBUG FXGLAssetLoaderServi - Loading from file system: file:/C:/Users/dell/Desktop/OOP作业/Teamwork/target/classes/assets/textures/ui/mainMenu/bg.png
16:54:24.311 [FXGL Background Thread 1 ] DEBUG FXGLAssetLoaderServi - Loading from file system: file:/C:/Users/dell/Desktop/OOP作业/Teamwork/target/classes/assets/textures/ui/mainMenu/smallgame.png
16:54:24.324 [FXGL Background Thread 1 ] DEBUG FXGLAssetLoaderServi - Loading from file system: file:/C:/Users/dell/Desktop/OOP作业/Teamwork/target/classes/assets/textures/ui/mainMenu/puzzle.png
16:54:24.343 [FXGL Background Thread 1 ] WARN  FXGL.DefaultMenu     - FXGLDefaultMenu is not designed for resolutions < 800x600
16:54:24.344 [FXGL Background Thread 1 ] DEBUG FXGL.DefaultMenu     - createMenuBodyGameMenu()
16:54:24.354 [FXGL Background Thread 1 ] DEBUG FXGL.DefaultMenu     - createOptionsMenu()
16:54:24.361 [FXGL Background Thread 1 ] DEBUG FXGLAssetLoaderServi - Loading from file system: jar:file:///C:/Users/dell/.m2/repository/com/github/almasb/fxgl/17.2/fxgl-17.2.jar!/fxglassets/textures/particles/smoke.png
16:54:24.443 [FXGL Background Thread 1 ] DEBUG FXGLAssetLoaderServi - Loading from file system: jar:file:///C:/Users/dell/.m2/repository/com/github/almasb/fxgl/17.2/fxgl-17.2.jar!/fxglassets/textures/particles/trace_horizontal.png
16:54:24.459 [FXGL Background Thread 1 ] DEBUG GameApplicationServi - Application scenes initialized
16:54:24.472 [FXGL Background Thread 1 ] DEBUG SystemBundleService  - Loading FXGL system data
16:54:24.476 [FXGL Background Thread 1 ] DEBUG FileSystemAccess     - Reading from: C:\Users\dell\Desktop\OOP作业\Teamwork\system\fxgl.bundle
16:54:24.487 [FXGL Background Thread 1 ] DEBUG SystemBundleService  - Bundle FXGL: {}
16:54:24.488 [FXGL Background Thread 1 ] DEBUG UpdaterService       - Checking for updates
16:54:24.491 [FXGL Background Thread 4 ] DEBUG FXGLApplication      - Loading fonts
16:54:24.492 [FXGL Background Thread 1 ] DEBUG FXGLApplication      - Loading default localization
16:54:24.492 [FXGL Background Thread 4 ] DEBUG FXGLAssetLoaderServi - Loading from file system: jar:file:///C:/Users/dell/.m2/repository/com/github/almasb/fxgl/17.2/fxgl-17.2.jar!/fxglassets/ui/fonts/VarelaRound-Regular.ttf
16:54:24.492 [FXGL Background Thread 1 ] DEBUG FXGLAssetLoaderServi - Loading from file system: jar:file:///C:/Users/dell/.m2/repository/com/github/almasb/fxgl/17.2/fxgl-17.2.jar!/fxglassets/languages/english.lang
16:54:24.527 [FXGL Background Thread 1 ] INFO  FXGLApplication      - FXGL initialization took: 0.437 sec
16:54:24.530 [JavaFX Application Thread] DEBUG FXGLAssetLoaderServi - Loading from file system: file:/C:/Users/dell/Desktop/OOP作业/Teamwork/target/classes/assets/textures/logo.jpg
16:54:24.538 [JavaFX Application Thread] DEBUG FXGLAssetLoaderServi - Loading from file system: jar:file:///C:/Users/dell/.m2/repository/com/github/almasb/fxgl/17.2/fxgl-17.2.jar!/fxglassets/textures/fxgl_default_cursor.png
16:54:24.552 [JavaFX Application Thread] DEBUG Input                - Registered new binding: Screenshot - CTRL+8
16:54:24.553 [JavaFX Application Thread] DEBUG Input                - Registered new binding: System info dump - CTRL+9
16:54:24.554 [JavaFX Application Thread] DEBUG Input                - Registered new binding: Restart - CTRL+R
16:54:24.555 [JavaFX Application Thread] DEBUG Input                - Registered new binding: Toggle Debug Camera - CTRL+7
16:54:24.557 [JavaFX Application Thread] DEBUG LoopRunner           - Starting loop
16:54:24.557 [JavaFX Application Thread] DEBUG LoopRunner           - Initializing JavaFX AnimationTimerLoop
16:54:24.560 [JavaFX Application Thread] DEBUG Input                - Clearing active input actions
16:54:24.571 [JavaFX Application Thread] DEBUG GameApplicationServi - Removing overlay from GameStartupScene and adding to FXGLMainMenuDummyScene
16:54:24.571 [JavaFX Application Thread] DEBUG PrimaryStageWindow   - GameStartupScene -> FXGLMainMenuDummyScene
16:54:24.572 [JavaFX Application Thread] DEBUG PrimaryStageWindow   - Push state: MainMenu
16:54:24.573 [JavaFX Application Thread] DEBUG FXGLAssetLoaderServi - Loading from file system: file:/C:/Users/dell/Desktop/OOP作业/Teamwork/target/classes/assets/music/mainMenu.wav
16:54:24.614 [FXGL Background Thread 4 ] DEBUG FXGLAssetLoaderServi - Loading from file system: jar:file:///C:/Users/dell/.m2/repository/com/github/almasb/fxgl/17.2/fxgl-17.2.jar!/fxglassets/ui/fonts/Abel-Regular.ttf
16:54:24.618 [FXGL Background Thread 4 ] DEBUG FXGLAssetLoaderServi - Loading from file system: jar:file:///C:/Users/dell/.m2/repository/com/github/almasb/fxgl/17.2/fxgl-17.2.jar!/fxglassets/ui/fonts/TerminalLandMono-Regular.otf
16:54:24.623 [FXGL Background Thread 4 ] DEBUG FXGLAssetLoaderServi - Loading from file system: jar:file:///C:/Users/dell/.m2/repository/com/github/almasb/fxgl/17.2/fxgl-17.2.jar!/fxglassets/ui/fonts/Courier-Prime.ttf
16:54:24.726 [JavaFX Application Thread] DEBUG AudioPlayer          - Playing music com.almasb.fxgl.audio.Music@710bec7c
16:54:24.726 [JavaFX Application Thread] DEBUG Input                - Clearing active input actions
16:54:24.728 [JavaFX Application Thread] DEBUG GameApplicationServi - Removing overlay from FXGLMainMenuDummyScene and adding to MainMenu
16:54:24.728 [JavaFX Application Thread] DEBUG PrimaryStageWindow   - FXGLMainMenuDummyScene -> MainMenu
16:54:24.745 [JavaFX Application Thread] DEBUG FXGLApplication      - Registering font factories with UI factory
16:54:26.773 [FXGL Background Thread 2 ] INFO  UpdaterService       - Your current version:  17.2
16:54:26.773 [FXGL Background Thread 2 ] INFO  UpdaterService       - Latest stable version: 17.3
16:54:27.491 [FXGL Background Thread 3 ] DEBUG Engine               - Logging environment variables
16:54:27.491 [FXGL Background Thread 3 ] DEBUG Engine               - achievements: []
16:54:27.492 [FXGL Background Thread 3 ] DEBUG Engine               - actualHeight: 533.0
16:54:27.492 [FXGL Background Thread 3 ] DEBUG Engine               - actualHeightProperty: ReadOnlyDoubleProperty [value: 533.0]
16:54:27.492 [FXGL Background Thread 3 ] DEBUG Engine               - actualWidth: 750.0
16:54:27.493 [FXGL Background Thread 3 ] DEBUG Engine               - actualWidthProperty: ReadOnlyDoubleProperty [value: 750.0]
16:54:27.493 [FXGL Background Thread 3 ] DEBUG Engine               - appIcon: logo.jpg
16:54:27.493 [FXGL Background Thread 3 ] DEBUG Engine               - applicationMode: DEVELOPER
16:54:27.493 [FXGL Background Thread 3 ] DEBUG Engine               - cSSList: [fxgl_dark.css]
16:54:27.493 [FXGL Background Thread 3 ] DEBUG Engine               - collisionDetectionStrategy: BRUTE_FORCE
16:54:27.493 [FXGL Background Thread 3 ] DEBUG Engine               - configClass: Optional.empty
16:54:27.493 [FXGL Background Thread 3 ] DEBUG Engine               - credits: []
16:54:27.494 [FXGL Background Thread 3 ] DEBUG Engine               - defaultCursor: CursorInfo(imageName=fxgl_default_cursor.png, hotspotX=7.0, hotspotY=6.0)
16:54:27.494 [FXGL Background Thread 3 ] DEBUG Engine               - devBBoxColorProperty: ObjectProperty [value: 0xff0000ff]
16:54:27.495 [FXGL Background Thread 3 ] DEBUG Engine               - devEnableDebugCameraProperty: BooleanProperty [value: false]
16:54:27.495 [FXGL Background Thread 3 ] DEBUG Engine               - devSensorColorProperty: ObjectProperty [value: 0xffff00ff]
16:54:27.496 [FXGL Background Thread 3 ] DEBUG Engine               - devShowBBoxProperty: BooleanProperty [value: false]
16:54:27.496 [FXGL Background Thread 3 ] DEBUG Engine               - devShowPositionProperty: BooleanProperty [value: false]
16:54:27.496 [FXGL Background Thread 3 ] DEBUG Engine               - enabledMenuItems: []
16:54:27.496 [FXGL Background Thread 3 ] DEBUG Engine               - engineServices: [class com.almasb.fxgl.app.services.FXGLAssetLoaderService, class com.almasb.fxgl.app.FXGLApplication$GameApplicationService, class com.almasb.fxgl.app.services.FXGLDialogService, class com.almasb.fxgl.app.services.IOTaskExecutorService, class com.almasb.fxgl.io.FileSystemService, class com.almasb.fxgl.localization.LocalizationService, class com.almasb.fxgl.app.services.SystemBundleService, class com.almasb.fxgl.profile.SaveLoadService, class com.almasb.fxgl.ui.FXGLUIFactoryServiceProvider, class com.almasb.fxgl.ui.FXGLDialogFactoryServiceProvider, class com.almasb.fxgl.audio.AudioPlayer, class com.almasb.fxgl.notification.impl.NotificationServiceProvider, class com.almasb.fxgl.achievement.AchievementService, class com.almasb.fxgl.cutscene.CutsceneService, class com.almasb.fxgl.minigames.MiniGameService, class com.almasb.fxgl.net.NetService, class com.almasb.fxgl.app.services.UpdaterService, class com.almasb.fxgl.dev.DevService]
16:54:27.497 [FXGL Background Thread 3 ] DEBUG Engine               - fontGame: Abel-Regular.ttf
16:54:27.497 [FXGL Background Thread 3 ] DEBUG Engine               - fontMono: TerminalLandMono-Regular.otf
16:54:27.497 [FXGL Background Thread 3 ] DEBUG Engine               - fontText: Courier-Prime.ttf
16:54:27.497 [FXGL Background Thread 3 ] DEBUG Engine               - fontUI: VarelaRound-Regular.ttf
16:54:27.497 [FXGL Background Thread 3 ] DEBUG Engine               - fullScreen: BooleanProperty [value: false]
16:54:27.497 [FXGL Background Thread 3 ] DEBUG Engine               - gameDifficulty: MEDIUM
16:54:27.498 [FXGL Background Thread 3 ] DEBUG Engine               - gameDifficultyProperty: ObjectProperty [value: MEDIUM]
16:54:27.498 [FXGL Background Thread 3 ] DEBUG Engine               - globalMusicVolume: 0.5
16:54:27.498 [FXGL Background Thread 3 ] DEBUG Engine               - globalMusicVolumeProperty: DoubleProperty [value: 0.5]
16:54:27.498 [FXGL Background Thread 3 ] DEBUG Engine               - globalSoundVolume: 0.5
16:54:27.498 [FXGL Background Thread 3 ] DEBUG Engine               - globalSoundVolumeProperty: DoubleProperty [value: 0.5]
16:54:27.498 [FXGL Background Thread 3 ] DEBUG Engine               - height: 533
16:54:27.498 [FXGL Background Thread 3 ] DEBUG Engine               - is3D: false
16:54:27.498 [FXGL Background Thread 3 ] DEBUG Engine               - isAndroid: false
16:54:27.498 [FXGL Background Thread 3 ] DEBUG Engine               - isBrowser: false
16:54:27.499 [FXGL Background Thread 3 ] DEBUG Engine               - isClickFeedbackEnabled: false
16:54:27.499 [FXGL Background Thread 3 ] DEBUG Engine               - isCloseConfirmation: false
16:54:27.499 [FXGL Background Thread 3 ] DEBUG Engine               - isDesktop: true
16:54:27.499 [FXGL Background Thread 3 ] DEBUG Engine               - isDeveloperMenuEnabled: false
16:54:27.499 [FXGL Background Thread 3 ] DEBUG Engine               - isEmbedded: false
16:54:27.500 [FXGL Background Thread 3 ] DEBUG Engine               - isEntityPreloadEnabled: true
16:54:27.500 [FXGL Background Thread 3 ] DEBUG Engine               - isExperimentalTiledLargeMap: false
16:54:27.500 [FXGL Background Thread 3 ] DEBUG Engine               - isFileSystemWriteAllowed: true
16:54:27.500 [FXGL Background Thread 3 ] DEBUG Engine               - isFullScreenAllowed: false
16:54:27.500 [FXGL Background Thread 3 ] DEBUG Engine               - isFullScreenFromStart: false
16:54:27.500 [FXGL Background Thread 3 ] DEBUG Engine               - isGameMenuEnabled: true
16:54:27.500 [FXGL Background Thread 3 ] DEBUG Engine               - isIOS: false
16:54:27.500 [FXGL Background Thread 3 ] DEBUG Engine               - isIntroEnabled: false
16:54:27.500 [FXGL Background Thread 3 ] DEBUG Engine               - isLinux: false
16:54:27.501 [FXGL Background Thread 3 ] DEBUG Engine               - isMac: false
16:54:27.501 [FXGL Background Thread 3 ] DEBUG Engine               - isMainMenuEnabled: true
16:54:27.501 [FXGL Background Thread 3 ] DEBUG Engine               - isManualResizeEnabled: false
16:54:27.501 [FXGL Background Thread 3 ] DEBUG Engine               - isMobile: false
16:54:27.501 [FXGL Background Thread 3 ] DEBUG Engine               - isNative: false
16:54:27.501 [FXGL Background Thread 3 ] DEBUG Engine               - isPauseMusicWhenMinimized: true
16:54:27.501 [FXGL Background Thread 3 ] DEBUG Engine               - isPreserveResizeRatio: false
16:54:27.501 [FXGL Background Thread 3 ] DEBUG Engine               - isProfilingEnabled: false
16:54:27.502 [FXGL Background Thread 3 ] DEBUG Engine               - isScaleAffectedOnResize: true
16:54:27.502 [FXGL Background Thread 3 ] DEBUG Engine               - isSingleStep: false
16:54:27.502 [FXGL Background Thread 3 ] DEBUG Engine               - isUserProfileEnabled: false
16:54:27.502 [FXGL Background Thread 3 ] DEBUG Engine               - isWindows: true
16:54:27.502 [FXGL Background Thread 3 ] DEBUG Engine               - language: ObjectProperty [value: ENGLISH]
16:54:27.502 [FXGL Background Thread 3 ] DEBUG Engine               - menuKey: ESCAPE
16:54:27.502 [FXGL Background Thread 3 ] DEBUG Engine               - mouseSensitivity: 0.2
16:54:27.502 [FXGL Background Thread 3 ] DEBUG Engine               - notificationViewClass: class com.almasb.fxgl.notification.view.XboxNotificationView
16:54:27.502 [FXGL Background Thread 3 ] DEBUG Engine               - pixelsPerMeter: 50.0
16:54:27.502 [FXGL Background Thread 3 ] DEBUG Engine               - platform: WINDOWS
16:54:27.502 [FXGL Background Thread 3 ] DEBUG Engine               - prefHeightProperty: ReadOnlyDoubleProperty [value: 533.0]
16:54:27.502 [FXGL Background Thread 3 ] DEBUG Engine               - prefWidthProperty: ReadOnlyDoubleProperty [value: 750.0]
16:54:27.502 [FXGL Background Thread 3 ] DEBUG Engine               - profileDir: profiles/
16:54:27.503 [FXGL Background Thread 3 ] DEBUG Engine               - profileName: StringProperty [value: DEFAULT]
16:54:27.503 [FXGL Background Thread 3 ] DEBUG Engine               - randomSeed: -1
16:54:27.505 [FXGL Background Thread 3 ] DEBUG Engine               - runtimeInfo: RuntimeInfo(platform=WINDOWS, version=17.2, build=20.08.2022 16.50)
16:54:27.505 [FXGL Background Thread 3 ] DEBUG Engine               - saveFileExt: sav
16:54:27.505 [FXGL Background Thread 3 ] DEBUG Engine               - scaledHeightProp$fxgl: DoubleProperty [bound, value: 533.0]
16:54:27.505 [FXGL Background Thread 3 ] DEBUG Engine               - scaledWidthProp$fxgl: DoubleProperty [bound, value: 750.0]
16:54:27.505 [FXGL Background Thread 3 ] DEBUG Engine               - sceneFactory: com.zrt.pvz.PVZApp$1@4f48c18e
16:54:27.505 [FXGL Background Thread 3 ] DEBUG Engine               - secondsIn24h: 60
16:54:27.505 [FXGL Background Thread 3 ] DEBUG Engine               - soundMenuBack: menu/back.wav
16:54:27.505 [FXGL Background Thread 3 ] DEBUG Engine               - soundMenuPress: menu/press.wav
16:54:27.505 [FXGL Background Thread 3 ] DEBUG Engine               - soundMenuSelect: menu/select.wav
16:54:27.505 [FXGL Background Thread 3 ] DEBUG Engine               - soundNotification: core/notification.wav
16:54:27.505 [FXGL Background Thread 3 ] DEBUG Engine               - stageStyle: DECORATED
16:54:27.505 [FXGL Background Thread 3 ] DEBUG Engine               - supportedLanguages: [ENGLISH, FRENCH, GERMAN, HUNGARIAN, RUSSIAN]
16:54:27.505 [FXGL Background Thread 3 ] DEBUG Engine               - ticksPerSecond: -1
16:54:27.505 [FXGL Background Thread 3 ] DEBUG Engine               - title: Plants Vs Zombies
16:54:27.505 [FXGL Background Thread 3 ] DEBUG Engine               - urlGithub: https://github.com/AlmasB/FXGL
16:54:27.505 [FXGL Background Thread 3 ] DEBUG Engine               - urlLeaderboard: http://fxgl-top.herokuapp.com/
16:54:27.505 [FXGL Background Thread 3 ] DEBUG Engine               - urlPOM: https://raw.githubusercontent.com/AlmasB/FXGL/release/README.md
16:54:27.505 [FXGL Background Thread 3 ] DEBUG Engine               - userAppClass: class com.zrt.pvz.PVZApp
16:54:27.505 [FXGL Background Thread 3 ] DEBUG Engine               - version: 0.0
16:54:27.506 [FXGL Background Thread 3 ] DEBUG Engine               - versionCheckDays: 7
16:54:27.506 [FXGL Background Thread 3 ] DEBUG Engine               - width: 750
16:54:27.506 [FXGL Background Thread 3 ] DEBUG Engine               - Logging services
16:54:27.506 [FXGL Background Thread 3 ] DEBUG Engine               - class com.almasb.fxgl.app.services.FXGLAssetLoaderService
16:54:27.506 [FXGL Background Thread 3 ] DEBUG Engine               - class com.almasb.fxgl.app.FXGLApplication$GameApplicationService
16:54:27.506 [FXGL Background Thread 3 ] DEBUG Engine               - class com.almasb.fxgl.app.services.FXGLDialogService
16:54:27.506 [FXGL Background Thread 3 ] DEBUG Engine               - class com.almasb.fxgl.app.services.IOTaskExecutorService
16:54:27.506 [FXGL Background Thread 3 ] DEBUG Engine               - class com.almasb.fxgl.io.FileSystemService
16:54:27.506 [FXGL Background Thread 3 ] DEBUG Engine               - class com.almasb.fxgl.localization.LocalizationService
16:54:27.507 [FXGL Background Thread 3 ] DEBUG Engine               - class com.almasb.fxgl.app.services.SystemBundleService
16:54:27.507 [FXGL Background Thread 3 ] DEBUG Engine               - class com.almasb.fxgl.profile.SaveLoadService
16:54:27.507 [FXGL Background Thread 3 ] DEBUG Engine               - class com.almasb.fxgl.ui.FXGLUIFactoryServiceProvider
16:54:27.507 [FXGL Background Thread 3 ] DEBUG Engine               - class com.almasb.fxgl.ui.FXGLDialogFactoryServiceProvider
16:54:27.507 [FXGL Background Thread 3 ] DEBUG Engine               - class com.almasb.fxgl.audio.AudioPlayer
16:54:27.507 [FXGL Background Thread 3 ] DEBUG Engine               - class com.almasb.fxgl.notification.impl.NotificationServiceProvider
16:54:27.507 [FXGL Background Thread 3 ] DEBUG Engine               - class com.almasb.fxgl.achievement.AchievementService
16:54:27.507 [FXGL Background Thread 3 ] DEBUG Engine               - class com.almasb.fxgl.cutscene.CutsceneService
16:54:27.507 [FXGL Background Thread 3 ] DEBUG Engine               - class com.almasb.fxgl.minigames.MiniGameService
16:54:27.507 [FXGL Background Thread 3 ] DEBUG Engine               - class com.almasb.fxgl.net.NetService
16:54:27.507 [FXGL Background Thread 3 ] DEBUG Engine               - class com.almasb.fxgl.app.services.UpdaterService
16:54:27.507 [FXGL Background Thread 3 ] DEBUG Engine               - class com.almasb.fxgl.dev.DevService
16:54:28.090 [JavaFX Application Thread] WARN  FXGLAssetLoaderServi - Asset "/assets/sounds/mainMenuHover.wav" was not found!
16:54:28.091 [JavaFX Application Thread] WARN  FXGLAssetLoaderServi - Failed to load SOUND
16:54:28.326 [JavaFX Application Thread] WARN  FXGLAssetLoaderServi - Asset "/assets/sounds/select.wav" was not found!
16:54:28.326 [JavaFX Application Thread] WARN  FXGLAssetLoaderServi - Failed to load SOUND
16:54:28.327 [JavaFX Application Thread] DEBUG FXGLAssetLoaderServi - Loading from file system: file:/C:/Users/dell/Desktop/OOP作业/Teamwork/target/classes/assets/textures/ui/mainMenu/ZombieHand.png
16:54:28.338 [JavaFX Application Thread] DEBUG GameApplicationServi - Starting new game
16:54:28.338 [JavaFX Application Thread] DEBUG PrimaryStageWindow   - Pop state: MainMenu
16:54:28.338 [JavaFX Application Thread] DEBUG Input                - Clearing active input actions
16:54:28.339 [JavaFX Application Thread] DEBUG GameApplicationServi - Removing overlay from MainMenu and adding to FXGLMainMenuDummyScene
16:54:28.339 [JavaFX Application Thread] DEBUG PrimaryStageWindow   - FXGLMainMenuDummyScene <- MainMenu
16:54:28.339 [JavaFX Application Thread] DEBUG Input                - Clearing active input actions
16:54:28.346 [JavaFX Application Thread] DEBUG GameApplicationServi - Removing overlay from FXGLMainMenuDummyScene and adding to FXGLLoadingScene
16:54:28.346 [JavaFX Application Thread] DEBUG PrimaryStageWindow   - FXGLMainMenuDummyScene -> FXGLLoadingScene
16:54:28.346 [JavaFX Application Thread] DEBUG GameApplicationServi - Clearing previous game
16:54:28.346 [JavaFX Application Thread] DEBUG GameScene            - Clearing game scene
16:54:28.346 [JavaFX Application Thread] DEBUG GameWorld            - Clearing game world
16:54:28.346 [JavaFX Application Thread] DEBUG PhysicsWorld         - Clearing physics world
16:54:28.348 [FXGL Background Thread 2 ] DEBUG FXGLApplication      - Initializing game
16:54:28.361 [FXGL Background Thread 2 ] DEBUG FXGLAssetLoaderServi - Loading from file system: file:/C:/Users/dell/Desktop/OOP作业/Teamwork/target/classes/assets/textures/map/map1.jpg
16:54:28.447 [FXGL Background Thread 2 ] DEBUG FXGLAssetLoaderServi - Loading from file system: file:/C:/Users/dell/Desktop/OOP作业/Teamwork/target/classes/assets/textures/zombie/NormalZombie/ZombieShow/ZombieShow_0.png
16:54:28.448 [FXGL Background Thread 2 ] DEBUG FXGLAssetLoaderServi - Loading from file system: file:/C:/Users/dell/Desktop/OOP作业/Teamwork/target/classes/assets/textures/zombie/NormalZombie/ZombieShow/ZombieShow_1.png
16:54:28.449 [FXGL Background Thread 2 ] DEBUG FXGLAssetLoaderServi - Loading from file system: file:/C:/Users/dell/Desktop/OOP作业/Teamwork/target/classes/assets/textures/zombie/NormalZombie/ZombieShow/ZombieShow_2.png
16:54:28.450 [FXGL Background Thread 2 ] DEBUG FXGLAssetLoaderServi - Loading from file system: file:/C:/Users/dell/Desktop/OOP作业/Teamwork/target/classes/assets/textures/zombie/NormalZombie/ZombieShow/ZombieShow_3.png
16:54:28.452 [FXGL Background Thread 2 ] DEBUG FXGLAssetLoaderServi - Loading from file system: file:/C:/Users/dell/Desktop/OOP作业/Teamwork/target/classes/assets/textures/zombie/NormalZombie/ZombieShow/ZombieShow_4.png
16:54:28.473 [FXGL Background Thread 2 ] DEBUG FXGLAssetLoaderServi - Loading from file system: file:/C:/Users/dell/Desktop/OOP作业/Teamwork/target/classes/assets/textures/plant/SunFlower/SunFlower.png
16:54:28.476 [FXGL Background Thread 2 ] DEBUG FXGLAssetLoaderServi - Loading JSON from: file:/C:/Users/dell/Desktop/OOP作业/Teamwork/target/classes/assets/data/NormalZombie.json
16:54:28.654 [FXGL Background Thread 2 ] INFO  FXGLApplication      - Game initialization took: 0.306 sec
16:54:28.655 [JavaFX Application Thread] DEBUG Input                - Clearing active input actions
16:54:28.660 [JavaFX Application Thread] DEBUG GameApplicationServi - Removing overlay from FXGLLoadingScene and adding to GameScene
16:54:28.660 [JavaFX Application Thread] DEBUG PrimaryStageWindow   - FXGLLoadingScene -> GameScene
16:54:30.868 [JavaFX Application Thread] DEBUG FXGLAssetLoaderServi - Loading from file system: file:/C:/Users/dell/Desktop/OOP作业/Teamwork/target/classes/assets/textures/weeder/weeder.png
16:54:30.888 [JavaFX Application Thread] DEBUG FXGLAssetLoaderServi - Loading from file system: file:/C:/Users/dell/Desktop/OOP作业/Teamwork/target/classes/assets/textures/prepareText/prepare.png
16:54:30.891 [JavaFX Application Thread] DEBUG FXGLAssetLoaderServi - Loading from file system: file:/C:/Users/dell/Desktop/OOP作业/Teamwork/target/classes/assets/textures/ui/choose/chosenBg.png
16:54:30.898 [JavaFX Application Thread] DEBUG FXGLAssetLoaderServi - Loading JSON from: file:/C:/Users/dell/Desktop/OOP作业/Teamwork/target/classes/assets/data/SunFlower.json
16:54:30.913 [JavaFX Application Thread] DEBUG FXGLAssetLoaderServi - Loading from file system: file:/C:/Users/dell/Desktop/OOP作业/Teamwork/target/classes/assets/textures/ui/choose/SunFlower.png
16:54:30.919 [JavaFX Application Thread] DEBUG FXGLAssetLoaderServi - Loading JSON from: file:/C:/Users/dell/Desktop/OOP作业/Teamwork/target/classes/assets/data/PeaShooter.json
16:54:30.929 [JavaFX Application Thread] DEBUG FXGLAssetLoaderServi - Loading from file system: file:/C:/Users/dell/Desktop/OOP作业/Teamwork/target/classes/assets/textures/ui/choose/PeaShooter.png
16:54:30.934 [JavaFX Application Thread] DEBUG FXGLAssetLoaderServi - Loading JSON from: file:/C:/Users/dell/Desktop/OOP作业/Teamwork/target/classes/assets/data/WallNut.json
16:54:30.938 [JavaFX Application Thread] DEBUG FXGLAssetLoaderServi - Loading from file system: file:/C:/Users/dell/Desktop/OOP作业/Teamwork/target/classes/assets/textures/ui/choose/WallNut.png
16:54:31.397 [JavaFX Application Thread] DEBUG FXGLAssetLoaderServi - Loading from file system: file:/C:/Users/dell/Desktop/OOP作业/Teamwork/target/classes/assets/textures/prepareText/puton.png
16:54:31.908 [JavaFX Application Thread] DEBUG FXGLAssetLoaderServi - Loading from file system: file:/C:/Users/dell/Desktop/OOP作业/Teamwork/target/classes/assets/textures/prepareText/plant.png
16:54:37.117 [JavaFX Application Thread] DEBUG FXGLAssetLoaderServi - Loading from file system: file:/C:/Users/dell/Desktop/OOP作业/Teamwork/target/classes/assets/textures/plant/SunFlower/SunFlower_0.png
16:54:37.118 [JavaFX Application Thread] DEBUG FXGLAssetLoaderServi - Loading from file system: file:/C:/Users/dell/Desktop/OOP作业/Teamwork/target/classes/assets/textures/plant/SunFlower/SunFlower_1.png
16:54:37.120 [JavaFX Application Thread] DEBUG FXGLAssetLoaderServi - Loading from file system: file:/C:/Users/dell/Desktop/OOP作业/Teamwork/target/classes/assets/textures/plant/SunFlower/SunFlower_2.png
16:54:37.120 [JavaFX Application Thread] DEBUG FXGLAssetLoaderServi - Loading from file system: file:/C:/Users/dell/Desktop/OOP作业/Teamwork/target/classes/assets/textures/plant/SunFlower/SunFlower_3.png
16:54:37.122 [JavaFX Application Thread] DEBUG FXGLAssetLoaderServi - Loading from file system: file:/C:/Users/dell/Desktop/OOP作业/Teamwork/target/classes/assets/textures/plant/SunFlower/SunFlower_4.png
16:54:37.123 [JavaFX Application Thread] DEBUG FXGLAssetLoaderServi - Loading from file system: file:/C:/Users/dell/Desktop/OOP作业/Teamwork/target/classes/assets/textures/plant/SunFlower/SunFlower_5.png
16:54:37.123 [JavaFX Application Thread] DEBUG FXGLAssetLoaderServi - Loading from file system: file:/C:/Users/dell/Desktop/OOP作业/Teamwork/target/classes/assets/textures/plant/SunFlower/SunFlower_6.png
16:54:37.124 [JavaFX Application Thread] DEBUG FXGLAssetLoaderServi - Loading from file system: file:/C:/Users/dell/Desktop/OOP作业/Teamwork/target/classes/assets/textures/plant/SunFlower/SunFlower_7.png
16:54:37.125 [JavaFX Application Thread] DEBUG FXGLAssetLoaderServi - Loading from file system: file:/C:/Users/dell/Desktop/OOP作业/Teamwork/target/classes/assets/textures/plant/SunFlower/SunFlower_8.png
16:54:37.126 [JavaFX Application Thread] DEBUG FXGLAssetLoaderServi - Loading from file system: file:/C:/Users/dell/Desktop/OOP作业/Teamwork/target/classes/assets/textures/plant/SunFlower/SunFlower_9.png
16:54:37.127 [JavaFX Application Thread] DEBUG FXGLAssetLoaderServi - Loading from file system: file:/C:/Users/dell/Desktop/OOP作业/Teamwork/target/classes/assets/textures/plant/SunFlower/SunFlower_10.png
16:54:37.127 [JavaFX Application Thread] DEBUG FXGLAssetLoaderServi - Loading from file system: file:/C:/Users/dell/Desktop/OOP作业/Teamwork/target/classes/assets/textures/plant/SunFlower/SunFlower_11.png
16:54:37.128 [JavaFX Application Thread] DEBUG FXGLAssetLoaderServi - Loading from file system: file:/C:/Users/dell/Desktop/OOP作业/Teamwork/target/classes/assets/textures/plant/SunFlower/SunFlower_12.png
16:54:37.129 [JavaFX Application Thread] DEBUG FXGLAssetLoaderServi - Loading from file system: file:/C:/Users/dell/Desktop/OOP作业/Teamwork/target/classes/assets/textures/plant/SunFlower/SunFlower_13.png
16:54:37.130 [JavaFX Application Thread] DEBUG FXGLAssetLoaderServi - Loading from file system: file:/C:/Users/dell/Desktop/OOP作业/Teamwork/target/classes/assets/textures/plant/SunFlower/SunFlower_14.png
16:54:37.130 [JavaFX Application Thread] DEBUG FXGLAssetLoaderServi - Loading from file system: file:/C:/Users/dell/Desktop/OOP作业/Teamwork/target/classes/assets/textures/plant/SunFlower/SunFlower_15.png
16:54:37.132 [JavaFX Application Thread] DEBUG FXGLAssetLoaderServi - Loading from file system: file:/C:/Users/dell/Desktop/OOP作业/Teamwork/target/classes/assets/textures/plant/SunFlower/SunFlower_16.png
16:54:37.132 [JavaFX Application Thread] DEBUG FXGLAssetLoaderServi - Loading from file system: file:/C:/Users/dell/Desktop/OOP作业/Teamwork/target/classes/assets/textures/plant/SunFlower/SunFlower_17.png
16:54:44.582 [JavaFX Application Thread] DEBUG FXGLAssetLoaderServi - Loading from file system: file:/C:/Users/dell/Desktop/OOP作业/Teamwork/target/classes/assets/textures/zombie/NormalZombie/Zombie/Zombie_0.png
16:54:44.583 [JavaFX Application Thread] DEBUG FXGLAssetLoaderServi - Loading from file system: file:/C:/Users/dell/Desktop/OOP作业/Teamwork/target/classes/assets/textures/zombie/NormalZombie/Zombie/Zombie_1.png
16:54:44.584 [JavaFX Application Thread] DEBUG FXGLAssetLoaderServi - Loading from file system: file:/C:/Users/dell/Desktop/OOP作业/Teamwork/target/classes/assets/textures/zombie/NormalZombie/Zombie/Zombie_2.png
16:54:44.585 [JavaFX Application Thread] DEBUG FXGLAssetLoaderServi - Loading from file system: file:/C:/Users/dell/Desktop/OOP作业/Teamwork/target/classes/assets/textures/zombie/NormalZombie/Zombie/Zombie_3.png
16:54:44.586 [JavaFX Application Thread] DEBUG FXGLAssetLoaderServi - Loading from file system: file:/C:/Users/dell/Desktop/OOP作业/Teamwork/target/classes/assets/textures/zombie/NormalZombie/Zombie/Zombie_4.png
16:54:44.587 [JavaFX Application Thread] DEBUG FXGLAssetLoaderServi - Loading from file system: file:/C:/Users/dell/Desktop/OOP作业/Teamwork/target/classes/assets/textures/zombie/NormalZombie/Zombie/Zombie_5.png
16:54:44.588 [JavaFX Application Thread] DEBUG FXGLAssetLoaderServi - Loading from file system: file:/C:/Users/dell/Desktop/OOP作业/Teamwork/target/classes/assets/textures/zombie/NormalZombie/Zombie/Zombie_6.png
16:54:44.590 [JavaFX Application Thread] DEBUG FXGLAssetLoaderServi - Loading from file system: file:/C:/Users/dell/Desktop/OOP作业/Teamwork/target/classes/assets/textures/zombie/NormalZombie/Zombie/Zombie_7.png
16:54:44.591 [JavaFX Application Thread] DEBUG FXGLAssetLoaderServi - Loading from file system: file:/C:/Users/dell/Desktop/OOP作业/Teamwork/target/classes/assets/textures/zombie/NormalZombie/Zombie/Zombie_8.png
16:54:44.591 [JavaFX Application Thread] DEBUG FXGLAssetLoaderServi - Loading from file system: file:/C:/Users/dell/Desktop/OOP作业/Teamwork/target/classes/assets/textures/zombie/NormalZombie/Zombie/Zombie_9.png
16:54:44.592 [JavaFX Application Thread] DEBUG FXGLAssetLoaderServi - Loading from file system: file:/C:/Users/dell/Desktop/OOP作业/Teamwork/target/classes/assets/textures/zombie/NormalZombie/Zombie/Zombie_10.png
16:54:44.593 [JavaFX Application Thread] DEBUG FXGLAssetLoaderServi - Loading from file system: file:/C:/Users/dell/Desktop/OOP作业/Teamwork/target/classes/assets/textures/zombie/NormalZombie/Zombie/Zombie_11.png
16:54:44.594 [JavaFX Application Thread] DEBUG FXGLAssetLoaderServi - Loading from file system: file:/C:/Users/dell/Desktop/OOP作业/Teamwork/target/classes/assets/textures/zombie/NormalZombie/Zombie/Zombie_12.png
16:54:44.594 [JavaFX Application Thread] DEBUG FXGLAssetLoaderServi - Loading from file system: file:/C:/Users/dell/Desktop/OOP作业/Teamwork/target/classes/assets/textures/zombie/NormalZombie/Zombie/Zombie_13.png
16:54:44.594 [JavaFX Application Thread] DEBUG FXGLAssetLoaderServi - Loading from file system: file:/C:/Users/dell/Desktop/OOP作业/Teamwork/target/classes/assets/textures/zombie/NormalZombie/Zombie/Zombie_14.png
16:54:44.595 [JavaFX Application Thread] DEBUG FXGLAssetLoaderServi - Loading from file system: file:/C:/Users/dell/Desktop/OOP作业/Teamwork/target/classes/assets/textures/zombie/NormalZombie/Zombie/Zombie_15.png
16:54:44.597 [JavaFX Application Thread] DEBUG FXGLAssetLoaderServi - Loading from file system: file:/C:/Users/dell/Desktop/OOP作业/Teamwork/target/classes/assets/textures/zombie/NormalZombie/Zombie/Zombie_16.png
16:54:44.598 [JavaFX Application Thread] DEBUG FXGLAssetLoaderServi - Loading from file system: file:/C:/Users/dell/Desktop/OOP作业/Teamwork/target/classes/assets/textures/zombie/NormalZombie/Zombie/Zombie_17.png
16:54:44.599 [JavaFX Application Thread] DEBUG FXGLAssetLoaderServi - Loading from file system: file:/C:/Users/dell/Desktop/OOP作业/Teamwork/target/classes/assets/textures/zombie/NormalZombie/Zombie/Zombie_18.png
16:54:44.600 [JavaFX Application Thread] DEBUG FXGLAssetLoaderServi - Loading from file system: file:/C:/Users/dell/Desktop/OOP作业/Teamwork/target/classes/assets/textures/zombie/NormalZombie/Zombie/Zombie_19.png
16:54:44.600 [JavaFX Application Thread] DEBUG FXGLAssetLoaderServi - Loading from file system: file:/C:/Users/dell/Desktop/OOP作业/Teamwork/target/classes/assets/textures/zombie/NormalZombie/Zombie/Zombie_20.png
16:54:44.601 [JavaFX Application Thread] DEBUG FXGLAssetLoaderServi - Loading from file system: file:/C:/Users/dell/Desktop/OOP作业/Teamwork/target/classes/assets/textures/zombie/NormalZombie/Zombie/Zombie_21.png
16:54:44.606 [JavaFX Application Thread] DEBUG FXGLAssetLoaderServi - Loading from file system: file:/C:/Users/dell/Desktop/OOP作业/Teamwork/target/classes/assets/textures/zombie/NormalZombie/ZombieDie/ZombieDie_0.png
16:54:44.606 [JavaFX Application Thread] DEBUG FXGLAssetLoaderServi - Loading from file system: file:/C:/Users/dell/Desktop/OOP作业/Teamwork/target/classes/assets/textures/zombie/NormalZombie/ZombieDie/ZombieDie_1.png
16:54:44.607 [JavaFX Application Thread] DEBUG FXGLAssetLoaderServi - Loading from file system: file:/C:/Users/dell/Desktop/OOP作业/Teamwork/target/classes/assets/textures/zombie/NormalZombie/ZombieDie/ZombieDie_2.png
16:54:44.608 [JavaFX Application Thread] DEBUG FXGLAssetLoaderServi - Loading from file system: file:/C:/Users/dell/Desktop/OOP作业/Teamwork/target/classes/assets/textures/zombie/NormalZombie/ZombieDie/ZombieDie_3.png
16:54:44.609 [JavaFX Application Thread] DEBUG FXGLAssetLoaderServi - Loading from file system: file:/C:/Users/dell/Desktop/OOP作业/Teamwork/target/classes/assets/textures/zombie/NormalZombie/ZombieDie/ZombieDie_4.png
16:54:44.609 [JavaFX Application Thread] DEBUG FXGLAssetLoaderServi - Loading from file system: file:/C:/Users/dell/Desktop/OOP作业/Teamwork/target/classes/assets/textures/zombie/NormalZombie/ZombieDie/ZombieDie_5.png
16:54:44.610 [JavaFX Application Thread] DEBUG FXGLAssetLoaderServi - Loading from file system: file:/C:/Users/dell/Desktop/OOP作业/Teamwork/target/classes/assets/textures/zombie/NormalZombie/ZombieDie/ZombieDie_6.png
16:54:44.610 [JavaFX Application Thread] DEBUG FXGLAssetLoaderServi - Loading from file system: file:/C:/Users/dell/Desktop/OOP作业/Teamwork/target/classes/assets/textures/zombie/NormalZombie/ZombieDie/ZombieDie_7.png
16:54:44.611 [JavaFX Application Thread] DEBUG FXGLAssetLoaderServi - Loading from file system: file:/C:/Users/dell/Desktop/OOP作业/Teamwork/target/classes/assets/textures/zombie/NormalZombie/ZombieDie/ZombieDie_8.png
16:54:44.612 [JavaFX Application Thread] DEBUG FXGLAssetLoaderServi - Loading from file system: file:/C:/Users/dell/Desktop/OOP作业/Teamwork/target/classes/assets/textures/zombie/NormalZombie/ZombieDie/ZombieDie_9.png
16:54:51.398 [JavaFX Application Thread] DEBUG FXGLAssetLoaderServi - Loading from file system: file:/C:/Users/dell/Desktop/OOP作业/Teamwork/target/classes/assets/textures/plant/PeaShooter/PeaShooter.png
16:54:52.190 [JavaFX Application Thread] DEBUG FXGLAssetLoaderServi - Loading from file system: file:/C:/Users/dell/Desktop/OOP作业/Teamwork/target/classes/assets/textures/plant/PeaShooter/PeaShooter_0.png
16:54:52.191 [JavaFX Application Thread] DEBUG FXGLAssetLoaderServi - Loading from file system: file:/C:/Users/dell/Desktop/OOP作业/Teamwork/target/classes/assets/textures/plant/PeaShooter/PeaShooter_1.png
16:54:52.192 [JavaFX Application Thread] DEBUG FXGLAssetLoaderServi - Loading from file system: file:/C:/Users/dell/Desktop/OOP作业/Teamwork/target/classes/assets/textures/plant/PeaShooter/PeaShooter_2.png
16:54:52.192 [JavaFX Application Thread] DEBUG FXGLAssetLoaderServi - Loading from file system: file:/C:/Users/dell/Desktop/OOP作业/Teamwork/target/classes/assets/textures/plant/PeaShooter/PeaShooter_3.png
16:54:52.193 [JavaFX Application Thread] DEBUG FXGLAssetLoaderServi - Loading from file system: file:/C:/Users/dell/Desktop/OOP作业/Teamwork/target/classes/assets/textures/plant/PeaShooter/PeaShooter_4.png
16:54:52.193 [JavaFX Application Thread] DEBUG FXGLAssetLoaderServi - Loading from file system: file:/C:/Users/dell/Desktop/OOP作业/Teamwork/target/classes/assets/textures/plant/PeaShooter/PeaShooter_5.png
16:54:52.194 [JavaFX Application Thread] DEBUG FXGLAssetLoaderServi - Loading from file system: file:/C:/Users/dell/Desktop/OOP作业/Teamwork/target/classes/assets/textures/plant/PeaShooter/PeaShooter_6.png
16:54:52.194 [JavaFX Application Thread] DEBUG FXGLAssetLoaderServi - Loading from file system: file:/C:/Users/dell/Desktop/OOP作业/Teamwork/target/classes/assets/textures/plant/PeaShooter/PeaShooter_7.png
16:54:52.195 [JavaFX Application Thread] DEBUG FXGLAssetLoaderServi - Loading from file system: file:/C:/Users/dell/Desktop/OOP作业/Teamwork/target/classes/assets/textures/plant/PeaShooter/PeaShooter_8.png
16:54:52.196 [JavaFX Application Thread] DEBUG FXGLAssetLoaderServi - Loading from file system: file:/C:/Users/dell/Desktop/OOP作业/Teamwork/target/classes/assets/textures/plant/PeaShooter/PeaShooter_9.png
16:54:52.196 [JavaFX Application Thread] DEBUG FXGLAssetLoaderServi - Loading from file system: file:/C:/Users/dell/Desktop/OOP作业/Teamwork/target/classes/assets/textures/plant/PeaShooter/PeaShooter_10.png
16:54:52.197 [JavaFX Application Thread] DEBUG FXGLAssetLoaderServi - Loading from file system: file:/C:/Users/dell/Desktop/OOP作业/Teamwork/target/classes/assets/textures/plant/PeaShooter/PeaShooter_11.png
16:54:52.198 [JavaFX Application Thread] DEBUG FXGLAssetLoaderServi - Loading from file system: file:/C:/Users/dell/Desktop/OOP作业/Teamwork/target/classes/assets/textures/plant/PeaShooter/PeaShooter_12.png
16:55:01.248 [JavaFX Application Thread] DEBUG FXGLApplication      - Exiting FXGL
16:55:01.249 [JavaFX Application Thread] DEBUG LoopRunner           - Stopping loop
16:55:01.249 [JavaFX Application Thread] DEBUG SystemBundleService  - Saving FXGL system data
16:55:01.251 [JavaFX Application Thread] DEBUG FileSystemAccess     - Writing to: C:\Users\dell\Desktop\OOP作业\Teamwork\system\fxgl.bundle
16:55:01.254 [JavaFX Application Thread] DEBUG Async                - Shutting down background threads
16:55:01.254 [JavaFX Application Thread] DEBUG PrimaryStageWindow   - Closing main window
16:55:01.272 [JavaFX Application Thread] DEBUG Logger               - Closing Logger
