03:25:19.127 [main                     ] DEBUG Logger               - Configured Logger
03:25:19.151 [main                     ] DEBUG GameApplication      - Logging settings
Title: Plants Vs Zombies
Version: 0.0
Width: 750
Height: 533
Fullscreen: false
Intro: false
Profiling: false
Single step:false
App Mode: DEVELOPER
Menu Key: ESCAPE
Stage Style: DECORATED
Scene Factory: class com.zrt.pvz.PVZApp$1

03:25:19.446 [JavaFX Application Thread] DEBUG FXGLApplication      - Initializing FXGL
03:25:19.449 [JavaFX Application Thread] INFO  Engine               - FXGL-17.2 (20.08.2022 16.50) on WINDOWS (J:20.0.1 FX:20.0.1)
03:25:19.450 [JavaFX Application Thread] DEBUG Engine               - JRE Vendor Name: Oracle Corporation
03:25:19.450 [JavaFX Application Thread] DEBUG Engine               - Running on OS: Windows 11 version 10.0
03:25:19.450 [JavaFX Application Thread] DEBUG Engine               - Architecture: amd64
03:25:19.450 [JavaFX Application Thread] INFO  Engine               - Source code and latest versions at: https://github.com/AlmasB/FXGL
03:25:19.450 [JavaFX Application Thread] INFO  Engine               -       Ask questions and discuss at: https://github.com/AlmasB/FXGL/discussions
03:25:19.450 [JavaFX Application Thread] INFO  Engine               -              Join the FXGL chat at: https://gitter.im/AlmasB/FXGL
03:25:19.602 [JavaFX Application Thread] DEBUG PrimaryStageWindow   - Creating a JavaFX scene
03:25:19.654 [JavaFX Application Thread] DEBUG PrimaryStageWindow   - Target settings size: 750.0 x 533.0
03:25:19.654 [JavaFX Application Thread] DEBUG PrimaryStageWindow   - Scaled scene size:    750.0 x 533.0
03:25:19.654 [JavaFX Application Thread] DEBUG PrimaryStageWindow   - Scaled ratio: (1.0, 1.0)
03:25:19.660 [JavaFX Application Thread] DEBUG PrimaryStageWindow   - Set initial scene to GameStartupScene
03:25:19.663 [JavaFX Application Thread] DEBUG PrimaryStageWindow   - Opening main window
03:25:19.958 [JavaFX Application Thread] DEBUG PrimaryStageWindow   - Window border size: (14.79998779296875, 38.20001220703125)
03:25:19.958 [JavaFX Application Thread] DEBUG PrimaryStageWindow   - Scaled size: 750.0 x 533.0
03:25:19.958 [JavaFX Application Thread] DEBUG PrimaryStageWindow   - Scaled ratio: (1.0, 1.0)
03:25:19.959 [JavaFX Application Thread] DEBUG PrimaryStageWindow   - Scene size: 750.0 x 533.0
03:25:19.959 [JavaFX Application Thread] DEBUG PrimaryStageWindow   - Stage size: 764.7999877929688 x 571.2000122070312
03:25:19.964 [FXGL Background Thread 1 ] DEBUG Engine               - Initializing environment variables
03:25:20.000 [FXGL Background Thread 1 ] DEBUG FXGLAssetLoaderServi - User app class for loading assets: class com.zrt.pvz.PVZApp
03:25:20.000 [FXGL Background Thread 1 ] DEBUG GameApplicationServi - Applying CSS: fxgl_dark.css
03:25:20.001 [FXGL Background Thread 1 ] DEBUG FXGLAssetLoaderServi - Loading from file system: jar:file:///C:/Users/dell/.m2/repository/com/github/almasb/fxgl/17.2/fxgl-17.2.jar!/fxglassets/ui/css/fxgl_dark.css
03:25:20.013 [FXGL Background Thread 1 ] DEBUG GameApplicationServi - Initializing application scenes
03:25:20.019 [FXGL Background Thread 1 ] DEBUG FXGLAssetLoaderServi - Loading from file system: file:/C:/Users/dell/Desktop/OOP作业/Teamwork/target/classes/assets/textures/map/map1LoadingBG.jpg
03:25:20.069 [FXGL Background Thread 1 ] DEBUG GameWorld            - Game world initialized
03:25:20.100 [FXGL Background Thread 1 ] DEBUG PhysicsWorld         - Physics world initialized: appHeight=533, physics.ppm=50.0
03:25:20.100 [FXGL Background Thread 1 ] DEBUG PhysicsWorld         - Using strategy: BRUTE_FORCE
03:25:20.103 [FXGL Background Thread 1 ] DEBUG GameScene            - Game scene initialized: 750x533
03:25:20.116 [FXGL Background Thread 1 ] DEBUG FXGLAssetLoaderServi - Loading from file system: file:/C:/Users/dell/Desktop/OOP作业/Teamwork/target/classes/assets/textures/ui/mainMenu/bg.png
03:25:20.160 [FXGL Background Thread 1 ] DEBUG FXGLAssetLoaderServi - Loading from file system: file:/C:/Users/dell/Desktop/OOP作业/Teamwork/target/classes/assets/textures/ui/mainMenu/puzzle.png
03:25:20.171 [FXGL Background Thread 1 ] DEBUG FXGLAssetLoaderServi - Loading from file system: file:/C:/Users/dell/Desktop/OOP作业/Teamwork/target/classes/assets/textures/ui/mainMenu/userBoard.png
03:25:20.184 [FXGL Background Thread 1 ] DEBUG FXGLAssetLoaderServi - Loading from file system: file:/C:/Users/dell/Desktop/OOP作业/Teamwork/target/classes/assets/textures/ui/gameMenu/Menu.png
03:25:20.194 [FXGL Background Thread 1 ] DEBUG GameApplicationServi - Application scenes initialized
03:25:20.204 [FXGL Background Thread 1 ] DEBUG SystemBundleService  - Loading FXGL system data
03:25:20.205 [FXGL Background Thread 1 ] DEBUG FileSystemAccess     - Reading from: C:\Users\dell\Desktop\OOP作业\Teamwork\system\fxgl.bundle
03:25:20.208 [FXGL Background Thread 1 ] DEBUG SystemBundleService  - Bundle FXGL: {}
03:25:20.209 [FXGL Background Thread 1 ] DEBUG UpdaterService       - Checking for updates
03:25:20.213 [FXGL Background Thread 4 ] DEBUG FXGLApplication      - Loading fonts
03:25:20.213 [FXGL Background Thread 1 ] DEBUG FXGLApplication      - Loading default localization
03:25:20.214 [FXGL Background Thread 4 ] DEBUG FXGLAssetLoaderServi - Loading from file system: jar:file:///C:/Users/dell/.m2/repository/com/github/almasb/fxgl/17.2/fxgl-17.2.jar!/fxglassets/ui/fonts/VarelaRound-Regular.ttf
03:25:20.214 [FXGL Background Thread 1 ] DEBUG FXGLAssetLoaderServi - Loading from file system: jar:file:///C:/Users/dell/.m2/repository/com/github/almasb/fxgl/17.2/fxgl-17.2.jar!/fxglassets/languages/english.lang
03:25:20.256 [FXGL Background Thread 1 ] INFO  FXGLApplication      - FXGL initialization took: 0.292 sec
03:25:20.258 [JavaFX Application Thread] DEBUG FXGLAssetLoaderServi - Loading from file system: file:/C:/Users/dell/Desktop/OOP作业/Teamwork/target/classes/assets/textures/logo.jpg
03:25:20.267 [JavaFX Application Thread] DEBUG FXGLAssetLoaderServi - Loading from file system: jar:file:///C:/Users/dell/.m2/repository/com/github/almasb/fxgl/17.2/fxgl-17.2.jar!/fxglassets/textures/fxgl_default_cursor.png
03:25:20.278 [JavaFX Application Thread] DEBUG Input                - Registered new binding: Screenshot - CTRL+8
03:25:20.279 [JavaFX Application Thread] DEBUG Input                - Registered new binding: System info dump - CTRL+9
03:25:20.280 [JavaFX Application Thread] DEBUG Input                - Registered new binding: Restart - CTRL+R
03:25:20.282 [JavaFX Application Thread] DEBUG Input                - Registered new binding: Toggle Debug Camera - CTRL+7
03:25:20.286 [JavaFX Application Thread] DEBUG LoopRunner           - Starting loop
03:25:20.287 [JavaFX Application Thread] DEBUG LoopRunner           - Initializing JavaFX AnimationTimerLoop
03:25:20.290 [JavaFX Application Thread] DEBUG Input                - Clearing active input actions
03:25:20.295 [JavaFX Application Thread] DEBUG GameApplicationServi - Removing overlay from GameStartupScene and adding to FXGLMainMenuDummyScene
03:25:20.295 [JavaFX Application Thread] DEBUG PrimaryStageWindow   - GameStartupScene -> FXGLMainMenuDummyScene
03:25:20.295 [JavaFX Application Thread] DEBUG PrimaryStageWindow   - Push state: MainMenu
03:25:20.296 [JavaFX Application Thread] DEBUG FXGLAssetLoaderServi - Loading from file system: file:/C:/Users/dell/Desktop/OOP作业/Teamwork/target/classes/assets/music/mainMenu.wav
03:25:20.301 [FXGL Background Thread 4 ] DEBUG FXGLAssetLoaderServi - Loading from file system: jar:file:///C:/Users/dell/.m2/repository/com/github/almasb/fxgl/17.2/fxgl-17.2.jar!/fxglassets/ui/fonts/Abel-Regular.ttf
03:25:20.304 [FXGL Background Thread 4 ] DEBUG FXGLAssetLoaderServi - Loading from file system: jar:file:///C:/Users/dell/.m2/repository/com/github/almasb/fxgl/17.2/fxgl-17.2.jar!/fxglassets/ui/fonts/TerminalLandMono-Regular.otf
03:25:20.306 [FXGL Background Thread 4 ] DEBUG FXGLAssetLoaderServi - Loading from file system: jar:file:///C:/Users/dell/.m2/repository/com/github/almasb/fxgl/17.2/fxgl-17.2.jar!/fxglassets/ui/fonts/Courier-Prime.ttf
03:25:20.433 [JavaFX Application Thread] DEBUG AudioPlayer          - Playing music com.almasb.fxgl.audio.Music@6a555258
03:25:20.434 [JavaFX Application Thread] DEBUG Input                - Clearing active input actions
03:25:20.436 [JavaFX Application Thread] DEBUG GameApplicationServi - Removing overlay from FXGLMainMenuDummyScene and adding to MainMenu
03:25:20.437 [JavaFX Application Thread] DEBUG PrimaryStageWindow   - FXGLMainMenuDummyScene -> MainMenu
03:25:20.467 [JavaFX Application Thread] WARN  FXGLAssetLoaderServi - Asset "/assets/sounds/mainMenuHover.wav" was not found!
03:25:20.468 [JavaFX Application Thread] WARN  FXGLAssetLoaderServi - Failed to load SOUND
03:25:20.470 [JavaFX Application Thread] DEBUG FXGLApplication      - Registering font factories with UI factory
03:25:22.422 [JavaFX Application Thread] WARN  FXGLAssetLoaderServi - Asset "/assets/sounds/select.wav" was not found!
03:25:22.423 [JavaFX Application Thread] WARN  FXGLAssetLoaderServi - Failed to load SOUND
03:25:22.423 [JavaFX Application Thread] DEBUG FXGLAssetLoaderServi - Loading from file system: file:/C:/Users/dell/Desktop/OOP作业/Teamwork/target/classes/assets/textures/ui/mainMenu/ZombieHand.png
03:25:22.434 [JavaFX Application Thread] DEBUG GameApplicationServi - Starting new game
03:25:22.434 [JavaFX Application Thread] DEBUG PrimaryStageWindow   - Pop state: MainMenu
03:25:22.434 [JavaFX Application Thread] DEBUG Input                - Clearing active input actions
03:25:22.435 [JavaFX Application Thread] DEBUG GameApplicationServi - Removing overlay from MainMenu and adding to FXGLMainMenuDummyScene
03:25:22.435 [JavaFX Application Thread] DEBUG PrimaryStageWindow   - FXGLMainMenuDummyScene <- MainMenu
03:25:22.435 [JavaFX Application Thread] DEBUG Input                - Clearing active input actions
03:25:22.442 [JavaFX Application Thread] DEBUG GameApplicationServi - Removing overlay from FXGLMainMenuDummyScene and adding to GameLoadingScene
03:25:22.442 [JavaFX Application Thread] DEBUG PrimaryStageWindow   - FXGLMainMenuDummyScene -> GameLoadingScene
03:25:22.442 [JavaFX Application Thread] DEBUG GameApplicationServi - Clearing previous game
03:25:22.442 [JavaFX Application Thread] DEBUG GameScene            - Clearing game scene
03:25:22.442 [JavaFX Application Thread] DEBUG GameWorld            - Clearing game world
03:25:22.442 [JavaFX Application Thread] DEBUG PhysicsWorld         - Clearing physics world
03:25:22.444 [FXGL Background Thread 4 ] DEBUG FXGLApplication      - Initializing game
03:25:22.449 [FXGL Background Thread 4 ] DEBUG FXGLAssetLoaderServi - Loading JSON from: file:/C:/Users/dell/Desktop/OOP作业/Teamwork/target/classes/assets/data/plant/Imitator.json
03:25:22.576 [FXGL Background Thread 4 ] DEBUG FXGLAssetLoaderServi - Loading JSON from: file:/C:/Users/dell/Desktop/OOP作业/Teamwork/target/classes/assets/levels/level1.json
03:25:22.582 [FXGL Background Thread 4 ] DEBUG FXGLAssetLoaderServi - Loading from file system: file:/C:/Users/dell/Desktop/OOP作业/Teamwork/target/classes/assets/textures/ui/choose/CherryBomb.png
03:25:22.583 [FXGL Background Thread 4 ] DEBUG FXGLAssetLoaderServi - Loading from file system: file:/C:/Users/dell/Desktop/OOP作业/Teamwork/target/classes/assets/textures/map/map1.jpg
03:25:22.622 [FXGL Background Thread 4 ] DEBUG FXGLAssetLoaderServi - Loading JSON from: file:/C:/Users/dell/Desktop/OOP作业/Teamwork/target/classes/assets/data/zombie/NormalZombie.json
03:25:22.632 [FXGL Background Thread 4 ] DEBUG FXGLAssetLoaderServi - Loading from file system: file:/C:/Users/dell/Desktop/OOP作业/Teamwork/target/classes/assets/textures/zombie/NormalZombie/ZombieShow/ZombieShow_0.png
03:25:22.633 [FXGL Background Thread 4 ] DEBUG FXGLAssetLoaderServi - Loading from file system: file:/C:/Users/dell/Desktop/OOP作业/Teamwork/target/classes/assets/textures/zombie/NormalZombie/ZombieShow/ZombieShow_1.png
03:25:22.633 [FXGL Background Thread 4 ] DEBUG FXGLAssetLoaderServi - Loading from file system: file:/C:/Users/dell/Desktop/OOP作业/Teamwork/target/classes/assets/textures/zombie/NormalZombie/ZombieShow/ZombieShow_2.png
03:25:22.634 [FXGL Background Thread 4 ] DEBUG FXGLAssetLoaderServi - Loading from file system: file:/C:/Users/dell/Desktop/OOP作业/Teamwork/target/classes/assets/textures/zombie/NormalZombie/ZombieShow/ZombieShow_3.png
03:25:22.635 [FXGL Background Thread 4 ] DEBUG FXGLAssetLoaderServi - Loading from file system: file:/C:/Users/dell/Desktop/OOP作业/Teamwork/target/classes/assets/textures/zombie/NormalZombie/ZombieShow/ZombieShow_4.png
03:25:22.646 [FXGL Background Thread 4 ] DEBUG FXGLAssetLoaderServi - Loading JSON from: file:/C:/Users/dell/Desktop/OOP作业/Teamwork/target/classes/assets/data/MapPoint.json
03:25:22.659 [FXGL Background Thread 4 ] INFO  FXGLApplication      - Game initialization took: 0.216 sec
03:25:22.660 [JavaFX Application Thread] DEBUG Input                - Clearing active input actions
03:25:22.663 [JavaFX Application Thread] DEBUG GameApplicationServi - Removing overlay from GameLoadingScene and adding to GameScene
03:25:22.663 [JavaFX Application Thread] DEBUG PrimaryStageWindow   - GameLoadingScene -> GameScene
03:25:23.212 [FXGL Background Thread 3 ] DEBUG Engine               - Logging environment variables
03:25:23.212 [FXGL Background Thread 3 ] DEBUG Engine               - achievements: []
03:25:23.212 [FXGL Background Thread 3 ] DEBUG Engine               - actualHeight: 533.0
03:25:23.212 [FXGL Background Thread 3 ] DEBUG Engine               - actualHeightProperty: ReadOnlyDoubleProperty [value: 533.0]
03:25:23.212 [FXGL Background Thread 3 ] DEBUG Engine               - actualWidth: 750.0
03:25:23.212 [FXGL Background Thread 3 ] DEBUG Engine               - actualWidthProperty: ReadOnlyDoubleProperty [value: 750.0]
03:25:23.212 [FXGL Background Thread 3 ] DEBUG Engine               - appIcon: logo.jpg
03:25:23.212 [FXGL Background Thread 3 ] DEBUG Engine               - applicationMode: DEVELOPER
03:25:23.212 [FXGL Background Thread 3 ] DEBUG Engine               - cSSList: [fxgl_dark.css]
03:25:23.212 [FXGL Background Thread 3 ] DEBUG Engine               - collisionDetectionStrategy: BRUTE_FORCE
03:25:23.212 [FXGL Background Thread 3 ] DEBUG Engine               - configClass: Optional.empty
03:25:23.212 [FXGL Background Thread 3 ] DEBUG Engine               - credits: []
03:25:23.215 [FXGL Background Thread 3 ] DEBUG Engine               - defaultCursor: CursorInfo(imageName=fxgl_default_cursor.png, hotspotX=7.0, hotspotY=6.0)
03:25:23.215 [FXGL Background Thread 3 ] DEBUG Engine               - devBBoxColorProperty: ObjectProperty [value: 0xff0000ff]
03:25:23.215 [FXGL Background Thread 3 ] DEBUG Engine               - devEnableDebugCameraProperty: BooleanProperty [value: false]
03:25:23.215 [FXGL Background Thread 3 ] DEBUG Engine               - devSensorColorProperty: ObjectProperty [value: 0xffff00ff]
03:25:23.215 [FXGL Background Thread 3 ] DEBUG Engine               - devShowBBoxProperty: BooleanProperty [value: false]
03:25:23.215 [FXGL Background Thread 3 ] DEBUG Engine               - devShowPositionProperty: BooleanProperty [value: false]
03:25:23.215 [FXGL Background Thread 3 ] DEBUG Engine               - enabledMenuItems: []
03:25:23.215 [FXGL Background Thread 3 ] DEBUG Engine               - engineServices: [class com.almasb.fxgl.app.services.FXGLAssetLoaderService, class com.almasb.fxgl.app.FXGLApplication$GameApplicationService, class com.almasb.fxgl.app.services.FXGLDialogService, class com.almasb.fxgl.app.services.IOTaskExecutorService, class com.almasb.fxgl.io.FileSystemService, class com.almasb.fxgl.localization.LocalizationService, class com.almasb.fxgl.app.services.SystemBundleService, class com.almasb.fxgl.profile.SaveLoadService, class com.almasb.fxgl.ui.FXGLUIFactoryServiceProvider, class com.almasb.fxgl.ui.FXGLDialogFactoryServiceProvider, class com.almasb.fxgl.audio.AudioPlayer, class com.almasb.fxgl.notification.impl.NotificationServiceProvider, class com.almasb.fxgl.achievement.AchievementService, class com.almasb.fxgl.cutscene.CutsceneService, class com.almasb.fxgl.minigames.MiniGameService, class com.almasb.fxgl.net.NetService, class com.almasb.fxgl.app.services.UpdaterService, class com.almasb.fxgl.dev.DevService]
03:25:23.215 [FXGL Background Thread 3 ] DEBUG Engine               - fontGame: Abel-Regular.ttf
03:25:23.215 [FXGL Background Thread 3 ] DEBUG Engine               - fontMono: TerminalLandMono-Regular.otf
03:25:23.215 [FXGL Background Thread 3 ] DEBUG Engine               - fontText: Courier-Prime.ttf
03:25:23.215 [FXGL Background Thread 3 ] DEBUG Engine               - fontUI: VarelaRound-Regular.ttf
03:25:23.215 [FXGL Background Thread 3 ] DEBUG Engine               - fullScreen: BooleanProperty [value: false]
03:25:23.215 [FXGL Background Thread 3 ] DEBUG Engine               - gameDifficulty: MEDIUM
03:25:23.215 [FXGL Background Thread 3 ] DEBUG Engine               - gameDifficultyProperty: ObjectProperty [value: MEDIUM]
03:25:23.215 [FXGL Background Thread 3 ] DEBUG Engine               - globalMusicVolume: 0.5
03:25:23.215 [FXGL Background Thread 3 ] DEBUG Engine               - globalMusicVolumeProperty: DoubleProperty [value: 0.5]
03:25:23.215 [FXGL Background Thread 3 ] DEBUG Engine               - globalSoundVolume: 0.5
03:25:23.215 [FXGL Background Thread 3 ] DEBUG Engine               - globalSoundVolumeProperty: DoubleProperty [value: 0.5]
03:25:23.215 [FXGL Background Thread 3 ] DEBUG Engine               - height: 533
03:25:23.215 [FXGL Background Thread 3 ] DEBUG Engine               - is3D: false
03:25:23.215 [FXGL Background Thread 3 ] DEBUG Engine               - isAndroid: false
03:25:23.215 [FXGL Background Thread 3 ] DEBUG Engine               - isBrowser: false
03:25:23.215 [FXGL Background Thread 3 ] DEBUG Engine               - isClickFeedbackEnabled: false
03:25:23.215 [FXGL Background Thread 3 ] DEBUG Engine               - isCloseConfirmation: false
03:25:23.215 [FXGL Background Thread 3 ] DEBUG Engine               - isDesktop: true
03:25:23.215 [FXGL Background Thread 3 ] DEBUG Engine               - isDeveloperMenuEnabled: false
03:25:23.215 [FXGL Background Thread 3 ] DEBUG Engine               - isEmbedded: false
03:25:23.215 [FXGL Background Thread 3 ] DEBUG Engine               - isEntityPreloadEnabled: true
03:25:23.215 [FXGL Background Thread 3 ] DEBUG Engine               - isExperimentalTiledLargeMap: false
03:25:23.215 [FXGL Background Thread 3 ] DEBUG Engine               - isFileSystemWriteAllowed: true
03:25:23.215 [FXGL Background Thread 3 ] DEBUG Engine               - isFullScreenAllowed: false
03:25:23.215 [FXGL Background Thread 3 ] DEBUG Engine               - isFullScreenFromStart: false
03:25:23.215 [FXGL Background Thread 3 ] DEBUG Engine               - isGameMenuEnabled: true
03:25:23.215 [FXGL Background Thread 3 ] DEBUG Engine               - isIOS: false
03:25:23.215 [FXGL Background Thread 3 ] DEBUG Engine               - isIntroEnabled: false
03:25:23.215 [FXGL Background Thread 3 ] DEBUG Engine               - isLinux: false
03:25:23.215 [FXGL Background Thread 3 ] DEBUG Engine               - isMac: false
03:25:23.216 [FXGL Background Thread 3 ] DEBUG Engine               - isMainMenuEnabled: true
03:25:23.216 [FXGL Background Thread 3 ] DEBUG Engine               - isManualResizeEnabled: false
03:25:23.216 [FXGL Background Thread 3 ] DEBUG Engine               - isMobile: false
03:25:23.216 [FXGL Background Thread 3 ] DEBUG Engine               - isNative: false
03:25:23.216 [FXGL Background Thread 3 ] DEBUG Engine               - isPauseMusicWhenMinimized: true
03:25:23.216 [FXGL Background Thread 3 ] DEBUG Engine               - isPreserveResizeRatio: false
03:25:23.216 [FXGL Background Thread 3 ] DEBUG Engine               - isProfilingEnabled: false
03:25:23.216 [FXGL Background Thread 3 ] DEBUG Engine               - isScaleAffectedOnResize: true
03:25:23.216 [FXGL Background Thread 3 ] DEBUG Engine               - isSingleStep: false
03:25:23.216 [FXGL Background Thread 3 ] DEBUG Engine               - isUserProfileEnabled: false
03:25:23.216 [FXGL Background Thread 3 ] DEBUG Engine               - isWindows: true
03:25:23.216 [FXGL Background Thread 3 ] DEBUG Engine               - language: ObjectProperty [value: ENGLISH]
03:25:23.216 [FXGL Background Thread 3 ] DEBUG Engine               - menuKey: ESCAPE
03:25:23.216 [FXGL Background Thread 3 ] DEBUG Engine               - mouseSensitivity: 0.2
03:25:23.216 [FXGL Background Thread 3 ] DEBUG Engine               - notificationViewClass: class com.almasb.fxgl.notification.view.XboxNotificationView
03:25:23.216 [FXGL Background Thread 3 ] DEBUG Engine               - pixelsPerMeter: 50.0
03:25:23.216 [FXGL Background Thread 3 ] DEBUG Engine               - platform: WINDOWS
03:25:23.216 [FXGL Background Thread 3 ] DEBUG Engine               - prefHeightProperty: ReadOnlyDoubleProperty [value: 533.0]
03:25:23.216 [FXGL Background Thread 3 ] DEBUG Engine               - prefWidthProperty: ReadOnlyDoubleProperty [value: 750.0]
03:25:23.216 [FXGL Background Thread 3 ] DEBUG Engine               - profileDir: profiles/
03:25:23.216 [FXGL Background Thread 3 ] DEBUG Engine               - profileName: StringProperty [value: DEFAULT]
03:25:23.216 [FXGL Background Thread 3 ] DEBUG Engine               - randomSeed: -1
03:25:23.216 [FXGL Background Thread 3 ] DEBUG Engine               - runtimeInfo: RuntimeInfo(platform=WINDOWS, version=17.2, build=20.08.2022 16.50)
03:25:23.216 [FXGL Background Thread 3 ] DEBUG Engine               - saveFileExt: sav
03:25:23.216 [FXGL Background Thread 3 ] DEBUG Engine               - scaledHeightProp$fxgl: DoubleProperty [bound, value: 533.0]
03:25:23.216 [FXGL Background Thread 3 ] DEBUG Engine               - scaledWidthProp$fxgl: DoubleProperty [bound, value: 750.0]
03:25:23.216 [FXGL Background Thread 3 ] DEBUG Engine               - sceneFactory: com.zrt.pvz.PVZApp$1@6243b900
03:25:23.216 [FXGL Background Thread 3 ] DEBUG Engine               - secondsIn24h: 60
03:25:23.216 [FXGL Background Thread 3 ] DEBUG Engine               - soundMenuBack: menu/back.wav
03:25:23.216 [FXGL Background Thread 3 ] DEBUG Engine               - soundMenuPress: menu/press.wav
03:25:23.216 [FXGL Background Thread 3 ] DEBUG Engine               - soundMenuSelect: menu/select.wav
03:25:23.216 [FXGL Background Thread 3 ] DEBUG Engine               - soundNotification: core/notification.wav
03:25:23.216 [FXGL Background Thread 3 ] DEBUG Engine               - stageStyle: DECORATED
03:25:23.216 [FXGL Background Thread 3 ] DEBUG Engine               - supportedLanguages: [ENGLISH, FRENCH, GERMAN, HUNGARIAN, RUSSIAN]
03:25:23.216 [FXGL Background Thread 3 ] DEBUG Engine               - ticksPerSecond: -1
03:25:23.216 [FXGL Background Thread 3 ] DEBUG Engine               - title: Plants Vs Zombies
03:25:23.216 [FXGL Background Thread 3 ] DEBUG Engine               - urlGithub: https://github.com/AlmasB/FXGL
03:25:23.216 [FXGL Background Thread 3 ] DEBUG Engine               - urlLeaderboard: http://fxgl-top.herokuapp.com/
03:25:23.216 [FXGL Background Thread 3 ] DEBUG Engine               - urlPOM: https://raw.githubusercontent.com/AlmasB/FXGL/release/README.md
03:25:23.216 [FXGL Background Thread 3 ] DEBUG Engine               - userAppClass: class com.zrt.pvz.PVZApp
03:25:23.216 [FXGL Background Thread 3 ] DEBUG Engine               - version: 0.0
03:25:23.216 [FXGL Background Thread 3 ] DEBUG Engine               - versionCheckDays: 7
03:25:23.216 [FXGL Background Thread 3 ] DEBUG Engine               - width: 750
03:25:23.216 [FXGL Background Thread 3 ] DEBUG Engine               - Logging services
03:25:23.216 [FXGL Background Thread 3 ] DEBUG Engine               - class com.almasb.fxgl.app.services.FXGLAssetLoaderService
03:25:23.216 [FXGL Background Thread 3 ] DEBUG Engine               - class com.almasb.fxgl.app.FXGLApplication$GameApplicationService
03:25:23.217 [FXGL Background Thread 3 ] DEBUG Engine               - class com.almasb.fxgl.app.services.FXGLDialogService
03:25:23.217 [FXGL Background Thread 3 ] DEBUG Engine               - class com.almasb.fxgl.app.services.IOTaskExecutorService
03:25:23.217 [FXGL Background Thread 3 ] DEBUG Engine               - class com.almasb.fxgl.io.FileSystemService
03:25:23.217 [FXGL Background Thread 3 ] DEBUG Engine               - class com.almasb.fxgl.localization.LocalizationService
03:25:23.217 [FXGL Background Thread 3 ] DEBUG Engine               - class com.almasb.fxgl.app.services.SystemBundleService
03:25:23.217 [FXGL Background Thread 3 ] DEBUG Engine               - class com.almasb.fxgl.profile.SaveLoadService
03:25:23.217 [FXGL Background Thread 3 ] DEBUG Engine               - class com.almasb.fxgl.ui.FXGLUIFactoryServiceProvider
03:25:23.217 [FXGL Background Thread 3 ] DEBUG Engine               - class com.almasb.fxgl.ui.FXGLDialogFactoryServiceProvider
03:25:23.217 [FXGL Background Thread 3 ] DEBUG Engine               - class com.almasb.fxgl.audio.AudioPlayer
03:25:23.217 [FXGL Background Thread 3 ] DEBUG Engine               - class com.almasb.fxgl.notification.impl.NotificationServiceProvider
03:25:23.217 [FXGL Background Thread 3 ] DEBUG Engine               - class com.almasb.fxgl.achievement.AchievementService
03:25:23.217 [FXGL Background Thread 3 ] DEBUG Engine               - class com.almasb.fxgl.cutscene.CutsceneService
03:25:23.217 [FXGL Background Thread 3 ] DEBUG Engine               - class com.almasb.fxgl.minigames.MiniGameService
03:25:23.217 [FXGL Background Thread 3 ] DEBUG Engine               - class com.almasb.fxgl.net.NetService
03:25:23.217 [FXGL Background Thread 3 ] DEBUG Engine               - class com.almasb.fxgl.app.services.UpdaterService
03:25:23.217 [FXGL Background Thread 3 ] DEBUG Engine               - class com.almasb.fxgl.dev.DevService
03:25:26.875 [JavaFX Application Thread] DEBUG AudioPlayer          - Pausing music com.almasb.fxgl.audio.Music@6a555258
03:25:26.875 [JavaFX Application Thread] DEBUG LoopRunner           - Pausing loop
03:25:36.318 [JavaFX Application Thread] DEBUG LoopRunner           - Resuming loop
03:25:36.319 [JavaFX Application Thread] DEBUG AudioPlayer          - Resuming music com.almasb.fxgl.audio.Music@6a555258
03:25:37.021 [JavaFX Application Thread] DEBUG FXGLAssetLoaderServi - Loading from file system: file:/C:/Users/dell/Desktop/OOP作业/Teamwork/target/classes/assets/textures/ui/choose/chosenBg.png
03:25:37.030 [JavaFX Application Thread] DEBUG FXGLAssetLoaderServi - Loading from file system: file:/C:/Users/dell/Desktop/OOP作业/Teamwork/target/classes/assets/textures/ui/choose/ChoosePlant.png
03:25:37.041 [JavaFX Application Thread] DEBUG FXGLAssetLoaderServi - Loading JSON from: file:/C:/Users/dell/Desktop/OOP作业/Teamwork/target/classes/assets/data/plant/SunFlower.json
03:25:37.047 [JavaFX Application Thread] DEBUG FXGLAssetLoaderServi - Loading from file system: file:/C:/Users/dell/Desktop/OOP作业/Teamwork/target/classes/assets/textures/ui/choose/SunFlower.png
03:25:37.051 [JavaFX Application Thread] DEBUG FXGLAssetLoaderServi - Loading JSON from: file:/C:/Users/dell/Desktop/OOP作业/Teamwork/target/classes/assets/data/plant/PeaShooter.json
03:25:37.055 [JavaFX Application Thread] DEBUG FXGLAssetLoaderServi - Loading from file system: file:/C:/Users/dell/Desktop/OOP作业/Teamwork/target/classes/assets/textures/ui/choose/PeaShooter.png
03:25:37.058 [JavaFX Application Thread] DEBUG FXGLAssetLoaderServi - Loading JSON from: file:/C:/Users/dell/Desktop/OOP作业/Teamwork/target/classes/assets/data/plant/CherryBomb.json
03:25:37.065 [JavaFX Application Thread] DEBUG FXGLAssetLoaderServi - Loading JSON from: file:/C:/Users/dell/Desktop/OOP作业/Teamwork/target/classes/assets/data/plant/WallNut.json
03:25:37.070 [JavaFX Application Thread] DEBUG FXGLAssetLoaderServi - Loading from file system: file:/C:/Users/dell/Desktop/OOP作业/Teamwork/target/classes/assets/textures/ui/choose/WallNut.png
03:25:37.071 [JavaFX Application Thread] DEBUG FXGLAssetLoaderServi - Loading JSON from: file:/C:/Users/dell/Desktop/OOP作业/Teamwork/target/classes/assets/data/plant/PotatoMine.json
03:25:37.078 [JavaFX Application Thread] DEBUG FXGLAssetLoaderServi - Loading from file system: file:/C:/Users/dell/Desktop/OOP作业/Teamwork/target/classes/assets/textures/ui/choose/PotatoMine.png
03:25:37.080 [JavaFX Application Thread] DEBUG FXGLAssetLoaderServi - Loading JSON from: file:/C:/Users/dell/Desktop/OOP作业/Teamwork/target/classes/assets/data/plant/SnowPea.json
03:25:37.083 [JavaFX Application Thread] DEBUG FXGLAssetLoaderServi - Loading from file system: file:/C:/Users/dell/Desktop/OOP作业/Teamwork/target/classes/assets/textures/ui/choose/SnowPea.png
03:25:37.085 [JavaFX Application Thread] DEBUG FXGLAssetLoaderServi - Loading JSON from: file:/C:/Users/dell/Desktop/OOP作业/Teamwork/target/classes/assets/data/plant/Chomper.json
03:25:37.088 [JavaFX Application Thread] DEBUG FXGLAssetLoaderServi - Loading from file system: file:/C:/Users/dell/Desktop/OOP作业/Teamwork/target/classes/assets/textures/ui/choose/Chomper.png
03:25:37.090 [JavaFX Application Thread] DEBUG FXGLAssetLoaderServi - Loading JSON from: file:/C:/Users/dell/Desktop/OOP作业/Teamwork/target/classes/assets/data/plant/RepeaterPea.json
03:25:37.093 [JavaFX Application Thread] DEBUG FXGLAssetLoaderServi - Loading from file system: file:/C:/Users/dell/Desktop/OOP作业/Teamwork/target/classes/assets/textures/ui/choose/RepeaterPea.png
03:25:37.095 [JavaFX Application Thread] DEBUG FXGLAssetLoaderServi - Loading JSON from: file:/C:/Users/dell/Desktop/OOP作业/Teamwork/target/classes/assets/data/plant/PuffShroom.json
03:25:37.097 [JavaFX Application Thread] DEBUG FXGLAssetLoaderServi - Loading from file system: file:/C:/Users/dell/Desktop/OOP作业/Teamwork/target/classes/assets/textures/ui/choose/PuffShroom.png
03:25:37.099 [JavaFX Application Thread] DEBUG FXGLAssetLoaderServi - Loading JSON from: file:/C:/Users/dell/Desktop/OOP作业/Teamwork/target/classes/assets/data/plant/FumeShroom.json
03:25:37.102 [JavaFX Application Thread] DEBUG FXGLAssetLoaderServi - Loading from file system: file:/C:/Users/dell/Desktop/OOP作业/Teamwork/target/classes/assets/textures/ui/choose/FumeShroom.png
03:25:37.103 [JavaFX Application Thread] DEBUG FXGLAssetLoaderServi - Loading JSON from: file:/C:/Users/dell/Desktop/OOP作业/Teamwork/target/classes/assets/data/plant/SunShroom.json
03:25:37.106 [JavaFX Application Thread] DEBUG FXGLAssetLoaderServi - Loading from file system: file:/C:/Users/dell/Desktop/OOP作业/Teamwork/target/classes/assets/textures/ui/choose/SunShroom.png
03:25:38.129 [JavaFX Application Thread] DEBUG FXGLAssetLoaderServi - Loading JSON from: file:/C:/Users/dell/Desktop/OOP作业/Teamwork/target/classes/assets/data/plant/SunShroom.json
03:25:38.350 [JavaFX Application Thread] DEBUG FXGLAssetLoaderServi - Loading JSON from: file:/C:/Users/dell/Desktop/OOP作业/Teamwork/target/classes/assets/data/plant/SunShroom.json
03:25:38.353 [JavaFX Application Thread] DEBUG FXGLAssetLoaderServi - Loading JSON from: file:/C:/Users/dell/Desktop/OOP作业/Teamwork/target/classes/assets/data/plant/FumeShroom.json
03:25:38.605 [JavaFX Application Thread] DEBUG FXGLAssetLoaderServi - Loading JSON from: file:/C:/Users/dell/Desktop/OOP作业/Teamwork/target/classes/assets/data/plant/SunShroom.json
03:25:38.609 [JavaFX Application Thread] DEBUG FXGLAssetLoaderServi - Loading JSON from: file:/C:/Users/dell/Desktop/OOP作业/Teamwork/target/classes/assets/data/plant/FumeShroom.json
03:25:38.612 [JavaFX Application Thread] DEBUG FXGLAssetLoaderServi - Loading JSON from: file:/C:/Users/dell/Desktop/OOP作业/Teamwork/target/classes/assets/data/plant/PuffShroom.json
03:25:38.942 [JavaFX Application Thread] DEBUG FXGLAssetLoaderServi - Loading JSON from: file:/C:/Users/dell/Desktop/OOP作业/Teamwork/target/classes/assets/data/plant/SunShroom.json
03:25:38.947 [JavaFX Application Thread] DEBUG FXGLAssetLoaderServi - Loading JSON from: file:/C:/Users/dell/Desktop/OOP作业/Teamwork/target/classes/assets/data/plant/FumeShroom.json
03:25:38.951 [JavaFX Application Thread] DEBUG FXGLAssetLoaderServi - Loading JSON from: file:/C:/Users/dell/Desktop/OOP作业/Teamwork/target/classes/assets/data/plant/PuffShroom.json
03:25:38.954 [JavaFX Application Thread] DEBUG FXGLAssetLoaderServi - Loading JSON from: file:/C:/Users/dell/Desktop/OOP作业/Teamwork/target/classes/assets/data/plant/PeaShooter.json
03:25:39.264 [JavaFX Application Thread] DEBUG FXGLAssetLoaderServi - Loading JSON from: file:/C:/Users/dell/Desktop/OOP作业/Teamwork/target/classes/assets/data/plant/SunShroom.json
03:25:39.268 [JavaFX Application Thread] DEBUG FXGLAssetLoaderServi - Loading JSON from: file:/C:/Users/dell/Desktop/OOP作业/Teamwork/target/classes/assets/data/plant/FumeShroom.json
03:25:39.270 [JavaFX Application Thread] DEBUG FXGLAssetLoaderServi - Loading JSON from: file:/C:/Users/dell/Desktop/OOP作业/Teamwork/target/classes/assets/data/plant/PuffShroom.json
03:25:39.273 [JavaFX Application Thread] DEBUG FXGLAssetLoaderServi - Loading JSON from: file:/C:/Users/dell/Desktop/OOP作业/Teamwork/target/classes/assets/data/plant/PeaShooter.json
03:25:39.275 [JavaFX Application Thread] DEBUG FXGLAssetLoaderServi - Loading JSON from: file:/C:/Users/dell/Desktop/OOP作业/Teamwork/target/classes/assets/data/plant/WallNut.json
03:25:39.694 [JavaFX Application Thread] DEBUG FXGLAssetLoaderServi - Loading JSON from: file:/C:/Users/dell/Desktop/OOP作业/Teamwork/target/classes/assets/data/plant/SunShroom.json
03:25:39.697 [JavaFX Application Thread] DEBUG FXGLAssetLoaderServi - Loading JSON from: file:/C:/Users/dell/Desktop/OOP作业/Teamwork/target/classes/assets/data/plant/FumeShroom.json
03:25:39.700 [JavaFX Application Thread] DEBUG FXGLAssetLoaderServi - Loading JSON from: file:/C:/Users/dell/Desktop/OOP作业/Teamwork/target/classes/assets/data/plant/PuffShroom.json
03:25:39.703 [JavaFX Application Thread] DEBUG FXGLAssetLoaderServi - Loading JSON from: file:/C:/Users/dell/Desktop/OOP作业/Teamwork/target/classes/assets/data/plant/PeaShooter.json
03:25:39.705 [JavaFX Application Thread] DEBUG FXGLAssetLoaderServi - Loading JSON from: file:/C:/Users/dell/Desktop/OOP作业/Teamwork/target/classes/assets/data/plant/WallNut.json
03:25:39.708 [JavaFX Application Thread] DEBUG FXGLAssetLoaderServi - Loading JSON from: file:/C:/Users/dell/Desktop/OOP作业/Teamwork/target/classes/assets/data/plant/SunFlower.json
03:25:41.568 [JavaFX Application Thread] WARN  FXGLAssetLoaderServi - Asset "/assets/sounds/mainMenuHover.wav" was not found!
03:25:41.568 [JavaFX Application Thread] WARN  FXGLAssetLoaderServi - Failed to load SOUND
03:25:41.713 [JavaFX Application Thread] WARN  FXGLAssetLoaderServi - Asset "/assets/sounds/select.wav" was not found!
03:25:41.714 [JavaFX Application Thread] WARN  FXGLAssetLoaderServi - Failed to load SOUND
03:25:41.728 [JavaFX Application Thread] DEBUG FXGLAssetLoaderServi - Loading from file system: file:/C:/Users/dell/Desktop/OOP作业/Teamwork/target/classes/assets/textures/plant/SunFlower/SunFlower.png
03:25:41.729 [JavaFX Application Thread] DEBUG FXGLAssetLoaderServi - Loading from file system: file:/C:/Users/dell/Desktop/OOP作业/Teamwork/target/classes/assets/textures/powerBeat/powerBeatBg(2).png
03:25:41.745 [JavaFX Application Thread] DEBUG FXGLAssetLoaderServi - Loading JSON from: file:/C:/Users/dell/Desktop/OOP作业/Teamwork/target/classes/assets/data/zombie/NormalZombie.json
03:25:44.349 [JavaFX Application Thread] DEBUG FXGLAssetLoaderServi - Loading from file system: file:/C:/Users/dell/Desktop/OOP作业/Teamwork/target/classes/assets/textures/weeder/weeder.png
03:25:44.352 [JavaFX Application Thread] DEBUG FXGLAssetLoaderServi - Loading from file system: file:/C:/Users/dell/Desktop/OOP作业/Teamwork/target/classes/assets/textures/prepareText/prepare.png
03:25:44.356 [JavaFX Application Thread] DEBUG FXGLAssetLoaderServi - Loading from file system: file:/C:/Users/dell/Desktop/OOP作业/Teamwork/target/classes/assets/textures/shovel/shovelBg.png
03:25:44.357 [JavaFX Application Thread] DEBUG FXGLAssetLoaderServi - Loading JSON from: file:/C:/Users/dell/Desktop/OOP作业/Teamwork/target/classes/assets/data/plant/SunShroom.json
03:25:44.361 [JavaFX Application Thread] DEBUG FXGLAssetLoaderServi - Loading JSON from: file:/C:/Users/dell/Desktop/OOP作业/Teamwork/target/classes/assets/data/plant/FumeShroom.json
03:25:44.363 [JavaFX Application Thread] DEBUG FXGLAssetLoaderServi - Loading JSON from: file:/C:/Users/dell/Desktop/OOP作业/Teamwork/target/classes/assets/data/plant/PuffShroom.json
03:25:44.365 [JavaFX Application Thread] DEBUG FXGLAssetLoaderServi - Loading JSON from: file:/C:/Users/dell/Desktop/OOP作业/Teamwork/target/classes/assets/data/plant/PeaShooter.json
03:25:44.369 [JavaFX Application Thread] DEBUG FXGLAssetLoaderServi - Loading JSON from: file:/C:/Users/dell/Desktop/OOP作业/Teamwork/target/classes/assets/data/plant/WallNut.json
03:25:44.371 [JavaFX Application Thread] DEBUG FXGLAssetLoaderServi - Loading JSON from: file:/C:/Users/dell/Desktop/OOP作业/Teamwork/target/classes/assets/data/plant/SunFlower.json
03:25:44.861 [JavaFX Application Thread] DEBUG FXGLAssetLoaderServi - Loading from file system: file:/C:/Users/dell/Desktop/OOP作业/Teamwork/target/classes/assets/textures/prepareText/puton.png
03:25:45.364 [JavaFX Application Thread] DEBUG FXGLAssetLoaderServi - Loading from file system: file:/C:/Users/dell/Desktop/OOP作业/Teamwork/target/classes/assets/textures/prepareText/plant.png
03:25:45.869 [JavaFX Application Thread] DEBUG FXGLAssetLoaderServi - Loading from file system: file:/C:/Users/dell/Desktop/OOP作业/Teamwork/target/classes/assets/textures/ui/progressBar/FlagMeterFull.png
03:25:45.869 [JavaFX Application Thread] DEBUG FXGLAssetLoaderServi - Loading from file system: file:/C:/Users/dell/Desktop/OOP作业/Teamwork/target/classes/assets/textures/ui/progressBar/FlagMeterEmpty.png
03:25:45.869 [JavaFX Application Thread] DEBUG FXGLAssetLoaderServi - Loading from file system: file:/C:/Users/dell/Desktop/OOP作业/Teamwork/target/classes/assets/textures/ui/progressBar/FlagMeterLevelProgress.png
03:25:45.870 [JavaFX Application Thread] DEBUG FXGLAssetLoaderServi - Loading from file system: file:/C:/Users/dell/Desktop/OOP作业/Teamwork/target/classes/assets/textures/ui/progressBar/FlagMeterParts1.png
03:25:45.872 [JavaFX Application Thread] DEBUG FXGLAssetLoaderServi - Loading from file system: file:/C:/Users/dell/Desktop/OOP作业/Teamwork/target/classes/assets/textures/ui/progressBar/FlagMeterParts2.png
03:25:50.194 [JavaFX Application Thread] DEBUG FXGLAssetLoaderServi - Loading from file system: file:/C:/Users/dell/Desktop/OOP作业/Teamwork/target/classes/assets/textures/plant/PuffShroom/PuffShroom.png
03:25:50.738 [JavaFX Application Thread] WARN  FXGLAssetLoaderServi - Asset "/assets/sounds/placed.wav" was not found!
03:25:50.738 [JavaFX Application Thread] WARN  FXGLAssetLoaderServi - Failed to load SOUND
03:25:50.742 [JavaFX Application Thread] DEBUG FXGLAssetLoaderServi - Loading from file system: file:/C:/Users/dell/Desktop/OOP作业/Teamwork/target/classes/assets/textures/plant/PuffShroom/PuffShroom/PuffShroom_0.png
03:25:50.742 [JavaFX Application Thread] DEBUG FXGLAssetLoaderServi - Loading from file system: file:/C:/Users/dell/Desktop/OOP作业/Teamwork/target/classes/assets/textures/plant/PuffShroom/PuffShroom/PuffShroom_1.png
03:25:50.743 [JavaFX Application Thread] DEBUG FXGLAssetLoaderServi - Loading from file system: file:/C:/Users/dell/Desktop/OOP作业/Teamwork/target/classes/assets/textures/plant/PuffShroom/PuffShroom/PuffShroom_2.png
03:25:50.743 [JavaFX Application Thread] DEBUG FXGLAssetLoaderServi - Loading from file system: file:/C:/Users/dell/Desktop/OOP作业/Teamwork/target/classes/assets/textures/plant/PuffShroom/PuffShroom/PuffShroom_3.png
03:25:50.743 [JavaFX Application Thread] DEBUG FXGLAssetLoaderServi - Loading from file system: file:/C:/Users/dell/Desktop/OOP作业/Teamwork/target/classes/assets/textures/plant/PuffShroom/PuffShroom/PuffShroom_4.png
03:25:50.744 [JavaFX Application Thread] DEBUG FXGLAssetLoaderServi - Loading from file system: file:/C:/Users/dell/Desktop/OOP作业/Teamwork/target/classes/assets/textures/plant/PuffShroom/PuffShroom/PuffShroom_5.png
03:25:50.744 [JavaFX Application Thread] DEBUG FXGLAssetLoaderServi - Loading from file system: file:/C:/Users/dell/Desktop/OOP作业/Teamwork/target/classes/assets/textures/plant/PuffShroom/PuffShroom/PuffShroom_6.png
03:25:50.744 [JavaFX Application Thread] DEBUG FXGLAssetLoaderServi - Loading from file system: file:/C:/Users/dell/Desktop/OOP作业/Teamwork/target/classes/assets/textures/plant/PuffShroom/PuffShroom/PuffShroom_7.png
03:25:50.745 [JavaFX Application Thread] DEBUG FXGLAssetLoaderServi - Loading from file system: file:/C:/Users/dell/Desktop/OOP作业/Teamwork/target/classes/assets/textures/plant/PuffShroom/PuffShroom/PuffShroom_8.png
03:25:50.745 [JavaFX Application Thread] DEBUG FXGLAssetLoaderServi - Loading from file system: file:/C:/Users/dell/Desktop/OOP作业/Teamwork/target/classes/assets/textures/plant/PuffShroom/PuffShroom/PuffShroom_9.png
03:25:50.745 [JavaFX Application Thread] DEBUG FXGLAssetLoaderServi - Loading from file system: file:/C:/Users/dell/Desktop/OOP作业/Teamwork/target/classes/assets/textures/plant/PuffShroom/PuffShroom/PuffShroom_10.png
03:25:50.746 [JavaFX Application Thread] DEBUG FXGLAssetLoaderServi - Loading from file system: file:/C:/Users/dell/Desktop/OOP作业/Teamwork/target/classes/assets/textures/plant/PuffShroom/PuffShroom/PuffShroom_11.png
03:25:50.746 [JavaFX Application Thread] DEBUG FXGLAssetLoaderServi - Loading from file system: file:/C:/Users/dell/Desktop/OOP作业/Teamwork/target/classes/assets/textures/plant/PuffShroom/PuffShroom/PuffShroom_12.png
03:25:50.746 [JavaFX Application Thread] DEBUG FXGLAssetLoaderServi - Loading from file system: file:/C:/Users/dell/Desktop/OOP作业/Teamwork/target/classes/assets/textures/plant/PuffShroom/PuffShroom/PuffShroom_13.png
03:25:50.747 [JavaFX Application Thread] DEBUG FXGLAssetLoaderServi - Loading from file system: file:/C:/Users/dell/Desktop/OOP作业/Teamwork/target/classes/assets/textures/plant/PuffShroom/PuffShroomSleep/PuffShroomSleep_0.png
03:25:50.747 [JavaFX Application Thread] DEBUG FXGLAssetLoaderServi - Loading from file system: file:/C:/Users/dell/Desktop/OOP作业/Teamwork/target/classes/assets/textures/plant/PuffShroom/PuffShroomSleep/PuffShroomSleep_1.png
03:25:50.747 [JavaFX Application Thread] DEBUG FXGLAssetLoaderServi - Loading from file system: file:/C:/Users/dell/Desktop/OOP作业/Teamwork/target/classes/assets/textures/plant/PuffShroom/PuffShroomSleep/PuffShroomSleep_2.png
03:25:50.748 [JavaFX Application Thread] DEBUG FXGLAssetLoaderServi - Loading from file system: file:/C:/Users/dell/Desktop/OOP作业/Teamwork/target/classes/assets/textures/plant/PuffShroom/PuffShroomSleep/PuffShroomSleep_3.png
03:25:50.748 [JavaFX Application Thread] DEBUG FXGLAssetLoaderServi - Loading from file system: file:/C:/Users/dell/Desktop/OOP作业/Teamwork/target/classes/assets/textures/plant/PuffShroom/PuffShroomSleep/PuffShroomSleep_4.png
03:25:50.748 [JavaFX Application Thread] DEBUG FXGLAssetLoaderServi - Loading from file system: file:/C:/Users/dell/Desktop/OOP作业/Teamwork/target/classes/assets/textures/plant/PuffShroom/PuffShroomSleep/PuffShroomSleep_5.png
03:25:50.748 [JavaFX Application Thread] DEBUG FXGLAssetLoaderServi - Loading from file system: file:/C:/Users/dell/Desktop/OOP作业/Teamwork/target/classes/assets/textures/plant/PuffShroom/PuffShroomSleep/PuffShroomSleep_6.png
03:25:50.749 [JavaFX Application Thread] DEBUG FXGLAssetLoaderServi - Loading from file system: file:/C:/Users/dell/Desktop/OOP作业/Teamwork/target/classes/assets/textures/plant/PuffShroom/PuffShroomSleep/PuffShroomSleep_7.png
03:25:50.749 [JavaFX Application Thread] DEBUG FXGLAssetLoaderServi - Loading from file system: file:/C:/Users/dell/Desktop/OOP作业/Teamwork/target/classes/assets/textures/plant/PuffShroom/PuffShroomSleep/PuffShroomSleep_8.png
03:25:50.749 [JavaFX Application Thread] DEBUG FXGLAssetLoaderServi - Loading from file system: file:/C:/Users/dell/Desktop/OOP作业/Teamwork/target/classes/assets/textures/plant/PuffShroom/PuffShroomSleep/PuffShroomSleep_9.png
03:25:50.750 [JavaFX Application Thread] DEBUG FXGLAssetLoaderServi - Loading from file system: file:/C:/Users/dell/Desktop/OOP作业/Teamwork/target/classes/assets/textures/plant/PuffShroom/PuffShroomSleep/PuffShroomSleep_10.png
03:25:50.750 [JavaFX Application Thread] DEBUG FXGLAssetLoaderServi - Loading from file system: file:/C:/Users/dell/Desktop/OOP作业/Teamwork/target/classes/assets/textures/plant/PuffShroom/PuffShroomSleep/PuffShroomSleep_11.png
03:25:50.750 [JavaFX Application Thread] DEBUG FXGLAssetLoaderServi - Loading from file system: file:/C:/Users/dell/Desktop/OOP作业/Teamwork/target/classes/assets/textures/plant/PuffShroom/PuffShroomSleep/PuffShroomSleep_12.png
03:25:50.751 [JavaFX Application Thread] DEBUG FXGLAssetLoaderServi - Loading from file system: file:/C:/Users/dell/Desktop/OOP作业/Teamwork/target/classes/assets/textures/plant/PuffShroom/PuffShroomSleep/PuffShroomSleep_13.png
03:25:50.751 [JavaFX Application Thread] DEBUG FXGLAssetLoaderServi - Loading from file system: file:/C:/Users/dell/Desktop/OOP作业/Teamwork/target/classes/assets/textures/plant/PuffShroom/PuffShroomSleep/PuffShroomSleep_14.png
03:25:50.751 [JavaFX Application Thread] DEBUG FXGLAssetLoaderServi - Loading from file system: file:/C:/Users/dell/Desktop/OOP作业/Teamwork/target/classes/assets/textures/plant/PuffShroom/PuffShroomSleep/PuffShroomSleep_15.png
03:25:50.751 [JavaFX Application Thread] DEBUG FXGLAssetLoaderServi - Loading from file system: file:/C:/Users/dell/Desktop/OOP作业/Teamwork/target/classes/assets/textures/plant/PuffShroom/PuffShroomSleep/PuffShroomSleep_16.png
03:25:52.186 [JavaFX Application Thread] DEBUG FXGLAssetLoaderServi - Loading from file system: file:/C:/Users/dell/Desktop/OOP作业/Teamwork/target/classes/assets/textures/plant/SunShine/SunShine_0.png
03:25:52.187 [JavaFX Application Thread] DEBUG FXGLAssetLoaderServi - Loading from file system: file:/C:/Users/dell/Desktop/OOP作业/Teamwork/target/classes/assets/textures/plant/SunShine/SunShine_1.png
03:25:52.187 [JavaFX Application Thread] DEBUG FXGLAssetLoaderServi - Loading from file system: file:/C:/Users/dell/Desktop/OOP作业/Teamwork/target/classes/assets/textures/plant/SunShine/SunShine_2.png
03:25:52.187 [JavaFX Application Thread] DEBUG FXGLAssetLoaderServi - Loading from file system: file:/C:/Users/dell/Desktop/OOP作业/Teamwork/target/classes/assets/textures/plant/SunShine/SunShine_3.png
03:25:52.188 [JavaFX Application Thread] DEBUG FXGLAssetLoaderServi - Loading from file system: file:/C:/Users/dell/Desktop/OOP作业/Teamwork/target/classes/assets/textures/plant/SunShine/SunShine_4.png
03:25:52.188 [JavaFX Application Thread] DEBUG FXGLAssetLoaderServi - Loading from file system: file:/C:/Users/dell/Desktop/OOP作业/Teamwork/target/classes/assets/textures/plant/SunShine/SunShine_5.png
03:25:52.188 [JavaFX Application Thread] DEBUG FXGLAssetLoaderServi - Loading from file system: file:/C:/Users/dell/Desktop/OOP作业/Teamwork/target/classes/assets/textures/plant/SunShine/SunShine_6.png
03:25:52.189 [JavaFX Application Thread] DEBUG FXGLAssetLoaderServi - Loading from file system: file:/C:/Users/dell/Desktop/OOP作业/Teamwork/target/classes/assets/textures/plant/SunShine/SunShine_7.png
03:25:52.189 [JavaFX Application Thread] DEBUG FXGLAssetLoaderServi - Loading from file system: file:/C:/Users/dell/Desktop/OOP作业/Teamwork/target/classes/assets/textures/plant/SunShine/SunShine_8.png
03:25:52.189 [JavaFX Application Thread] DEBUG FXGLAssetLoaderServi - Loading from file system: file:/C:/Users/dell/Desktop/OOP作业/Teamwork/target/classes/assets/textures/plant/SunShine/SunShine_9.png
03:25:52.189 [JavaFX Application Thread] DEBUG FXGLAssetLoaderServi - Loading from file system: file:/C:/Users/dell/Desktop/OOP作业/Teamwork/target/classes/assets/textures/plant/SunShine/SunShine_10.png
03:25:52.190 [JavaFX Application Thread] DEBUG FXGLAssetLoaderServi - Loading from file system: file:/C:/Users/dell/Desktop/OOP作业/Teamwork/target/classes/assets/textures/plant/SunShine/SunShine_11.png
03:25:52.190 [JavaFX Application Thread] DEBUG FXGLAssetLoaderServi - Loading from file system: file:/C:/Users/dell/Desktop/OOP作业/Teamwork/target/classes/assets/textures/plant/SunShine/SunShine_12.png
03:25:52.190 [JavaFX Application Thread] DEBUG FXGLAssetLoaderServi - Loading from file system: file:/C:/Users/dell/Desktop/OOP作业/Teamwork/target/classes/assets/textures/plant/SunShine/SunShine_13.png
03:25:52.191 [JavaFX Application Thread] DEBUG FXGLAssetLoaderServi - Loading from file system: file:/C:/Users/dell/Desktop/OOP作业/Teamwork/target/classes/assets/textures/plant/SunShine/SunShine_14.png
03:25:52.191 [JavaFX Application Thread] DEBUG FXGLAssetLoaderServi - Loading from file system: file:/C:/Users/dell/Desktop/OOP作业/Teamwork/target/classes/assets/textures/plant/SunShine/SunShine_15.png
03:25:52.191 [JavaFX Application Thread] DEBUG FXGLAssetLoaderServi - Loading from file system: file:/C:/Users/dell/Desktop/OOP作业/Teamwork/target/classes/assets/textures/plant/SunShine/SunShine_16.png
03:25:52.192 [JavaFX Application Thread] DEBUG FXGLAssetLoaderServi - Loading from file system: file:/C:/Users/dell/Desktop/OOP作业/Teamwork/target/classes/assets/textures/plant/SunShine/SunShine_17.png
03:25:52.192 [JavaFX Application Thread] DEBUG FXGLAssetLoaderServi - Loading from file system: file:/C:/Users/dell/Desktop/OOP作业/Teamwork/target/classes/assets/textures/plant/SunShine/SunShine_18.png
03:25:52.192 [JavaFX Application Thread] DEBUG FXGLAssetLoaderServi - Loading from file system: file:/C:/Users/dell/Desktop/OOP作业/Teamwork/target/classes/assets/textures/plant/SunShine/SunShine_19.png
03:25:52.193 [JavaFX Application Thread] DEBUG FXGLAssetLoaderServi - Loading from file system: file:/C:/Users/dell/Desktop/OOP作业/Teamwork/target/classes/assets/textures/plant/SunShine/SunShine_20.png
03:25:52.193 [JavaFX Application Thread] DEBUG FXGLAssetLoaderServi - Loading from file system: file:/C:/Users/dell/Desktop/OOP作业/Teamwork/target/classes/assets/textures/plant/SunShine/SunShine_21.png
03:25:52.193 [JavaFX Application Thread] DEBUG FXGLAssetLoaderServi - Loading from file system: file:/C:/Users/dell/Desktop/OOP作业/Teamwork/target/classes/assets/textures/plant/SunShine/SunShine_22.png
03:25:52.193 [JavaFX Application Thread] DEBUG FXGLAssetLoaderServi - Loading from file system: file:/C:/Users/dell/Desktop/OOP作业/Teamwork/target/classes/assets/textures/plant/SunShine/SunShine_23.png
03:25:52.194 [JavaFX Application Thread] DEBUG FXGLAssetLoaderServi - Loading from file system: file:/C:/Users/dell/Desktop/OOP作业/Teamwork/target/classes/assets/textures/plant/SunShine/SunShine_24.png
03:25:52.194 [JavaFX Application Thread] DEBUG FXGLAssetLoaderServi - Loading from file system: file:/C:/Users/dell/Desktop/OOP作业/Teamwork/target/classes/assets/textures/plant/SunShine/SunShine_25.png
03:25:52.194 [JavaFX Application Thread] DEBUG FXGLAssetLoaderServi - Loading from file system: file:/C:/Users/dell/Desktop/OOP作业/Teamwork/target/classes/assets/textures/plant/SunShine/SunShine_26.png
03:25:52.194 [JavaFX Application Thread] DEBUG FXGLAssetLoaderServi - Loading from file system: file:/C:/Users/dell/Desktop/OOP作业/Teamwork/target/classes/assets/textures/plant/SunShine/SunShine_27.png
03:25:52.195 [JavaFX Application Thread] DEBUG FXGLAssetLoaderServi - Loading from file system: file:/C:/Users/dell/Desktop/OOP作业/Teamwork/target/classes/assets/textures/plant/SunShine/SunShine_28.png
03:25:55.141 [JavaFX Application Thread] WARN  FXGLAssetLoaderServi - Asset "/assets/sounds/placed.wav" was not found!
03:25:55.141 [JavaFX Application Thread] WARN  FXGLAssetLoaderServi - Failed to load SOUND
03:25:55.142 [JavaFX Application Thread] DEBUG FXGLAssetLoaderServi - Loading from file system: file:/C:/Users/dell/Desktop/OOP作业/Teamwork/target/classes/assets/textures/plant/SunFlower/SunFlower/SunFlower_0.png
03:25:55.143 [JavaFX Application Thread] DEBUG FXGLAssetLoaderServi - Loading from file system: file:/C:/Users/dell/Desktop/OOP作业/Teamwork/target/classes/assets/textures/plant/SunFlower/SunFlower/SunFlower_1.png
03:25:55.143 [JavaFX Application Thread] DEBUG FXGLAssetLoaderServi - Loading from file system: file:/C:/Users/dell/Desktop/OOP作业/Teamwork/target/classes/assets/textures/plant/SunFlower/SunFlower/SunFlower_2.png
03:25:55.143 [JavaFX Application Thread] DEBUG FXGLAssetLoaderServi - Loading from file system: file:/C:/Users/dell/Desktop/OOP作业/Teamwork/target/classes/assets/textures/plant/SunFlower/SunFlower/SunFlower_3.png
03:25:55.144 [JavaFX Application Thread] DEBUG FXGLAssetLoaderServi - Loading from file system: file:/C:/Users/dell/Desktop/OOP作业/Teamwork/target/classes/assets/textures/plant/SunFlower/SunFlower/SunFlower_4.png
03:25:55.144 [JavaFX Application Thread] DEBUG FXGLAssetLoaderServi - Loading from file system: file:/C:/Users/dell/Desktop/OOP作业/Teamwork/target/classes/assets/textures/plant/SunFlower/SunFlower/SunFlower_5.png
03:25:55.145 [JavaFX Application Thread] DEBUG FXGLAssetLoaderServi - Loading from file system: file:/C:/Users/dell/Desktop/OOP作业/Teamwork/target/classes/assets/textures/plant/SunFlower/SunFlower/SunFlower_6.png
03:25:55.145 [JavaFX Application Thread] DEBUG FXGLAssetLoaderServi - Loading from file system: file:/C:/Users/dell/Desktop/OOP作业/Teamwork/target/classes/assets/textures/plant/SunFlower/SunFlower/SunFlower_7.png
03:25:55.146 [JavaFX Application Thread] DEBUG FXGLAssetLoaderServi - Loading from file system: file:/C:/Users/dell/Desktop/OOP作业/Teamwork/target/classes/assets/textures/plant/SunFlower/SunFlower/SunFlower_8.png
03:25:55.146 [JavaFX Application Thread] DEBUG FXGLAssetLoaderServi - Loading from file system: file:/C:/Users/dell/Desktop/OOP作业/Teamwork/target/classes/assets/textures/plant/SunFlower/SunFlower/SunFlower_9.png
03:25:55.146 [JavaFX Application Thread] DEBUG FXGLAssetLoaderServi - Loading from file system: file:/C:/Users/dell/Desktop/OOP作业/Teamwork/target/classes/assets/textures/plant/SunFlower/SunFlower/SunFlower_10.png
03:25:55.147 [JavaFX Application Thread] DEBUG FXGLAssetLoaderServi - Loading from file system: file:/C:/Users/dell/Desktop/OOP作业/Teamwork/target/classes/assets/textures/plant/SunFlower/SunFlower/SunFlower_11.png
03:25:55.147 [JavaFX Application Thread] DEBUG FXGLAssetLoaderServi - Loading from file system: file:/C:/Users/dell/Desktop/OOP作业/Teamwork/target/classes/assets/textures/plant/SunFlower/SunFlower/SunFlower_12.png
03:25:55.148 [JavaFX Application Thread] DEBUG FXGLAssetLoaderServi - Loading from file system: file:/C:/Users/dell/Desktop/OOP作业/Teamwork/target/classes/assets/textures/plant/SunFlower/SunFlower/SunFlower_13.png
03:25:55.148 [JavaFX Application Thread] DEBUG FXGLAssetLoaderServi - Loading from file system: file:/C:/Users/dell/Desktop/OOP作业/Teamwork/target/classes/assets/textures/plant/SunFlower/SunFlower/SunFlower_14.png
03:25:55.149 [JavaFX Application Thread] DEBUG FXGLAssetLoaderServi - Loading from file system: file:/C:/Users/dell/Desktop/OOP作业/Teamwork/target/classes/assets/textures/plant/SunFlower/SunFlower/SunFlower_15.png
03:25:55.149 [JavaFX Application Thread] DEBUG FXGLAssetLoaderServi - Loading from file system: file:/C:/Users/dell/Desktop/OOP作业/Teamwork/target/classes/assets/textures/plant/SunFlower/SunFlower/SunFlower_16.png
03:25:55.149 [JavaFX Application Thread] DEBUG FXGLAssetLoaderServi - Loading from file system: file:/C:/Users/dell/Desktop/OOP作业/Teamwork/target/classes/assets/textures/plant/SunFlower/SunFlower/SunFlower_17.png
03:25:55.549 [JavaFX Application Thread] DEBUG FXGLAssetLoaderServi - Loading JSON from: file:/C:/Users/dell/Desktop/OOP作业/Teamwork/target/classes/assets/data/zombie/NormalZombie.json
03:25:55.557 [JavaFX Application Thread] DEBUG FXGLAssetLoaderServi - Loading from file system: file:/C:/Users/dell/Desktop/OOP作业/Teamwork/target/classes/assets/textures/zombie/NormalZombie/Zombie/Zombie_0.png
03:25:55.558 [JavaFX Application Thread] DEBUG FXGLAssetLoaderServi - Loading from file system: file:/C:/Users/dell/Desktop/OOP作业/Teamwork/target/classes/assets/textures/zombie/NormalZombie/Zombie/Zombie_1.png
03:25:55.558 [JavaFX Application Thread] DEBUG FXGLAssetLoaderServi - Loading from file system: file:/C:/Users/dell/Desktop/OOP作业/Teamwork/target/classes/assets/textures/zombie/NormalZombie/Zombie/Zombie_2.png
03:25:55.559 [JavaFX Application Thread] DEBUG FXGLAssetLoaderServi - Loading from file system: file:/C:/Users/dell/Desktop/OOP作业/Teamwork/target/classes/assets/textures/zombie/NormalZombie/Zombie/Zombie_3.png
03:25:55.559 [JavaFX Application Thread] DEBUG FXGLAssetLoaderServi - Loading from file system: file:/C:/Users/dell/Desktop/OOP作业/Teamwork/target/classes/assets/textures/zombie/NormalZombie/Zombie/Zombie_4.png
03:25:55.560 [JavaFX Application Thread] DEBUG FXGLAssetLoaderServi - Loading from file system: file:/C:/Users/dell/Desktop/OOP作业/Teamwork/target/classes/assets/textures/zombie/NormalZombie/Zombie/Zombie_5.png
03:25:55.561 [JavaFX Application Thread] DEBUG FXGLAssetLoaderServi - Loading from file system: file:/C:/Users/dell/Desktop/OOP作业/Teamwork/target/classes/assets/textures/zombie/NormalZombie/Zombie/Zombie_6.png
03:25:55.561 [JavaFX Application Thread] DEBUG FXGLAssetLoaderServi - Loading from file system: file:/C:/Users/dell/Desktop/OOP作业/Teamwork/target/classes/assets/textures/zombie/NormalZombie/Zombie/Zombie_7.png
03:25:55.562 [JavaFX Application Thread] DEBUG FXGLAssetLoaderServi - Loading from file system: file:/C:/Users/dell/Desktop/OOP作业/Teamwork/target/classes/assets/textures/zombie/NormalZombie/Zombie/Zombie_8.png
03:25:55.562 [JavaFX Application Thread] DEBUG FXGLAssetLoaderServi - Loading from file system: file:/C:/Users/dell/Desktop/OOP作业/Teamwork/target/classes/assets/textures/zombie/NormalZombie/Zombie/Zombie_9.png
03:25:55.563 [JavaFX Application Thread] DEBUG FXGLAssetLoaderServi - Loading from file system: file:/C:/Users/dell/Desktop/OOP作业/Teamwork/target/classes/assets/textures/zombie/NormalZombie/Zombie/Zombie_10.png
03:25:55.563 [JavaFX Application Thread] DEBUG FXGLAssetLoaderServi - Loading from file system: file:/C:/Users/dell/Desktop/OOP作业/Teamwork/target/classes/assets/textures/zombie/NormalZombie/Zombie/Zombie_11.png
03:25:55.564 [JavaFX Application Thread] DEBUG FXGLAssetLoaderServi - Loading from file system: file:/C:/Users/dell/Desktop/OOP作业/Teamwork/target/classes/assets/textures/zombie/NormalZombie/Zombie/Zombie_12.png
03:25:55.564 [JavaFX Application Thread] DEBUG FXGLAssetLoaderServi - Loading from file system: file:/C:/Users/dell/Desktop/OOP作业/Teamwork/target/classes/assets/textures/zombie/NormalZombie/Zombie/Zombie_13.png
03:25:55.565 [JavaFX Application Thread] DEBUG FXGLAssetLoaderServi - Loading from file system: file:/C:/Users/dell/Desktop/OOP作业/Teamwork/target/classes/assets/textures/zombie/NormalZombie/Zombie/Zombie_14.png
03:25:55.565 [JavaFX Application Thread] DEBUG FXGLAssetLoaderServi - Loading from file system: file:/C:/Users/dell/Desktop/OOP作业/Teamwork/target/classes/assets/textures/zombie/NormalZombie/Zombie/Zombie_15.png
03:25:55.566 [JavaFX Application Thread] DEBUG FXGLAssetLoaderServi - Loading from file system: file:/C:/Users/dell/Desktop/OOP作业/Teamwork/target/classes/assets/textures/zombie/NormalZombie/Zombie/Zombie_16.png
03:25:55.566 [JavaFX Application Thread] DEBUG FXGLAssetLoaderServi - Loading from file system: file:/C:/Users/dell/Desktop/OOP作业/Teamwork/target/classes/assets/textures/zombie/NormalZombie/Zombie/Zombie_17.png
03:25:55.567 [JavaFX Application Thread] DEBUG FXGLAssetLoaderServi - Loading from file system: file:/C:/Users/dell/Desktop/OOP作业/Teamwork/target/classes/assets/textures/zombie/NormalZombie/Zombie/Zombie_18.png
03:25:55.567 [JavaFX Application Thread] DEBUG FXGLAssetLoaderServi - Loading from file system: file:/C:/Users/dell/Desktop/OOP作业/Teamwork/target/classes/assets/textures/zombie/NormalZombie/Zombie/Zombie_19.png
03:25:55.568 [JavaFX Application Thread] DEBUG FXGLAssetLoaderServi - Loading from file system: file:/C:/Users/dell/Desktop/OOP作业/Teamwork/target/classes/assets/textures/zombie/NormalZombie/Zombie/Zombie_20.png
03:25:55.568 [JavaFX Application Thread] DEBUG FXGLAssetLoaderServi - Loading from file system: file:/C:/Users/dell/Desktop/OOP作业/Teamwork/target/classes/assets/textures/zombie/NormalZombie/Zombie/Zombie_21.png
03:25:55.571 [JavaFX Application Thread] DEBUG FXGLAssetLoaderServi - Loading from file system: file:/C:/Users/dell/Desktop/OOP作业/Teamwork/target/classes/assets/textures/zombie/NormalZombie/ZombieDie/ZombieDie_0.png
03:25:55.571 [JavaFX Application Thread] DEBUG FXGLAssetLoaderServi - Loading from file system: file:/C:/Users/dell/Desktop/OOP作业/Teamwork/target/classes/assets/textures/zombie/NormalZombie/ZombieDie/ZombieDie_1.png
03:25:55.572 [JavaFX Application Thread] DEBUG FXGLAssetLoaderServi - Loading from file system: file:/C:/Users/dell/Desktop/OOP作业/Teamwork/target/classes/assets/textures/zombie/NormalZombie/ZombieDie/ZombieDie_2.png
03:25:55.572 [JavaFX Application Thread] DEBUG FXGLAssetLoaderServi - Loading from file system: file:/C:/Users/dell/Desktop/OOP作业/Teamwork/target/classes/assets/textures/zombie/NormalZombie/ZombieDie/ZombieDie_3.png
03:25:55.573 [JavaFX Application Thread] DEBUG FXGLAssetLoaderServi - Loading from file system: file:/C:/Users/dell/Desktop/OOP作业/Teamwork/target/classes/assets/textures/zombie/NormalZombie/ZombieDie/ZombieDie_4.png
03:25:55.573 [JavaFX Application Thread] DEBUG FXGLAssetLoaderServi - Loading from file system: file:/C:/Users/dell/Desktop/OOP作业/Teamwork/target/classes/assets/textures/zombie/NormalZombie/ZombieDie/ZombieDie_5.png
03:25:55.573 [JavaFX Application Thread] DEBUG FXGLAssetLoaderServi - Loading from file system: file:/C:/Users/dell/Desktop/OOP作业/Teamwork/target/classes/assets/textures/zombie/NormalZombie/ZombieDie/ZombieDie_6.png
03:25:55.574 [JavaFX Application Thread] DEBUG FXGLAssetLoaderServi - Loading from file system: file:/C:/Users/dell/Desktop/OOP作业/Teamwork/target/classes/assets/textures/zombie/NormalZombie/ZombieDie/ZombieDie_7.png
03:25:55.574 [JavaFX Application Thread] DEBUG FXGLAssetLoaderServi - Loading from file system: file:/C:/Users/dell/Desktop/OOP作业/Teamwork/target/classes/assets/textures/zombie/NormalZombie/ZombieDie/ZombieDie_8.png
03:25:55.575 [JavaFX Application Thread] DEBUG FXGLAssetLoaderServi - Loading from file system: file:/C:/Users/dell/Desktop/OOP作业/Teamwork/target/classes/assets/textures/zombie/NormalZombie/ZombieDie/ZombieDie_9.png
03:25:55.575 [JavaFX Application Thread] DEBUG FXGLAssetLoaderServi - Loading from file system: file:/C:/Users/dell/Desktop/OOP作业/Teamwork/target/classes/assets/textures/zombie/NormalZombie/BoomDie/BoomDie_0.png
03:25:55.576 [JavaFX Application Thread] DEBUG FXGLAssetLoaderServi - Loading from file system: file:/C:/Users/dell/Desktop/OOP作业/Teamwork/target/classes/assets/textures/zombie/NormalZombie/BoomDie/BoomDie_1.png
03:25:55.576 [JavaFX Application Thread] DEBUG FXGLAssetLoaderServi - Loading from file system: file:/C:/Users/dell/Desktop/OOP作业/Teamwork/target/classes/assets/textures/zombie/NormalZombie/BoomDie/BoomDie_2.png
03:25:55.576 [JavaFX Application Thread] DEBUG FXGLAssetLoaderServi - Loading from file system: file:/C:/Users/dell/Desktop/OOP作业/Teamwork/target/classes/assets/textures/zombie/NormalZombie/BoomDie/BoomDie_3.png
03:25:55.577 [JavaFX Application Thread] DEBUG FXGLAssetLoaderServi - Loading from file system: file:/C:/Users/dell/Desktop/OOP作业/Teamwork/target/classes/assets/textures/zombie/NormalZombie/BoomDie/BoomDie_4.png
03:25:55.577 [JavaFX Application Thread] DEBUG FXGLAssetLoaderServi - Loading from file system: file:/C:/Users/dell/Desktop/OOP作业/Teamwork/target/classes/assets/textures/zombie/NormalZombie/BoomDie/BoomDie_5.png
03:25:55.577 [JavaFX Application Thread] DEBUG FXGLAssetLoaderServi - Loading from file system: file:/C:/Users/dell/Desktop/OOP作业/Teamwork/target/classes/assets/textures/zombie/NormalZombie/BoomDie/BoomDie_6.png
03:25:55.578 [JavaFX Application Thread] DEBUG FXGLAssetLoaderServi - Loading from file system: file:/C:/Users/dell/Desktop/OOP作业/Teamwork/target/classes/assets/textures/zombie/NormalZombie/BoomDie/BoomDie_7.png
03:25:55.578 [JavaFX Application Thread] DEBUG FXGLAssetLoaderServi - Loading from file system: file:/C:/Users/dell/Desktop/OOP作业/Teamwork/target/classes/assets/textures/zombie/NormalZombie/BoomDie/BoomDie_8.png
03:25:55.579 [JavaFX Application Thread] DEBUG FXGLAssetLoaderServi - Loading from file system: file:/C:/Users/dell/Desktop/OOP作业/Teamwork/target/classes/assets/textures/zombie/NormalZombie/BoomDie/BoomDie_9.png
03:25:55.579 [JavaFX Application Thread] DEBUG FXGLAssetLoaderServi - Loading from file system: file:/C:/Users/dell/Desktop/OOP作业/Teamwork/target/classes/assets/textures/zombie/NormalZombie/BoomDie/BoomDie_10.png
03:25:55.579 [JavaFX Application Thread] DEBUG FXGLAssetLoaderServi - Loading from file system: file:/C:/Users/dell/Desktop/OOP作业/Teamwork/target/classes/assets/textures/zombie/NormalZombie/BoomDie/BoomDie_11.png
03:25:55.580 [JavaFX Application Thread] DEBUG FXGLAssetLoaderServi - Loading from file system: file:/C:/Users/dell/Desktop/OOP作业/Teamwork/target/classes/assets/textures/zombie/NormalZombie/BoomDie/BoomDie_12.png
03:25:55.580 [JavaFX Application Thread] DEBUG FXGLAssetLoaderServi - Loading from file system: file:/C:/Users/dell/Desktop/OOP作业/Teamwork/target/classes/assets/textures/zombie/NormalZombie/BoomDie/BoomDie_13.png
03:25:55.580 [JavaFX Application Thread] DEBUG FXGLAssetLoaderServi - Loading from file system: file:/C:/Users/dell/Desktop/OOP作业/Teamwork/target/classes/assets/textures/zombie/NormalZombie/BoomDie/BoomDie_14.png
03:25:55.581 [JavaFX Application Thread] DEBUG FXGLAssetLoaderServi - Loading from file system: file:/C:/Users/dell/Desktop/OOP作业/Teamwork/target/classes/assets/textures/zombie/NormalZombie/BoomDie/BoomDie_15.png
03:25:55.581 [JavaFX Application Thread] DEBUG FXGLAssetLoaderServi - Loading from file system: file:/C:/Users/dell/Desktop/OOP作业/Teamwork/target/classes/assets/textures/zombie/NormalZombie/BoomDie/BoomDie_16.png
03:25:55.581 [JavaFX Application Thread] DEBUG FXGLAssetLoaderServi - Loading from file system: file:/C:/Users/dell/Desktop/OOP作业/Teamwork/target/classes/assets/textures/zombie/NormalZombie/BoomDie/BoomDie_17.png
03:25:55.582 [JavaFX Application Thread] DEBUG FXGLAssetLoaderServi - Loading from file system: file:/C:/Users/dell/Desktop/OOP作业/Teamwork/target/classes/assets/textures/zombie/NormalZombie/BoomDie/BoomDie_18.png
03:25:55.582 [JavaFX Application Thread] DEBUG FXGLAssetLoaderServi - Loading from file system: file:/C:/Users/dell/Desktop/OOP作业/Teamwork/target/classes/assets/textures/zombie/NormalZombie/BoomDie/BoomDie_19.png
03:25:55.583 [JavaFX Application Thread] DEBUG FXGLAssetLoaderServi - Loading from file system: file:/C:/Users/dell/Desktop/OOP作业/Teamwork/target/classes/assets/textures/zombie/NormalZombie/ZombieAttack/ZombieAttack_0.png
03:25:55.583 [JavaFX Application Thread] DEBUG FXGLAssetLoaderServi - Loading from file system: file:/C:/Users/dell/Desktop/OOP作业/Teamwork/target/classes/assets/textures/zombie/NormalZombie/ZombieAttack/ZombieAttack_1.png
03:25:55.583 [JavaFX Application Thread] DEBUG FXGLAssetLoaderServi - Loading from file system: file:/C:/Users/dell/Desktop/OOP作业/Teamwork/target/classes/assets/textures/zombie/NormalZombie/ZombieAttack/ZombieAttack_2.png
03:25:55.584 [JavaFX Application Thread] DEBUG FXGLAssetLoaderServi - Loading from file system: file:/C:/Users/dell/Desktop/OOP作业/Teamwork/target/classes/assets/textures/zombie/NormalZombie/ZombieAttack/ZombieAttack_3.png
03:25:55.584 [JavaFX Application Thread] DEBUG FXGLAssetLoaderServi - Loading from file system: file:/C:/Users/dell/Desktop/OOP作业/Teamwork/target/classes/assets/textures/zombie/NormalZombie/ZombieAttack/ZombieAttack_4.png
03:25:55.585 [JavaFX Application Thread] DEBUG FXGLAssetLoaderServi - Loading from file system: file:/C:/Users/dell/Desktop/OOP作业/Teamwork/target/classes/assets/textures/zombie/NormalZombie/ZombieAttack/ZombieAttack_5.png
03:25:55.585 [JavaFX Application Thread] DEBUG FXGLAssetLoaderServi - Loading from file system: file:/C:/Users/dell/Desktop/OOP作业/Teamwork/target/classes/assets/textures/zombie/NormalZombie/ZombieAttack/ZombieAttack_6.png
03:25:55.585 [JavaFX Application Thread] DEBUG FXGLAssetLoaderServi - Loading from file system: file:/C:/Users/dell/Desktop/OOP作业/Teamwork/target/classes/assets/textures/zombie/NormalZombie/ZombieAttack/ZombieAttack_7.png
03:25:55.586 [JavaFX Application Thread] DEBUG FXGLAssetLoaderServi - Loading from file system: file:/C:/Users/dell/Desktop/OOP作业/Teamwork/target/classes/assets/textures/zombie/NormalZombie/ZombieAttack/ZombieAttack_8.png
03:25:55.586 [JavaFX Application Thread] DEBUG FXGLAssetLoaderServi - Loading from file system: file:/C:/Users/dell/Desktop/OOP作业/Teamwork/target/classes/assets/textures/zombie/NormalZombie/ZombieAttack/ZombieAttack_9.png
03:25:55.587 [JavaFX Application Thread] DEBUG FXGLAssetLoaderServi - Loading from file system: file:/C:/Users/dell/Desktop/OOP作业/Teamwork/target/classes/assets/textures/zombie/NormalZombie/ZombieAttack/ZombieAttack_10.png
03:25:55.587 [JavaFX Application Thread] DEBUG FXGLAssetLoaderServi - Loading from file system: file:/C:/Users/dell/Desktop/OOP作业/Teamwork/target/classes/assets/textures/zombie/NormalZombie/ZombieAttack/ZombieAttack_11.png
03:25:55.588 [JavaFX Application Thread] DEBUG FXGLAssetLoaderServi - Loading from file system: file:/C:/Users/dell/Desktop/OOP作业/Teamwork/target/classes/assets/textures/zombie/NormalZombie/ZombieAttack/ZombieAttack_12.png
03:25:55.588 [JavaFX Application Thread] DEBUG FXGLAssetLoaderServi - Loading from file system: file:/C:/Users/dell/Desktop/OOP作业/Teamwork/target/classes/assets/textures/zombie/NormalZombie/ZombieAttack/ZombieAttack_13.png
03:25:55.588 [JavaFX Application Thread] DEBUG FXGLAssetLoaderServi - Loading from file system: file:/C:/Users/dell/Desktop/OOP作业/Teamwork/target/classes/assets/textures/zombie/NormalZombie/ZombieAttack/ZombieAttack_14.png
03:25:55.589 [JavaFX Application Thread] DEBUG FXGLAssetLoaderServi - Loading from file system: file:/C:/Users/dell/Desktop/OOP作业/Teamwork/target/classes/assets/textures/zombie/NormalZombie/ZombieAttack/ZombieAttack_15.png
03:25:55.589 [JavaFX Application Thread] DEBUG FXGLAssetLoaderServi - Loading from file system: file:/C:/Users/dell/Desktop/OOP作业/Teamwork/target/classes/assets/textures/zombie/NormalZombie/ZombieAttack/ZombieAttack_16.png
03:25:55.590 [JavaFX Application Thread] DEBUG FXGLAssetLoaderServi - Loading from file system: file:/C:/Users/dell/Desktop/OOP作业/Teamwork/target/classes/assets/textures/zombie/NormalZombie/ZombieAttack/ZombieAttack_17.png
03:25:55.590 [JavaFX Application Thread] DEBUG FXGLAssetLoaderServi - Loading from file system: file:/C:/Users/dell/Desktop/OOP作业/Teamwork/target/classes/assets/textures/zombie/NormalZombie/ZombieAttack/ZombieAttack_18.png
03:25:55.590 [JavaFX Application Thread] DEBUG FXGLAssetLoaderServi - Loading from file system: file:/C:/Users/dell/Desktop/OOP作业/Teamwork/target/classes/assets/textures/zombie/NormalZombie/ZombieAttack/ZombieAttack_19.png
03:25:55.591 [JavaFX Application Thread] DEBUG FXGLAssetLoaderServi - Loading from file system: file:/C:/Users/dell/Desktop/OOP作业/Teamwork/target/classes/assets/textures/zombie/NormalZombie/ZombieAttack/ZombieAttack_20.png
03:25:55.592 [JavaFX Application Thread] DEBUG FXGLAssetLoaderServi - Loading JSON from: file:/C:/Users/dell/Desktop/OOP作业/Teamwork/target/classes/assets/data/zombie/NormalZombie.json
03:25:55.600 [JavaFX Application Thread] DEBUG FXGLAssetLoaderServi - Loading JSON from: file:/C:/Users/dell/Desktop/OOP作业/Teamwork/target/classes/assets/data/zombie/NormalZombie.json
03:25:55.619 [JavaFX Application Thread] DEBUG FXGLAssetLoaderServi - Loading JSON from: file:/C:/Users/dell/Desktop/OOP作业/Teamwork/target/classes/assets/data/zombie/NormalZombie.json
03:25:55.627 [JavaFX Application Thread] DEBUG FXGLAssetLoaderServi - Loading JSON from: file:/C:/Users/dell/Desktop/OOP作业/Teamwork/target/classes/assets/data/zombie/NormalZombie.json
03:25:55.635 [JavaFX Application Thread] DEBUG FXGLAssetLoaderServi - Loading JSON from: file:/C:/Users/dell/Desktop/OOP作业/Teamwork/target/classes/assets/data/zombie/NormalZombie.json
03:25:55.643 [JavaFX Application Thread] DEBUG FXGLAssetLoaderServi - Loading JSON from: file:/C:/Users/dell/Desktop/OOP作业/Teamwork/target/classes/assets/data/zombie/NormalZombie.json
03:25:55.651 [JavaFX Application Thread] DEBUG FXGLAssetLoaderServi - Loading JSON from: file:/C:/Users/dell/Desktop/OOP作业/Teamwork/target/classes/assets/data/zombie/NormalZombie.json
03:25:55.664 [JavaFX Application Thread] DEBUG FXGLAssetLoaderServi - Loading JSON from: file:/C:/Users/dell/Desktop/OOP作业/Teamwork/target/classes/assets/data/zombie/NormalZombie.json
03:25:55.672 [JavaFX Application Thread] DEBUG FXGLAssetLoaderServi - Loading JSON from: file:/C:/Users/dell/Desktop/OOP作业/Teamwork/target/classes/assets/data/zombie/NormalZombie.json
03:25:55.680 [JavaFX Application Thread] DEBUG FXGLAssetLoaderServi - Loading from file system: file:/C:/Users/dell/Desktop/OOP作业/Teamwork/target/classes/assets/textures/ui/progressBar/LargeWave.png
03:25:57.541 [JavaFX Application Thread] WARN  FXGLAssetLoaderServi - Asset "/assets/sounds/placed.wav" was not found!
03:25:57.541 [JavaFX Application Thread] WARN  FXGLAssetLoaderServi - Failed to load SOUND
03:25:57.692 [JavaFX Application Thread] DEBUG FXGLAssetLoaderServi - Loading from file system: file:/C:/Users/dell/Desktop/OOP作业/Teamwork/target/classes/assets/textures/ui/progressBar/FinalWave.png
03:25:58.296 [JavaFX Application Thread] DEBUG FXGLAssetLoaderServi - Loading from file system: file:/C:/Users/dell/Desktop/OOP作业/Teamwork/target/classes/assets/textures/plant/FumeShroom/FumeShroom.png
03:25:59.804 [JavaFX Application Thread] WARN  FXGLAssetLoaderServi - Asset "/assets/sounds/placed.wav" was not found!
03:25:59.804 [JavaFX Application Thread] WARN  FXGLAssetLoaderServi - Failed to load SOUND
03:25:59.805 [JavaFX Application Thread] DEBUG FXGLAssetLoaderServi - Loading from file system: file:/C:/Users/dell/Desktop/OOP作业/Teamwork/target/classes/assets/textures/plant/FumeShroom/FumeShroom/FumeShroom_0.png
03:25:59.805 [JavaFX Application Thread] DEBUG FXGLAssetLoaderServi - Loading from file system: file:/C:/Users/dell/Desktop/OOP作业/Teamwork/target/classes/assets/textures/plant/FumeShroom/FumeShroom/FumeShroom_1.png
03:25:59.806 [JavaFX Application Thread] DEBUG FXGLAssetLoaderServi - Loading from file system: file:/C:/Users/dell/Desktop/OOP作业/Teamwork/target/classes/assets/textures/plant/FumeShroom/FumeShroom/FumeShroom_2.png
03:25:59.806 [JavaFX Application Thread] DEBUG FXGLAssetLoaderServi - Loading from file system: file:/C:/Users/dell/Desktop/OOP作业/Teamwork/target/classes/assets/textures/plant/FumeShroom/FumeShroom/FumeShroom_3.png
03:25:59.806 [JavaFX Application Thread] DEBUG FXGLAssetLoaderServi - Loading from file system: file:/C:/Users/dell/Desktop/OOP作业/Teamwork/target/classes/assets/textures/plant/FumeShroom/FumeShroom/FumeShroom_4.png
03:25:59.806 [JavaFX Application Thread] DEBUG FXGLAssetLoaderServi - Loading from file system: file:/C:/Users/dell/Desktop/OOP作业/Teamwork/target/classes/assets/textures/plant/FumeShroom/FumeShroom/FumeShroom_5.png
03:25:59.807 [JavaFX Application Thread] DEBUG FXGLAssetLoaderServi - Loading from file system: file:/C:/Users/dell/Desktop/OOP作业/Teamwork/target/classes/assets/textures/plant/FumeShroom/FumeShroom/FumeShroom_6.png
03:25:59.807 [JavaFX Application Thread] DEBUG FXGLAssetLoaderServi - Loading from file system: file:/C:/Users/dell/Desktop/OOP作业/Teamwork/target/classes/assets/textures/plant/FumeShroom/FumeShroom/FumeShroom_7.png
03:25:59.807 [JavaFX Application Thread] DEBUG FXGLAssetLoaderServi - Loading from file system: file:/C:/Users/dell/Desktop/OOP作业/Teamwork/target/classes/assets/textures/plant/FumeShroom/FumeShroom/FumeShroom_8.png
03:25:59.808 [JavaFX Application Thread] DEBUG FXGLAssetLoaderServi - Loading from file system: file:/C:/Users/dell/Desktop/OOP作业/Teamwork/target/classes/assets/textures/plant/FumeShroom/FumeShroom/FumeShroom_9.png
03:25:59.808 [JavaFX Application Thread] DEBUG FXGLAssetLoaderServi - Loading from file system: file:/C:/Users/dell/Desktop/OOP作业/Teamwork/target/classes/assets/textures/plant/FumeShroom/FumeShroom/FumeShroom_10.png
03:25:59.808 [JavaFX Application Thread] DEBUG FXGLAssetLoaderServi - Loading from file system: file:/C:/Users/dell/Desktop/OOP作业/Teamwork/target/classes/assets/textures/plant/FumeShroom/FumeShroom/FumeShroom_11.png
03:25:59.809 [JavaFX Application Thread] DEBUG FXGLAssetLoaderServi - Loading from file system: file:/C:/Users/dell/Desktop/OOP作业/Teamwork/target/classes/assets/textures/plant/FumeShroom/FumeShroom/FumeShroom_12.png
03:25:59.809 [JavaFX Application Thread] DEBUG FXGLAssetLoaderServi - Loading from file system: file:/C:/Users/dell/Desktop/OOP作业/Teamwork/target/classes/assets/textures/plant/FumeShroom/FumeShroom/FumeShroom_13.png
03:25:59.809 [JavaFX Application Thread] DEBUG FXGLAssetLoaderServi - Loading from file system: file:/C:/Users/dell/Desktop/OOP作业/Teamwork/target/classes/assets/textures/plant/FumeShroom/FumeShroom/FumeShroom_14.png
03:25:59.809 [JavaFX Application Thread] DEBUG FXGLAssetLoaderServi - Loading from file system: file:/C:/Users/dell/Desktop/OOP作业/Teamwork/target/classes/assets/textures/plant/FumeShroom/FumeShroom/FumeShroom_15.png
03:25:59.810 [JavaFX Application Thread] DEBUG FXGLAssetLoaderServi - Loading from file system: file:/C:/Users/dell/Desktop/OOP作业/Teamwork/target/classes/assets/textures/plant/FumeShroom/FumeShroomSleep/FumeShroomSleep_0.png
03:25:59.810 [JavaFX Application Thread] DEBUG FXGLAssetLoaderServi - Loading from file system: file:/C:/Users/dell/Desktop/OOP作业/Teamwork/target/classes/assets/textures/plant/FumeShroom/FumeShroomSleep/FumeShroomSleep_1.png
03:25:59.811 [JavaFX Application Thread] DEBUG FXGLAssetLoaderServi - Loading from file system: file:/C:/Users/dell/Desktop/OOP作业/Teamwork/target/classes/assets/textures/plant/FumeShroom/FumeShroomSleep/FumeShroomSleep_2.png
03:25:59.811 [JavaFX Application Thread] DEBUG FXGLAssetLoaderServi - Loading from file system: file:/C:/Users/dell/Desktop/OOP作业/Teamwork/target/classes/assets/textures/plant/FumeShroom/FumeShroomSleep/FumeShroomSleep_3.png
03:25:59.811 [JavaFX Application Thread] DEBUG FXGLAssetLoaderServi - Loading from file system: file:/C:/Users/dell/Desktop/OOP作业/Teamwork/target/classes/assets/textures/plant/FumeShroom/FumeShroomSleep/FumeShroomSleep_4.png
03:25:59.812 [JavaFX Application Thread] DEBUG FXGLAssetLoaderServi - Loading from file system: file:/C:/Users/dell/Desktop/OOP作业/Teamwork/target/classes/assets/textures/plant/FumeShroom/FumeShroomSleep/FumeShroomSleep_5.png
03:25:59.812 [JavaFX Application Thread] DEBUG FXGLAssetLoaderServi - Loading from file system: file:/C:/Users/dell/Desktop/OOP作业/Teamwork/target/classes/assets/textures/plant/FumeShroom/FumeShroomSleep/FumeShroomSleep_6.png
03:25:59.812 [JavaFX Application Thread] DEBUG FXGLAssetLoaderServi - Loading from file system: file:/C:/Users/dell/Desktop/OOP作业/Teamwork/target/classes/assets/textures/plant/FumeShroom/FumeShroomSleep/FumeShroomSleep_7.png
03:25:59.812 [JavaFX Application Thread] DEBUG FXGLAssetLoaderServi - Loading from file system: file:/C:/Users/dell/Desktop/OOP作业/Teamwork/target/classes/assets/textures/plant/FumeShroom/FumeShroomSleep/FumeShroomSleep_8.png
03:25:59.813 [JavaFX Application Thread] DEBUG FXGLAssetLoaderServi - Loading from file system: file:/C:/Users/dell/Desktop/OOP作业/Teamwork/target/classes/assets/textures/plant/FumeShroom/FumeShroomSleep/FumeShroomSleep_9.png
03:25:59.813 [JavaFX Application Thread] DEBUG FXGLAssetLoaderServi - Loading from file system: file:/C:/Users/dell/Desktop/OOP作业/Teamwork/target/classes/assets/textures/plant/FumeShroom/FumeShroomSleep/FumeShroomSleep_10.png
03:25:59.813 [JavaFX Application Thread] DEBUG FXGLAssetLoaderServi - Loading from file system: file:/C:/Users/dell/Desktop/OOP作业/Teamwork/target/classes/assets/textures/plant/FumeShroom/FumeShroomSleep/FumeShroomSleep_11.png
03:25:59.814 [JavaFX Application Thread] DEBUG FXGLAssetLoaderServi - Loading from file system: file:/C:/Users/dell/Desktop/OOP作业/Teamwork/target/classes/assets/textures/plant/FumeShroom/FumeShroomSleep/FumeShroomSleep_12.png
03:25:59.814 [JavaFX Application Thread] DEBUG FXGLAssetLoaderServi - Loading from file system: file:/C:/Users/dell/Desktop/OOP作业/Teamwork/target/classes/assets/textures/plant/FumeShroom/FumeShroomSleep/FumeShroomSleep_13.png
03:26:04.657 [JavaFX Application Thread] DEBUG FXGLAssetLoaderServi - Loading from file system: file:/C:/Users/dell/Desktop/OOP作业/Teamwork/target/classes/assets/textures/plant/FumeShroom/Fume/Fume_0.png
03:26:04.657 [JavaFX Application Thread] DEBUG FXGLAssetLoaderServi - Loading from file system: file:/C:/Users/dell/Desktop/OOP作业/Teamwork/target/classes/assets/textures/plant/FumeShroom/Fume/Fume_1.png
03:26:04.657 [JavaFX Application Thread] DEBUG FXGLAssetLoaderServi - Loading from file system: file:/C:/Users/dell/Desktop/OOP作业/Teamwork/target/classes/assets/textures/plant/FumeShroom/Fume/Fume_2.png
03:26:04.659 [JavaFX Application Thread] DEBUG FXGLAssetLoaderServi - Loading from file system: file:/C:/Users/dell/Desktop/OOP作业/Teamwork/target/classes/assets/textures/plant/FumeShroom/Fume/Fume_3.png
03:26:04.659 [JavaFX Application Thread] DEBUG FXGLAssetLoaderServi - Loading from file system: file:/C:/Users/dell/Desktop/OOP作业/Teamwork/target/classes/assets/textures/plant/FumeShroom/Fume/Fume_4.png
03:26:04.659 [JavaFX Application Thread] DEBUG FXGLAssetLoaderServi - Loading from file system: file:/C:/Users/dell/Desktop/OOP作业/Teamwork/target/classes/assets/textures/plant/FumeShroom/Fume/Fume_5.png
03:26:04.660 [JavaFX Application Thread] DEBUG FXGLAssetLoaderServi - Loading from file system: file:/C:/Users/dell/Desktop/OOP作业/Teamwork/target/classes/assets/textures/plant/FumeShroom/Fume/Fume_6.png
03:26:04.660 [JavaFX Application Thread] DEBUG FXGLAssetLoaderServi - Loading from file system: file:/C:/Users/dell/Desktop/OOP作业/Teamwork/target/classes/assets/textures/plant/FumeShroom/Fume/Fume_7.png
03:26:05.264 [FXGL Background Thread 2 ] WARN  UpdaterService       - Failed to find updates: java.net.ConnectException: Connection timed out: connect
03:26:09.130 [JavaFX Application Thread] WARN  FXGLAssetLoaderServi - Asset "/assets/sounds/placed.wav" was not found!
03:26:09.130 [JavaFX Application Thread] WARN  FXGLAssetLoaderServi - Failed to load SOUND
03:26:09.690 [JavaFX Application Thread] DEBUG FXGLAssetLoaderServi - Loading from file system: file:/C:/Users/dell/Desktop/OOP作业/Teamwork/target/classes/assets/textures/powerBeat/powerBeat_0.png
03:26:09.690 [JavaFX Application Thread] DEBUG FXGLAssetLoaderServi - Loading from file system: file:/C:/Users/dell/Desktop/OOP作业/Teamwork/target/classes/assets/textures/powerBeat/powerBeat_1.png
03:26:09.690 [JavaFX Application Thread] DEBUG FXGLAssetLoaderServi - Loading from file system: file:/C:/Users/dell/Desktop/OOP作业/Teamwork/target/classes/assets/textures/powerBeat/powerBeat_2.png
03:26:09.691 [JavaFX Application Thread] DEBUG FXGLAssetLoaderServi - Loading from file system: file:/C:/Users/dell/Desktop/OOP作业/Teamwork/target/classes/assets/textures/powerBeat/powerBeat_3.png
03:26:09.691 [JavaFX Application Thread] DEBUG FXGLAssetLoaderServi - Loading from file system: file:/C:/Users/dell/Desktop/OOP作业/Teamwork/target/classes/assets/textures/powerBeat/powerBeat_4.png
03:26:09.691 [JavaFX Application Thread] DEBUG FXGLAssetLoaderServi - Loading from file system: file:/C:/Users/dell/Desktop/OOP作业/Teamwork/target/classes/assets/textures/powerBeat/powerBeat_5.png
03:26:09.691 [JavaFX Application Thread] DEBUG FXGLAssetLoaderServi - Loading from file system: file:/C:/Users/dell/Desktop/OOP作业/Teamwork/target/classes/assets/textures/powerBeat/powerBeat_6.png
03:26:17.845 [JavaFX Application Thread] DEBUG FXGLAssetLoaderServi - Loading from file system: file:/C:/Users/dell/Desktop/OOP作业/Teamwork/target/classes/assets/textures/plant/PuffShroom/Puff/Puff_0.png
03:26:22.521 [JavaFX Application Thread] DEBUG FXGLAssetLoaderServi - Loading from file system: file:/C:/Users/dell/Desktop/OOP作业/Teamwork/target/classes/assets/textures/powerBeat/powerBeat.png
03:26:22.877 [JavaFX Application Thread] DEBUG FXGLAssetLoaderServi - Loading from file system: file:/C:/Users/dell/Desktop/OOP作业/Teamwork/target/classes/assets/textures/powerBeat/powerBeatBg(3).png
03:26:24.591 [JavaFX Application Thread] WARN  FXGLAssetLoaderServi - Asset "/assets/sounds/placed.wav" was not found!
03:26:24.591 [JavaFX Application Thread] WARN  FXGLAssetLoaderServi - Failed to load SOUND
03:26:38.370 [JavaFX Application Thread] DEBUG FXGLApplication      - Exiting FXGL
03:26:38.370 [JavaFX Application Thread] DEBUG LoopRunner           - Stopping loop
03:26:38.370 [JavaFX Application Thread] DEBUG SystemBundleService  - Saving FXGL system data
03:26:38.371 [JavaFX Application Thread] DEBUG FileSystemAccess     - Writing to: C:\Users\dell\Desktop\OOP作业\Teamwork\system\fxgl.bundle
03:26:38.371 [JavaFX Application Thread] DEBUG Async                - Shutting down background threads
03:26:38.371 [JavaFX Application Thread] DEBUG PrimaryStageWindow   - Closing main window
03:26:38.402 [JavaFX Application Thread] DEBUG Logger               - Closing Logger
