16:23:10.704 [main                     ] DEBUG Logger               - Configured Logger
16:23:10.723 [main                     ] DEBUG GameApplication      - Logging settings
Title: Plants Vs Zombies
Version: 0.0
Width: 750
Height: 533
Fullscreen: false
Intro: false
Profiling: false
Single step:false
App Mode: DEVELOPER
Menu Key: ESCAPE
Stage Style: DECORATED
Scene Factory: class com.zrt.pvz.PVZApp$1

16:23:11.864 [JavaFX Application Thread] DEBUG FXGLApplication      - Initializing FXGL
16:23:11.867 [JavaFX Application Thread] INFO  Engine               - FXGL-17.2 (20.08.2022 16.50) on WINDOWS (J:20.0.1 FX:20.0.1)
16:23:11.868 [JavaFX Application Thread] DEBUG Engine               - JRE Vendor Name: Oracle Corporation
16:23:11.868 [JavaFX Application Thread] DEBUG Engine               - Running on OS: Windows 11 version 10.0
16:23:11.868 [JavaFX Application Thread] DEBUG Engine               - Architecture: amd64
16:23:11.868 [JavaFX Application Thread] INFO  Engine               - Source code and latest versions at: https://github.com/AlmasB/FXGL
16:23:11.868 [JavaFX Application Thread] INFO  Engine               -       Ask questions and discuss at: https://github.com/AlmasB/FXGL/discussions
16:23:11.868 [JavaFX Application Thread] INFO  Engine               -              Join the FXGL chat at: https://gitter.im/AlmasB/FXGL
16:23:11.975 [JavaFX Application Thread] DEBUG PrimaryStageWindow   - Creating a JavaFX scene
16:23:12.016 [JavaFX Application Thread] DEBUG PrimaryStageWindow   - Target settings size: 750.0 x 533.0
16:23:12.016 [JavaFX Application Thread] DEBUG PrimaryStageWindow   - Scaled scene size:    750.0 x 533.0
16:23:12.016 [JavaFX Application Thread] DEBUG PrimaryStageWindow   - Scaled ratio: (1.0, 1.0)
16:23:12.017 [JavaFX Application Thread] DEBUG PrimaryStageWindow   - Set initial scene to GameStartupScene
16:23:12.019 [JavaFX Application Thread] DEBUG PrimaryStageWindow   - Opening main window
16:23:12.240 [JavaFX Application Thread] DEBUG PrimaryStageWindow   - Window border size: (14.79998779296875, 38.20001220703125)
16:23:12.240 [JavaFX Application Thread] DEBUG PrimaryStageWindow   - Scaled size: 750.0 x 533.0
16:23:12.241 [JavaFX Application Thread] DEBUG PrimaryStageWindow   - Scaled ratio: (1.0, 1.0)
16:23:12.241 [JavaFX Application Thread] DEBUG PrimaryStageWindow   - Scene size: 750.0 x 533.0
16:23:12.241 [JavaFX Application Thread] DEBUG PrimaryStageWindow   - Stage size: 764.7999877929688 x 571.2000122070312
16:23:12.245 [FXGL Background Thread 1 ] DEBUG Engine               - Initializing environment variables
16:23:12.262 [JavaFX Application Thread] DEBUG LoopRunner           - Stopping loop
16:23:12.262 [JavaFX Application Thread] DEBUG LoopRunner           - Initializing JavaFX AnimationTimerLoop
16:23:12.264 [JavaFX Application Thread] FATAL FXGLApplication      - Uncaught Exception:
java.lang.NullPointerException
	at com.almasb.fxgl.all@17.2/com.almasb.fxgl.app.services.FXGLAssetLoaderService.load(FXGLAssetLoaderService.kt:496)
	at com.almasb.fxgl.all@17.2/com.almasb.fxgl.app.services.FXGLAssetLoaderService.loadSound(FXGLAssetLoaderService.kt:196)
	at com.almasb.fxgl.all@17.2/com.almasb.fxgl.dsl.FXGL$Companion.play(FXGL.kt:441)
	at com.almasb.fxgl.all@17.2/com.almasb.fxgl.dsl.FXGL.play(FXGL.kt)
	at Teamwork/com.zrt.pvz.ui.ImageButton.lambda$new$2(ImageButton.java:32)
	at javafx.base@20.0.1/com.sun.javafx.event.CompositeEventHandler.dispatchBubblingEvent(CompositeEventHandler.java:86)
	at javafx.base@20.0.1/com.sun.javafx.event.EventHandlerManager.dispatchBubblingEvent(EventHandlerManager.java:232)
	at javafx.base@20.0.1/com.sun.javafx.event.EventHandlerManager.dispatchBubblingEvent(EventHandlerManager.java:189)
	at javafx.base@20.0.1/com.sun.javafx.event.CompositeEventDispatcher.dispatchBubblingEvent(CompositeEventDispatcher.java:59)
	at javafx.base@20.0.1/com.sun.javafx.event.BasicEventDispatcher.dispatchEvent(BasicEventDispatcher.java:58)
	at javafx.base@20.0.1/com.sun.javafx.event.EventDispatchChainImpl.dispatchEvent(EventDispatchChainImpl.java:114)
	at javafx.base@20.0.1/com.sun.javafx.event.BasicEventDispatcher.dispatchEvent(BasicEventDispatcher.java:56)
	at javafx.base@20.0.1/com.sun.javafx.event.EventDispatchChainImpl.dispatchEvent(EventDispatchChainImpl.java:114)
	at javafx.base@20.0.1/com.sun.javafx.event.BasicEventDispatcher.dispatchEvent(BasicEventDispatcher.java:56)
	at javafx.base@20.0.1/com.sun.javafx.event.EventDispatchChainImpl.dispatchEvent(EventDispatchChainImpl.java:114)
	at javafx.base@20.0.1/com.sun.javafx.event.EventUtil.fireEventImpl(EventUtil.java:74)
	at javafx.base@20.0.1/com.sun.javafx.event.EventUtil.fireEvent(EventUtil.java:54)
	at javafx.base@20.0.1/javafx.event.Event.fireEvent(Event.java:198)
	at javafx.base@20.0.1/com.sun.javafx.event.EventQueue.fire(EventQueue.java:48)
	at javafx.graphics@20.0.1/javafx.scene.Scene$MouseHandler.handleEnterExit(Scene.java:3894)
	at javafx.graphics@20.0.1/javafx.scene.Scene$MouseHandler.process(Scene.java:3965)
	at javafx.graphics@20.0.1/javafx.scene.Scene.processMouseEvent(Scene.java:1890)
	at javafx.graphics@20.0.1/javafx.scene.Scene$ScenePeerListener.mouseEvent(Scene.java:2704)
	at javafx.graphics@20.0.1/com.sun.javafx.tk.quantum.GlassViewEventHandler$MouseEventNotification.run(GlassViewEventHandler.java:411)
	at javafx.graphics@20.0.1/com.sun.javafx.tk.quantum.GlassViewEventHandler$MouseEventNotification.run(GlassViewEventHandler.java:301)
	at java.base/java.security.AccessController.doPrivileged(AccessController.java:400)
	at javafx.graphics@20.0.1/com.sun.javafx.tk.quantum.GlassViewEventHandler.lambda$handleMouseEvent$2(GlassViewEventHandler.java:450)
	at javafx.graphics@20.0.1/com.sun.javafx.tk.quantum.QuantumToolkit.runWithoutRenderLock(QuantumToolkit.java:424)
	at javafx.graphics@20.0.1/com.sun.javafx.tk.quantum.GlassViewEventHandler.handleMouseEvent(GlassViewEventHandler.java:449)
	at javafx.graphics@20.0.1/com.sun.glass.ui.View.handleMouseEvent(View.java:551)
	at javafx.graphics@20.0.1/com.sun.glass.ui.View.notifyMouse(View.java:937)
	at javafx.graphics@20.0.1/com.sun.glass.ui.win.WinApplication._runLoop(Native Method)
	at javafx.graphics@20.0.1/com.sun.glass.ui.win.WinApplication.lambda$runLoop$3(WinApplication.java:185)
	at java.base/java.lang.Thread.run(Thread.java:1623)

16:23:12.264 [JavaFX Application Thread] FATAL FXGLApplication      - Application will now exit
16:23:12.274 [FXGL Background Thread 1 ] DEBUG FXGLAssetLoaderServi - User app class for loading assets: class com.zrt.pvz.PVZApp
16:23:12.274 [FXGL Background Thread 1 ] DEBUG GameApplicationServi - Applying CSS: fxgl_dark.css
16:23:12.274 [FXGL Background Thread 1 ] DEBUG FXGLAssetLoaderServi - Loading from file system: jar:file:///C:/Users/dell/.m2/repository/com/github/almasb/fxgl/17.2/fxgl-17.2.jar!/fxglassets/ui/css/fxgl_dark.css
16:23:12.275 [FXGL Background Thread 1 ] DEBUG GameApplicationServi - Initializing application scenes
16:23:12.280 [FXGL Background Thread 1 ] DEBUG GameWorld            - Game world initialized
16:23:12.284 [JavaFX Application Thread] DEBUG PrimaryStageWindow   - Push state: ErrorSubScene
16:23:12.284 [JavaFX Application Thread] DEBUG Input                - Clearing active input actions
16:23:12.293 [JavaFX Application Thread] DEBUG GameApplicationServi - Removing overlay from GameStartupScene and adding to ErrorSubScene
16:23:12.293 [JavaFX Application Thread] DEBUG PrimaryStageWindow   - GameStartupScene -> ErrorSubScene
16:23:12.314 [FXGL Background Thread 1 ] DEBUG PhysicsWorld         - Physics world initialized: appHeight=533, physics.ppm=50.0
16:23:12.314 [FXGL Background Thread 1 ] DEBUG PhysicsWorld         - Using strategy: BRUTE_FORCE
16:23:12.316 [FXGL Background Thread 1 ] DEBUG GameScene            - Game scene initialized: 750x533
16:23:12.319 [FXGL Background Thread 1 ] DEBUG FXGLAssetLoaderServi - Loading from file system: file:/C:/Users/dell/Desktop/OOP作业/Teamwork/target/classes/assets/textures/ui/mainMenu/bg.png
16:23:12.386 [FXGL Background Thread 1 ] DEBUG FXGLAssetLoaderServi - Loading from file system: file:/C:/Users/dell/Desktop/OOP作业/Teamwork/target/classes/assets/textures/ui/mainMenu/smallgame.png
16:23:12.395 [FXGL Background Thread 1 ] DEBUG FXGLAssetLoaderServi - Loading from file system: file:/C:/Users/dell/Desktop/OOP作业/Teamwork/target/classes/assets/textures/ui/mainMenu/puzzle.png
16:23:12.422 [FXGL Background Thread 1 ] WARN  FXGL.DefaultMenu     - FXGLDefaultMenu is not designed for resolutions < 800x600
16:23:12.423 [FXGL Background Thread 1 ] DEBUG FXGL.DefaultMenu     - createMenuBodyGameMenu()
16:23:12.430 [FXGL Background Thread 1 ] DEBUG FXGL.DefaultMenu     - createOptionsMenu()
16:23:12.436 [FXGL Background Thread 1 ] DEBUG FXGLAssetLoaderServi - Loading from file system: jar:file:///C:/Users/dell/.m2/repository/com/github/almasb/fxgl/17.2/fxgl-17.2.jar!/fxglassets/textures/particles/smoke.png
16:23:12.519 [FXGL Background Thread 1 ] DEBUG FXGLAssetLoaderServi - Loading from file system: jar:file:///C:/Users/dell/.m2/repository/com/github/almasb/fxgl/17.2/fxgl-17.2.jar!/fxglassets/textures/particles/trace_horizontal.png
16:23:12.545 [FXGL Background Thread 1 ] DEBUG GameApplicationServi - Application scenes initialized
16:23:12.550 [FXGL Background Thread 1 ] DEBUG SystemBundleService  - Loading FXGL system data
16:23:12.554 [FXGL Background Thread 1 ] DEBUG FileSystemAccess     - Reading from: C:\Users\dell\Desktop\OOP作业\Teamwork\system\fxgl.bundle
16:23:12.564 [FXGL Background Thread 1 ] DEBUG SystemBundleService  - Bundle FXGL: {}
16:23:12.564 [FXGL Background Thread 1 ] DEBUG UpdaterService       - Checking for updates
16:23:12.570 [FXGL Background Thread 4 ] DEBUG FXGLApplication      - Loading fonts
16:23:12.571 [FXGL Background Thread 1 ] DEBUG FXGLApplication      - Loading default localization
16:23:12.571 [FXGL Background Thread 4 ] DEBUG FXGLAssetLoaderServi - Loading from file system: jar:file:///C:/Users/dell/.m2/repository/com/github/almasb/fxgl/17.2/fxgl-17.2.jar!/fxglassets/ui/fonts/VarelaRound-Regular.ttf
16:23:12.571 [FXGL Background Thread 1 ] DEBUG FXGLAssetLoaderServi - Loading from file system: jar:file:///C:/Users/dell/.m2/repository/com/github/almasb/fxgl/17.2/fxgl-17.2.jar!/fxglassets/languages/english.lang
16:23:12.598 [FXGL Background Thread 1 ] INFO  FXGLApplication      - FXGL initialization took: 0.353 sec
16:23:12.600 [JavaFX Application Thread] DEBUG FXGLAssetLoaderServi - Loading from file system: file:/C:/Users/dell/Desktop/OOP作业/Teamwork/target/classes/assets/textures/logo.jpg
16:23:12.607 [JavaFX Application Thread] DEBUG FXGLAssetLoaderServi - Loading from file system: jar:file:///C:/Users/dell/.m2/repository/com/github/almasb/fxgl/17.2/fxgl-17.2.jar!/fxglassets/textures/fxgl_default_cursor.png
16:23:12.613 [JavaFX Application Thread] DEBUG Input                - Registered new binding: Screenshot - CTRL+8
16:23:12.613 [JavaFX Application Thread] DEBUG Input                - Registered new binding: System info dump - CTRL+9
16:23:12.613 [JavaFX Application Thread] DEBUG Input                - Registered new binding: Restart - CTRL+R
16:23:12.615 [JavaFX Application Thread] DEBUG Input                - Registered new binding: Toggle Debug Camera - CTRL+7
16:23:12.616 [JavaFX Application Thread] DEBUG LoopRunner           - Starting loop
16:23:12.617 [JavaFX Application Thread] DEBUG PrimaryStageWindow   - Pop state: ErrorSubScene
16:23:12.617 [JavaFX Application Thread] DEBUG Input                - Clearing active input actions
16:23:12.619 [JavaFX Application Thread] DEBUG GameApplicationServi - Removing overlay from ErrorSubScene and adding to GameStartupScene
16:23:12.619 [JavaFX Application Thread] DEBUG PrimaryStageWindow   - GameStartupScene <- ErrorSubScene
16:23:12.620 [JavaFX Application Thread] DEBUG Input                - Clearing active input actions
16:23:12.624 [JavaFX Application Thread] DEBUG GameApplicationServi - Removing overlay from GameStartupScene and adding to FXGLMainMenuDummyScene
16:23:12.624 [JavaFX Application Thread] DEBUG PrimaryStageWindow   - GameStartupScene -> FXGLMainMenuDummyScene
16:23:12.624 [JavaFX Application Thread] DEBUG PrimaryStageWindow   - Push state: MainMenu
16:23:12.624 [JavaFX Application Thread] DEBUG FXGLAssetLoaderServi - Loading from file system: file:/C:/Users/dell/Desktop/OOP作业/Teamwork/target/classes/assets/music/mainMenu.wav
16:23:12.640 [FXGL Background Thread 4 ] DEBUG FXGLAssetLoaderServi - Loading from file system: jar:file:///C:/Users/dell/.m2/repository/com/github/almasb/fxgl/17.2/fxgl-17.2.jar!/fxglassets/ui/fonts/Abel-Regular.ttf
16:23:12.642 [FXGL Background Thread 4 ] DEBUG FXGLAssetLoaderServi - Loading from file system: jar:file:///C:/Users/dell/.m2/repository/com/github/almasb/fxgl/17.2/fxgl-17.2.jar!/fxglassets/ui/fonts/TerminalLandMono-Regular.otf
16:23:12.643 [FXGL Background Thread 4 ] DEBUG FXGLAssetLoaderServi - Loading from file system: jar:file:///C:/Users/dell/.m2/repository/com/github/almasb/fxgl/17.2/fxgl-17.2.jar!/fxglassets/ui/fonts/Courier-Prime.ttf
16:23:12.725 [JavaFX Application Thread] DEBUG AudioPlayer          - Playing music com.almasb.fxgl.audio.Music@64c85408
16:23:12.725 [JavaFX Application Thread] DEBUG Input                - Clearing active input actions
16:23:12.726 [JavaFX Application Thread] DEBUG GameApplicationServi - Removing overlay from FXGLMainMenuDummyScene and adding to MainMenu
16:23:12.726 [JavaFX Application Thread] DEBUG PrimaryStageWindow   - FXGLMainMenuDummyScene -> MainMenu
16:23:12.734 [JavaFX Application Thread] DEBUG FXGLApplication      - Registering font factories with UI factory
16:23:13.383 [JavaFX Application Thread] WARN  FXGLAssetLoaderServi - Asset "/assets/sounds/mainMenuHover.wav" was not found!
16:23:13.383 [JavaFX Application Thread] WARN  FXGLAssetLoaderServi - Failed to load SOUND
16:23:13.758 [JavaFX Application Thread] WARN  FXGLAssetLoaderServi - Asset "/assets/sounds/select.wav" was not found!
16:23:13.758 [JavaFX Application Thread] WARN  FXGLAssetLoaderServi - Failed to load SOUND
16:23:13.759 [JavaFX Application Thread] DEBUG FXGLAssetLoaderServi - Loading from file system: file:/C:/Users/dell/Desktop/OOP作业/Teamwork/target/classes/assets/textures/ui/mainMenu/ZombieHand.png
16:23:13.767 [JavaFX Application Thread] DEBUG GameApplicationServi - Starting new game
16:23:13.767 [JavaFX Application Thread] DEBUG PrimaryStageWindow   - Pop state: MainMenu
16:23:13.767 [JavaFX Application Thread] DEBUG Input                - Clearing active input actions
16:23:13.767 [JavaFX Application Thread] DEBUG GameApplicationServi - Removing overlay from MainMenu and adding to FXGLMainMenuDummyScene
16:23:13.768 [JavaFX Application Thread] DEBUG PrimaryStageWindow   - FXGLMainMenuDummyScene <- MainMenu
16:23:13.768 [JavaFX Application Thread] DEBUG Input                - Clearing active input actions
16:23:13.771 [JavaFX Application Thread] DEBUG GameApplicationServi - Removing overlay from FXGLMainMenuDummyScene and adding to FXGLLoadingScene
16:23:13.771 [JavaFX Application Thread] DEBUG PrimaryStageWindow   - FXGLMainMenuDummyScene -> FXGLLoadingScene
16:23:13.771 [JavaFX Application Thread] DEBUG GameApplicationServi - Clearing previous game
16:23:13.771 [JavaFX Application Thread] DEBUG GameScene            - Clearing game scene
16:23:13.771 [JavaFX Application Thread] DEBUG GameWorld            - Clearing game world
16:23:13.771 [JavaFX Application Thread] DEBUG PhysicsWorld         - Clearing physics world
16:23:13.772 [FXGL Background Thread 4 ] DEBUG FXGLApplication      - Initializing game
16:23:13.777 [FXGL Background Thread 4 ] DEBUG FXGLAssetLoaderServi - Loading from file system: file:/C:/Users/dell/Desktop/OOP作业/Teamwork/target/classes/assets/textures/map/map1.jpg
16:23:13.824 [FXGL Background Thread 4 ] DEBUG FXGLAssetLoaderServi - Loading from file system: file:/C:/Users/dell/Desktop/OOP作业/Teamwork/target/classes/assets/textures/zombies/NormalZombie/ZombieShow/ZombieShow_0.png
16:23:13.825 [FXGL Background Thread 4 ] DEBUG FXGLAssetLoaderServi - Loading from file system: file:/C:/Users/dell/Desktop/OOP作业/Teamwork/target/classes/assets/textures/zombies/NormalZombie/ZombieShow/ZombieShow_1.png
16:23:13.825 [FXGL Background Thread 4 ] DEBUG FXGLAssetLoaderServi - Loading from file system: file:/C:/Users/dell/Desktop/OOP作业/Teamwork/target/classes/assets/textures/zombies/NormalZombie/ZombieShow/ZombieShow_2.png
16:23:13.826 [FXGL Background Thread 4 ] DEBUG FXGLAssetLoaderServi - Loading from file system: file:/C:/Users/dell/Desktop/OOP作业/Teamwork/target/classes/assets/textures/zombies/NormalZombie/ZombieShow/ZombieShow_3.png
16:23:13.826 [FXGL Background Thread 4 ] DEBUG FXGLAssetLoaderServi - Loading from file system: file:/C:/Users/dell/Desktop/OOP作业/Teamwork/target/classes/assets/textures/zombies/NormalZombie/ZombieShow/ZombieShow_4.png
16:23:13.841 [FXGL Background Thread 4 ] DEBUG FXGLAssetLoaderServi - Loading from file system: file:/C:/Users/dell/Desktop/OOP作业/Teamwork/target/classes/assets/textures/plant/SunFlower/SunFlower.png
16:23:13.843 [FXGL Background Thread 4 ] INFO  FXGLApplication      - Game initialization took: 0.070 sec
16:23:13.846 [JavaFX Application Thread] DEBUG Input                - Clearing active input actions
16:23:13.849 [JavaFX Application Thread] DEBUG GameApplicationServi - Removing overlay from FXGLLoadingScene and adding to GameScene
16:23:13.849 [JavaFX Application Thread] DEBUG PrimaryStageWindow   - FXGLLoadingScene -> GameScene
16:23:14.529 [FXGL Background Thread 2 ] INFO  UpdaterService       - Your current version:  17.2
16:23:14.529 [FXGL Background Thread 2 ] INFO  UpdaterService       - Latest stable version: 17.3
16:23:15.570 [FXGL Background Thread 3 ] DEBUG Engine               - Logging environment variables
16:23:15.570 [FXGL Background Thread 3 ] DEBUG Engine               - achievements: []
16:23:15.570 [FXGL Background Thread 3 ] DEBUG Engine               - actualHeight: 533.0
16:23:15.570 [FXGL Background Thread 3 ] DEBUG Engine               - actualHeightProperty: ReadOnlyDoubleProperty [value: 533.0]
16:23:15.570 [FXGL Background Thread 3 ] DEBUG Engine               - actualWidth: 750.0
16:23:15.570 [FXGL Background Thread 3 ] DEBUG Engine               - actualWidthProperty: ReadOnlyDoubleProperty [value: 750.0]
16:23:15.570 [FXGL Background Thread 3 ] DEBUG Engine               - appIcon: logo.jpg
16:23:15.570 [FXGL Background Thread 3 ] DEBUG Engine               - applicationMode: DEVELOPER
16:23:15.570 [FXGL Background Thread 3 ] DEBUG Engine               - cSSList: [fxgl_dark.css]
16:23:15.570 [FXGL Background Thread 3 ] DEBUG Engine               - collisionDetectionStrategy: BRUTE_FORCE
16:23:15.570 [FXGL Background Thread 3 ] DEBUG Engine               - configClass: Optional.empty
16:23:15.570 [FXGL Background Thread 3 ] DEBUG Engine               - credits: []
16:23:15.571 [FXGL Background Thread 3 ] DEBUG Engine               - defaultCursor: CursorInfo(imageName=fxgl_default_cursor.png, hotspotX=7.0, hotspotY=6.0)
16:23:15.571 [FXGL Background Thread 3 ] DEBUG Engine               - devBBoxColorProperty: ObjectProperty [value: 0xff0000ff]
16:23:15.571 [FXGL Background Thread 3 ] DEBUG Engine               - devEnableDebugCameraProperty: BooleanProperty [value: false]
16:23:15.571 [FXGL Background Thread 3 ] DEBUG Engine               - devSensorColorProperty: ObjectProperty [value: 0xffff00ff]
16:23:15.571 [FXGL Background Thread 3 ] DEBUG Engine               - devShowBBoxProperty: BooleanProperty [value: false]
16:23:15.571 [FXGL Background Thread 3 ] DEBUG Engine               - devShowPositionProperty: BooleanProperty [value: false]
16:23:15.571 [FXGL Background Thread 3 ] DEBUG Engine               - enabledMenuItems: []
16:23:15.571 [FXGL Background Thread 3 ] DEBUG Engine               - engineServices: [class com.almasb.fxgl.app.services.FXGLAssetLoaderService, class com.almasb.fxgl.app.FXGLApplication$GameApplicationService, class com.almasb.fxgl.app.services.FXGLDialogService, class com.almasb.fxgl.app.services.IOTaskExecutorService, class com.almasb.fxgl.io.FileSystemService, class com.almasb.fxgl.localization.LocalizationService, class com.almasb.fxgl.app.services.SystemBundleService, class com.almasb.fxgl.profile.SaveLoadService, class com.almasb.fxgl.ui.FXGLUIFactoryServiceProvider, class com.almasb.fxgl.ui.FXGLDialogFactoryServiceProvider, class com.almasb.fxgl.audio.AudioPlayer, class com.almasb.fxgl.notification.impl.NotificationServiceProvider, class com.almasb.fxgl.achievement.AchievementService, class com.almasb.fxgl.cutscene.CutsceneService, class com.almasb.fxgl.minigames.MiniGameService, class com.almasb.fxgl.net.NetService, class com.almasb.fxgl.app.services.UpdaterService, class com.almasb.fxgl.dev.DevService]
16:23:15.571 [FXGL Background Thread 3 ] DEBUG Engine               - fontGame: Abel-Regular.ttf
16:23:15.571 [FXGL Background Thread 3 ] DEBUG Engine               - fontMono: TerminalLandMono-Regular.otf
16:23:15.571 [FXGL Background Thread 3 ] DEBUG Engine               - fontText: Courier-Prime.ttf
16:23:15.571 [FXGL Background Thread 3 ] DEBUG Engine               - fontUI: VarelaRound-Regular.ttf
16:23:15.571 [FXGL Background Thread 3 ] DEBUG Engine               - fullScreen: BooleanProperty [value: false]
16:23:15.571 [FXGL Background Thread 3 ] DEBUG Engine               - gameDifficulty: MEDIUM
16:23:15.571 [FXGL Background Thread 3 ] DEBUG Engine               - gameDifficultyProperty: ObjectProperty [value: MEDIUM]
16:23:15.571 [FXGL Background Thread 3 ] DEBUG Engine               - globalMusicVolume: 0.5
16:23:15.571 [FXGL Background Thread 3 ] DEBUG Engine               - globalMusicVolumeProperty: DoubleProperty [value: 0.5]
16:23:15.572 [FXGL Background Thread 3 ] DEBUG Engine               - globalSoundVolume: 0.5
16:23:15.572 [FXGL Background Thread 3 ] DEBUG Engine               - globalSoundVolumeProperty: DoubleProperty [value: 0.5]
16:23:15.572 [FXGL Background Thread 3 ] DEBUG Engine               - height: 533
16:23:15.572 [FXGL Background Thread 3 ] DEBUG Engine               - is3D: false
16:23:15.572 [FXGL Background Thread 3 ] DEBUG Engine               - isAndroid: false
16:23:15.572 [FXGL Background Thread 3 ] DEBUG Engine               - isBrowser: false
16:23:15.572 [FXGL Background Thread 3 ] DEBUG Engine               - isClickFeedbackEnabled: false
16:23:15.572 [FXGL Background Thread 3 ] DEBUG Engine               - isCloseConfirmation: false
16:23:15.572 [FXGL Background Thread 3 ] DEBUG Engine               - isDesktop: true
16:23:15.572 [FXGL Background Thread 3 ] DEBUG Engine               - isDeveloperMenuEnabled: false
16:23:15.572 [FXGL Background Thread 3 ] DEBUG Engine               - isEmbedded: false
16:23:15.572 [FXGL Background Thread 3 ] DEBUG Engine               - isEntityPreloadEnabled: true
16:23:15.572 [FXGL Background Thread 3 ] DEBUG Engine               - isExperimentalTiledLargeMap: false
16:23:15.572 [FXGL Background Thread 3 ] DEBUG Engine               - isFileSystemWriteAllowed: true
16:23:15.572 [FXGL Background Thread 3 ] DEBUG Engine               - isFullScreenAllowed: false
16:23:15.572 [FXGL Background Thread 3 ] DEBUG Engine               - isFullScreenFromStart: false
16:23:15.572 [FXGL Background Thread 3 ] DEBUG Engine               - isGameMenuEnabled: true
16:23:15.572 [FXGL Background Thread 3 ] DEBUG Engine               - isIOS: false
16:23:15.572 [FXGL Background Thread 3 ] DEBUG Engine               - isIntroEnabled: false
16:23:15.572 [FXGL Background Thread 3 ] DEBUG Engine               - isLinux: false
16:23:15.572 [FXGL Background Thread 3 ] DEBUG Engine               - isMac: false
16:23:15.572 [FXGL Background Thread 3 ] DEBUG Engine               - isMainMenuEnabled: true
16:23:15.572 [FXGL Background Thread 3 ] DEBUG Engine               - isManualResizeEnabled: false
16:23:15.572 [FXGL Background Thread 3 ] DEBUG Engine               - isMobile: false
16:23:15.572 [FXGL Background Thread 3 ] DEBUG Engine               - isNative: false
16:23:15.572 [FXGL Background Thread 3 ] DEBUG Engine               - isPauseMusicWhenMinimized: true
16:23:15.572 [FXGL Background Thread 3 ] DEBUG Engine               - isPreserveResizeRatio: false
16:23:15.572 [FXGL Background Thread 3 ] DEBUG Engine               - isProfilingEnabled: false
16:23:15.572 [FXGL Background Thread 3 ] DEBUG Engine               - isScaleAffectedOnResize: true
16:23:15.572 [FXGL Background Thread 3 ] DEBUG Engine               - isSingleStep: false
16:23:15.572 [FXGL Background Thread 3 ] DEBUG Engine               - isUserProfileEnabled: false
16:23:15.572 [FXGL Background Thread 3 ] DEBUG Engine               - isWindows: true
16:23:15.572 [FXGL Background Thread 3 ] DEBUG Engine               - language: ObjectProperty [value: ENGLISH]
16:23:15.572 [FXGL Background Thread 3 ] DEBUG Engine               - menuKey: ESCAPE
16:23:15.572 [FXGL Background Thread 3 ] DEBUG Engine               - mouseSensitivity: 0.2
16:23:15.572 [FXGL Background Thread 3 ] DEBUG Engine               - notificationViewClass: class com.almasb.fxgl.notification.view.XboxNotificationView
16:23:15.572 [FXGL Background Thread 3 ] DEBUG Engine               - pixelsPerMeter: 50.0
16:23:15.572 [FXGL Background Thread 3 ] DEBUG Engine               - platform: WINDOWS
16:23:15.572 [FXGL Background Thread 3 ] DEBUG Engine               - prefHeightProperty: ReadOnlyDoubleProperty [value: 533.0]
16:23:15.572 [FXGL Background Thread 3 ] DEBUG Engine               - prefWidthProperty: ReadOnlyDoubleProperty [value: 750.0]
16:23:15.572 [FXGL Background Thread 3 ] DEBUG Engine               - profileDir: profiles/
16:23:15.572 [FXGL Background Thread 3 ] DEBUG Engine               - profileName: StringProperty [value: DEFAULT]
16:23:15.572 [FXGL Background Thread 3 ] DEBUG Engine               - randomSeed: -1
16:23:15.573 [FXGL Background Thread 3 ] DEBUG Engine               - runtimeInfo: RuntimeInfo(platform=WINDOWS, version=17.2, build=20.08.2022 16.50)
16:23:15.573 [FXGL Background Thread 3 ] DEBUG Engine               - saveFileExt: sav
16:23:15.573 [FXGL Background Thread 3 ] DEBUG Engine               - scaledHeightProp$fxgl: DoubleProperty [bound, value: 533.0]
16:23:15.573 [FXGL Background Thread 3 ] DEBUG Engine               - scaledWidthProp$fxgl: DoubleProperty [bound, value: 750.0]
16:23:15.573 [FXGL Background Thread 3 ] DEBUG Engine               - sceneFactory: com.zrt.pvz.PVZApp$1@6e641ced
16:23:15.573 [FXGL Background Thread 3 ] DEBUG Engine               - secondsIn24h: 60
16:23:15.573 [FXGL Background Thread 3 ] DEBUG Engine               - soundMenuBack: menu/back.wav
16:23:15.573 [FXGL Background Thread 3 ] DEBUG Engine               - soundMenuPress: menu/press.wav
16:23:15.573 [FXGL Background Thread 3 ] DEBUG Engine               - soundMenuSelect: menu/select.wav
16:23:15.573 [FXGL Background Thread 3 ] DEBUG Engine               - soundNotification: core/notification.wav
16:23:15.573 [FXGL Background Thread 3 ] DEBUG Engine               - stageStyle: DECORATED
16:23:15.573 [FXGL Background Thread 3 ] DEBUG Engine               - supportedLanguages: [ENGLISH, FRENCH, GERMAN, HUNGARIAN, RUSSIAN]
16:23:15.573 [FXGL Background Thread 3 ] DEBUG Engine               - ticksPerSecond: -1
16:23:15.573 [FXGL Background Thread 3 ] DEBUG Engine               - title: Plants Vs Zombies
16:23:15.573 [FXGL Background Thread 3 ] DEBUG Engine               - urlGithub: https://github.com/AlmasB/FXGL
16:23:15.573 [FXGL Background Thread 3 ] DEBUG Engine               - urlLeaderboard: http://fxgl-top.herokuapp.com/
16:23:15.573 [FXGL Background Thread 3 ] DEBUG Engine               - urlPOM: https://raw.githubusercontent.com/AlmasB/FXGL/release/README.md
16:23:15.573 [FXGL Background Thread 3 ] DEBUG Engine               - userAppClass: class com.zrt.pvz.PVZApp
16:23:15.573 [FXGL Background Thread 3 ] DEBUG Engine               - version: 0.0
16:23:15.573 [FXGL Background Thread 3 ] DEBUG Engine               - versionCheckDays: 7
16:23:15.573 [FXGL Background Thread 3 ] DEBUG Engine               - width: 750
16:23:15.573 [FXGL Background Thread 3 ] DEBUG Engine               - Logging services
16:23:15.573 [FXGL Background Thread 3 ] DEBUG Engine               - class com.almasb.fxgl.app.services.FXGLAssetLoaderService
16:23:15.573 [FXGL Background Thread 3 ] DEBUG Engine               - class com.almasb.fxgl.app.FXGLApplication$GameApplicationService
16:23:15.573 [FXGL Background Thread 3 ] DEBUG Engine               - class com.almasb.fxgl.app.services.FXGLDialogService
16:23:15.573 [FXGL Background Thread 3 ] DEBUG Engine               - class com.almasb.fxgl.app.services.IOTaskExecutorService
16:23:15.573 [FXGL Background Thread 3 ] DEBUG Engine               - class com.almasb.fxgl.io.FileSystemService
16:23:15.573 [FXGL Background Thread 3 ] DEBUG Engine               - class com.almasb.fxgl.localization.LocalizationService
16:23:15.573 [FXGL Background Thread 3 ] DEBUG Engine               - class com.almasb.fxgl.app.services.SystemBundleService
16:23:15.573 [FXGL Background Thread 3 ] DEBUG Engine               - class com.almasb.fxgl.profile.SaveLoadService
16:23:15.573 [FXGL Background Thread 3 ] DEBUG Engine               - class com.almasb.fxgl.ui.FXGLUIFactoryServiceProvider
16:23:15.573 [FXGL Background Thread 3 ] DEBUG Engine               - class com.almasb.fxgl.ui.FXGLDialogFactoryServiceProvider
16:23:15.573 [FXGL Background Thread 3 ] DEBUG Engine               - class com.almasb.fxgl.audio.AudioPlayer
16:23:15.573 [FXGL Background Thread 3 ] DEBUG Engine               - class com.almasb.fxgl.notification.impl.NotificationServiceProvider
16:23:15.573 [FXGL Background Thread 3 ] DEBUG Engine               - class com.almasb.fxgl.achievement.AchievementService
16:23:15.573 [FXGL Background Thread 3 ] DEBUG Engine               - class com.almasb.fxgl.cutscene.CutsceneService
16:23:15.573 [FXGL Background Thread 3 ] DEBUG Engine               - class com.almasb.fxgl.minigames.MiniGameService
16:23:15.573 [FXGL Background Thread 3 ] DEBUG Engine               - class com.almasb.fxgl.net.NetService
16:23:15.573 [FXGL Background Thread 3 ] DEBUG Engine               - class com.almasb.fxgl.app.services.UpdaterService
16:23:15.573 [FXGL Background Thread 3 ] DEBUG Engine               - class com.almasb.fxgl.dev.DevService
16:23:16.115 [JavaFX Application Thread] DEBUG FXGLAssetLoaderServi - Loading from file system: file:/C:/Users/dell/Desktop/OOP作业/Teamwork/target/classes/assets/textures/weeder/weeder.png
16:23:16.121 [JavaFX Application Thread] DEBUG FXGLAssetLoaderServi - Loading from file system: file:/C:/Users/dell/Desktop/OOP作业/Teamwork/target/classes/assets/textures/prepareText/prepare.png
16:23:16.123 [JavaFX Application Thread] DEBUG FXGLAssetLoaderServi - Loading from file system: file:/C:/Users/dell/Desktop/OOP作业/Teamwork/target/classes/assets/textures/ui/choose/chosenBg.png
16:23:16.128 [JavaFX Application Thread] DEBUG FXGLAssetLoaderServi - Loading JSON from: file:/C:/Users/dell/Desktop/OOP作业/Teamwork/target/classes/assets/data/SunFlower.json
16:23:16.216 [JavaFX Application Thread] DEBUG FXGLAssetLoaderServi - Loading from file system: file:/C:/Users/dell/Desktop/OOP作业/Teamwork/target/classes/assets/textures/ui/choose/SunFlower.png
16:23:16.220 [JavaFX Application Thread] DEBUG FXGLAssetLoaderServi - Loading JSON from: file:/C:/Users/dell/Desktop/OOP作业/Teamwork/target/classes/assets/data/PeaShooter.json
16:23:16.222 [JavaFX Application Thread] DEBUG FXGLAssetLoaderServi - Loading from file system: file:/C:/Users/dell/Desktop/OOP作业/Teamwork/target/classes/assets/textures/ui/choose/PeaShooter.png
16:23:16.226 [JavaFX Application Thread] DEBUG FXGLAssetLoaderServi - Loading JSON from: file:/C:/Users/dell/Desktop/OOP作业/Teamwork/target/classes/assets/data/WallNut.json
16:23:16.228 [JavaFX Application Thread] DEBUG FXGLAssetLoaderServi - Loading from file system: file:/C:/Users/dell/Desktop/OOP作业/Teamwork/target/classes/assets/textures/ui/choose/WallNut.png
16:23:16.627 [JavaFX Application Thread] DEBUG FXGLAssetLoaderServi - Loading from file system: file:/C:/Users/dell/Desktop/OOP作业/Teamwork/target/classes/assets/textures/prepareText/puton.png
16:23:17.130 [JavaFX Application Thread] DEBUG FXGLAssetLoaderServi - Loading from file system: file:/C:/Users/dell/Desktop/OOP作业/Teamwork/target/classes/assets/textures/prepareText/plant.png
16:23:22.306 [JavaFX Application Thread] DEBUG FXGLAssetLoaderServi - Loading from file system: file:/C:/Users/dell/Desktop/OOP作业/Teamwork/target/classes/assets/textures/plant/PeaShooter/PeaShooter.png
16:23:24.288 [JavaFX Application Thread] DEBUG FXGLAssetLoaderServi - Loading from file system: file:/C:/Users/dell/Desktop/OOP作业/Teamwork/target/classes/assets/textures/plant/WallNut/WallNut.png
16:25:19.259 [JavaFX Application Thread] DEBUG AudioPlayer          - Pausing music com.almasb.fxgl.audio.Music@64c85408
16:25:19.259 [JavaFX Application Thread] DEBUG LoopRunner           - Pausing loop
16:25:23.479 [JavaFX Application Thread] DEBUG LoopRunner           - Resuming loop
16:25:23.479 [JavaFX Application Thread] DEBUG AudioPlayer          - Resuming music com.almasb.fxgl.audio.Music@64c85408
16:27:26.128 [JavaFX Application Thread] DEBUG FXGLApplication      - Exiting FXGL
16:27:26.129 [JavaFX Application Thread] DEBUG Async                - Shutting down background threads
16:27:26.129 [JavaFX Application Thread] DEBUG PrimaryStageWindow   - Closing main window
16:27:26.147 [JavaFX Application Thread] DEBUG Logger               - Closing Logger
