17:35:37.418 [main                     ] DEBUG Logger               - Configured Logger
17:35:37.442 [main                     ] DEBUG GameApplication      - Logging settings
Title: Plants Vs Zombies
Version: 0.0
Width: 750
Height: 533
Fullscreen: false
Intro: false
Profiling: false
Single step:false
App Mode: DEVELOPER
Menu Key: ESCAPE
Stage Style: DECORATED
Scene Factory: class com.zrt.pvz.PVZApp$1

17:35:38.531 [JavaFX Application Thread] DEBUG FXGLApplication      - Initializing FXGL
17:35:38.534 [JavaFX Application Thread] INFO  Engine               - FXGL-17.2 (20.08.2022 16.50) on WINDOWS (J:20.0.1 FX:20.0.1)
17:35:38.535 [JavaFX Application Thread] DEBUG Engine               - JRE Vendor Name: Oracle Corporation
17:35:38.535 [JavaFX Application Thread] DEBUG Engine               - Running on OS: Windows 11 version 10.0
17:35:38.535 [JavaFX Application Thread] DEBUG Engine               - Architecture: amd64
17:35:38.535 [JavaFX Application Thread] INFO  Engine               - Source code and latest versions at: https://github.com/AlmasB/FXGL
17:35:38.535 [JavaFX Application Thread] INFO  Engine               -       Ask questions and discuss at: https://github.com/AlmasB/FXGL/discussions
17:35:38.535 [JavaFX Application Thread] INFO  Engine               -              Join the FXGL chat at: https://gitter.im/AlmasB/FXGL
17:35:38.678 [JavaFX Application Thread] DEBUG PrimaryStageWindow   - Creating a JavaFX scene
17:35:38.727 [JavaFX Application Thread] DEBUG PrimaryStageWindow   - Target settings size: 750.0 x 533.0
17:35:38.727 [JavaFX Application Thread] DEBUG PrimaryStageWindow   - Scaled scene size:    750.0 x 533.0
17:35:38.727 [JavaFX Application Thread] DEBUG PrimaryStageWindow   - Scaled ratio: (1.0, 1.0)
17:35:38.728 [JavaFX Application Thread] DEBUG PrimaryStageWindow   - Set initial scene to GameStartupScene
17:35:38.730 [JavaFX Application Thread] DEBUG PrimaryStageWindow   - Opening main window
17:35:39.000 [JavaFX Application Thread] DEBUG PrimaryStageWindow   - Window border size: (14.79998779296875, 38.20001220703125)
17:35:39.000 [JavaFX Application Thread] DEBUG PrimaryStageWindow   - Scaled size: 750.0 x 533.0
17:35:39.000 [JavaFX Application Thread] DEBUG PrimaryStageWindow   - Scaled ratio: (1.0, 1.0)
17:35:39.001 [JavaFX Application Thread] DEBUG PrimaryStageWindow   - Scene size: 750.0 x 533.0
17:35:39.001 [JavaFX Application Thread] DEBUG PrimaryStageWindow   - Stage size: 764.7999877929688 x 571.2000122070312
17:35:39.006 [FXGL Background Thread 1 ] DEBUG Engine               - Initializing environment variables
17:35:39.033 [FXGL Background Thread 1 ] DEBUG FXGLAssetLoaderServi - User app class for loading assets: class com.zrt.pvz.PVZApp
17:35:39.033 [FXGL Background Thread 1 ] DEBUG GameApplicationServi - Applying CSS: fxgl_dark.css
17:35:39.033 [FXGL Background Thread 1 ] DEBUG FXGLAssetLoaderServi - Loading from file system: jar:file:///C:/Users/dell/.m2/repository/com/github/almasb/fxgl/17.2/fxgl-17.2.jar!/fxglassets/ui/css/fxgl_dark.css
17:35:39.044 [FXGL Background Thread 1 ] DEBUG GameApplicationServi - Initializing application scenes
17:35:39.051 [FXGL Background Thread 1 ] DEBUG GameWorld            - Game world initialized
17:35:39.092 [FXGL Background Thread 1 ] DEBUG PhysicsWorld         - Physics world initialized: appHeight=533, physics.ppm=50.0
17:35:39.092 [FXGL Background Thread 1 ] DEBUG PhysicsWorld         - Using strategy: BRUTE_FORCE
17:35:39.095 [FXGL Background Thread 1 ] DEBUG GameScene            - Game scene initialized: 750x533
17:35:39.098 [FXGL Background Thread 1 ] DEBUG FXGLAssetLoaderServi - Loading from file system: file:/C:/Users/dell/Desktop/OOP作业/Teamwork/target/classes/assets/textures/ui/mainMenu/bg.png
17:35:39.157 [FXGL Background Thread 1 ] DEBUG FXGLAssetLoaderServi - Loading from file system: file:/C:/Users/dell/Desktop/OOP作业/Teamwork/target/classes/assets/textures/ui/mainMenu/smallgame.png
17:35:39.180 [FXGL Background Thread 1 ] DEBUG FXGLAssetLoaderServi - Loading from file system: file:/C:/Users/dell/Desktop/OOP作业/Teamwork/target/classes/assets/textures/ui/mainMenu/puzzle.png
17:35:39.208 [FXGL Background Thread 1 ] WARN  FXGL.DefaultMenu     - FXGLDefaultMenu is not designed for resolutions < 800x600
17:35:39.208 [FXGL Background Thread 1 ] DEBUG FXGL.DefaultMenu     - createMenuBodyGameMenu()
17:35:39.216 [FXGL Background Thread 1 ] DEBUG FXGL.DefaultMenu     - createOptionsMenu()
17:35:39.221 [FXGL Background Thread 1 ] DEBUG FXGLAssetLoaderServi - Loading from file system: jar:file:///C:/Users/dell/.m2/repository/com/github/almasb/fxgl/17.2/fxgl-17.2.jar!/fxglassets/textures/particles/smoke.png
17:35:39.320 [FXGL Background Thread 1 ] DEBUG FXGLAssetLoaderServi - Loading from file system: jar:file:///C:/Users/dell/.m2/repository/com/github/almasb/fxgl/17.2/fxgl-17.2.jar!/fxglassets/textures/particles/trace_horizontal.png
17:35:39.339 [FXGL Background Thread 1 ] DEBUG GameApplicationServi - Application scenes initialized
17:35:39.354 [FXGL Background Thread 1 ] DEBUG SystemBundleService  - Loading FXGL system data
17:35:39.360 [FXGL Background Thread 1 ] DEBUG FileSystemAccess     - Reading from: C:\Users\dell\Desktop\OOP作业\Teamwork\system\fxgl.bundle
17:35:39.369 [FXGL Background Thread 1 ] DEBUG SystemBundleService  - Bundle FXGL: {}
17:35:39.369 [FXGL Background Thread 1 ] DEBUG UpdaterService       - Checking for updates
17:35:39.372 [FXGL Background Thread 4 ] DEBUG FXGLApplication      - Loading fonts
17:35:39.372 [FXGL Background Thread 1 ] DEBUG FXGLApplication      - Loading default localization
17:35:39.372 [FXGL Background Thread 4 ] DEBUG FXGLAssetLoaderServi - Loading from file system: jar:file:///C:/Users/dell/.m2/repository/com/github/almasb/fxgl/17.2/fxgl-17.2.jar!/fxglassets/ui/fonts/VarelaRound-Regular.ttf
17:35:39.373 [FXGL Background Thread 1 ] DEBUG FXGLAssetLoaderServi - Loading from file system: jar:file:///C:/Users/dell/.m2/repository/com/github/almasb/fxgl/17.2/fxgl-17.2.jar!/fxglassets/languages/english.lang
17:35:39.418 [FXGL Background Thread 1 ] INFO  FXGLApplication      - FXGL initialization took: 0.413 sec
17:35:39.421 [JavaFX Application Thread] DEBUG FXGLAssetLoaderServi - Loading from file system: file:/C:/Users/dell/Desktop/OOP作业/Teamwork/target/classes/assets/textures/logo.jpg
17:35:39.428 [JavaFX Application Thread] DEBUG FXGLAssetLoaderServi - Loading from file system: jar:file:///C:/Users/dell/.m2/repository/com/github/almasb/fxgl/17.2/fxgl-17.2.jar!/fxglassets/textures/fxgl_default_cursor.png
17:35:39.443 [JavaFX Application Thread] DEBUG Input                - Registered new binding: Screenshot - CTRL+8
17:35:39.444 [JavaFX Application Thread] DEBUG Input                - Registered new binding: System info dump - CTRL+9
17:35:39.445 [JavaFX Application Thread] DEBUG Input                - Registered new binding: Restart - CTRL+R
17:35:39.446 [JavaFX Application Thread] DEBUG Input                - Registered new binding: Toggle Debug Camera - CTRL+7
17:35:39.451 [JavaFX Application Thread] DEBUG LoopRunner           - Starting loop
17:35:39.451 [JavaFX Application Thread] DEBUG LoopRunner           - Initializing JavaFX AnimationTimerLoop
17:35:39.455 [JavaFX Application Thread] DEBUG Input                - Clearing active input actions
17:35:39.459 [JavaFX Application Thread] DEBUG GameApplicationServi - Removing overlay from GameStartupScene and adding to FXGLMainMenuDummyScene
17:35:39.459 [JavaFX Application Thread] DEBUG PrimaryStageWindow   - GameStartupScene -> FXGLMainMenuDummyScene
17:35:39.459 [JavaFX Application Thread] DEBUG PrimaryStageWindow   - Push state: MainMenu
17:35:39.460 [JavaFX Application Thread] DEBUG FXGLAssetLoaderServi - Loading from file system: file:/C:/Users/dell/Desktop/OOP作业/Teamwork/target/classes/assets/music/mainMenu.wav
17:35:39.460 [FXGL Background Thread 4 ] DEBUG FXGLAssetLoaderServi - Loading from file system: jar:file:///C:/Users/dell/.m2/repository/com/github/almasb/fxgl/17.2/fxgl-17.2.jar!/fxglassets/ui/fonts/Abel-Regular.ttf
17:35:39.462 [FXGL Background Thread 4 ] DEBUG FXGLAssetLoaderServi - Loading from file system: jar:file:///C:/Users/dell/.m2/repository/com/github/almasb/fxgl/17.2/fxgl-17.2.jar!/fxglassets/ui/fonts/TerminalLandMono-Regular.otf
17:35:39.463 [FXGL Background Thread 4 ] DEBUG FXGLAssetLoaderServi - Loading from file system: jar:file:///C:/Users/dell/.m2/repository/com/github/almasb/fxgl/17.2/fxgl-17.2.jar!/fxglassets/ui/fonts/Courier-Prime.ttf
17:35:39.611 [JavaFX Application Thread] DEBUG AudioPlayer          - Playing music com.almasb.fxgl.audio.Music@68fdca6a
17:35:39.611 [JavaFX Application Thread] DEBUG Input                - Clearing active input actions
17:35:39.613 [JavaFX Application Thread] DEBUG GameApplicationServi - Removing overlay from FXGLMainMenuDummyScene and adding to MainMenu
17:35:39.613 [JavaFX Application Thread] DEBUG PrimaryStageWindow   - FXGLMainMenuDummyScene -> MainMenu
17:35:39.613 [JavaFX Application Thread] DEBUG FXGLApplication      - Registering font factories with UI factory
17:35:39.631 [JavaFX Application Thread] WARN  FXGLAssetLoaderServi - Asset "/assets/sounds/mainMenuHover.wav" was not found!
17:35:39.631 [JavaFX Application Thread] WARN  FXGLAssetLoaderServi - Failed to load SOUND
17:35:39.971 [JavaFX Application Thread] WARN  FXGLAssetLoaderServi - Asset "/assets/sounds/select.wav" was not found!
17:35:39.971 [JavaFX Application Thread] WARN  FXGLAssetLoaderServi - Failed to load SOUND
17:35:39.972 [JavaFX Application Thread] DEBUG FXGLAssetLoaderServi - Loading from file system: file:/C:/Users/dell/Desktop/OOP作业/Teamwork/target/classes/assets/textures/ui/mainMenu/ZombieHand.png
17:35:39.979 [JavaFX Application Thread] DEBUG GameApplicationServi - Starting new game
17:35:39.979 [JavaFX Application Thread] DEBUG PrimaryStageWindow   - Pop state: MainMenu
17:35:39.979 [JavaFX Application Thread] DEBUG Input                - Clearing active input actions
17:35:39.980 [JavaFX Application Thread] DEBUG GameApplicationServi - Removing overlay from MainMenu and adding to FXGLMainMenuDummyScene
17:35:39.980 [JavaFX Application Thread] DEBUG PrimaryStageWindow   - FXGLMainMenuDummyScene <- MainMenu
17:35:39.980 [JavaFX Application Thread] DEBUG Input                - Clearing active input actions
17:35:39.985 [JavaFX Application Thread] DEBUG GameApplicationServi - Removing overlay from FXGLMainMenuDummyScene and adding to FXGLLoadingScene
17:35:39.986 [JavaFX Application Thread] DEBUG PrimaryStageWindow   - FXGLMainMenuDummyScene -> FXGLLoadingScene
17:35:39.986 [JavaFX Application Thread] DEBUG GameApplicationServi - Clearing previous game
17:35:39.986 [JavaFX Application Thread] DEBUG GameScene            - Clearing game scene
17:35:39.986 [JavaFX Application Thread] DEBUG GameWorld            - Clearing game world
17:35:39.986 [JavaFX Application Thread] DEBUG PhysicsWorld         - Clearing physics world
17:35:39.989 [FXGL Background Thread 4 ] DEBUG FXGLApplication      - Initializing game
17:35:40.000 [FXGL Background Thread 4 ] DEBUG FXGLAssetLoaderServi - Loading from file system: file:/C:/Users/dell/Desktop/OOP作业/Teamwork/target/classes/assets/textures/map/map1.jpg
17:35:40.068 [FXGL Background Thread 4 ] DEBUG FXGLAssetLoaderServi - Loading from file system: file:/C:/Users/dell/Desktop/OOP作业/Teamwork/target/classes/assets/textures/zombie/NormalZombie/ZombieShow/ZombieShow_0.png
17:35:40.069 [FXGL Background Thread 4 ] DEBUG FXGLAssetLoaderServi - Loading from file system: file:/C:/Users/dell/Desktop/OOP作业/Teamwork/target/classes/assets/textures/zombie/NormalZombie/ZombieShow/ZombieShow_1.png
17:35:40.070 [FXGL Background Thread 4 ] DEBUG FXGLAssetLoaderServi - Loading from file system: file:/C:/Users/dell/Desktop/OOP作业/Teamwork/target/classes/assets/textures/zombie/NormalZombie/ZombieShow/ZombieShow_2.png
17:35:40.071 [FXGL Background Thread 4 ] DEBUG FXGLAssetLoaderServi - Loading from file system: file:/C:/Users/dell/Desktop/OOP作业/Teamwork/target/classes/assets/textures/zombie/NormalZombie/ZombieShow/ZombieShow_3.png
17:35:40.072 [FXGL Background Thread 4 ] DEBUG FXGLAssetLoaderServi - Loading from file system: file:/C:/Users/dell/Desktop/OOP作业/Teamwork/target/classes/assets/textures/zombie/NormalZombie/ZombieShow/ZombieShow_4.png
17:35:40.085 [FXGL Background Thread 4 ] DEBUG FXGLAssetLoaderServi - Loading JSON from: file:/C:/Users/dell/Desktop/OOP作业/Teamwork/target/classes/assets/data/MapPoint.json
17:35:40.237 [FXGL Background Thread 4 ] DEBUG FXGLAssetLoaderServi - Loading from file system: file:/C:/Users/dell/Desktop/OOP作业/Teamwork/target/classes/assets/textures/plant/SunFlower/SunFlower.png
17:35:40.240 [FXGL Background Thread 4 ] DEBUG FXGLAssetLoaderServi - Loading JSON from: file:/C:/Users/dell/Desktop/OOP作业/Teamwork/target/classes/assets/data/NormalZombie.json
17:35:40.255 [FXGL Background Thread 4 ] DEBUG FXGLAssetLoaderServi - Loading JSON from: file:/C:/Users/dell/Desktop/OOP作业/Teamwork/target/classes/assets/data/NormalZombie.json
17:35:40.258 [FXGL Background Thread 4 ] INFO  FXGLApplication      - Game initialization took: 0.270 sec
17:35:40.259 [JavaFX Application Thread] DEBUG Input                - Clearing active input actions
17:35:40.262 [JavaFX Application Thread] DEBUG GameApplicationServi - Removing overlay from FXGLLoadingScene and adding to GameScene
17:35:40.262 [JavaFX Application Thread] DEBUG PrimaryStageWindow   - FXGLLoadingScene -> GameScene
17:35:40.517 [FXGL Background Thread 2 ] INFO  UpdaterService       - Your current version:  17.2
17:35:40.517 [FXGL Background Thread 2 ] INFO  UpdaterService       - Latest stable version: 17.3
17:35:42.372 [FXGL Background Thread 3 ] DEBUG Engine               - Logging environment variables
17:35:42.372 [FXGL Background Thread 3 ] DEBUG Engine               - achievements: []
17:35:42.372 [FXGL Background Thread 3 ] DEBUG Engine               - actualHeight: 533.0
17:35:42.372 [FXGL Background Thread 3 ] DEBUG Engine               - actualHeightProperty: ReadOnlyDoubleProperty [value: 533.0]
17:35:42.372 [FXGL Background Thread 3 ] DEBUG Engine               - actualWidth: 750.0
17:35:42.372 [FXGL Background Thread 3 ] DEBUG Engine               - actualWidthProperty: ReadOnlyDoubleProperty [value: 750.0]
17:35:42.372 [FXGL Background Thread 3 ] DEBUG Engine               - appIcon: logo.jpg
17:35:42.372 [FXGL Background Thread 3 ] DEBUG Engine               - applicationMode: DEVELOPER
17:35:42.372 [FXGL Background Thread 3 ] DEBUG Engine               - cSSList: [fxgl_dark.css]
17:35:42.372 [FXGL Background Thread 3 ] DEBUG Engine               - collisionDetectionStrategy: BRUTE_FORCE
17:35:42.373 [FXGL Background Thread 3 ] DEBUG Engine               - configClass: Optional.empty
17:35:42.373 [FXGL Background Thread 3 ] DEBUG Engine               - credits: []
17:35:42.373 [FXGL Background Thread 3 ] DEBUG Engine               - defaultCursor: CursorInfo(imageName=fxgl_default_cursor.png, hotspotX=7.0, hotspotY=6.0)
17:35:42.373 [FXGL Background Thread 3 ] DEBUG Engine               - devBBoxColorProperty: ObjectProperty [value: 0xff0000ff]
17:35:42.373 [FXGL Background Thread 3 ] DEBUG Engine               - devEnableDebugCameraProperty: BooleanProperty [value: false]
17:35:42.373 [FXGL Background Thread 3 ] DEBUG Engine               - devSensorColorProperty: ObjectProperty [value: 0xffff00ff]
17:35:42.373 [FXGL Background Thread 3 ] DEBUG Engine               - devShowBBoxProperty: BooleanProperty [value: false]
17:35:42.373 [FXGL Background Thread 3 ] DEBUG Engine               - devShowPositionProperty: BooleanProperty [value: false]
17:35:42.373 [FXGL Background Thread 3 ] DEBUG Engine               - enabledMenuItems: []
17:35:42.373 [FXGL Background Thread 3 ] DEBUG Engine               - engineServices: [class com.almasb.fxgl.app.services.FXGLAssetLoaderService, class com.almasb.fxgl.app.FXGLApplication$GameApplicationService, class com.almasb.fxgl.app.services.FXGLDialogService, class com.almasb.fxgl.app.services.IOTaskExecutorService, class com.almasb.fxgl.io.FileSystemService, class com.almasb.fxgl.localization.LocalizationService, class com.almasb.fxgl.app.services.SystemBundleService, class com.almasb.fxgl.profile.SaveLoadService, class com.almasb.fxgl.ui.FXGLUIFactoryServiceProvider, class com.almasb.fxgl.ui.FXGLDialogFactoryServiceProvider, class com.almasb.fxgl.audio.AudioPlayer, class com.almasb.fxgl.notification.impl.NotificationServiceProvider, class com.almasb.fxgl.achievement.AchievementService, class com.almasb.fxgl.cutscene.CutsceneService, class com.almasb.fxgl.minigames.MiniGameService, class com.almasb.fxgl.net.NetService, class com.almasb.fxgl.app.services.UpdaterService, class com.almasb.fxgl.dev.DevService]
17:35:42.373 [FXGL Background Thread 3 ] DEBUG Engine               - fontGame: Abel-Regular.ttf
17:35:42.374 [FXGL Background Thread 3 ] DEBUG Engine               - fontMono: TerminalLandMono-Regular.otf
17:35:42.374 [FXGL Background Thread 3 ] DEBUG Engine               - fontText: Courier-Prime.ttf
17:35:42.374 [FXGL Background Thread 3 ] DEBUG Engine               - fontUI: VarelaRound-Regular.ttf
17:35:42.374 [FXGL Background Thread 3 ] DEBUG Engine               - fullScreen: BooleanProperty [value: false]
17:35:42.374 [FXGL Background Thread 3 ] DEBUG Engine               - gameDifficulty: MEDIUM
17:35:42.374 [FXGL Background Thread 3 ] DEBUG Engine               - gameDifficultyProperty: ObjectProperty [value: MEDIUM]
17:35:42.374 [FXGL Background Thread 3 ] DEBUG Engine               - globalMusicVolume: 0.5
17:35:42.374 [FXGL Background Thread 3 ] DEBUG Engine               - globalMusicVolumeProperty: DoubleProperty [value: 0.5]
17:35:42.374 [FXGL Background Thread 3 ] DEBUG Engine               - globalSoundVolume: 0.5
17:35:42.374 [FXGL Background Thread 3 ] DEBUG Engine               - globalSoundVolumeProperty: DoubleProperty [value: 0.5]
17:35:42.374 [FXGL Background Thread 3 ] DEBUG Engine               - height: 533
17:35:42.374 [FXGL Background Thread 3 ] DEBUG Engine               - is3D: false
17:35:42.374 [FXGL Background Thread 3 ] DEBUG Engine               - isAndroid: false
17:35:42.374 [FXGL Background Thread 3 ] DEBUG Engine               - isBrowser: false
17:35:42.374 [FXGL Background Thread 3 ] DEBUG Engine               - isClickFeedbackEnabled: false
17:35:42.374 [FXGL Background Thread 3 ] DEBUG Engine               - isCloseConfirmation: false
17:35:42.374 [FXGL Background Thread 3 ] DEBUG Engine               - isDesktop: true
17:35:42.374 [FXGL Background Thread 3 ] DEBUG Engine               - isDeveloperMenuEnabled: false
17:35:42.374 [FXGL Background Thread 3 ] DEBUG Engine               - isEmbedded: false
17:35:42.374 [FXGL Background Thread 3 ] DEBUG Engine               - isEntityPreloadEnabled: true
17:35:42.374 [FXGL Background Thread 3 ] DEBUG Engine               - isExperimentalTiledLargeMap: false
17:35:42.374 [FXGL Background Thread 3 ] DEBUG Engine               - isFileSystemWriteAllowed: true
17:35:42.374 [FXGL Background Thread 3 ] DEBUG Engine               - isFullScreenAllowed: false
17:35:42.375 [FXGL Background Thread 3 ] DEBUG Engine               - isFullScreenFromStart: false
17:35:42.375 [FXGL Background Thread 3 ] DEBUG Engine               - isGameMenuEnabled: true
17:35:42.375 [FXGL Background Thread 3 ] DEBUG Engine               - isIOS: false
17:35:42.375 [FXGL Background Thread 3 ] DEBUG Engine               - isIntroEnabled: false
17:35:42.375 [FXGL Background Thread 3 ] DEBUG Engine               - isLinux: false
17:35:42.375 [FXGL Background Thread 3 ] DEBUG Engine               - isMac: false
17:35:42.375 [FXGL Background Thread 3 ] DEBUG Engine               - isMainMenuEnabled: true
17:35:42.375 [FXGL Background Thread 3 ] DEBUG Engine               - isManualResizeEnabled: false
17:35:42.375 [FXGL Background Thread 3 ] DEBUG Engine               - isMobile: false
17:35:42.375 [FXGL Background Thread 3 ] DEBUG Engine               - isNative: false
17:35:42.375 [FXGL Background Thread 3 ] DEBUG Engine               - isPauseMusicWhenMinimized: true
17:35:42.375 [FXGL Background Thread 3 ] DEBUG Engine               - isPreserveResizeRatio: false
17:35:42.375 [FXGL Background Thread 3 ] DEBUG Engine               - isProfilingEnabled: false
17:35:42.375 [FXGL Background Thread 3 ] DEBUG Engine               - isScaleAffectedOnResize: true
17:35:42.375 [FXGL Background Thread 3 ] DEBUG Engine               - isSingleStep: false
17:35:42.375 [FXGL Background Thread 3 ] DEBUG Engine               - isUserProfileEnabled: false
17:35:42.375 [FXGL Background Thread 3 ] DEBUG Engine               - isWindows: true
17:35:42.375 [FXGL Background Thread 3 ] DEBUG Engine               - language: ObjectProperty [value: ENGLISH]
17:35:42.375 [FXGL Background Thread 3 ] DEBUG Engine               - menuKey: ESCAPE
17:35:42.375 [FXGL Background Thread 3 ] DEBUG Engine               - mouseSensitivity: 0.2
17:35:42.375 [FXGL Background Thread 3 ] DEBUG Engine               - notificationViewClass: class com.almasb.fxgl.notification.view.XboxNotificationView
17:35:42.375 [FXGL Background Thread 3 ] DEBUG Engine               - pixelsPerMeter: 50.0
17:35:42.375 [FXGL Background Thread 3 ] DEBUG Engine               - platform: WINDOWS
17:35:42.375 [FXGL Background Thread 3 ] DEBUG Engine               - prefHeightProperty: ReadOnlyDoubleProperty [value: 533.0]
17:35:42.375 [FXGL Background Thread 3 ] DEBUG Engine               - prefWidthProperty: ReadOnlyDoubleProperty [value: 750.0]
17:35:42.375 [FXGL Background Thread 3 ] DEBUG Engine               - profileDir: profiles/
17:35:42.375 [FXGL Background Thread 3 ] DEBUG Engine               - profileName: StringProperty [value: DEFAULT]
17:35:42.375 [FXGL Background Thread 3 ] DEBUG Engine               - randomSeed: -1
17:35:42.375 [FXGL Background Thread 3 ] DEBUG Engine               - runtimeInfo: RuntimeInfo(platform=WINDOWS, version=17.2, build=20.08.2022 16.50)
17:35:42.375 [FXGL Background Thread 3 ] DEBUG Engine               - saveFileExt: sav
17:35:42.376 [FXGL Background Thread 3 ] DEBUG Engine               - scaledHeightProp$fxgl: DoubleProperty [bound, value: 533.0]
17:35:42.376 [FXGL Background Thread 3 ] DEBUG Engine               - scaledWidthProp$fxgl: DoubleProperty [bound, value: 750.0]
17:35:42.376 [FXGL Background Thread 3 ] DEBUG Engine               - sceneFactory: com.zrt.pvz.PVZApp$1@208df25f
17:35:42.376 [FXGL Background Thread 3 ] DEBUG Engine               - secondsIn24h: 60
17:35:42.376 [FXGL Background Thread 3 ] DEBUG Engine               - soundMenuBack: menu/back.wav
17:35:42.376 [FXGL Background Thread 3 ] DEBUG Engine               - soundMenuPress: menu/press.wav
17:35:42.376 [FXGL Background Thread 3 ] DEBUG Engine               - soundMenuSelect: menu/select.wav
17:35:42.376 [FXGL Background Thread 3 ] DEBUG Engine               - soundNotification: core/notification.wav
17:35:42.376 [FXGL Background Thread 3 ] DEBUG Engine               - stageStyle: DECORATED
17:35:42.376 [FXGL Background Thread 3 ] DEBUG Engine               - supportedLanguages: [ENGLISH, FRENCH, GERMAN, HUNGARIAN, RUSSIAN]
17:35:42.376 [FXGL Background Thread 3 ] DEBUG Engine               - ticksPerSecond: -1
17:35:42.376 [FXGL Background Thread 3 ] DEBUG Engine               - title: Plants Vs Zombies
17:35:42.376 [FXGL Background Thread 3 ] DEBUG Engine               - urlGithub: https://github.com/AlmasB/FXGL
17:35:42.376 [FXGL Background Thread 3 ] DEBUG Engine               - urlLeaderboard: http://fxgl-top.herokuapp.com/
17:35:42.376 [FXGL Background Thread 3 ] DEBUG Engine               - urlPOM: https://raw.githubusercontent.com/AlmasB/FXGL/release/README.md
17:35:42.376 [FXGL Background Thread 3 ] DEBUG Engine               - userAppClass: class com.zrt.pvz.PVZApp
17:35:42.376 [FXGL Background Thread 3 ] DEBUG Engine               - version: 0.0
17:35:42.376 [FXGL Background Thread 3 ] DEBUG Engine               - versionCheckDays: 7
17:35:42.376 [FXGL Background Thread 3 ] DEBUG Engine               - width: 750
17:35:42.376 [FXGL Background Thread 3 ] DEBUG Engine               - Logging services
17:35:42.376 [FXGL Background Thread 3 ] DEBUG Engine               - class com.almasb.fxgl.app.services.FXGLAssetLoaderService
17:35:42.376 [FXGL Background Thread 3 ] DEBUG Engine               - class com.almasb.fxgl.app.FXGLApplication$GameApplicationService
17:35:42.376 [FXGL Background Thread 3 ] DEBUG Engine               - class com.almasb.fxgl.app.services.FXGLDialogService
17:35:42.376 [FXGL Background Thread 3 ] DEBUG Engine               - class com.almasb.fxgl.app.services.IOTaskExecutorService
17:35:42.376 [FXGL Background Thread 3 ] DEBUG Engine               - class com.almasb.fxgl.io.FileSystemService
17:35:42.376 [FXGL Background Thread 3 ] DEBUG Engine               - class com.almasb.fxgl.localization.LocalizationService
17:35:42.376 [FXGL Background Thread 3 ] DEBUG Engine               - class com.almasb.fxgl.app.services.SystemBundleService
17:35:42.376 [FXGL Background Thread 3 ] DEBUG Engine               - class com.almasb.fxgl.profile.SaveLoadService
17:35:42.376 [FXGL Background Thread 3 ] DEBUG Engine               - class com.almasb.fxgl.ui.FXGLUIFactoryServiceProvider
17:35:42.376 [FXGL Background Thread 3 ] DEBUG Engine               - class com.almasb.fxgl.ui.FXGLDialogFactoryServiceProvider
17:35:42.376 [FXGL Background Thread 3 ] DEBUG Engine               - class com.almasb.fxgl.audio.AudioPlayer
17:35:42.376 [FXGL Background Thread 3 ] DEBUG Engine               - class com.almasb.fxgl.notification.impl.NotificationServiceProvider
17:35:42.376 [FXGL Background Thread 3 ] DEBUG Engine               - class com.almasb.fxgl.achievement.AchievementService
17:35:42.376 [FXGL Background Thread 3 ] DEBUG Engine               - class com.almasb.fxgl.cutscene.CutsceneService
17:35:42.376 [FXGL Background Thread 3 ] DEBUG Engine               - class com.almasb.fxgl.minigames.MiniGameService
17:35:42.376 [FXGL Background Thread 3 ] DEBUG Engine               - class com.almasb.fxgl.net.NetService
17:35:42.376 [FXGL Background Thread 3 ] DEBUG Engine               - class com.almasb.fxgl.app.services.UpdaterService
17:35:42.376 [FXGL Background Thread 3 ] DEBUG Engine               - class com.almasb.fxgl.dev.DevService
17:35:42.531 [JavaFX Application Thread] DEBUG FXGLAssetLoaderServi - Loading from file system: file:/C:/Users/dell/Desktop/OOP作业/Teamwork/target/classes/assets/textures/weeder/weeder.png
17:35:42.537 [JavaFX Application Thread] DEBUG FXGLAssetLoaderServi - Loading from file system: file:/C:/Users/dell/Desktop/OOP作业/Teamwork/target/classes/assets/textures/prepareText/prepare.png
17:35:42.539 [JavaFX Application Thread] DEBUG FXGLAssetLoaderServi - Loading from file system: file:/C:/Users/dell/Desktop/OOP作业/Teamwork/target/classes/assets/textures/ui/choose/chosenBg.png
17:35:42.549 [JavaFX Application Thread] DEBUG FXGLAssetLoaderServi - Loading JSON from: file:/C:/Users/dell/Desktop/OOP作业/Teamwork/target/classes/assets/data/SunFlower.json
17:35:42.556 [JavaFX Application Thread] DEBUG FXGLAssetLoaderServi - Loading from file system: file:/C:/Users/dell/Desktop/OOP作业/Teamwork/target/classes/assets/textures/ui/choose/SunFlower.png
17:35:42.560 [JavaFX Application Thread] DEBUG FXGLAssetLoaderServi - Loading JSON from: file:/C:/Users/dell/Desktop/OOP作业/Teamwork/target/classes/assets/data/PeaShooter.json
17:35:42.564 [JavaFX Application Thread] DEBUG FXGLAssetLoaderServi - Loading from file system: file:/C:/Users/dell/Desktop/OOP作业/Teamwork/target/classes/assets/textures/ui/choose/PeaShooter.png
17:35:42.567 [JavaFX Application Thread] DEBUG FXGLAssetLoaderServi - Loading JSON from: file:/C:/Users/dell/Desktop/OOP作业/Teamwork/target/classes/assets/data/WallNut.json
17:35:42.569 [JavaFX Application Thread] DEBUG FXGLAssetLoaderServi - Loading from file system: file:/C:/Users/dell/Desktop/OOP作业/Teamwork/target/classes/assets/textures/ui/choose/WallNut.png
17:35:43.045 [JavaFX Application Thread] DEBUG FXGLAssetLoaderServi - Loading from file system: file:/C:/Users/dell/Desktop/OOP作业/Teamwork/target/classes/assets/textures/prepareText/puton.png
17:35:43.549 [JavaFX Application Thread] DEBUG FXGLAssetLoaderServi - Loading from file system: file:/C:/Users/dell/Desktop/OOP作业/Teamwork/target/classes/assets/textures/prepareText/plant.png
17:35:44.107 [JavaFX Application Thread] DEBUG LoopRunner           - Stopping loop
17:35:44.108 [JavaFX Application Thread] FATAL FXGLApplication      - Uncaught Exception:
java.lang.IllegalArgumentException: Component PositionComponent not found!
	at com.almasb.fxgl.entity@17.2/com.almasb.fxgl.entity.Entity.getComponent(Entity.java:366)
	at Teamwork/com.zrt.pvz.PVZApp.buildPlant(PVZApp.java:185)
	at Teamwork/com.zrt.pvz.PVZApp.lambda$initInput$1(PVZApp.java:126)
	at com.almasb.fxgl.core@17.2/com.almasb.fxgl.input.Input.fire(Input.kt:259)
	at com.almasb.fxgl.core@17.2/com.almasb.fxgl.input.Input.fireEventViaHandlers(Input.kt:241)
	at com.almasb.fxgl.all@17.2/com.almasb.fxgl.app.PrimaryStageWindow$4$1.invoke(MainWindow.kt:324)
	at com.almasb.fxgl.all@17.2/com.almasb.fxgl.app.PrimaryStageWindow$4$1.invoke(MainWindow.kt:324)
	at com.almasb.fxgl.core@17.2/com.almasb.fxgl.core.fsm.StateMachine.runOnActiveStates(StateMachine.kt:69)
	at com.almasb.fxgl.all@17.2/com.almasb.fxgl.app.PrimaryStageWindow$4.invoke(MainWindow.kt:324)
	at com.almasb.fxgl.all@17.2/com.almasb.fxgl.app.PrimaryStageWindow$4.invoke(MainWindow.kt:317)
	at com.almasb.fxgl.all@17.2/com.almasb.fxgl.app.MainWindow.addGlobalHandler$lambda-4(MainWindow.kt:245)
	at javafx.base@20.0.1/com.sun.javafx.event.CompositeEventHandler$NormalEventHandlerRecord.handleBubblingEvent(CompositeEventHandler.java:247)
	at javafx.base@20.0.1/com.sun.javafx.event.CompositeEventHandler.dispatchBubblingEvent(CompositeEventHandler.java:80)
	at javafx.base@20.0.1/com.sun.javafx.event.EventHandlerManager.dispatchBubblingEvent(EventHandlerManager.java:232)
	at javafx.base@20.0.1/com.sun.javafx.event.EventHandlerManager.dispatchBubblingEvent(EventHandlerManager.java:189)
	at javafx.base@20.0.1/com.sun.javafx.event.CompositeEventDispatcher.dispatchBubblingEvent(CompositeEventDispatcher.java:59)
	at javafx.base@20.0.1/com.sun.javafx.event.BasicEventDispatcher.dispatchEvent(BasicEventDispatcher.java:58)
	at javafx.base@20.0.1/com.sun.javafx.event.EventDispatchChainImpl.dispatchEvent(EventDispatchChainImpl.java:114)
	at javafx.base@20.0.1/com.sun.javafx.event.BasicEventDispatcher.dispatchEvent(BasicEventDispatcher.java:56)
	at javafx.base@20.0.1/com.sun.javafx.event.EventDispatchChainImpl.dispatchEvent(EventDispatchChainImpl.java:114)
	at javafx.base@20.0.1/com.sun.javafx.event.EventUtil.fireEventImpl(EventUtil.java:74)
	at javafx.base@20.0.1/com.sun.javafx.event.EventUtil.fireEvent(EventUtil.java:54)
	at javafx.base@20.0.1/javafx.event.Event.fireEvent(Event.java:198)
	at javafx.graphics@20.0.1/javafx.scene.Scene$ClickGenerator.postProcess(Scene.java:3684)
	at javafx.graphics@20.0.1/javafx.scene.Scene$MouseHandler.process(Scene.java:3989)
	at javafx.graphics@20.0.1/javafx.scene.Scene.processMouseEvent(Scene.java:1890)
	at javafx.graphics@20.0.1/javafx.scene.Scene$ScenePeerListener.mouseEvent(Scene.java:2704)
	at javafx.graphics@20.0.1/com.sun.javafx.tk.quantum.GlassViewEventHandler$MouseEventNotification.run(GlassViewEventHandler.java:411)
	at javafx.graphics@20.0.1/com.sun.javafx.tk.quantum.GlassViewEventHandler$MouseEventNotification.run(GlassViewEventHandler.java:301)
	at java.base/java.security.AccessController.doPrivileged(AccessController.java:400)
	at javafx.graphics@20.0.1/com.sun.javafx.tk.quantum.GlassViewEventHandler.lambda$handleMouseEvent$2(GlassViewEventHandler.java:450)
	at javafx.graphics@20.0.1/com.sun.javafx.tk.quantum.QuantumToolkit.runWithoutRenderLock(QuantumToolkit.java:424)
	at javafx.graphics@20.0.1/com.sun.javafx.tk.quantum.GlassViewEventHandler.handleMouseEvent(GlassViewEventHandler.java:449)
	at javafx.graphics@20.0.1/com.sun.glass.ui.View.handleMouseEvent(View.java:551)
	at javafx.graphics@20.0.1/com.sun.glass.ui.View.notifyMouse(View.java:937)
	at javafx.graphics@20.0.1/com.sun.glass.ui.win.WinApplication._runLoop(Native Method)
	at javafx.graphics@20.0.1/com.sun.glass.ui.win.WinApplication.lambda$runLoop$3(WinApplication.java:185)
	at java.base/java.lang.Thread.run(Thread.java:1623)

17:35:44.108 [JavaFX Application Thread] FATAL FXGLApplication      - Application will now exit
17:35:44.122 [JavaFX Application Thread] DEBUG PrimaryStageWindow   - Push state: ErrorSubScene
17:35:44.122 [JavaFX Application Thread] DEBUG Input                - Clearing active input actions
17:35:44.125 [JavaFX Application Thread] DEBUG GameApplicationServi - Removing overlay from GameScene and adding to ErrorSubScene
17:35:44.125 [JavaFX Application Thread] DEBUG PrimaryStageWindow   - GameScene -> ErrorSubScene
17:35:45.828 [JavaFX Application Thread] DEBUG FXGLApplication      - Exiting FXGL
17:35:45.828 [JavaFX Application Thread] DEBUG Async                - Shutting down background threads
17:35:45.829 [JavaFX Application Thread] DEBUG PrimaryStageWindow   - Closing main window
17:35:45.851 [JavaFX Application Thread] DEBUG Logger               - Closing Logger
