18:18:32.479 [main                     ] DEBUG Logger               - Configured Logger
18:18:32.510 [main                     ] DEBUG GameApplication      - Logging settings
Title: Plants Vs Zombies
Version: 0.0
Width: 750
Height: 533
Fullscreen: false
Intro: false
Profiling: false
Single step:false
App Mode: DEVELOPER
Menu Key: ESCAPE
Stage Style: DECORATED
Scene Factory: class com.zrt.pvz.PVZApp$1

18:18:32.862 [JavaFX Application Thread] DEBUG FXGLApplication      - Initializing FXGL
18:18:32.866 [JavaFX Application Thread] INFO  Engine               - FXGL-17.2 (20.08.2022 16.50) on WINDOWS (J:20.0.1 FX:20.0.1)
18:18:32.867 [JavaFX Application Thread] DEBUG Engine               - JRE Vendor Name: Oracle Corporation
18:18:32.867 [JavaFX Application Thread] DEBUG Engine               - Running on OS: Windows 11 version 10.0
18:18:32.867 [JavaFX Application Thread] DEBUG Engine               - Architecture: amd64
18:18:32.867 [JavaFX Application Thread] INFO  Engine               - Source code and latest versions at: https://github.com/AlmasB/FXGL
18:18:32.867 [JavaFX Application Thread] INFO  Engine               -       Ask questions and discuss at: https://github.com/AlmasB/FXGL/discussions
18:18:32.867 [JavaFX Application Thread] INFO  Engine               -              Join the FXGL chat at: https://gitter.im/AlmasB/FXGL
18:18:33.032 [JavaFX Application Thread] DEBUG PrimaryStageWindow   - Creating a JavaFX scene
18:18:33.107 [JavaFX Application Thread] DEBUG PrimaryStageWindow   - Target settings size: 750.0 x 533.0
18:18:33.108 [JavaFX Application Thread] DEBUG PrimaryStageWindow   - Scaled scene size:    750.0 x 533.0
18:18:33.108 [JavaFX Application Thread] DEBUG PrimaryStageWindow   - Scaled ratio: (1.0, 1.0)
18:18:33.109 [JavaFX Application Thread] DEBUG PrimaryStageWindow   - Set initial scene to GameStartupScene
18:18:33.111 [JavaFX Application Thread] DEBUG PrimaryStageWindow   - Opening main window
18:18:33.441 [JavaFX Application Thread] DEBUG PrimaryStageWindow   - Window border size: (14.79998779296875, 38.20001220703125)
18:18:33.441 [JavaFX Application Thread] DEBUG PrimaryStageWindow   - Scaled size: 750.0 x 533.0
18:18:33.441 [JavaFX Application Thread] DEBUG PrimaryStageWindow   - Scaled ratio: (1.0, 1.0)
18:18:33.441 [JavaFX Application Thread] DEBUG PrimaryStageWindow   - Scene size: 750.0 x 533.0
18:18:33.442 [JavaFX Application Thread] DEBUG PrimaryStageWindow   - Stage size: 764.7999877929688 x 571.2000122070312
18:18:33.448 [FXGL Background Thread 1 ] DEBUG Engine               - Initializing environment variables
18:18:33.496 [FXGL Background Thread 1 ] DEBUG FXGLAssetLoaderServi - User app class for loading assets: class com.zrt.pvz.PVZApp
18:18:33.497 [FXGL Background Thread 1 ] DEBUG GameApplicationServi - Applying CSS: fxgl_dark.css
18:18:33.498 [FXGL Background Thread 1 ] DEBUG FXGLAssetLoaderServi - Loading from file system: jar:file:///C:/Users/dell/.m2/repository/com/github/almasb/fxgl/17.2/fxgl-17.2.jar!/fxglassets/ui/css/fxgl_dark.css
18:18:33.514 [FXGL Background Thread 1 ] DEBUG GameApplicationServi - Initializing application scenes
18:18:33.518 [FXGL Background Thread 1 ] DEBUG FXGLAssetLoaderServi - Loading from file system: file:/C:/Users/dell/Desktop/OOP作业/Teamwork/target/classes/assets/textures/map/map1LoadingBG.jpg
18:18:33.595 [FXGL Background Thread 1 ] DEBUG GameWorld            - Game world initialized
18:18:33.633 [FXGL Background Thread 1 ] DEBUG PhysicsWorld         - Physics world initialized: appHeight=533, physics.ppm=50.0
18:18:33.634 [FXGL Background Thread 1 ] DEBUG PhysicsWorld         - Using strategy: BRUTE_FORCE
18:18:33.639 [FXGL Background Thread 1 ] DEBUG GameScene            - Game scene initialized: 750x533
18:18:33.653 [FXGL Background Thread 1 ] DEBUG FXGLAssetLoaderServi - Loading from file system: file:/C:/Users/dell/Desktop/OOP作业/Teamwork/target/classes/assets/textures/ui/mainMenu/bg.png
18:18:33.726 [FXGL Background Thread 1 ] DEBUG FXGLAssetLoaderServi - Loading from file system: file:/C:/Users/dell/Desktop/OOP作业/Teamwork/target/classes/assets/textures/ui/mainMenu/puzzle.png
18:18:33.738 [FXGL Background Thread 1 ] DEBUG FXGLAssetLoaderServi - Loading from file system: file:/C:/Users/dell/Desktop/OOP作业/Teamwork/target/classes/assets/textures/ui/mainMenu/userBoard.png
18:18:33.753 [FXGL Background Thread 1 ] DEBUG FXGLAssetLoaderServi - Loading from file system: file:/C:/Users/dell/Desktop/OOP作业/Teamwork/target/classes/assets/textures/ui/gameMenu/Menu.png
18:18:33.764 [FXGL Background Thread 1 ] DEBUG GameApplicationServi - Application scenes initialized
18:18:33.777 [FXGL Background Thread 1 ] DEBUG SystemBundleService  - Loading FXGL system data
18:18:33.778 [FXGL Background Thread 1 ] DEBUG FileSystemAccess     - Reading from: C:\Users\dell\Desktop\OOP作业\Teamwork\system\fxgl.bundle
18:18:33.781 [FXGL Background Thread 1 ] DEBUG SystemBundleService  - Bundle FXGL: {}
18:18:33.781 [FXGL Background Thread 1 ] DEBUG UpdaterService       - Checking for updates
18:18:33.785 [FXGL Background Thread 4 ] DEBUG FXGLApplication      - Loading fonts
18:18:33.785 [FXGL Background Thread 1 ] DEBUG FXGLApplication      - Loading default localization
18:18:33.785 [FXGL Background Thread 4 ] DEBUG FXGLAssetLoaderServi - Loading from file system: jar:file:///C:/Users/dell/.m2/repository/com/github/almasb/fxgl/17.2/fxgl-17.2.jar!/fxglassets/ui/fonts/VarelaRound-Regular.ttf
18:18:33.787 [FXGL Background Thread 1 ] DEBUG FXGLAssetLoaderServi - Loading from file system: jar:file:///C:/Users/dell/.m2/repository/com/github/almasb/fxgl/17.2/fxgl-17.2.jar!/fxglassets/languages/english.lang
18:18:33.808 [FXGL Background Thread 1 ] INFO  FXGLApplication      - FXGL initialization took: 0.359 sec
18:18:33.810 [JavaFX Application Thread] DEBUG FXGLAssetLoaderServi - Loading from file system: file:/C:/Users/dell/Desktop/OOP作业/Teamwork/target/classes/assets/textures/logo.png
18:18:33.818 [JavaFX Application Thread] DEBUG FXGLAssetLoaderServi - Loading from file system: jar:file:///C:/Users/dell/.m2/repository/com/github/almasb/fxgl/17.2/fxgl-17.2.jar!/fxglassets/textures/fxgl_default_cursor.png
18:18:33.832 [JavaFX Application Thread] DEBUG Input                - Registered new binding: Screenshot - CTRL+8
18:18:33.833 [JavaFX Application Thread] DEBUG Input                - Registered new binding: System info dump - CTRL+9
18:18:33.833 [JavaFX Application Thread] DEBUG Input                - Registered new binding: Restart - CTRL+R
18:18:33.835 [JavaFX Application Thread] DEBUG Input                - Registered new binding: Toggle Debug Camera - CTRL+7
18:18:33.840 [JavaFX Application Thread] DEBUG LoopRunner           - Starting loop
18:18:33.840 [JavaFX Application Thread] DEBUG LoopRunner           - Initializing JavaFX AnimationTimerLoop
18:18:33.842 [JavaFX Application Thread] DEBUG Input                - Clearing active input actions
18:18:33.851 [JavaFX Application Thread] DEBUG GameApplicationServi - Removing overlay from GameStartupScene and adding to FXGLMainMenuDummyScene
18:18:33.851 [JavaFX Application Thread] DEBUG PrimaryStageWindow   - GameStartupScene -> FXGLMainMenuDummyScene
18:18:33.852 [JavaFX Application Thread] DEBUG PrimaryStageWindow   - Push state: MainMenu
18:18:33.852 [JavaFX Application Thread] DEBUG FXGLAssetLoaderServi - Loading from file system: file:/C:/Users/dell/Desktop/OOP作业/Teamwork/target/classes/assets/music/mainMenu.wav
18:18:33.885 [FXGL Background Thread 4 ] DEBUG FXGLAssetLoaderServi - Loading from file system: jar:file:///C:/Users/dell/.m2/repository/com/github/almasb/fxgl/17.2/fxgl-17.2.jar!/fxglassets/ui/fonts/Abel-Regular.ttf
18:18:33.887 [FXGL Background Thread 4 ] DEBUG FXGLAssetLoaderServi - Loading from file system: jar:file:///C:/Users/dell/.m2/repository/com/github/almasb/fxgl/17.2/fxgl-17.2.jar!/fxglassets/ui/fonts/TerminalLandMono-Regular.otf
18:18:33.890 [FXGL Background Thread 4 ] DEBUG FXGLAssetLoaderServi - Loading from file system: jar:file:///C:/Users/dell/.m2/repository/com/github/almasb/fxgl/17.2/fxgl-17.2.jar!/fxglassets/ui/fonts/Courier-Prime.ttf
18:18:34.018 [JavaFX Application Thread] DEBUG AudioPlayer          - Playing music com.almasb.fxgl.audio.Music@41b5fc31
18:18:34.019 [JavaFX Application Thread] DEBUG Input                - Clearing active input actions
18:18:34.022 [JavaFX Application Thread] DEBUG GameApplicationServi - Removing overlay from FXGLMainMenuDummyScene and adding to MainMenu
18:18:34.023 [JavaFX Application Thread] DEBUG PrimaryStageWindow   - FXGLMainMenuDummyScene -> MainMenu
18:18:34.055 [JavaFX Application Thread] DEBUG FXGLApplication      - Registering font factories with UI factory
18:18:35.822 [FXGL Background Thread 2 ] INFO  UpdaterService       - Your current version:  17.2
18:18:35.822 [FXGL Background Thread 2 ] INFO  UpdaterService       - Latest stable version: 17.3
18:18:36.784 [FXGL Background Thread 3 ] DEBUG Engine               - Logging environment variables
18:18:36.784 [FXGL Background Thread 3 ] DEBUG Engine               - achievements: []
18:18:36.784 [FXGL Background Thread 3 ] DEBUG Engine               - actualHeight: 533.0
18:18:36.784 [FXGL Background Thread 3 ] DEBUG Engine               - actualHeightProperty: ReadOnlyDoubleProperty [value: 533.0]
18:18:36.784 [FXGL Background Thread 3 ] DEBUG Engine               - actualWidth: 750.0
18:18:36.784 [FXGL Background Thread 3 ] DEBUG Engine               - actualWidthProperty: ReadOnlyDoubleProperty [value: 750.0]
18:18:36.784 [FXGL Background Thread 3 ] DEBUG Engine               - appIcon: logo.png
18:18:36.784 [FXGL Background Thread 3 ] DEBUG Engine               - applicationMode: DEVELOPER
18:18:36.784 [FXGL Background Thread 3 ] DEBUG Engine               - cSSList: [fxgl_dark.css]
18:18:36.784 [FXGL Background Thread 3 ] DEBUG Engine               - collisionDetectionStrategy: BRUTE_FORCE
18:18:36.784 [FXGL Background Thread 3 ] DEBUG Engine               - configClass: Optional.empty
18:18:36.785 [FXGL Background Thread 3 ] DEBUG Engine               - credits: []
18:18:36.785 [FXGL Background Thread 3 ] DEBUG Engine               - defaultCursor: CursorInfo(imageName=fxgl_default_cursor.png, hotspotX=7.0, hotspotY=6.0)
18:18:36.785 [FXGL Background Thread 3 ] DEBUG Engine               - devBBoxColorProperty: ObjectProperty [value: 0xff0000ff]
18:18:36.785 [FXGL Background Thread 3 ] DEBUG Engine               - devEnableDebugCameraProperty: BooleanProperty [value: false]
18:18:36.785 [FXGL Background Thread 3 ] DEBUG Engine               - devSensorColorProperty: ObjectProperty [value: 0xffff00ff]
18:18:36.785 [FXGL Background Thread 3 ] DEBUG Engine               - devShowBBoxProperty: BooleanProperty [value: false]
18:18:36.785 [FXGL Background Thread 3 ] DEBUG Engine               - devShowPositionProperty: BooleanProperty [value: false]
18:18:36.785 [FXGL Background Thread 3 ] DEBUG Engine               - enabledMenuItems: []
18:18:36.785 [FXGL Background Thread 3 ] DEBUG Engine               - engineServices: [class com.almasb.fxgl.app.services.FXGLAssetLoaderService, class com.almasb.fxgl.app.FXGLApplication$GameApplicationService, class com.almasb.fxgl.app.services.FXGLDialogService, class com.almasb.fxgl.app.services.IOTaskExecutorService, class com.almasb.fxgl.io.FileSystemService, class com.almasb.fxgl.localization.LocalizationService, class com.almasb.fxgl.app.services.SystemBundleService, class com.almasb.fxgl.profile.SaveLoadService, class com.almasb.fxgl.ui.FXGLUIFactoryServiceProvider, class com.almasb.fxgl.ui.FXGLDialogFactoryServiceProvider, class com.almasb.fxgl.audio.AudioPlayer, class com.almasb.fxgl.notification.impl.NotificationServiceProvider, class com.almasb.fxgl.achievement.AchievementService, class com.almasb.fxgl.cutscene.CutsceneService, class com.almasb.fxgl.minigames.MiniGameService, class com.almasb.fxgl.net.NetService, class com.almasb.fxgl.app.services.UpdaterService, class com.almasb.fxgl.dev.DevService]
18:18:36.785 [FXGL Background Thread 3 ] DEBUG Engine               - fontGame: Abel-Regular.ttf
18:18:36.785 [FXGL Background Thread 3 ] DEBUG Engine               - fontMono: TerminalLandMono-Regular.otf
18:18:36.785 [FXGL Background Thread 3 ] DEBUG Engine               - fontText: Courier-Prime.ttf
18:18:36.785 [FXGL Background Thread 3 ] DEBUG Engine               - fontUI: VarelaRound-Regular.ttf
18:18:36.785 [FXGL Background Thread 3 ] DEBUG Engine               - fullScreen: BooleanProperty [value: false]
18:18:36.785 [FXGL Background Thread 3 ] DEBUG Engine               - gameDifficulty: MEDIUM
18:18:36.785 [FXGL Background Thread 3 ] DEBUG Engine               - gameDifficultyProperty: ObjectProperty [value: MEDIUM]
18:18:36.785 [FXGL Background Thread 3 ] DEBUG Engine               - globalMusicVolume: 0.5
18:18:36.785 [FXGL Background Thread 3 ] DEBUG Engine               - globalMusicVolumeProperty: DoubleProperty [value: 0.5]
18:18:36.785 [FXGL Background Thread 3 ] DEBUG Engine               - globalSoundVolume: 0.5
18:18:36.785 [FXGL Background Thread 3 ] DEBUG Engine               - globalSoundVolumeProperty: DoubleProperty [value: 0.5]
18:18:36.785 [FXGL Background Thread 3 ] DEBUG Engine               - height: 533
18:18:36.785 [FXGL Background Thread 3 ] DEBUG Engine               - is3D: false
18:18:36.785 [FXGL Background Thread 3 ] DEBUG Engine               - isAndroid: false
18:18:36.786 [FXGL Background Thread 3 ] DEBUG Engine               - isBrowser: false
18:18:36.786 [FXGL Background Thread 3 ] DEBUG Engine               - isClickFeedbackEnabled: false
18:18:36.786 [FXGL Background Thread 3 ] DEBUG Engine               - isCloseConfirmation: false
18:18:36.786 [FXGL Background Thread 3 ] DEBUG Engine               - isDesktop: true
18:18:36.786 [FXGL Background Thread 3 ] DEBUG Engine               - isDeveloperMenuEnabled: false
18:18:36.786 [FXGL Background Thread 3 ] DEBUG Engine               - isEmbedded: false
18:18:36.786 [FXGL Background Thread 3 ] DEBUG Engine               - isEntityPreloadEnabled: true
18:18:36.786 [FXGL Background Thread 3 ] DEBUG Engine               - isExperimentalTiledLargeMap: false
18:18:36.786 [FXGL Background Thread 3 ] DEBUG Engine               - isFileSystemWriteAllowed: true
18:18:36.786 [FXGL Background Thread 3 ] DEBUG Engine               - isFullScreenAllowed: false
18:18:36.786 [FXGL Background Thread 3 ] DEBUG Engine               - isFullScreenFromStart: false
18:18:36.786 [FXGL Background Thread 3 ] DEBUG Engine               - isGameMenuEnabled: true
18:18:36.786 [FXGL Background Thread 3 ] DEBUG Engine               - isIOS: false
18:18:36.786 [FXGL Background Thread 3 ] DEBUG Engine               - isIntroEnabled: false
18:18:36.786 [FXGL Background Thread 3 ] DEBUG Engine               - isLinux: false
18:18:36.786 [FXGL Background Thread 3 ] DEBUG Engine               - isMac: false
18:18:36.786 [FXGL Background Thread 3 ] DEBUG Engine               - isMainMenuEnabled: true
18:18:36.786 [FXGL Background Thread 3 ] DEBUG Engine               - isManualResizeEnabled: false
18:18:36.786 [FXGL Background Thread 3 ] DEBUG Engine               - isMobile: false
18:18:36.786 [FXGL Background Thread 3 ] DEBUG Engine               - isNative: false
18:18:36.786 [FXGL Background Thread 3 ] DEBUG Engine               - isPauseMusicWhenMinimized: true
18:18:36.786 [FXGL Background Thread 3 ] DEBUG Engine               - isPreserveResizeRatio: false
18:18:36.786 [FXGL Background Thread 3 ] DEBUG Engine               - isProfilingEnabled: false
18:18:36.786 [FXGL Background Thread 3 ] DEBUG Engine               - isScaleAffectedOnResize: true
18:18:36.786 [FXGL Background Thread 3 ] DEBUG Engine               - isSingleStep: false
18:18:36.786 [FXGL Background Thread 3 ] DEBUG Engine               - isUserProfileEnabled: false
18:18:36.786 [FXGL Background Thread 3 ] DEBUG Engine               - isWindows: true
18:18:36.786 [FXGL Background Thread 3 ] DEBUG Engine               - language: ObjectProperty [value: ENGLISH]
18:18:36.786 [FXGL Background Thread 3 ] DEBUG Engine               - menuKey: ESCAPE
18:18:36.786 [FXGL Background Thread 3 ] DEBUG Engine               - mouseSensitivity: 0.2
18:18:36.786 [FXGL Background Thread 3 ] DEBUG Engine               - notificationViewClass: class com.almasb.fxgl.notification.view.XboxNotificationView
18:18:36.786 [FXGL Background Thread 3 ] DEBUG Engine               - pixelsPerMeter: 50.0
18:18:36.786 [FXGL Background Thread 3 ] DEBUG Engine               - platform: WINDOWS
18:18:36.786 [FXGL Background Thread 3 ] DEBUG Engine               - prefHeightProperty: ReadOnlyDoubleProperty [value: 533.0]
18:18:36.786 [FXGL Background Thread 3 ] DEBUG Engine               - prefWidthProperty: ReadOnlyDoubleProperty [value: 750.0]
18:18:36.786 [FXGL Background Thread 3 ] DEBUG Engine               - profileDir: profiles/
18:18:36.786 [FXGL Background Thread 3 ] DEBUG Engine               - profileName: StringProperty [value: DEFAULT]
18:18:36.787 [FXGL Background Thread 3 ] DEBUG Engine               - randomSeed: -1
18:18:36.787 [FXGL Background Thread 3 ] DEBUG Engine               - runtimeInfo: RuntimeInfo(platform=WINDOWS, version=17.2, build=20.08.2022 16.50)
18:18:36.787 [FXGL Background Thread 3 ] DEBUG Engine               - saveFileExt: sav
18:18:36.787 [FXGL Background Thread 3 ] DEBUG Engine               - scaledHeightProp$fxgl: DoubleProperty [bound, value: 533.0]
18:18:36.787 [FXGL Background Thread 3 ] DEBUG Engine               - scaledWidthProp$fxgl: DoubleProperty [bound, value: 750.0]
18:18:36.787 [FXGL Background Thread 3 ] DEBUG Engine               - sceneFactory: com.zrt.pvz.PVZApp$1@53c93789
18:18:36.787 [FXGL Background Thread 3 ] DEBUG Engine               - secondsIn24h: 60
18:18:36.787 [FXGL Background Thread 3 ] DEBUG Engine               - soundMenuBack: menu/back.wav
18:18:36.787 [FXGL Background Thread 3 ] DEBUG Engine               - soundMenuPress: menu/press.wav
18:18:36.787 [FXGL Background Thread 3 ] DEBUG Engine               - soundMenuSelect: menu/select.wav
18:18:36.787 [FXGL Background Thread 3 ] DEBUG Engine               - soundNotification: core/notification.wav
18:18:36.787 [FXGL Background Thread 3 ] DEBUG Engine               - stageStyle: DECORATED
18:18:36.787 [FXGL Background Thread 3 ] DEBUG Engine               - supportedLanguages: [ENGLISH, FRENCH, GERMAN, HUNGARIAN, RUSSIAN]
18:18:36.787 [FXGL Background Thread 3 ] DEBUG Engine               - ticksPerSecond: -1
18:18:36.788 [FXGL Background Thread 3 ] DEBUG Engine               - title: Plants Vs Zombies
18:18:36.788 [FXGL Background Thread 3 ] DEBUG Engine               - urlGithub: https://github.com/AlmasB/FXGL
18:18:36.788 [FXGL Background Thread 3 ] DEBUG Engine               - urlLeaderboard: http://fxgl-top.herokuapp.com/
18:18:36.788 [FXGL Background Thread 3 ] DEBUG Engine               - urlPOM: https://raw.githubusercontent.com/AlmasB/FXGL/release/README.md
18:18:36.788 [FXGL Background Thread 3 ] DEBUG Engine               - userAppClass: class com.zrt.pvz.PVZApp
18:18:36.788 [FXGL Background Thread 3 ] DEBUG Engine               - version: 0.0
18:18:36.788 [FXGL Background Thread 3 ] DEBUG Engine               - versionCheckDays: 7
18:18:36.788 [FXGL Background Thread 3 ] DEBUG Engine               - width: 750
18:18:36.788 [FXGL Background Thread 3 ] DEBUG Engine               - Logging services
18:18:36.788 [FXGL Background Thread 3 ] DEBUG Engine               - class com.almasb.fxgl.app.services.FXGLAssetLoaderService
18:18:36.788 [FXGL Background Thread 3 ] DEBUG Engine               - class com.almasb.fxgl.app.FXGLApplication$GameApplicationService
18:18:36.788 [FXGL Background Thread 3 ] DEBUG Engine               - class com.almasb.fxgl.app.services.FXGLDialogService
18:18:36.788 [FXGL Background Thread 3 ] DEBUG Engine               - class com.almasb.fxgl.app.services.IOTaskExecutorService
18:18:36.788 [FXGL Background Thread 3 ] DEBUG Engine               - class com.almasb.fxgl.io.FileSystemService
18:18:36.788 [FXGL Background Thread 3 ] DEBUG Engine               - class com.almasb.fxgl.localization.LocalizationService
18:18:36.788 [FXGL Background Thread 3 ] DEBUG Engine               - class com.almasb.fxgl.app.services.SystemBundleService
18:18:36.788 [FXGL Background Thread 3 ] DEBUG Engine               - class com.almasb.fxgl.profile.SaveLoadService
18:18:36.788 [FXGL Background Thread 3 ] DEBUG Engine               - class com.almasb.fxgl.ui.FXGLUIFactoryServiceProvider
18:18:36.788 [FXGL Background Thread 3 ] DEBUG Engine               - class com.almasb.fxgl.ui.FXGLDialogFactoryServiceProvider
18:18:36.788 [FXGL Background Thread 3 ] DEBUG Engine               - class com.almasb.fxgl.audio.AudioPlayer
18:18:36.788 [FXGL Background Thread 3 ] DEBUG Engine               - class com.almasb.fxgl.notification.impl.NotificationServiceProvider
18:18:36.788 [FXGL Background Thread 3 ] DEBUG Engine               - class com.almasb.fxgl.achievement.AchievementService
18:18:36.788 [FXGL Background Thread 3 ] DEBUG Engine               - class com.almasb.fxgl.cutscene.CutsceneService
18:18:36.788 [FXGL Background Thread 3 ] DEBUG Engine               - class com.almasb.fxgl.minigames.MiniGameService
18:18:36.788 [FXGL Background Thread 3 ] DEBUG Engine               - class com.almasb.fxgl.net.NetService
18:18:36.788 [FXGL Background Thread 3 ] DEBUG Engine               - class com.almasb.fxgl.app.services.UpdaterService
18:18:36.788 [FXGL Background Thread 3 ] DEBUG Engine               - class com.almasb.fxgl.dev.DevService
18:18:45.380 [JavaFX Application Thread] DEBUG FXGLApplication      - Exiting FXGL
18:18:45.380 [JavaFX Application Thread] DEBUG LoopRunner           - Stopping loop
18:18:45.380 [JavaFX Application Thread] DEBUG SystemBundleService  - Saving FXGL system data
18:18:45.383 [JavaFX Application Thread] DEBUG FileSystemAccess     - Writing to: C:\Users\dell\Desktop\OOP作业\Teamwork\system\fxgl.bundle
18:18:45.385 [JavaFX Application Thread] DEBUG Async                - Shutting down background threads
18:18:45.386 [JavaFX Application Thread] DEBUG PrimaryStageWindow   - Closing main window
18:18:45.425 [JavaFX Application Thread] DEBUG Logger               - Closing Logger
