19:21:30.121 [main                     ] DEBUG Logger               - Configured Logger
19:21:30.164 [main                     ] DEBUG GameApplication      - Logging settings
Title: Plants Vs Zombies
Version: 0.0
Width: 750
Height: 533
Fullscreen: false
Intro: false
Profiling: false
Single step:false
App Mode: DEVELOPER
Menu Key: ESCAPE
Stage Style: DECORATED
Scene Factory: class com.zrt.pvz.PVZApp$1

19:21:30.558 [JavaFX Application Thread] DEBUG FXGLApplication      - Initializing FXGL
19:21:30.564 [JavaFX Application Thread] INFO  Engine               - FXGL-17.2 (20.08.2022 16.50) on WINDOWS (J:20.0.1 FX:20.0.1)
19:21:30.564 [JavaFX Application Thread] DEBUG Engine               - JRE Vendor Name: Oracle Corporation
19:21:30.564 [JavaFX Application Thread] DEBUG Engine               - Running on OS: Windows 11 version 10.0
19:21:30.564 [JavaFX Application Thread] DEBUG Engine               - Architecture: amd64
19:21:30.565 [JavaFX Application Thread] INFO  Engine               - Source code and latest versions at: https://github.com/AlmasB/FXGL
19:21:30.565 [JavaFX Application Thread] INFO  Engine               -       Ask questions and discuss at: https://github.com/AlmasB/FXGL/discussions
19:21:30.565 [JavaFX Application Thread] INFO  Engine               -              Join the FXGL chat at: https://gitter.im/AlmasB/FXGL
19:21:30.781 [JavaFX Application Thread] DEBUG PrimaryStageWindow   - Creating a JavaFX scene
19:21:30.869 [JavaFX Application Thread] DEBUG PrimaryStageWindow   - Target settings size: 750.0 x 533.0
19:21:30.870 [JavaFX Application Thread] DEBUG PrimaryStageWindow   - Scaled scene size:    750.0 x 533.0
19:21:30.870 [JavaFX Application Thread] DEBUG PrimaryStageWindow   - Scaled ratio: (1.0, 1.0)
19:21:30.871 [JavaFX Application Thread] DEBUG PrimaryStageWindow   - Set initial scene to GameStartupScene
19:21:30.874 [JavaFX Application Thread] DEBUG PrimaryStageWindow   - Opening main window
19:21:31.332 [JavaFX Application Thread] DEBUG PrimaryStageWindow   - Window border size: (14.79998779296875, 38.20001220703125)
19:21:31.332 [JavaFX Application Thread] DEBUG PrimaryStageWindow   - Scaled size: 750.0 x 533.0
19:21:31.333 [JavaFX Application Thread] DEBUG PrimaryStageWindow   - Scaled ratio: (1.0, 1.0)
19:21:31.333 [JavaFX Application Thread] DEBUG PrimaryStageWindow   - Scene size: 750.0 x 533.0
19:21:31.334 [JavaFX Application Thread] DEBUG PrimaryStageWindow   - Stage size: 764.7999877929688 x 571.2000122070312
19:21:31.341 [FXGL Background Thread 1 ] DEBUG Engine               - Initializing environment variables
19:21:31.406 [FXGL Background Thread 1 ] DEBUG FXGLAssetLoaderServi - User app class for loading assets: class com.zrt.pvz.PVZApp
19:21:31.406 [FXGL Background Thread 1 ] DEBUG GameApplicationServi - Applying CSS: fxgl_dark.css
19:21:31.407 [FXGL Background Thread 1 ] DEBUG FXGLAssetLoaderServi - Loading from file system: jar:file:///C:/Users/dell/.m2/repository/com/github/almasb/fxgl/17.2/fxgl-17.2.jar!/fxglassets/ui/css/fxgl_dark.css
19:21:31.425 [FXGL Background Thread 1 ] DEBUG GameApplicationServi - Initializing application scenes
19:21:31.430 [FXGL Background Thread 1 ] DEBUG FXGLAssetLoaderServi - Loading from file system: file:/C:/Users/dell/Desktop/OOP作业/Teamwork/target/classes/assets/textures/map/map1LoadingBG.jpg
19:21:31.519 [FXGL Background Thread 1 ] DEBUG GameWorld            - Game world initialized
19:21:31.563 [FXGL Background Thread 1 ] DEBUG PhysicsWorld         - Physics world initialized: appHeight=533, physics.ppm=50.0
19:21:31.564 [FXGL Background Thread 1 ] DEBUG PhysicsWorld         - Using strategy: BRUTE_FORCE
19:21:31.568 [FXGL Background Thread 1 ] DEBUG GameScene            - Game scene initialized: 750x533
19:21:31.584 [FXGL Background Thread 1 ] DEBUG FXGLAssetLoaderServi - Loading from file system: file:/C:/Users/dell/Desktop/OOP作业/Teamwork/target/classes/assets/textures/ui/mainMenu/bg.png
19:21:31.662 [FXGL Background Thread 1 ] DEBUG FXGLAssetLoaderServi - Loading from file system: file:/C:/Users/dell/Desktop/OOP作业/Teamwork/target/classes/assets/textures/ui/mainMenu/puzzle.png
19:21:31.682 [FXGL Background Thread 1 ] DEBUG FXGLAssetLoaderServi - Loading from file system: file:/C:/Users/dell/Desktop/OOP作业/Teamwork/target/classes/assets/textures/ui/mainMenu/userBoard.png
19:21:31.700 [FXGL Background Thread 1 ] DEBUG FXGLAssetLoaderServi - Loading from file system: file:/C:/Users/dell/Desktop/OOP作业/Teamwork/target/classes/assets/textures/ui/gameMenu/Menu.png
19:21:31.709 [FXGL Background Thread 1 ] DEBUG GameApplicationServi - Application scenes initialized
19:21:31.724 [FXGL Background Thread 1 ] DEBUG SystemBundleService  - Loading FXGL system data
19:21:31.725 [FXGL Background Thread 1 ] DEBUG FileSystemAccess     - Reading from: C:\Users\dell\Desktop\OOP作业\Teamwork\system\fxgl.bundle
19:21:31.728 [FXGL Background Thread 1 ] DEBUG SystemBundleService  - Bundle FXGL: {}
19:21:31.728 [FXGL Background Thread 1 ] DEBUG UpdaterService       - Checking for updates
19:21:31.733 [FXGL Background Thread 4 ] DEBUG FXGLApplication      - Loading fonts
19:21:31.733 [FXGL Background Thread 1 ] DEBUG FXGLApplication      - Loading default localization
19:21:31.733 [FXGL Background Thread 4 ] DEBUG FXGLAssetLoaderServi - Loading from file system: jar:file:///C:/Users/dell/.m2/repository/com/github/almasb/fxgl/17.2/fxgl-17.2.jar!/fxglassets/ui/fonts/VarelaRound-Regular.ttf
19:21:31.734 [FXGL Background Thread 1 ] DEBUG FXGLAssetLoaderServi - Loading from file system: jar:file:///C:/Users/dell/.m2/repository/com/github/almasb/fxgl/17.2/fxgl-17.2.jar!/fxglassets/languages/english.lang
19:21:31.774 [FXGL Background Thread 1 ] INFO  FXGLApplication      - FXGL initialization took: 0.432 sec
19:21:31.776 [JavaFX Application Thread] DEBUG FXGLAssetLoaderServi - Loading from file system: file:/C:/Users/dell/Desktop/OOP作业/Teamwork/target/classes/assets/textures/logo.png
19:21:31.785 [JavaFX Application Thread] DEBUG FXGLAssetLoaderServi - Loading from file system: jar:file:///C:/Users/dell/.m2/repository/com/github/almasb/fxgl/17.2/fxgl-17.2.jar!/fxglassets/textures/fxgl_default_cursor.png
19:21:31.803 [JavaFX Application Thread] DEBUG Input                - Registered new binding: Screenshot - CTRL+8
19:21:31.803 [JavaFX Application Thread] DEBUG Input                - Registered new binding: System info dump - CTRL+9
19:21:31.804 [JavaFX Application Thread] DEBUG Input                - Registered new binding: Restart - CTRL+R
19:21:31.805 [JavaFX Application Thread] DEBUG Input                - Registered new binding: Toggle Debug Camera - CTRL+7
19:21:31.813 [JavaFX Application Thread] DEBUG LoopRunner           - Starting loop
19:21:31.813 [JavaFX Application Thread] DEBUG LoopRunner           - Initializing JavaFX AnimationTimerLoop
19:21:31.816 [JavaFX Application Thread] DEBUG Input                - Clearing active input actions
19:21:31.825 [JavaFX Application Thread] DEBUG GameApplicationServi - Removing overlay from GameStartupScene and adding to FXGLMainMenuDummyScene
19:21:31.826 [JavaFX Application Thread] DEBUG PrimaryStageWindow   - GameStartupScene -> FXGLMainMenuDummyScene
19:21:31.826 [JavaFX Application Thread] DEBUG PrimaryStageWindow   - Push state: MainMenu
19:21:31.827 [JavaFX Application Thread] DEBUG FXGLAssetLoaderServi - Loading from file system: file:/C:/Users/dell/Desktop/OOP作业/Teamwork/target/classes/assets/music/mainMenu.wav
19:21:31.861 [FXGL Background Thread 4 ] DEBUG FXGLAssetLoaderServi - Loading from file system: jar:file:///C:/Users/dell/.m2/repository/com/github/almasb/fxgl/17.2/fxgl-17.2.jar!/fxglassets/ui/fonts/Abel-Regular.ttf
19:21:31.864 [FXGL Background Thread 4 ] DEBUG FXGLAssetLoaderServi - Loading from file system: jar:file:///C:/Users/dell/.m2/repository/com/github/almasb/fxgl/17.2/fxgl-17.2.jar!/fxglassets/ui/fonts/TerminalLandMono-Regular.otf
19:21:31.867 [FXGL Background Thread 4 ] DEBUG FXGLAssetLoaderServi - Loading from file system: jar:file:///C:/Users/dell/.m2/repository/com/github/almasb/fxgl/17.2/fxgl-17.2.jar!/fxglassets/ui/fonts/Courier-Prime.ttf
19:21:32.026 [JavaFX Application Thread] DEBUG AudioPlayer          - Playing music com.almasb.fxgl.audio.Music@6f4b24b5
19:21:32.027 [JavaFX Application Thread] DEBUG Input                - Clearing active input actions
19:21:32.030 [JavaFX Application Thread] DEBUG GameApplicationServi - Removing overlay from FXGLMainMenuDummyScene and adding to MainMenu
19:21:32.030 [JavaFX Application Thread] DEBUG PrimaryStageWindow   - FXGLMainMenuDummyScene -> MainMenu
19:21:32.066 [JavaFX Application Thread] DEBUG FXGLApplication      - Registering font factories with UI factory
19:21:32.096 [JavaFX Application Thread] DEBUG FXGLAssetLoaderServi - Loading from file system: file:/C:/Users/dell/Desktop/OOP作业/Teamwork/target/classes/assets/sounds/mainMenuHover.wav
19:21:33.398 [JavaFX Application Thread] DEBUG FXGLAssetLoaderServi - Loading from file system: file:/C:/Users/dell/Desktop/OOP作业/Teamwork/target/classes/assets/sounds/select.wav
19:21:33.404 [JavaFX Application Thread] DEBUG FXGLAssetLoaderServi - Loading from file system: file:/C:/Users/dell/Desktop/OOP作业/Teamwork/target/classes/assets/textures/ui/changeUserDialog/dialog.png
19:21:33.438 [JavaFX Application Thread] DEBUG PrimaryStageWindow   - Push state: ChangeUserDialog
19:21:33.438 [JavaFX Application Thread] DEBUG Input                - Clearing active input actions
19:21:33.441 [JavaFX Application Thread] DEBUG GameApplicationServi - Removing overlay from MainMenu and adding to ChangeUserDialog
19:21:33.441 [JavaFX Application Thread] DEBUG PrimaryStageWindow   - MainMenu -> ChangeUserDialog
19:21:34.284 [JavaFX Application Thread] DEBUG PrimaryStageWindow   - Push state: CreateNewUser
19:21:34.284 [JavaFX Application Thread] DEBUG Input                - Clearing active input actions
19:21:34.285 [JavaFX Application Thread] DEBUG GameApplicationServi - Removing overlay from ChangeUserDialog and adding to CreateNewUser
19:21:34.286 [JavaFX Application Thread] DEBUG PrimaryStageWindow   - ChangeUserDialog -> CreateNewUser
19:21:34.731 [FXGL Background Thread 3 ] DEBUG Engine               - Logging environment variables
19:21:34.731 [FXGL Background Thread 3 ] DEBUG Engine               - achievements: []
19:21:34.731 [FXGL Background Thread 3 ] DEBUG Engine               - actualHeight: 533.0
19:21:34.732 [FXGL Background Thread 3 ] DEBUG Engine               - actualHeightProperty: ReadOnlyDoubleProperty [value: 533.0]
19:21:34.732 [FXGL Background Thread 3 ] DEBUG Engine               - actualWidth: 750.0
19:21:34.732 [FXGL Background Thread 3 ] DEBUG Engine               - actualWidthProperty: ReadOnlyDoubleProperty [value: 750.0]
19:21:34.732 [FXGL Background Thread 3 ] DEBUG Engine               - appIcon: logo.png
19:21:34.732 [FXGL Background Thread 3 ] DEBUG Engine               - applicationMode: DEVELOPER
19:21:34.732 [FXGL Background Thread 3 ] DEBUG Engine               - cSSList: [fxgl_dark.css]
19:21:34.732 [FXGL Background Thread 3 ] DEBUG Engine               - collisionDetectionStrategy: BRUTE_FORCE
19:21:34.732 [FXGL Background Thread 3 ] DEBUG Engine               - configClass: Optional.empty
19:21:34.732 [FXGL Background Thread 3 ] DEBUG Engine               - credits: []
19:21:34.735 [FXGL Background Thread 3 ] DEBUG Engine               - defaultCursor: CursorInfo(imageName=fxgl_default_cursor.png, hotspotX=7.0, hotspotY=6.0)
19:21:34.735 [FXGL Background Thread 3 ] DEBUG Engine               - devBBoxColorProperty: ObjectProperty [value: 0xff0000ff]
19:21:34.735 [FXGL Background Thread 3 ] DEBUG Engine               - devEnableDebugCameraProperty: BooleanProperty [value: false]
19:21:34.735 [FXGL Background Thread 3 ] DEBUG Engine               - devSensorColorProperty: ObjectProperty [value: 0xffff00ff]
19:21:34.736 [FXGL Background Thread 3 ] DEBUG Engine               - devShowBBoxProperty: BooleanProperty [value: false]
19:21:34.736 [FXGL Background Thread 3 ] DEBUG Engine               - devShowPositionProperty: BooleanProperty [value: false]
19:21:34.736 [FXGL Background Thread 3 ] DEBUG Engine               - enabledMenuItems: []
19:21:34.736 [FXGL Background Thread 3 ] DEBUG Engine               - engineServices: [class com.almasb.fxgl.app.services.FXGLAssetLoaderService, class com.almasb.fxgl.app.FXGLApplication$GameApplicationService, class com.almasb.fxgl.app.services.FXGLDialogService, class com.almasb.fxgl.app.services.IOTaskExecutorService, class com.almasb.fxgl.io.FileSystemService, class com.almasb.fxgl.localization.LocalizationService, class com.almasb.fxgl.app.services.SystemBundleService, class com.almasb.fxgl.profile.SaveLoadService, class com.almasb.fxgl.ui.FXGLUIFactoryServiceProvider, class com.almasb.fxgl.ui.FXGLDialogFactoryServiceProvider, class com.almasb.fxgl.audio.AudioPlayer, class com.almasb.fxgl.notification.impl.NotificationServiceProvider, class com.almasb.fxgl.achievement.AchievementService, class com.almasb.fxgl.cutscene.CutsceneService, class com.almasb.fxgl.minigames.MiniGameService, class com.almasb.fxgl.net.NetService, class com.almasb.fxgl.app.services.UpdaterService, class com.almasb.fxgl.dev.DevService]
19:21:34.736 [FXGL Background Thread 3 ] DEBUG Engine               - fontGame: Abel-Regular.ttf
19:21:34.737 [FXGL Background Thread 3 ] DEBUG Engine               - fontMono: TerminalLandMono-Regular.otf
19:21:34.737 [FXGL Background Thread 3 ] DEBUG Engine               - fontText: Courier-Prime.ttf
19:21:34.737 [FXGL Background Thread 3 ] DEBUG Engine               - fontUI: VarelaRound-Regular.ttf
19:21:34.737 [FXGL Background Thread 3 ] DEBUG Engine               - fullScreen: BooleanProperty [value: false]
19:21:34.737 [FXGL Background Thread 3 ] DEBUG Engine               - gameDifficulty: MEDIUM
19:21:34.737 [FXGL Background Thread 3 ] DEBUG Engine               - gameDifficultyProperty: ObjectProperty [value: MEDIUM]
19:21:34.737 [FXGL Background Thread 3 ] DEBUG Engine               - globalMusicVolume: 0.5
19:21:34.737 [FXGL Background Thread 3 ] DEBUG Engine               - globalMusicVolumeProperty: DoubleProperty [value: 0.5]
19:21:34.737 [FXGL Background Thread 3 ] DEBUG Engine               - globalSoundVolume: 0.5
19:21:34.737 [FXGL Background Thread 3 ] DEBUG Engine               - globalSoundVolumeProperty: DoubleProperty [value: 0.5]
19:21:34.737 [FXGL Background Thread 3 ] DEBUG Engine               - height: 533
19:21:34.737 [FXGL Background Thread 3 ] DEBUG Engine               - is3D: false
19:21:34.737 [FXGL Background Thread 3 ] DEBUG Engine               - isAndroid: false
19:21:34.737 [FXGL Background Thread 3 ] DEBUG Engine               - isBrowser: false
19:21:34.737 [FXGL Background Thread 3 ] DEBUG Engine               - isClickFeedbackEnabled: false
19:21:34.737 [FXGL Background Thread 3 ] DEBUG Engine               - isCloseConfirmation: false
19:21:34.737 [FXGL Background Thread 3 ] DEBUG Engine               - isDesktop: true
19:21:34.737 [FXGL Background Thread 3 ] DEBUG Engine               - isDeveloperMenuEnabled: false
19:21:34.737 [FXGL Background Thread 3 ] DEBUG Engine               - isEmbedded: false
19:21:34.738 [FXGL Background Thread 3 ] DEBUG Engine               - isEntityPreloadEnabled: true
19:21:34.738 [FXGL Background Thread 3 ] DEBUG Engine               - isExperimentalTiledLargeMap: false
19:21:34.738 [FXGL Background Thread 3 ] DEBUG Engine               - isFileSystemWriteAllowed: true
19:21:34.738 [FXGL Background Thread 3 ] DEBUG Engine               - isFullScreenAllowed: false
19:21:34.738 [FXGL Background Thread 3 ] DEBUG Engine               - isFullScreenFromStart: false
19:21:34.738 [FXGL Background Thread 3 ] DEBUG Engine               - isGameMenuEnabled: true
19:21:34.738 [FXGL Background Thread 3 ] DEBUG Engine               - isIOS: false
19:21:34.738 [FXGL Background Thread 3 ] DEBUG Engine               - isIntroEnabled: false
19:21:34.738 [FXGL Background Thread 3 ] DEBUG Engine               - isLinux: false
19:21:34.738 [FXGL Background Thread 3 ] DEBUG Engine               - isMac: false
19:21:34.738 [FXGL Background Thread 3 ] DEBUG Engine               - isMainMenuEnabled: true
19:21:34.738 [FXGL Background Thread 3 ] DEBUG Engine               - isManualResizeEnabled: false
19:21:34.738 [FXGL Background Thread 3 ] DEBUG Engine               - isMobile: false
19:21:34.738 [FXGL Background Thread 3 ] DEBUG Engine               - isNative: false
19:21:34.738 [FXGL Background Thread 3 ] DEBUG Engine               - isPauseMusicWhenMinimized: true
19:21:34.738 [FXGL Background Thread 3 ] DEBUG Engine               - isPreserveResizeRatio: false
19:21:34.738 [FXGL Background Thread 3 ] DEBUG Engine               - isProfilingEnabled: false
19:21:34.738 [FXGL Background Thread 3 ] DEBUG Engine               - isScaleAffectedOnResize: true
19:21:34.738 [FXGL Background Thread 3 ] DEBUG Engine               - isSingleStep: false
19:21:34.738 [FXGL Background Thread 3 ] DEBUG Engine               - isUserProfileEnabled: false
19:21:34.738 [FXGL Background Thread 3 ] DEBUG Engine               - isWindows: true
19:21:34.738 [FXGL Background Thread 3 ] DEBUG Engine               - language: ObjectProperty [value: ENGLISH]
19:21:34.738 [FXGL Background Thread 3 ] DEBUG Engine               - menuKey: ESCAPE
19:21:34.738 [FXGL Background Thread 3 ] DEBUG Engine               - mouseSensitivity: 0.2
19:21:34.738 [FXGL Background Thread 3 ] DEBUG Engine               - notificationViewClass: class com.almasb.fxgl.notification.view.XboxNotificationView
19:21:34.739 [FXGL Background Thread 3 ] DEBUG Engine               - pixelsPerMeter: 50.0
19:21:34.739 [FXGL Background Thread 3 ] DEBUG Engine               - platform: WINDOWS
19:21:34.739 [FXGL Background Thread 3 ] DEBUG Engine               - prefHeightProperty: ReadOnlyDoubleProperty [value: 533.0]
19:21:34.739 [FXGL Background Thread 3 ] DEBUG Engine               - prefWidthProperty: ReadOnlyDoubleProperty [value: 750.0]
19:21:34.739 [FXGL Background Thread 3 ] DEBUG Engine               - profileDir: profiles/
19:21:34.739 [FXGL Background Thread 3 ] DEBUG Engine               - profileName: StringProperty [value: DEFAULT]
19:21:34.739 [FXGL Background Thread 3 ] DEBUG Engine               - randomSeed: -1
19:21:34.740 [FXGL Background Thread 3 ] DEBUG Engine               - runtimeInfo: RuntimeInfo(platform=WINDOWS, version=17.2, build=20.08.2022 16.50)
19:21:34.741 [FXGL Background Thread 3 ] DEBUG Engine               - saveFileExt: sav
19:21:34.741 [FXGL Background Thread 3 ] DEBUG Engine               - scaledHeightProp$fxgl: DoubleProperty [bound, value: 533.0]
19:21:34.741 [FXGL Background Thread 3 ] DEBUG Engine               - scaledWidthProp$fxgl: DoubleProperty [bound, value: 750.0]
19:21:34.741 [FXGL Background Thread 3 ] DEBUG Engine               - sceneFactory: com.zrt.pvz.PVZApp$1@2d81310e
19:21:34.741 [FXGL Background Thread 3 ] DEBUG Engine               - secondsIn24h: 60
19:21:34.741 [FXGL Background Thread 3 ] DEBUG Engine               - soundMenuBack: menu/back.wav
19:21:34.741 [FXGL Background Thread 3 ] DEBUG Engine               - soundMenuPress: menu/press.wav
19:21:34.741 [FXGL Background Thread 3 ] DEBUG Engine               - soundMenuSelect: menu/select.wav
19:21:34.741 [FXGL Background Thread 3 ] DEBUG Engine               - soundNotification: core/notification.wav
19:21:34.741 [FXGL Background Thread 3 ] DEBUG Engine               - stageStyle: DECORATED
19:21:34.741 [FXGL Background Thread 3 ] DEBUG Engine               - supportedLanguages: [ENGLISH, FRENCH, GERMAN, HUNGARIAN, RUSSIAN]
19:21:34.741 [FXGL Background Thread 3 ] DEBUG Engine               - ticksPerSecond: -1
19:21:34.741 [FXGL Background Thread 3 ] DEBUG Engine               - title: Plants Vs Zombies
19:21:34.741 [FXGL Background Thread 3 ] DEBUG Engine               - urlGithub: https://github.com/AlmasB/FXGL
19:21:34.742 [FXGL Background Thread 3 ] DEBUG Engine               - urlLeaderboard: http://fxgl-top.herokuapp.com/
19:21:34.742 [FXGL Background Thread 3 ] DEBUG Engine               - urlPOM: https://raw.githubusercontent.com/AlmasB/FXGL/release/README.md
19:21:34.742 [FXGL Background Thread 3 ] DEBUG Engine               - userAppClass: class com.zrt.pvz.PVZApp
19:21:34.742 [FXGL Background Thread 3 ] DEBUG Engine               - version: 0.0
19:21:34.742 [FXGL Background Thread 3 ] DEBUG Engine               - versionCheckDays: 7
19:21:34.742 [FXGL Background Thread 3 ] DEBUG Engine               - width: 750
19:21:34.742 [FXGL Background Thread 3 ] DEBUG Engine               - Logging services
19:21:34.742 [FXGL Background Thread 3 ] DEBUG Engine               - class com.almasb.fxgl.app.services.FXGLAssetLoaderService
19:21:34.742 [FXGL Background Thread 3 ] DEBUG Engine               - class com.almasb.fxgl.app.FXGLApplication$GameApplicationService
19:21:34.742 [FXGL Background Thread 3 ] DEBUG Engine               - class com.almasb.fxgl.app.services.FXGLDialogService
19:21:34.743 [FXGL Background Thread 3 ] DEBUG Engine               - class com.almasb.fxgl.app.services.IOTaskExecutorService
19:21:34.743 [FXGL Background Thread 3 ] DEBUG Engine               - class com.almasb.fxgl.io.FileSystemService
19:21:34.743 [FXGL Background Thread 3 ] DEBUG Engine               - class com.almasb.fxgl.localization.LocalizationService
19:21:34.743 [FXGL Background Thread 3 ] DEBUG Engine               - class com.almasb.fxgl.app.services.SystemBundleService
19:21:34.743 [FXGL Background Thread 3 ] DEBUG Engine               - class com.almasb.fxgl.profile.SaveLoadService
19:21:34.743 [FXGL Background Thread 3 ] DEBUG Engine               - class com.almasb.fxgl.ui.FXGLUIFactoryServiceProvider
19:21:34.743 [FXGL Background Thread 3 ] DEBUG Engine               - class com.almasb.fxgl.ui.FXGLDialogFactoryServiceProvider
19:21:34.743 [FXGL Background Thread 3 ] DEBUG Engine               - class com.almasb.fxgl.audio.AudioPlayer
19:21:34.743 [FXGL Background Thread 3 ] DEBUG Engine               - class com.almasb.fxgl.notification.impl.NotificationServiceProvider
19:21:34.743 [FXGL Background Thread 3 ] DEBUG Engine               - class com.almasb.fxgl.achievement.AchievementService
19:21:34.743 [FXGL Background Thread 3 ] DEBUG Engine               - class com.almasb.fxgl.cutscene.CutsceneService
19:21:34.743 [FXGL Background Thread 3 ] DEBUG Engine               - class com.almasb.fxgl.minigames.MiniGameService
19:21:34.743 [FXGL Background Thread 3 ] DEBUG Engine               - class com.almasb.fxgl.net.NetService
19:21:34.744 [FXGL Background Thread 3 ] DEBUG Engine               - class com.almasb.fxgl.app.services.UpdaterService
19:21:34.744 [FXGL Background Thread 3 ] DEBUG Engine               - class com.almasb.fxgl.dev.DevService
19:21:37.781 [JavaFX Application Thread] DEBUG PrimaryStageWindow   - Pop state: CreateNewUser
19:21:37.782 [JavaFX Application Thread] DEBUG Input                - Clearing active input actions
19:21:37.783 [JavaFX Application Thread] DEBUG GameApplicationServi - Removing overlay from CreateNewUser and adding to ChangeUserDialog
19:21:37.783 [JavaFX Application Thread] DEBUG PrimaryStageWindow   - ChangeUserDialog <- CreateNewUser
19:21:37.783 [JavaFX Application Thread] DEBUG PrimaryStageWindow   - Pop state: ChangeUserDialog
19:21:37.783 [JavaFX Application Thread] DEBUG Input                - Clearing active input actions
19:21:37.783 [JavaFX Application Thread] DEBUG GameApplicationServi - Removing overlay from ChangeUserDialog and adding to MainMenu
19:21:37.783 [JavaFX Application Thread] DEBUG PrimaryStageWindow   - MainMenu <- ChangeUserDialog
19:21:49.094 [JavaFX Application Thread] DEBUG PrimaryStageWindow   - Push state: ChangeUserDialog
19:21:49.094 [JavaFX Application Thread] DEBUG Input                - Clearing active input actions
19:21:49.095 [JavaFX Application Thread] DEBUG GameApplicationServi - Removing overlay from MainMenu and adding to ChangeUserDialog
19:21:49.095 [JavaFX Application Thread] DEBUG PrimaryStageWindow   - MainMenu -> ChangeUserDialog
19:21:50.458 [JavaFX Application Thread] DEBUG PrimaryStageWindow   - Pop state: ChangeUserDialog
19:21:50.458 [JavaFX Application Thread] DEBUG Input                - Clearing active input actions
19:21:50.459 [JavaFX Application Thread] DEBUG GameApplicationServi - Removing overlay from ChangeUserDialog and adding to MainMenu
19:21:50.459 [JavaFX Application Thread] DEBUG PrimaryStageWindow   - MainMenu <- ChangeUserDialog
19:21:51.020 [JavaFX Application Thread] DEBUG PrimaryStageWindow   - Push state: ChangeUserDialog
19:21:51.020 [JavaFX Application Thread] DEBUG Input                - Clearing active input actions
19:21:51.020 [JavaFX Application Thread] DEBUG GameApplicationServi - Removing overlay from MainMenu and adding to ChangeUserDialog
19:21:51.021 [JavaFX Application Thread] DEBUG PrimaryStageWindow   - MainMenu -> ChangeUserDialog
19:21:52.279 [JavaFX Application Thread] DEBUG PrimaryStageWindow   - Pop state: ChangeUserDialog
19:21:52.279 [JavaFX Application Thread] DEBUG Input                - Clearing active input actions
19:21:52.280 [JavaFX Application Thread] DEBUG GameApplicationServi - Removing overlay from ChangeUserDialog and adding to MainMenu
19:21:52.280 [JavaFX Application Thread] DEBUG PrimaryStageWindow   - MainMenu <- ChangeUserDialog
19:21:52.796 [JavaFX Application Thread] DEBUG PrimaryStageWindow   - Push state: ChangeUserDialog
19:21:52.796 [JavaFX Application Thread] DEBUG Input                - Clearing active input actions
19:21:52.797 [JavaFX Application Thread] DEBUG GameApplicationServi - Removing overlay from MainMenu and adding to ChangeUserDialog
19:21:52.797 [JavaFX Application Thread] DEBUG PrimaryStageWindow   - MainMenu -> ChangeUserDialog
19:21:53.046 [FXGL Background Thread 2 ] WARN  UpdaterService       - Failed to find updates: java.net.ConnectException: Connection timed out: connect
19:21:56.332 [JavaFX Application Thread] DEBUG PrimaryStageWindow   - Pop state: ChangeUserDialog
19:21:56.332 [JavaFX Application Thread] DEBUG Input                - Clearing active input actions
19:21:56.333 [JavaFX Application Thread] DEBUG GameApplicationServi - Removing overlay from ChangeUserDialog and adding to MainMenu
19:21:56.333 [JavaFX Application Thread] DEBUG PrimaryStageWindow   - MainMenu <- ChangeUserDialog
19:21:58.545 [JavaFX Application Thread] DEBUG AudioPlayer          - Pausing music com.almasb.fxgl.audio.Music@6f4b24b5
19:21:58.545 [JavaFX Application Thread] DEBUG LoopRunner           - Pausing loop
19:22:38.968 [JavaFX Application Thread] DEBUG LoopRunner           - Resuming loop
19:22:38.968 [JavaFX Application Thread] DEBUG AudioPlayer          - Resuming music com.almasb.fxgl.audio.Music@6f4b24b5
19:22:39.897 [JavaFX Application Thread] DEBUG AudioPlayer          - Pausing music com.almasb.fxgl.audio.Music@6f4b24b5
19:22:39.898 [JavaFX Application Thread] DEBUG LoopRunner           - Pausing loop
19:22:43.792 [JavaFX Application Thread] DEBUG LoopRunner           - Resuming loop
19:22:43.792 [JavaFX Application Thread] DEBUG AudioPlayer          - Resuming music com.almasb.fxgl.audio.Music@6f4b24b5
19:22:48.978 [JavaFX Application Thread] DEBUG AudioPlayer          - Pausing music com.almasb.fxgl.audio.Music@6f4b24b5
19:22:48.978 [JavaFX Application Thread] DEBUG LoopRunner           - Pausing loop
19:29:19.406 [JavaFX Application Thread] DEBUG FXGLApplication      - Exiting FXGL
19:29:19.406 [JavaFX Application Thread] DEBUG LoopRunner           - Stopping loop
19:29:19.406 [JavaFX Application Thread] DEBUG SystemBundleService  - Saving FXGL system data
19:29:19.410 [JavaFX Application Thread] DEBUG FileSystemAccess     - Writing to: C:\Users\dell\Desktop\OOP作业\Teamwork\system\fxgl.bundle
19:29:19.412 [JavaFX Application Thread] DEBUG Async                - Shutting down background threads
19:29:19.413 [JavaFX Application Thread] DEBUG PrimaryStageWindow   - Closing main window
19:29:19.451 [JavaFX Application Thread] DEBUG Logger               - Closing Logger
