21:38:26.423 [main                     ] DEBUG Logger               - Configured Logger
21:38:26.454 [main                     ] DEBUG GameApplication      - Logging settings
Title: Plants Vs Zombies
Version: 0.0
Width: 750
Height: 533
Fullscreen: false
Intro: false
Profiling: false
Single step:false
App Mode: DEVELOPER
Menu Key: ESCAPE
Stage Style: DECORATED
Scene Factory: class com.zrt.pvz.PVZApp$1

21:38:26.894 [JavaFX Application Thread] DEBUG FXGLApplication      - Initializing FXGL
21:38:26.901 [JavaFX Application Thread] INFO  Engine               - FXGL-17.2 (20.08.2022 16.50) on WINDOWS (J:20.0.1 FX:20.0.1)
21:38:26.901 [JavaFX Application Thread] DEBUG Engine               - JRE Vendor Name: Oracle Corporation
21:38:26.901 [JavaFX Application Thread] DEBUG Engine               - Running on OS: Windows 11 version 10.0
21:38:26.901 [JavaFX Application Thread] DEBUG Engine               - Architecture: amd64
21:38:26.901 [JavaFX Application Thread] INFO  Engine               - Source code and latest versions at: https://github.com/AlmasB/FXGL
21:38:26.901 [JavaFX Application Thread] INFO  Engine               -       Ask questions and discuss at: https://github.com/AlmasB/FXGL/discussions
21:38:26.901 [JavaFX Application Thread] INFO  Engine               -              Join the FXGL chat at: https://gitter.im/AlmasB/FXGL
21:38:27.126 [JavaFX Application Thread] DEBUG PrimaryStageWindow   - Creating a JavaFX scene
21:38:27.204 [JavaFX Application Thread] DEBUG PrimaryStageWindow   - Target settings size: 750.0 x 533.0
21:38:27.204 [JavaFX Application Thread] DEBUG PrimaryStageWindow   - Scaled scene size:    750.0 x 533.0
21:38:27.205 [JavaFX Application Thread] DEBUG PrimaryStageWindow   - Scaled ratio: (1.0, 1.0)
21:38:27.206 [JavaFX Application Thread] DEBUG PrimaryStageWindow   - Set initial scene to GameStartupScene
21:38:27.209 [JavaFX Application Thread] DEBUG PrimaryStageWindow   - Opening main window
21:38:27.439 [JavaFX Application Thread] DEBUG PrimaryStageWindow   - Window border size: (14.79998779296875, 38.20001220703125)
21:38:27.440 [JavaFX Application Thread] DEBUG PrimaryStageWindow   - Scaled size: 750.0 x 533.0
21:38:27.441 [JavaFX Application Thread] DEBUG PrimaryStageWindow   - Scaled ratio: (1.0, 1.0)
21:38:27.441 [JavaFX Application Thread] DEBUG PrimaryStageWindow   - Scene size: 750.0 x 533.0
21:38:27.442 [JavaFX Application Thread] DEBUG PrimaryStageWindow   - Stage size: 764.7999877929688 x 571.2000122070312
21:38:27.458 [FXGL Background Thread 1 ] DEBUG Engine               - Initializing environment variables
21:38:27.548 [FXGL Background Thread 1 ] DEBUG FXGLAssetLoaderServi - User app class for loading assets: class com.zrt.pvz.PVZApp
21:38:27.548 [FXGL Background Thread 1 ] DEBUG GameApplicationServi - Applying CSS: fxgl_dark.css
21:38:27.549 [FXGL Background Thread 1 ] DEBUG FXGLAssetLoaderServi - Loading from file system: jar:file:///C:/Users/dell/.m2/repository/com/github/almasb/fxgl/17.2/fxgl-17.2.jar!/fxglassets/ui/css/fxgl_dark.css
21:38:27.569 [FXGL Background Thread 1 ] DEBUG GameApplicationServi - Initializing application scenes
21:38:27.574 [FXGL Background Thread 1 ] DEBUG FXGLAssetLoaderServi - Loading from file system: file:/C:/Users/dell/Desktop/OOP作业/Teamwork/target/classes/assets/textures/map/map1LoadingBG.jpg
21:38:27.675 [FXGL Background Thread 1 ] DEBUG GameWorld            - Game world initialized
21:38:27.722 [FXGL Background Thread 1 ] DEBUG PhysicsWorld         - Physics world initialized: appHeight=533, physics.ppm=50.0
21:38:27.723 [FXGL Background Thread 1 ] DEBUG PhysicsWorld         - Using strategy: BRUTE_FORCE
21:38:27.732 [FXGL Background Thread 1 ] DEBUG GameScene            - Game scene initialized: 750x533
21:38:27.755 [FXGL Background Thread 1 ] DEBUG FXGLAssetLoaderServi - Loading from file system: file:/C:/Users/dell/Desktop/OOP作业/Teamwork/target/classes/assets/textures/ui/mainMenu/bg.png
21:38:27.883 [FXGL Background Thread 1 ] DEBUG FXGLAssetLoaderServi - Loading from file system: file:/C:/Users/dell/Desktop/OOP作业/Teamwork/target/classes/assets/textures/ui/mainMenu/puzzle.png
21:38:27.905 [FXGL Background Thread 1 ] DEBUG FXGLAssetLoaderServi - Loading from file system: file:/C:/Users/dell/Desktop/OOP作业/Teamwork/target/classes/assets/textures/ui/mainMenu/userBoard.png
21:38:27.929 [FXGL Background Thread 1 ] DEBUG FXGLAssetLoaderServi - Loading from file system: file:/C:/Users/dell/Desktop/OOP作业/Teamwork/target/classes/assets/textures/ui/gameMenu/Menu.png
21:38:27.939 [FXGL Background Thread 1 ] DEBUG GameApplicationServi - Application scenes initialized
21:38:27.955 [FXGL Background Thread 1 ] DEBUG SystemBundleService  - Loading FXGL system data
21:38:27.957 [FXGL Background Thread 1 ] DEBUG FileSystemAccess     - Reading from: C:\Users\dell\Desktop\OOP作业\Teamwork\system\fxgl.bundle
21:38:27.962 [FXGL Background Thread 1 ] DEBUG SystemBundleService  - Bundle FXGL: {}
21:38:27.962 [FXGL Background Thread 1 ] DEBUG UpdaterService       - Checking for updates
21:38:27.973 [FXGL Background Thread 4 ] DEBUG FXGLApplication      - Loading fonts
21:38:27.974 [FXGL Background Thread 4 ] DEBUG FXGLAssetLoaderServi - Loading from file system: jar:file:///C:/Users/dell/.m2/repository/com/github/almasb/fxgl/17.2/fxgl-17.2.jar!/fxglassets/ui/fonts/VarelaRound-Regular.ttf
21:38:27.978 [FXGL Background Thread 1 ] DEBUG FXGLApplication      - Loading default localization
21:38:27.979 [FXGL Background Thread 1 ] DEBUG FXGLAssetLoaderServi - Loading from file system: jar:file:///C:/Users/dell/.m2/repository/com/github/almasb/fxgl/17.2/fxgl-17.2.jar!/fxglassets/languages/english.lang
21:38:28.008 [FXGL Background Thread 1 ] INFO  FXGLApplication      - FXGL initialization took: 0.550 sec
21:38:28.012 [JavaFX Application Thread] DEBUG FXGLAssetLoaderServi - Loading from file system: file:/C:/Users/dell/Desktop/OOP作业/Teamwork/target/classes/assets/textures/logo.jpg
21:38:28.023 [JavaFX Application Thread] DEBUG FXGLAssetLoaderServi - Loading from file system: jar:file:///C:/Users/dell/.m2/repository/com/github/almasb/fxgl/17.2/fxgl-17.2.jar!/fxglassets/textures/fxgl_default_cursor.png
21:38:28.034 [JavaFX Application Thread] DEBUG Input                - Registered new binding: Screenshot - CTRL+8
21:38:28.035 [JavaFX Application Thread] DEBUG Input                - Registered new binding: System info dump - CTRL+9
21:38:28.035 [JavaFX Application Thread] DEBUG Input                - Registered new binding: Restart - CTRL+R
21:38:28.036 [JavaFX Application Thread] DEBUG Input                - Registered new binding: Toggle Debug Camera - CTRL+7
21:38:28.039 [JavaFX Application Thread] DEBUG LoopRunner           - Starting loop
21:38:28.039 [JavaFX Application Thread] DEBUG LoopRunner           - Initializing JavaFX AnimationTimerLoop
21:38:28.044 [JavaFX Application Thread] DEBUG Input                - Clearing active input actions
21:38:28.054 [JavaFX Application Thread] DEBUG GameApplicationServi - Removing overlay from GameStartupScene and adding to FXGLMainMenuDummyScene
21:38:28.054 [JavaFX Application Thread] DEBUG PrimaryStageWindow   - GameStartupScene -> FXGLMainMenuDummyScene
21:38:28.054 [JavaFX Application Thread] DEBUG PrimaryStageWindow   - Push state: MainMenu
21:38:28.054 [JavaFX Application Thread] DEBUG FXGLAssetLoaderServi - Loading from file system: file:/C:/Users/dell/Desktop/OOP作业/Teamwork/target/classes/assets/music/mainMenu.wav
21:38:28.093 [FXGL Background Thread 4 ] DEBUG FXGLAssetLoaderServi - Loading from file system: jar:file:///C:/Users/dell/.m2/repository/com/github/almasb/fxgl/17.2/fxgl-17.2.jar!/fxglassets/ui/fonts/Abel-Regular.ttf
21:38:28.097 [FXGL Background Thread 4 ] DEBUG FXGLAssetLoaderServi - Loading from file system: jar:file:///C:/Users/dell/.m2/repository/com/github/almasb/fxgl/17.2/fxgl-17.2.jar!/fxglassets/ui/fonts/TerminalLandMono-Regular.otf
21:38:28.100 [FXGL Background Thread 4 ] DEBUG FXGLAssetLoaderServi - Loading from file system: jar:file:///C:/Users/dell/.m2/repository/com/github/almasb/fxgl/17.2/fxgl-17.2.jar!/fxglassets/ui/fonts/Courier-Prime.ttf
21:38:28.259 [JavaFX Application Thread] DEBUG AudioPlayer          - Playing music com.almasb.fxgl.audio.Music@7e3f1c0d
21:38:28.260 [JavaFX Application Thread] DEBUG Input                - Clearing active input actions
21:38:28.263 [JavaFX Application Thread] DEBUG GameApplicationServi - Removing overlay from FXGLMainMenuDummyScene and adding to MainMenu
21:38:28.264 [JavaFX Application Thread] DEBUG PrimaryStageWindow   - FXGLMainMenuDummyScene -> MainMenu
21:38:28.303 [JavaFX Application Thread] DEBUG FXGLApplication      - Registering font factories with UI factory
21:38:30.968 [FXGL Background Thread 3 ] DEBUG Engine               - Logging environment variables
21:38:30.970 [FXGL Background Thread 3 ] DEBUG Engine               - achievements: []
21:38:30.971 [FXGL Background Thread 3 ] DEBUG Engine               - actualHeight: 533.0
21:38:30.971 [FXGL Background Thread 3 ] DEBUG Engine               - actualHeightProperty: ReadOnlyDoubleProperty [value: 533.0]
21:38:30.971 [FXGL Background Thread 3 ] DEBUG Engine               - actualWidth: 750.0
21:38:30.971 [FXGL Background Thread 3 ] DEBUG Engine               - actualWidthProperty: ReadOnlyDoubleProperty [value: 750.0]
21:38:30.971 [FXGL Background Thread 3 ] DEBUG Engine               - appIcon: logo.jpg
21:38:30.971 [FXGL Background Thread 3 ] DEBUG Engine               - applicationMode: DEVELOPER
21:38:30.971 [FXGL Background Thread 3 ] DEBUG Engine               - cSSList: [fxgl_dark.css]
21:38:30.972 [FXGL Background Thread 3 ] DEBUG Engine               - collisionDetectionStrategy: BRUTE_FORCE
21:38:30.972 [FXGL Background Thread 3 ] DEBUG Engine               - configClass: Optional.empty
21:38:30.972 [FXGL Background Thread 3 ] DEBUG Engine               - credits: []
21:38:30.973 [FXGL Background Thread 3 ] DEBUG Engine               - defaultCursor: CursorInfo(imageName=fxgl_default_cursor.png, hotspotX=7.0, hotspotY=6.0)
21:38:30.974 [FXGL Background Thread 3 ] DEBUG Engine               - devBBoxColorProperty: ObjectProperty [value: 0xff0000ff]
21:38:30.974 [FXGL Background Thread 3 ] DEBUG Engine               - devEnableDebugCameraProperty: BooleanProperty [value: false]
21:38:30.974 [FXGL Background Thread 3 ] DEBUG Engine               - devSensorColorProperty: ObjectProperty [value: 0xffff00ff]
21:38:30.974 [FXGL Background Thread 3 ] DEBUG Engine               - devShowBBoxProperty: BooleanProperty [value: false]
21:38:30.974 [FXGL Background Thread 3 ] DEBUG Engine               - devShowPositionProperty: BooleanProperty [value: false]
21:38:30.975 [FXGL Background Thread 3 ] DEBUG Engine               - enabledMenuItems: []
21:38:30.975 [FXGL Background Thread 3 ] DEBUG Engine               - engineServices: [class com.almasb.fxgl.app.services.FXGLAssetLoaderService, class com.almasb.fxgl.app.FXGLApplication$GameApplicationService, class com.almasb.fxgl.app.services.FXGLDialogService, class com.almasb.fxgl.app.services.IOTaskExecutorService, class com.almasb.fxgl.io.FileSystemService, class com.almasb.fxgl.localization.LocalizationService, class com.almasb.fxgl.app.services.SystemBundleService, class com.almasb.fxgl.profile.SaveLoadService, class com.almasb.fxgl.ui.FXGLUIFactoryServiceProvider, class com.almasb.fxgl.ui.FXGLDialogFactoryServiceProvider, class com.almasb.fxgl.audio.AudioPlayer, class com.almasb.fxgl.notification.impl.NotificationServiceProvider, class com.almasb.fxgl.achievement.AchievementService, class com.almasb.fxgl.cutscene.CutsceneService, class com.almasb.fxgl.minigames.MiniGameService, class com.almasb.fxgl.net.NetService, class com.almasb.fxgl.app.services.UpdaterService, class com.almasb.fxgl.dev.DevService]
21:38:30.977 [FXGL Background Thread 3 ] DEBUG Engine               - fontGame: Abel-Regular.ttf
21:38:30.977 [FXGL Background Thread 3 ] DEBUG Engine               - fontMono: TerminalLandMono-Regular.otf
21:38:30.977 [FXGL Background Thread 3 ] DEBUG Engine               - fontText: Courier-Prime.ttf
21:38:30.977 [FXGL Background Thread 3 ] DEBUG Engine               - fontUI: VarelaRound-Regular.ttf
21:38:30.977 [FXGL Background Thread 3 ] DEBUG Engine               - fullScreen: BooleanProperty [value: false]
21:38:30.977 [FXGL Background Thread 3 ] DEBUG Engine               - gameDifficulty: MEDIUM
21:38:30.977 [FXGL Background Thread 3 ] DEBUG Engine               - gameDifficultyProperty: ObjectProperty [value: MEDIUM]
21:38:30.977 [FXGL Background Thread 3 ] DEBUG Engine               - globalMusicVolume: 0.5
21:38:30.977 [FXGL Background Thread 3 ] DEBUG Engine               - globalMusicVolumeProperty: DoubleProperty [value: 0.5]
21:38:30.977 [FXGL Background Thread 3 ] DEBUG Engine               - globalSoundVolume: 0.5
21:38:30.977 [FXGL Background Thread 3 ] DEBUG Engine               - globalSoundVolumeProperty: DoubleProperty [value: 0.5]
21:38:30.978 [FXGL Background Thread 3 ] DEBUG Engine               - height: 533
21:38:30.978 [FXGL Background Thread 3 ] DEBUG Engine               - is3D: false
21:38:30.978 [FXGL Background Thread 3 ] DEBUG Engine               - isAndroid: false
21:38:30.978 [FXGL Background Thread 3 ] DEBUG Engine               - isBrowser: false
21:38:30.978 [FXGL Background Thread 3 ] DEBUG Engine               - isClickFeedbackEnabled: false
21:38:30.978 [FXGL Background Thread 3 ] DEBUG Engine               - isCloseConfirmation: false
21:38:30.978 [FXGL Background Thread 3 ] DEBUG Engine               - isDesktop: true
21:38:30.979 [FXGL Background Thread 3 ] DEBUG Engine               - isDeveloperMenuEnabled: false
21:38:30.979 [FXGL Background Thread 3 ] DEBUG Engine               - isEmbedded: false
21:38:30.979 [FXGL Background Thread 3 ] DEBUG Engine               - isEntityPreloadEnabled: true
21:38:30.979 [FXGL Background Thread 3 ] DEBUG Engine               - isExperimentalTiledLargeMap: false
21:38:30.980 [FXGL Background Thread 3 ] DEBUG Engine               - isFileSystemWriteAllowed: true
21:38:30.981 [FXGL Background Thread 3 ] DEBUG Engine               - isFullScreenAllowed: false
21:38:30.981 [FXGL Background Thread 3 ] DEBUG Engine               - isFullScreenFromStart: false
21:38:30.981 [FXGL Background Thread 3 ] DEBUG Engine               - isGameMenuEnabled: true
21:38:30.981 [FXGL Background Thread 3 ] DEBUG Engine               - isIOS: false
21:38:30.981 [FXGL Background Thread 3 ] DEBUG Engine               - isIntroEnabled: false
21:38:30.981 [FXGL Background Thread 3 ] DEBUG Engine               - isLinux: false
21:38:30.981 [FXGL Background Thread 3 ] DEBUG Engine               - isMac: false
21:38:30.981 [FXGL Background Thread 3 ] DEBUG Engine               - isMainMenuEnabled: true
21:38:30.981 [FXGL Background Thread 3 ] DEBUG Engine               - isManualResizeEnabled: false
21:38:30.981 [FXGL Background Thread 3 ] DEBUG Engine               - isMobile: false
21:38:30.981 [FXGL Background Thread 3 ] DEBUG Engine               - isNative: false
21:38:30.981 [FXGL Background Thread 3 ] DEBUG Engine               - isPauseMusicWhenMinimized: true
21:38:30.982 [FXGL Background Thread 3 ] DEBUG Engine               - isPreserveResizeRatio: false
21:38:30.982 [FXGL Background Thread 3 ] DEBUG Engine               - isProfilingEnabled: false
21:38:30.982 [FXGL Background Thread 3 ] DEBUG Engine               - isScaleAffectedOnResize: true
21:38:30.982 [FXGL Background Thread 3 ] DEBUG Engine               - isSingleStep: false
21:38:30.982 [FXGL Background Thread 3 ] DEBUG Engine               - isUserProfileEnabled: false
21:38:30.982 [FXGL Background Thread 3 ] DEBUG Engine               - isWindows: true
21:38:30.982 [FXGL Background Thread 3 ] DEBUG Engine               - language: ObjectProperty [value: ENGLISH]
21:38:30.983 [FXGL Background Thread 3 ] DEBUG Engine               - menuKey: ESCAPE
21:38:30.983 [FXGL Background Thread 3 ] DEBUG Engine               - mouseSensitivity: 0.2
21:38:30.983 [FXGL Background Thread 3 ] DEBUG Engine               - notificationViewClass: class com.almasb.fxgl.notification.view.XboxNotificationView
21:38:30.983 [FXGL Background Thread 3 ] DEBUG Engine               - pixelsPerMeter: 50.0
21:38:30.983 [FXGL Background Thread 3 ] DEBUG Engine               - platform: WINDOWS
21:38:30.983 [FXGL Background Thread 3 ] DEBUG Engine               - prefHeightProperty: ReadOnlyDoubleProperty [value: 533.0]
21:38:30.984 [FXGL Background Thread 3 ] DEBUG Engine               - prefWidthProperty: ReadOnlyDoubleProperty [value: 750.0]
21:38:30.984 [FXGL Background Thread 3 ] DEBUG Engine               - profileDir: profiles/
21:38:30.984 [FXGL Background Thread 3 ] DEBUG Engine               - profileName: StringProperty [value: DEFAULT]
21:38:30.984 [FXGL Background Thread 3 ] DEBUG Engine               - randomSeed: -1
21:38:30.986 [FXGL Background Thread 3 ] DEBUG Engine               - runtimeInfo: RuntimeInfo(platform=WINDOWS, version=17.2, build=20.08.2022 16.50)
21:38:30.986 [FXGL Background Thread 3 ] DEBUG Engine               - saveFileExt: sav
21:38:30.986 [FXGL Background Thread 3 ] DEBUG Engine               - scaledHeightProp$fxgl: DoubleProperty [bound, value: 533.0]
21:38:30.986 [FXGL Background Thread 3 ] DEBUG Engine               - scaledWidthProp$fxgl: DoubleProperty [bound, value: 750.0]
21:38:30.986 [FXGL Background Thread 3 ] DEBUG Engine               - sceneFactory: com.zrt.pvz.PVZApp$1@48fc63a5
21:38:30.987 [FXGL Background Thread 3 ] DEBUG Engine               - secondsIn24h: 60
21:38:30.987 [FXGL Background Thread 3 ] DEBUG Engine               - soundMenuBack: menu/back.wav
21:38:30.987 [FXGL Background Thread 3 ] DEBUG Engine               - soundMenuPress: menu/press.wav
21:38:30.987 [FXGL Background Thread 3 ] DEBUG Engine               - soundMenuSelect: menu/select.wav
21:38:30.987 [FXGL Background Thread 3 ] DEBUG Engine               - soundNotification: core/notification.wav
21:38:30.987 [FXGL Background Thread 3 ] DEBUG Engine               - stageStyle: DECORATED
21:38:30.988 [FXGL Background Thread 3 ] DEBUG Engine               - supportedLanguages: [ENGLISH, FRENCH, GERMAN, HUNGARIAN, RUSSIAN]
21:38:30.988 [FXGL Background Thread 3 ] DEBUG Engine               - ticksPerSecond: -1
21:38:30.988 [FXGL Background Thread 3 ] DEBUG Engine               - title: Plants Vs Zombies
21:38:30.988 [FXGL Background Thread 3 ] DEBUG Engine               - urlGithub: https://github.com/AlmasB/FXGL
21:38:30.988 [FXGL Background Thread 3 ] DEBUG Engine               - urlLeaderboard: http://fxgl-top.herokuapp.com/
21:38:30.988 [FXGL Background Thread 3 ] DEBUG Engine               - urlPOM: https://raw.githubusercontent.com/AlmasB/FXGL/release/README.md
21:38:30.988 [FXGL Background Thread 3 ] DEBUG Engine               - userAppClass: class com.zrt.pvz.PVZApp
21:38:30.988 [FXGL Background Thread 3 ] DEBUG Engine               - version: 0.0
21:38:30.988 [FXGL Background Thread 3 ] DEBUG Engine               - versionCheckDays: 7
21:38:30.988 [FXGL Background Thread 3 ] DEBUG Engine               - width: 750
21:38:30.988 [FXGL Background Thread 3 ] DEBUG Engine               - Logging services
21:38:30.988 [FXGL Background Thread 3 ] DEBUG Engine               - class com.almasb.fxgl.app.services.FXGLAssetLoaderService
21:38:30.988 [FXGL Background Thread 3 ] DEBUG Engine               - class com.almasb.fxgl.app.FXGLApplication$GameApplicationService
21:38:30.988 [FXGL Background Thread 3 ] DEBUG Engine               - class com.almasb.fxgl.app.services.FXGLDialogService
21:38:30.988 [FXGL Background Thread 3 ] DEBUG Engine               - class com.almasb.fxgl.app.services.IOTaskExecutorService
21:38:30.988 [FXGL Background Thread 3 ] DEBUG Engine               - class com.almasb.fxgl.io.FileSystemService
21:38:30.988 [FXGL Background Thread 3 ] DEBUG Engine               - class com.almasb.fxgl.localization.LocalizationService
21:38:30.988 [FXGL Background Thread 3 ] DEBUG Engine               - class com.almasb.fxgl.app.services.SystemBundleService
21:38:30.989 [FXGL Background Thread 3 ] DEBUG Engine               - class com.almasb.fxgl.profile.SaveLoadService
21:38:30.989 [FXGL Background Thread 3 ] DEBUG Engine               - class com.almasb.fxgl.ui.FXGLUIFactoryServiceProvider
21:38:30.989 [FXGL Background Thread 3 ] DEBUG Engine               - class com.almasb.fxgl.ui.FXGLDialogFactoryServiceProvider
21:38:30.989 [FXGL Background Thread 3 ] DEBUG Engine               - class com.almasb.fxgl.audio.AudioPlayer
21:38:30.989 [FXGL Background Thread 3 ] DEBUG Engine               - class com.almasb.fxgl.notification.impl.NotificationServiceProvider
21:38:30.989 [FXGL Background Thread 3 ] DEBUG Engine               - class com.almasb.fxgl.achievement.AchievementService
21:38:30.989 [FXGL Background Thread 3 ] DEBUG Engine               - class com.almasb.fxgl.cutscene.CutsceneService
21:38:30.989 [FXGL Background Thread 3 ] DEBUG Engine               - class com.almasb.fxgl.minigames.MiniGameService
21:38:30.989 [FXGL Background Thread 3 ] DEBUG Engine               - class com.almasb.fxgl.net.NetService
21:38:30.990 [FXGL Background Thread 3 ] DEBUG Engine               - class com.almasb.fxgl.app.services.UpdaterService
21:38:30.990 [FXGL Background Thread 3 ] DEBUG Engine               - class com.almasb.fxgl.dev.DevService
21:38:55.848 [JavaFX Application Thread] WARN  FXGLAssetLoaderServi - Asset "/assets/sounds/mainMenuHover.wav" was not found!
21:38:55.848 [JavaFX Application Thread] WARN  FXGLAssetLoaderServi - Failed to load SOUND
21:38:56.529 [JavaFX Application Thread] WARN  FXGLAssetLoaderServi - Asset "/assets/sounds/mainMenuHover.wav" was not found!
21:38:56.529 [JavaFX Application Thread] WARN  FXGLAssetLoaderServi - Failed to load SOUND
21:38:56.548 [JavaFX Application Thread] WARN  FXGLAssetLoaderServi - Asset "/assets/sounds/mainMenuHover.wav" was not found!
21:38:56.548 [JavaFX Application Thread] WARN  FXGLAssetLoaderServi - Failed to load SOUND
21:38:56.953 [JavaFX Application Thread] WARN  FXGLAssetLoaderServi - Asset "/assets/sounds/mainMenuHover.wav" was not found!
21:38:56.955 [JavaFX Application Thread] WARN  FXGLAssetLoaderServi - Failed to load SOUND
21:38:58.096 [JavaFX Application Thread] WARN  FXGLAssetLoaderServi - Asset "/assets/sounds/mainMenuHover.wav" was not found!
21:38:58.096 [JavaFX Application Thread] WARN  FXGLAssetLoaderServi - Failed to load SOUND
21:38:58.355 [JavaFX Application Thread] WARN  FXGLAssetLoaderServi - Asset "/assets/sounds/select.wav" was not found!
21:38:58.355 [JavaFX Application Thread] WARN  FXGLAssetLoaderServi - Failed to load SOUND
21:38:58.361 [JavaFX Application Thread] DEBUG FXGLAssetLoaderServi - Loading from file system: file:/C:/Users/dell/Desktop/OOP作业/Teamwork/target/classes/assets/textures/ui/changeUserDialog/dialog.png
21:38:58.387 [JavaFX Application Thread] DEBUG PrimaryStageWindow   - Push state: ChangeUserDialog
21:38:58.387 [JavaFX Application Thread] DEBUG Input                - Clearing active input actions
21:38:58.393 [JavaFX Application Thread] DEBUG GameApplicationServi - Removing overlay from MainMenu and adding to ChangeUserDialog
21:38:58.393 [JavaFX Application Thread] DEBUG PrimaryStageWindow   - MainMenu -> ChangeUserDialog
21:38:58.936 [JavaFX Application Thread] WARN  FXGLAssetLoaderServi - Asset "/assets/sounds/mainMenuHover.wav" was not found!
21:38:58.936 [JavaFX Application Thread] WARN  FXGLAssetLoaderServi - Failed to load SOUND
21:38:59.133 [JavaFX Application Thread] WARN  FXGLAssetLoaderServi - Asset "/assets/sounds/mainMenuHover.wav" was not found!
21:38:59.134 [JavaFX Application Thread] WARN  FXGLAssetLoaderServi - Failed to load SOUND
21:38:59.540 [JavaFX Application Thread] WARN  FXGLAssetLoaderServi - Asset "/assets/sounds/select.wav" was not found!
21:38:59.541 [JavaFX Application Thread] WARN  FXGLAssetLoaderServi - Failed to load SOUND
21:38:59.541 [JavaFX Application Thread] DEBUG PrimaryStageWindow   - Pop state: ChangeUserDialog
21:38:59.541 [JavaFX Application Thread] DEBUG Input                - Clearing active input actions
21:38:59.542 [JavaFX Application Thread] DEBUG GameApplicationServi - Removing overlay from ChangeUserDialog and adding to MainMenu
21:38:59.543 [JavaFX Application Thread] DEBUG PrimaryStageWindow   - MainMenu <- ChangeUserDialog
21:39:00.042 [JavaFX Application Thread] WARN  FXGLAssetLoaderServi - Asset "/assets/sounds/mainMenuHover.wav" was not found!
21:39:00.043 [JavaFX Application Thread] WARN  FXGLAssetLoaderServi - Failed to load SOUND
21:39:00.059 [JavaFX Application Thread] WARN  FXGLAssetLoaderServi - Asset "/assets/sounds/mainMenuHover.wav" was not found!
21:39:00.059 [JavaFX Application Thread] WARN  FXGLAssetLoaderServi - Failed to load SOUND
21:39:00.079 [JavaFX Application Thread] WARN  FXGLAssetLoaderServi - Asset "/assets/sounds/mainMenuHover.wav" was not found!
21:39:00.080 [JavaFX Application Thread] WARN  FXGLAssetLoaderServi - Failed to load SOUND
21:39:00.298 [JavaFX Application Thread] WARN  FXGLAssetLoaderServi - Asset "/assets/sounds/mainMenuHover.wav" was not found!
21:39:00.299 [JavaFX Application Thread] WARN  FXGLAssetLoaderServi - Failed to load SOUND
21:39:01.752 [JavaFX Application Thread] WARN  FXGLAssetLoaderServi - Asset "/assets/sounds/select.wav" was not found!
21:39:01.752 [JavaFX Application Thread] WARN  FXGLAssetLoaderServi - Failed to load SOUND
21:39:01.752 [JavaFX Application Thread] DEBUG FXGLAssetLoaderServi - Loading from file system: file:/C:/Users/dell/Desktop/OOP作业/Teamwork/target/classes/assets/textures/ui/mainMenu/ZombieHand.png
21:39:01.767 [JavaFX Application Thread] DEBUG GameApplicationServi - Starting new game
21:39:01.767 [JavaFX Application Thread] DEBUG PrimaryStageWindow   - Pop state: MainMenu
21:39:01.767 [JavaFX Application Thread] DEBUG Input                - Clearing active input actions
21:39:01.768 [JavaFX Application Thread] DEBUG GameApplicationServi - Removing overlay from MainMenu and adding to FXGLMainMenuDummyScene
21:39:01.768 [JavaFX Application Thread] DEBUG PrimaryStageWindow   - FXGLMainMenuDummyScene <- MainMenu
21:39:01.768 [JavaFX Application Thread] DEBUG Input                - Clearing active input actions
21:39:01.773 [JavaFX Application Thread] DEBUG GameApplicationServi - Removing overlay from FXGLMainMenuDummyScene and adding to GameLoadingScene
21:39:01.773 [JavaFX Application Thread] DEBUG PrimaryStageWindow   - FXGLMainMenuDummyScene -> GameLoadingScene
21:39:01.773 [JavaFX Application Thread] DEBUG GameApplicationServi - Clearing previous game
21:39:01.773 [JavaFX Application Thread] DEBUG GameScene            - Clearing game scene
21:39:01.773 [JavaFX Application Thread] DEBUG GameWorld            - Clearing game world
21:39:01.774 [JavaFX Application Thread] DEBUG PhysicsWorld         - Clearing physics world
21:39:01.782 [FXGL Background Thread 4 ] DEBUG FXGLApplication      - Initializing game
21:39:01.796 [FXGL Background Thread 4 ] DEBUG FXGLAssetLoaderServi - Loading JSON from: file:/C:/Users/dell/Desktop/OOP作业/Teamwork/target/classes/assets/data/plant/Imitator.json
21:39:02.039 [FXGL Background Thread 4 ] DEBUG FXGLAssetLoaderServi - Loading JSON from: file:/C:/Users/dell/Desktop/OOP作业/Teamwork/target/classes/assets/levels/level1.json
21:39:02.052 [FXGL Background Thread 4 ] DEBUG FXGLAssetLoaderServi - Loading from file system: file:/C:/Users/dell/Desktop/OOP作业/Teamwork/target/classes/assets/textures/ui/choose/CherryBomb.png
21:39:02.054 [FXGL Background Thread 4 ] DEBUG FXGLAssetLoaderServi - Loading from file system: file:/C:/Users/dell/Desktop/OOP作业/Teamwork/target/classes/assets/textures/map/map1.jpg
21:39:02.115 [FXGL Background Thread 4 ] DEBUG FXGLAssetLoaderServi - Loading JSON from: file:/C:/Users/dell/Desktop/OOP作业/Teamwork/target/classes/assets/data/zombie/NormalZombie.json
21:39:02.132 [FXGL Background Thread 4 ] DEBUG FXGLAssetLoaderServi - Loading from file system: file:/C:/Users/dell/Desktop/OOP作业/Teamwork/target/classes/assets/textures/zombie/NormalZombie/ZombieShow/ZombieShow_0.png
21:39:02.133 [FXGL Background Thread 4 ] DEBUG FXGLAssetLoaderServi - Loading from file system: file:/C:/Users/dell/Desktop/OOP作业/Teamwork/target/classes/assets/textures/zombie/NormalZombie/ZombieShow/ZombieShow_1.png
21:39:02.134 [FXGL Background Thread 4 ] DEBUG FXGLAssetLoaderServi - Loading from file system: file:/C:/Users/dell/Desktop/OOP作业/Teamwork/target/classes/assets/textures/zombie/NormalZombie/ZombieShow/ZombieShow_2.png
21:39:02.136 [FXGL Background Thread 4 ] DEBUG FXGLAssetLoaderServi - Loading from file system: file:/C:/Users/dell/Desktop/OOP作业/Teamwork/target/classes/assets/textures/zombie/NormalZombie/ZombieShow/ZombieShow_3.png
21:39:02.137 [FXGL Background Thread 4 ] DEBUG FXGLAssetLoaderServi - Loading from file system: file:/C:/Users/dell/Desktop/OOP作业/Teamwork/target/classes/assets/textures/zombie/NormalZombie/ZombieShow/ZombieShow_4.png
21:39:02.157 [FXGL Background Thread 4 ] DEBUG FXGLAssetLoaderServi - Loading JSON from: file:/C:/Users/dell/Desktop/OOP作业/Teamwork/target/classes/assets/data/MapPoint.json
21:39:02.175 [FXGL Background Thread 4 ] INFO  FXGLApplication      - Game initialization took: 0.393 sec
21:39:02.175 [JavaFX Application Thread] DEBUG Input                - Clearing active input actions
21:39:02.180 [JavaFX Application Thread] DEBUG GameApplicationServi - Removing overlay from GameLoadingScene and adding to GameScene
21:39:02.181 [JavaFX Application Thread] DEBUG PrimaryStageWindow   - GameLoadingScene -> GameScene
21:39:06.001 [JavaFX Application Thread] DEBUG FXGLAssetLoaderServi - Loading from file system: file:/C:/Users/dell/Desktop/OOP作业/Teamwork/target/classes/assets/textures/ui/choose/chosenBg.png
21:39:06.026 [JavaFX Application Thread] DEBUG FXGLAssetLoaderServi - Loading from file system: file:/C:/Users/dell/Desktop/OOP作业/Teamwork/target/classes/assets/textures/ui/choose/ChoosePlant.png
21:39:06.047 [JavaFX Application Thread] DEBUG FXGLAssetLoaderServi - Loading JSON from: file:/C:/Users/dell/Desktop/OOP作业/Teamwork/target/classes/assets/data/plant/SunFlower.json
21:39:06.058 [JavaFX Application Thread] DEBUG FXGLAssetLoaderServi - Loading from file system: file:/C:/Users/dell/Desktop/OOP作业/Teamwork/target/classes/assets/textures/ui/choose/SunFlower.png
21:39:06.063 [JavaFX Application Thread] DEBUG FXGLAssetLoaderServi - Loading JSON from: file:/C:/Users/dell/Desktop/OOP作业/Teamwork/target/classes/assets/data/plant/PeaShooter.json
21:39:06.069 [JavaFX Application Thread] DEBUG FXGLAssetLoaderServi - Loading from file system: file:/C:/Users/dell/Desktop/OOP作业/Teamwork/target/classes/assets/textures/ui/choose/PeaShooter.png
21:39:58.011 [FXGL Background Thread 2 ] WARN  UpdaterService       - Failed to find updates: java.net.SocketException: 由于连接方在一段时间后没有正确答复或连接的主机没有反应，连接尝试失败。
21:42:03.675 [JavaFX Application Thread] DEBUG FXGLAssetLoaderServi - Loading JSON from: file:/C:/Users/dell/Desktop/OOP作业/Teamwork/target/classes/assets/data/plant/SunFlower.json
21:42:04.123 [JavaFX Application Thread] DEBUG FXGLAssetLoaderServi - Loading JSON from: file:/C:/Users/dell/Desktop/OOP作业/Teamwork/target/classes/assets/data/plant/SunFlower.json
21:42:04.131 [JavaFX Application Thread] DEBUG FXGLAssetLoaderServi - Loading JSON from: file:/C:/Users/dell/Desktop/OOP作业/Teamwork/target/classes/assets/data/plant/PeaShooter.json
21:42:17.648 [JavaFX Application Thread] WARN  FXGLAssetLoaderServi - Asset "/assets/sounds/mainMenuHover.wav" was not found!
21:42:17.649 [JavaFX Application Thread] WARN  FXGLAssetLoaderServi - Failed to load SOUND
21:42:17.898 [JavaFX Application Thread] WARN  FXGLAssetLoaderServi - Asset "/assets/sounds/select.wav" was not found!
21:42:17.898 [JavaFX Application Thread] WARN  FXGLAssetLoaderServi - Failed to load SOUND
21:42:17.915 [JavaFX Application Thread] DEBUG FXGLAssetLoaderServi - Loading from file system: file:/C:/Users/dell/Desktop/OOP作业/Teamwork/target/classes/assets/textures/plant/SunFlower/SunFlower.png
21:42:17.918 [JavaFX Application Thread] DEBUG FXGLAssetLoaderServi - Loading from file system: file:/C:/Users/dell/Desktop/OOP作业/Teamwork/target/classes/assets/textures/powerBeat/powerBeatBg(2).png
21:42:17.941 [JavaFX Application Thread] DEBUG FXGLAssetLoaderServi - Loading JSON from: file:/C:/Users/dell/Desktop/OOP作业/Teamwork/target/classes/assets/data/zombie/NormalZombie.json
21:42:20.681 [JavaFX Application Thread] DEBUG FXGLAssetLoaderServi - Loading from file system: file:/C:/Users/dell/Desktop/OOP作业/Teamwork/target/classes/assets/textures/weeder/weeder.png
21:42:20.691 [JavaFX Application Thread] DEBUG FXGLAssetLoaderServi - Loading from file system: file:/C:/Users/dell/Desktop/OOP作业/Teamwork/target/classes/assets/textures/prepareText/prepare.png
21:42:20.703 [JavaFX Application Thread] DEBUG FXGLAssetLoaderServi - Loading from file system: file:/C:/Users/dell/Desktop/OOP作业/Teamwork/target/classes/assets/textures/shovel/shovelBg.png
21:42:20.707 [JavaFX Application Thread] DEBUG FXGLAssetLoaderServi - Loading JSON from: file:/C:/Users/dell/Desktop/OOP作业/Teamwork/target/classes/assets/data/plant/SunFlower.json
21:42:20.722 [JavaFX Application Thread] DEBUG FXGLAssetLoaderServi - Loading JSON from: file:/C:/Users/dell/Desktop/OOP作业/Teamwork/target/classes/assets/data/plant/PeaShooter.json
21:42:21.202 [JavaFX Application Thread] DEBUG FXGLAssetLoaderServi - Loading from file system: file:/C:/Users/dell/Desktop/OOP作业/Teamwork/target/classes/assets/textures/prepareText/puton.png
21:42:21.706 [JavaFX Application Thread] DEBUG FXGLAssetLoaderServi - Loading from file system: file:/C:/Users/dell/Desktop/OOP作业/Teamwork/target/classes/assets/textures/prepareText/plant.png
21:42:22.215 [JavaFX Application Thread] DEBUG FXGLAssetLoaderServi - Loading from file system: file:/C:/Users/dell/Desktop/OOP作业/Teamwork/target/classes/assets/textures/ui/progressBar/FlagMeterFull.png
21:42:22.217 [JavaFX Application Thread] DEBUG FXGLAssetLoaderServi - Loading from file system: file:/C:/Users/dell/Desktop/OOP作业/Teamwork/target/classes/assets/textures/ui/progressBar/FlagMeterEmpty.png
21:42:22.218 [JavaFX Application Thread] DEBUG FXGLAssetLoaderServi - Loading from file system: file:/C:/Users/dell/Desktop/OOP作业/Teamwork/target/classes/assets/textures/ui/progressBar/FlagMeterLevelProgress.png
21:42:22.219 [JavaFX Application Thread] DEBUG FXGLAssetLoaderServi - Loading from file system: file:/C:/Users/dell/Desktop/OOP作业/Teamwork/target/classes/assets/textures/ui/progressBar/FlagMeterParts1.png
21:42:22.225 [JavaFX Application Thread] DEBUG FXGLAssetLoaderServi - Loading from file system: file:/C:/Users/dell/Desktop/OOP作业/Teamwork/target/classes/assets/textures/ui/progressBar/FlagMeterParts2.png
21:42:24.988 [JavaFX Application Thread] WARN  FXGLAssetLoaderServi - Asset "/assets/sounds/placed.wav" was not found!
21:42:24.988 [JavaFX Application Thread] WARN  FXGLAssetLoaderServi - Failed to load SOUND
21:42:24.992 [JavaFX Application Thread] DEBUG FXGLAssetLoaderServi - Loading from file system: file:/C:/Users/dell/Desktop/OOP作业/Teamwork/target/classes/assets/textures/plant/SunFlower/SunFlower/SunFlower_0.png
21:42:24.994 [JavaFX Application Thread] DEBUG FXGLAssetLoaderServi - Loading from file system: file:/C:/Users/dell/Desktop/OOP作业/Teamwork/target/classes/assets/textures/plant/SunFlower/SunFlower/SunFlower_1.png
21:42:24.995 [JavaFX Application Thread] DEBUG FXGLAssetLoaderServi - Loading from file system: file:/C:/Users/dell/Desktop/OOP作业/Teamwork/target/classes/assets/textures/plant/SunFlower/SunFlower/SunFlower_2.png
21:42:24.996 [JavaFX Application Thread] DEBUG FXGLAssetLoaderServi - Loading from file system: file:/C:/Users/dell/Desktop/OOP作业/Teamwork/target/classes/assets/textures/plant/SunFlower/SunFlower/SunFlower_3.png
21:42:24.998 [JavaFX Application Thread] DEBUG FXGLAssetLoaderServi - Loading from file system: file:/C:/Users/dell/Desktop/OOP作业/Teamwork/target/classes/assets/textures/plant/SunFlower/SunFlower/SunFlower_4.png
21:42:24.999 [JavaFX Application Thread] DEBUG FXGLAssetLoaderServi - Loading from file system: file:/C:/Users/dell/Desktop/OOP作业/Teamwork/target/classes/assets/textures/plant/SunFlower/SunFlower/SunFlower_5.png
21:42:24.999 [JavaFX Application Thread] DEBUG FXGLAssetLoaderServi - Loading from file system: file:/C:/Users/dell/Desktop/OOP作业/Teamwork/target/classes/assets/textures/plant/SunFlower/SunFlower/SunFlower_6.png
21:42:25.001 [JavaFX Application Thread] DEBUG FXGLAssetLoaderServi - Loading from file system: file:/C:/Users/dell/Desktop/OOP作业/Teamwork/target/classes/assets/textures/plant/SunFlower/SunFlower/SunFlower_7.png
21:42:25.001 [JavaFX Application Thread] DEBUG FXGLAssetLoaderServi - Loading from file system: file:/C:/Users/dell/Desktop/OOP作业/Teamwork/target/classes/assets/textures/plant/SunFlower/SunFlower/SunFlower_8.png
21:42:25.002 [JavaFX Application Thread] DEBUG FXGLAssetLoaderServi - Loading from file system: file:/C:/Users/dell/Desktop/OOP作业/Teamwork/target/classes/assets/textures/plant/SunFlower/SunFlower/SunFlower_9.png
21:42:25.003 [JavaFX Application Thread] DEBUG FXGLAssetLoaderServi - Loading from file system: file:/C:/Users/dell/Desktop/OOP作业/Teamwork/target/classes/assets/textures/plant/SunFlower/SunFlower/SunFlower_10.png
21:42:25.005 [JavaFX Application Thread] DEBUG FXGLAssetLoaderServi - Loading from file system: file:/C:/Users/dell/Desktop/OOP作业/Teamwork/target/classes/assets/textures/plant/SunFlower/SunFlower/SunFlower_11.png
21:42:25.006 [JavaFX Application Thread] DEBUG FXGLAssetLoaderServi - Loading from file system: file:/C:/Users/dell/Desktop/OOP作业/Teamwork/target/classes/assets/textures/plant/SunFlower/SunFlower/SunFlower_12.png
21:42:25.006 [JavaFX Application Thread] DEBUG FXGLAssetLoaderServi - Loading from file system: file:/C:/Users/dell/Desktop/OOP作业/Teamwork/target/classes/assets/textures/plant/SunFlower/SunFlower/SunFlower_13.png
21:42:25.007 [JavaFX Application Thread] DEBUG FXGLAssetLoaderServi - Loading from file system: file:/C:/Users/dell/Desktop/OOP作业/Teamwork/target/classes/assets/textures/plant/SunFlower/SunFlower/SunFlower_14.png
21:42:25.008 [JavaFX Application Thread] DEBUG FXGLAssetLoaderServi - Loading from file system: file:/C:/Users/dell/Desktop/OOP作业/Teamwork/target/classes/assets/textures/plant/SunFlower/SunFlower/SunFlower_15.png
21:42:25.009 [JavaFX Application Thread] DEBUG FXGLAssetLoaderServi - Loading from file system: file:/C:/Users/dell/Desktop/OOP作业/Teamwork/target/classes/assets/textures/plant/SunFlower/SunFlower/SunFlower_16.png
21:42:25.010 [JavaFX Application Thread] DEBUG FXGLAssetLoaderServi - Loading from file system: file:/C:/Users/dell/Desktop/OOP作业/Teamwork/target/classes/assets/textures/plant/SunFlower/SunFlower/SunFlower_17.png
21:42:28.206 [JavaFX Application Thread] DEBUG FXGLAssetLoaderServi - Loading from file system: file:/C:/Users/dell/Desktop/OOP作业/Teamwork/target/classes/assets/textures/plant/SunShine/SunShine_0.png
21:42:28.208 [JavaFX Application Thread] DEBUG FXGLAssetLoaderServi - Loading from file system: file:/C:/Users/dell/Desktop/OOP作业/Teamwork/target/classes/assets/textures/plant/SunShine/SunShine_1.png
21:42:28.209 [JavaFX Application Thread] DEBUG FXGLAssetLoaderServi - Loading from file system: file:/C:/Users/dell/Desktop/OOP作业/Teamwork/target/classes/assets/textures/plant/SunShine/SunShine_2.png
21:42:28.210 [JavaFX Application Thread] DEBUG FXGLAssetLoaderServi - Loading from file system: file:/C:/Users/dell/Desktop/OOP作业/Teamwork/target/classes/assets/textures/plant/SunShine/SunShine_3.png
21:42:28.211 [JavaFX Application Thread] DEBUG FXGLAssetLoaderServi - Loading from file system: file:/C:/Users/dell/Desktop/OOP作业/Teamwork/target/classes/assets/textures/plant/SunShine/SunShine_4.png
21:42:28.212 [JavaFX Application Thread] DEBUG FXGLAssetLoaderServi - Loading from file system: file:/C:/Users/dell/Desktop/OOP作业/Teamwork/target/classes/assets/textures/plant/SunShine/SunShine_5.png
21:42:28.214 [JavaFX Application Thread] DEBUG FXGLAssetLoaderServi - Loading from file system: file:/C:/Users/dell/Desktop/OOP作业/Teamwork/target/classes/assets/textures/plant/SunShine/SunShine_6.png
21:42:28.215 [JavaFX Application Thread] DEBUG FXGLAssetLoaderServi - Loading from file system: file:/C:/Users/dell/Desktop/OOP作业/Teamwork/target/classes/assets/textures/plant/SunShine/SunShine_7.png
21:42:28.215 [JavaFX Application Thread] DEBUG FXGLAssetLoaderServi - Loading from file system: file:/C:/Users/dell/Desktop/OOP作业/Teamwork/target/classes/assets/textures/plant/SunShine/SunShine_8.png
21:42:28.216 [JavaFX Application Thread] DEBUG FXGLAssetLoaderServi - Loading from file system: file:/C:/Users/dell/Desktop/OOP作业/Teamwork/target/classes/assets/textures/plant/SunShine/SunShine_9.png
21:42:28.217 [JavaFX Application Thread] DEBUG FXGLAssetLoaderServi - Loading from file system: file:/C:/Users/dell/Desktop/OOP作业/Teamwork/target/classes/assets/textures/plant/SunShine/SunShine_10.png
21:42:28.218 [JavaFX Application Thread] DEBUG FXGLAssetLoaderServi - Loading from file system: file:/C:/Users/dell/Desktop/OOP作业/Teamwork/target/classes/assets/textures/plant/SunShine/SunShine_11.png
21:42:28.219 [JavaFX Application Thread] DEBUG FXGLAssetLoaderServi - Loading from file system: file:/C:/Users/dell/Desktop/OOP作业/Teamwork/target/classes/assets/textures/plant/SunShine/SunShine_12.png
21:42:28.220 [JavaFX Application Thread] DEBUG FXGLAssetLoaderServi - Loading from file system: file:/C:/Users/dell/Desktop/OOP作业/Teamwork/target/classes/assets/textures/plant/SunShine/SunShine_13.png
21:42:28.221 [JavaFX Application Thread] DEBUG FXGLAssetLoaderServi - Loading from file system: file:/C:/Users/dell/Desktop/OOP作业/Teamwork/target/classes/assets/textures/plant/SunShine/SunShine_14.png
21:42:28.222 [JavaFX Application Thread] DEBUG FXGLAssetLoaderServi - Loading from file system: file:/C:/Users/dell/Desktop/OOP作业/Teamwork/target/classes/assets/textures/plant/SunShine/SunShine_15.png
21:42:28.223 [JavaFX Application Thread] DEBUG FXGLAssetLoaderServi - Loading from file system: file:/C:/Users/dell/Desktop/OOP作业/Teamwork/target/classes/assets/textures/plant/SunShine/SunShine_16.png
21:42:28.223 [JavaFX Application Thread] DEBUG FXGLAssetLoaderServi - Loading from file system: file:/C:/Users/dell/Desktop/OOP作业/Teamwork/target/classes/assets/textures/plant/SunShine/SunShine_17.png
21:42:28.224 [JavaFX Application Thread] DEBUG FXGLAssetLoaderServi - Loading from file system: file:/C:/Users/dell/Desktop/OOP作业/Teamwork/target/classes/assets/textures/plant/SunShine/SunShine_18.png
21:42:28.225 [JavaFX Application Thread] DEBUG FXGLAssetLoaderServi - Loading from file system: file:/C:/Users/dell/Desktop/OOP作业/Teamwork/target/classes/assets/textures/plant/SunShine/SunShine_19.png
21:42:28.225 [JavaFX Application Thread] DEBUG FXGLAssetLoaderServi - Loading from file system: file:/C:/Users/dell/Desktop/OOP作业/Teamwork/target/classes/assets/textures/plant/SunShine/SunShine_20.png
21:42:28.226 [JavaFX Application Thread] DEBUG FXGLAssetLoaderServi - Loading from file system: file:/C:/Users/dell/Desktop/OOP作业/Teamwork/target/classes/assets/textures/plant/SunShine/SunShine_21.png
21:42:28.227 [JavaFX Application Thread] DEBUG FXGLAssetLoaderServi - Loading from file system: file:/C:/Users/dell/Desktop/OOP作业/Teamwork/target/classes/assets/textures/plant/SunShine/SunShine_22.png
21:42:28.228 [JavaFX Application Thread] DEBUG FXGLAssetLoaderServi - Loading from file system: file:/C:/Users/dell/Desktop/OOP作业/Teamwork/target/classes/assets/textures/plant/SunShine/SunShine_23.png
21:42:28.228 [JavaFX Application Thread] DEBUG FXGLAssetLoaderServi - Loading from file system: file:/C:/Users/dell/Desktop/OOP作业/Teamwork/target/classes/assets/textures/plant/SunShine/SunShine_24.png
21:42:28.229 [JavaFX Application Thread] DEBUG FXGLAssetLoaderServi - Loading from file system: file:/C:/Users/dell/Desktop/OOP作业/Teamwork/target/classes/assets/textures/plant/SunShine/SunShine_25.png
21:42:28.230 [JavaFX Application Thread] DEBUG FXGLAssetLoaderServi - Loading from file system: file:/C:/Users/dell/Desktop/OOP作业/Teamwork/target/classes/assets/textures/plant/SunShine/SunShine_26.png
21:42:28.230 [JavaFX Application Thread] DEBUG FXGLAssetLoaderServi - Loading from file system: file:/C:/Users/dell/Desktop/OOP作业/Teamwork/target/classes/assets/textures/plant/SunShine/SunShine_27.png
21:42:28.231 [JavaFX Application Thread] DEBUG FXGLAssetLoaderServi - Loading from file system: file:/C:/Users/dell/Desktop/OOP作业/Teamwork/target/classes/assets/textures/plant/SunShine/SunShine_28.png
21:42:31.945 [JavaFX Application Thread] DEBUG FXGLAssetLoaderServi - Loading from file system: file:/C:/Users/dell/Desktop/OOP作业/Teamwork/target/classes/assets/textures/plant/PeaShooter/PeaShooter.png
21:42:32.381 [JavaFX Application Thread] WARN  FXGLAssetLoaderServi - Asset "/assets/sounds/placed.wav" was not found!
21:42:32.381 [JavaFX Application Thread] WARN  FXGLAssetLoaderServi - Failed to load SOUND
21:42:32.382 [JavaFX Application Thread] DEBUG FXGLAssetLoaderServi - Loading from file system: file:/C:/Users/dell/Desktop/OOP作业/Teamwork/target/classes/assets/textures/plant/PeaShooter/PeaShooter_0.png
21:42:32.384 [JavaFX Application Thread] DEBUG FXGLAssetLoaderServi - Loading from file system: file:/C:/Users/dell/Desktop/OOP作业/Teamwork/target/classes/assets/textures/plant/PeaShooter/PeaShooter_1.png
21:42:32.385 [JavaFX Application Thread] DEBUG FXGLAssetLoaderServi - Loading from file system: file:/C:/Users/dell/Desktop/OOP作业/Teamwork/target/classes/assets/textures/plant/PeaShooter/PeaShooter_2.png
21:42:32.386 [JavaFX Application Thread] DEBUG FXGLAssetLoaderServi - Loading from file system: file:/C:/Users/dell/Desktop/OOP作业/Teamwork/target/classes/assets/textures/plant/PeaShooter/PeaShooter_3.png
21:42:32.387 [JavaFX Application Thread] DEBUG FXGLAssetLoaderServi - Loading from file system: file:/C:/Users/dell/Desktop/OOP作业/Teamwork/target/classes/assets/textures/plant/PeaShooter/PeaShooter_4.png
21:42:32.388 [JavaFX Application Thread] DEBUG FXGLAssetLoaderServi - Loading from file system: file:/C:/Users/dell/Desktop/OOP作业/Teamwork/target/classes/assets/textures/plant/PeaShooter/PeaShooter_5.png
21:42:32.389 [JavaFX Application Thread] DEBUG FXGLAssetLoaderServi - Loading from file system: file:/C:/Users/dell/Desktop/OOP作业/Teamwork/target/classes/assets/textures/plant/PeaShooter/PeaShooter_6.png
21:42:32.390 [JavaFX Application Thread] DEBUG FXGLAssetLoaderServi - Loading from file system: file:/C:/Users/dell/Desktop/OOP作业/Teamwork/target/classes/assets/textures/plant/PeaShooter/PeaShooter_7.png
21:42:32.391 [JavaFX Application Thread] DEBUG FXGLAssetLoaderServi - Loading from file system: file:/C:/Users/dell/Desktop/OOP作业/Teamwork/target/classes/assets/textures/plant/PeaShooter/PeaShooter_8.png
21:42:32.392 [JavaFX Application Thread] DEBUG FXGLAssetLoaderServi - Loading from file system: file:/C:/Users/dell/Desktop/OOP作业/Teamwork/target/classes/assets/textures/plant/PeaShooter/PeaShooter_9.png
21:42:32.393 [JavaFX Application Thread] DEBUG FXGLAssetLoaderServi - Loading from file system: file:/C:/Users/dell/Desktop/OOP作业/Teamwork/target/classes/assets/textures/plant/PeaShooter/PeaShooter_10.png
21:42:32.394 [JavaFX Application Thread] DEBUG FXGLAssetLoaderServi - Loading from file system: file:/C:/Users/dell/Desktop/OOP作业/Teamwork/target/classes/assets/textures/plant/PeaShooter/PeaShooter_11.png
21:42:32.394 [JavaFX Application Thread] DEBUG FXGLAssetLoaderServi - Loading from file system: file:/C:/Users/dell/Desktop/OOP作业/Teamwork/target/classes/assets/textures/plant/PeaShooter/PeaShooter_12.png
21:42:35.567 [JavaFX Application Thread] DEBUG FXGLApplication      - Exiting FXGL
21:42:35.567 [JavaFX Application Thread] DEBUG LoopRunner           - Stopping loop
21:42:35.567 [JavaFX Application Thread] DEBUG SystemBundleService  - Saving FXGL system data
21:42:35.568 [JavaFX Application Thread] DEBUG FileSystemAccess     - Writing to: C:\Users\dell\Desktop\OOP作业\Teamwork\system\fxgl.bundle
21:42:35.569 [JavaFX Application Thread] DEBUG Async                - Shutting down background threads
21:42:35.569 [JavaFX Application Thread] DEBUG PrimaryStageWindow   - Closing main window
21:42:35.627 [JavaFX Application Thread] DEBUG Logger               - Closing Logger
