19:05:36.347 [main                     ] DEBUG Logger               - Configured Logger
19:05:36.385 [main                     ] DEBUG GameApplication      - Logging settings
Title: Plants Vs Zombies
Version: 0.0
Width: 750
Height: 533
Fullscreen: false
Intro: false
Profiling: false
Single step:false
App Mode: DEVELOPER
Menu Key: ESCAPE
Stage Style: DECORATED
Scene Factory: class com.zrt.pvz.PVZApp$1

19:05:36.884 [JavaFX Application Thread] DEBUG FXGLApplication      - Initializing FXGL
19:05:36.891 [JavaFX Application Thread] INFO  Engine               - FXGL-17.2 (20.08.2022 16.50) on WINDOWS (J:20.0.1 FX:20.0.1)
19:05:36.891 [JavaFX Application Thread] DEBUG Engine               - JRE Vendor Name: Oracle Corporation
19:05:36.891 [JavaFX Application Thread] DEBUG Engine               - Running on OS: Windows 11 version 10.0
19:05:36.892 [JavaFX Application Thread] DEBUG Engine               - Architecture: amd64
19:05:36.892 [JavaFX Application Thread] INFO  Engine               - Source code and latest versions at: https://github.com/AlmasB/FXGL
19:05:36.892 [JavaFX Application Thread] INFO  Engine               -       Ask questions and discuss at: https://github.com/AlmasB/FXGL/discussions
19:05:36.892 [JavaFX Application Thread] INFO  Engine               -              Join the FXGL chat at: https://gitter.im/AlmasB/FXGL
19:05:37.112 [JavaFX Application Thread] DEBUG PrimaryStageWindow   - Creating a JavaFX scene
19:05:37.191 [JavaFX Application Thread] DEBUG PrimaryStageWindow   - Target settings size: 750.0 x 533.0
19:05:37.191 [JavaFX Application Thread] DEBUG PrimaryStageWindow   - Scaled scene size:    750.0 x 533.0
19:05:37.191 [JavaFX Application Thread] DEBUG PrimaryStageWindow   - Scaled ratio: (1.0, 1.0)
19:05:37.193 [JavaFX Application Thread] DEBUG PrimaryStageWindow   - Set initial scene to GameStartupScene
19:05:37.196 [JavaFX Application Thread] DEBUG PrimaryStageWindow   - Opening main window
19:05:37.582 [JavaFX Application Thread] DEBUG PrimaryStageWindow   - Window border size: (14.79998779296875, 38.20001220703125)
19:05:37.582 [JavaFX Application Thread] DEBUG PrimaryStageWindow   - Scaled size: 750.0 x 533.0
19:05:37.582 [JavaFX Application Thread] DEBUG PrimaryStageWindow   - Scaled ratio: (1.0, 1.0)
19:05:37.583 [JavaFX Application Thread] DEBUG PrimaryStageWindow   - Scene size: 750.0 x 533.0
19:05:37.583 [JavaFX Application Thread] DEBUG PrimaryStageWindow   - Stage size: 764.7999877929688 x 571.2000122070312
19:05:37.588 [FXGL Background Thread 1 ] DEBUG Engine               - Initializing environment variables
19:05:37.616 [JavaFX Application Thread] DEBUG LoopRunner           - Stopping loop
19:05:37.616 [JavaFX Application Thread] DEBUG LoopRunner           - Initializing JavaFX AnimationTimerLoop
19:05:37.618 [JavaFX Application Thread] FATAL FXGLApplication      - Uncaught Exception:
java.lang.NullPointerException
	at com.almasb.fxgl.all@17.2/com.almasb.fxgl.app.services.FXGLAssetLoaderService.load(FXGLAssetLoaderService.kt:496)
	at com.almasb.fxgl.all@17.2/com.almasb.fxgl.app.services.FXGLAssetLoaderService.loadSound(FXGLAssetLoaderService.kt:196)
	at com.almasb.fxgl.all@17.2/com.almasb.fxgl.dsl.FXGL$Companion.play(FXGL.kt:441)
	at com.almasb.fxgl.all@17.2/com.almasb.fxgl.dsl.FXGL.play(FXGL.kt)
	at Teamwork/com.zrt.pvz.ui.ImageButton.lambda$new$2(ImageButton.java:32)
	at javafx.base@20.0.1/com.sun.javafx.event.CompositeEventHandler.dispatchBubblingEvent(CompositeEventHandler.java:86)
	at javafx.base@20.0.1/com.sun.javafx.event.EventHandlerManager.dispatchBubblingEvent(EventHandlerManager.java:232)
	at javafx.base@20.0.1/com.sun.javafx.event.EventHandlerManager.dispatchBubblingEvent(EventHandlerManager.java:189)
	at javafx.base@20.0.1/com.sun.javafx.event.CompositeEventDispatcher.dispatchBubblingEvent(CompositeEventDispatcher.java:59)
	at javafx.base@20.0.1/com.sun.javafx.event.BasicEventDispatcher.dispatchEvent(BasicEventDispatcher.java:58)
	at javafx.base@20.0.1/com.sun.javafx.event.EventDispatchChainImpl.dispatchEvent(EventDispatchChainImpl.java:114)
	at javafx.base@20.0.1/com.sun.javafx.event.BasicEventDispatcher.dispatchEvent(BasicEventDispatcher.java:56)
	at javafx.base@20.0.1/com.sun.javafx.event.EventDispatchChainImpl.dispatchEvent(EventDispatchChainImpl.java:114)
	at javafx.base@20.0.1/com.sun.javafx.event.BasicEventDispatcher.dispatchEvent(BasicEventDispatcher.java:56)
	at javafx.base@20.0.1/com.sun.javafx.event.EventDispatchChainImpl.dispatchEvent(EventDispatchChainImpl.java:114)
	at javafx.base@20.0.1/com.sun.javafx.event.EventUtil.fireEventImpl(EventUtil.java:74)
	at javafx.base@20.0.1/com.sun.javafx.event.EventUtil.fireEvent(EventUtil.java:54)
	at javafx.base@20.0.1/javafx.event.Event.fireEvent(Event.java:198)
	at javafx.base@20.0.1/com.sun.javafx.event.EventQueue.fire(EventQueue.java:48)
	at javafx.graphics@20.0.1/javafx.scene.Scene$MouseHandler.handleEnterExit(Scene.java:3894)
	at javafx.graphics@20.0.1/javafx.scene.Scene$MouseHandler.process(Scene.java:3965)
	at javafx.graphics@20.0.1/javafx.scene.Scene.processMouseEvent(Scene.java:1890)
	at javafx.graphics@20.0.1/javafx.scene.Scene$ScenePeerListener.mouseEvent(Scene.java:2704)
	at javafx.graphics@20.0.1/com.sun.javafx.tk.quantum.GlassViewEventHandler$MouseEventNotification.run(GlassViewEventHandler.java:411)
	at javafx.graphics@20.0.1/com.sun.javafx.tk.quantum.GlassViewEventHandler$MouseEventNotification.run(GlassViewEventHandler.java:301)
	at java.base/java.security.AccessController.doPrivileged(AccessController.java:400)
	at javafx.graphics@20.0.1/com.sun.javafx.tk.quantum.GlassViewEventHandler.lambda$handleMouseEvent$2(GlassViewEventHandler.java:450)
	at javafx.graphics@20.0.1/com.sun.javafx.tk.quantum.QuantumToolkit.runWithoutRenderLock(QuantumToolkit.java:424)
	at javafx.graphics@20.0.1/com.sun.javafx.tk.quantum.GlassViewEventHandler.handleMouseEvent(GlassViewEventHandler.java:449)
	at javafx.graphics@20.0.1/com.sun.glass.ui.View.handleMouseEvent(View.java:551)
	at javafx.graphics@20.0.1/com.sun.glass.ui.View.notifyMouse(View.java:937)
	at javafx.graphics@20.0.1/com.sun.glass.ui.win.WinApplication._runLoop(Native Method)
	at javafx.graphics@20.0.1/com.sun.glass.ui.win.WinApplication.lambda$runLoop$3(WinApplication.java:185)
	at java.base/java.lang.Thread.run(Thread.java:1623)

19:05:37.618 [JavaFX Application Thread] FATAL FXGLApplication      - Application will now exit
19:05:37.633 [FXGL Background Thread 1 ] DEBUG FXGLAssetLoaderServi - User app class for loading assets: class com.zrt.pvz.PVZApp
19:05:37.634 [FXGL Background Thread 1 ] DEBUG GameApplicationServi - Applying CSS: fxgl_dark.css
19:05:37.634 [FXGL Background Thread 1 ] DEBUG FXGLAssetLoaderServi - Loading from file system: jar:file:///C:/Users/dell/.m2/repository/com/github/almasb/fxgl/17.2/fxgl-17.2.jar!/fxglassets/ui/css/fxgl_dark.css
19:05:37.635 [FXGL Background Thread 1 ] DEBUG GameApplicationServi - Initializing application scenes
19:05:37.641 [FXGL Background Thread 1 ] DEBUG GameWorld            - Game world initialized
19:05:37.646 [JavaFX Application Thread] DEBUG PrimaryStageWindow   - Push state: ErrorSubScene
19:05:37.646 [JavaFX Application Thread] DEBUG Input                - Clearing active input actions
19:05:37.658 [JavaFX Application Thread] DEBUG GameApplicationServi - Removing overlay from GameStartupScene and adding to ErrorSubScene
19:05:37.658 [JavaFX Application Thread] DEBUG PrimaryStageWindow   - GameStartupScene -> ErrorSubScene
19:05:37.708 [FXGL Background Thread 1 ] DEBUG PhysicsWorld         - Physics world initialized: appHeight=533, physics.ppm=50.0
19:05:37.708 [FXGL Background Thread 1 ] DEBUG PhysicsWorld         - Using strategy: BRUTE_FORCE
19:05:37.714 [FXGL Background Thread 1 ] DEBUG GameScene            - Game scene initialized: 750x533
19:05:37.757 [FXGL Background Thread 1 ] DEBUG FXGLAssetLoaderServi - Loading from file system: file:/C:/Users/dell/Desktop/OOP作业/Teamwork/target/classes/assets/textures/ui/mainMenu/bg.png
19:05:37.839 [FXGL Background Thread 1 ] DEBUG FXGLAssetLoaderServi - Loading from file system: file:/C:/Users/dell/Desktop/OOP作业/Teamwork/target/classes/assets/textures/ui/mainMenu/puzzle.png
19:05:37.865 [FXGL Background Thread 1 ] DEBUG FXGLAssetLoaderServi - Loading from file system: file:/C:/Users/dell/Desktop/OOP作业/Teamwork/target/classes/assets/textures/ui/mainMenu/userBoard.png
19:05:37.897 [FXGL Background Thread 1 ] DEBUG FXGLAssetLoaderServi - Loading from file system: file:/C:/Users/dell/Desktop/OOP作业/Teamwork/target/classes/assets/textures/ui/gameMenu/Menu.png
19:05:37.926 [FXGL Background Thread 1 ] DEBUG GameApplicationServi - Application scenes initialized
19:05:37.940 [FXGL Background Thread 1 ] DEBUG SystemBundleService  - Loading FXGL system data
19:05:37.944 [FXGL Background Thread 1 ] DEBUG FileSystemAccess     - Reading from: C:\Users\dell\Desktop\OOP作业\Teamwork\system\fxgl.bundle
19:05:37.951 [FXGL Background Thread 1 ] DEBUG SystemBundleService  - Bundle FXGL: {}
19:05:37.951 [FXGL Background Thread 1 ] DEBUG UpdaterService       - Checking for updates
19:05:37.978 [FXGL Background Thread 4 ] DEBUG FXGLApplication      - Loading fonts
19:05:37.979 [FXGL Background Thread 4 ] DEBUG FXGLAssetLoaderServi - Loading from file system: jar:file:///C:/Users/dell/.m2/repository/com/github/almasb/fxgl/17.2/fxgl-17.2.jar!/fxglassets/ui/fonts/VarelaRound-Regular.ttf
19:05:37.979 [FXGL Background Thread 1 ] DEBUG FXGLApplication      - Loading default localization
19:05:37.981 [FXGL Background Thread 1 ] DEBUG FXGLAssetLoaderServi - Loading from file system: jar:file:///C:/Users/dell/.m2/repository/com/github/almasb/fxgl/17.2/fxgl-17.2.jar!/fxglassets/languages/english.lang
19:05:38.096 [FXGL Background Thread 1 ] INFO  FXGLApplication      - FXGL initialization took: 0.507 sec
19:05:38.110 [FXGL Background Thread 4 ] DEBUG FXGLAssetLoaderServi - Loading from file system: jar:file:///C:/Users/dell/.m2/repository/com/github/almasb/fxgl/17.2/fxgl-17.2.jar!/fxglassets/ui/fonts/Abel-Regular.ttf
19:05:38.113 [FXGL Background Thread 4 ] DEBUG FXGLAssetLoaderServi - Loading from file system: jar:file:///C:/Users/dell/.m2/repository/com/github/almasb/fxgl/17.2/fxgl-17.2.jar!/fxglassets/ui/fonts/TerminalLandMono-Regular.otf
19:05:38.116 [FXGL Background Thread 4 ] DEBUG FXGLAssetLoaderServi - Loading from file system: jar:file:///C:/Users/dell/.m2/repository/com/github/almasb/fxgl/17.2/fxgl-17.2.jar!/fxglassets/ui/fonts/Courier-Prime.ttf
19:05:38.221 [JavaFX Application Thread] DEBUG FXGLAssetLoaderServi - Loading from file system: file:/C:/Users/dell/Desktop/OOP作业/Teamwork/target/classes/assets/textures/logo.jpg
19:05:38.237 [JavaFX Application Thread] DEBUG FXGLAssetLoaderServi - Loading from file system: jar:file:///C:/Users/dell/.m2/repository/com/github/almasb/fxgl/17.2/fxgl-17.2.jar!/fxglassets/textures/fxgl_default_cursor.png
19:05:38.245 [JavaFX Application Thread] DEBUG Input                - Registered new binding: Screenshot - CTRL+8
19:05:38.245 [JavaFX Application Thread] DEBUG Input                - Registered new binding: System info dump - CTRL+9
19:05:38.247 [JavaFX Application Thread] DEBUG Input                - Registered new binding: Restart - CTRL+R
19:05:38.248 [JavaFX Application Thread] DEBUG Input                - Registered new binding: Toggle Debug Camera - CTRL+7
19:05:38.251 [JavaFX Application Thread] DEBUG LoopRunner           - Starting loop
19:05:38.253 [JavaFX Application Thread] DEBUG PrimaryStageWindow   - Pop state: ErrorSubScene
19:05:38.253 [JavaFX Application Thread] DEBUG Input                - Clearing active input actions
19:05:38.255 [JavaFX Application Thread] DEBUG GameApplicationServi - Removing overlay from ErrorSubScene and adding to GameStartupScene
19:05:38.256 [JavaFX Application Thread] DEBUG PrimaryStageWindow   - GameStartupScene <- ErrorSubScene
19:05:38.256 [JavaFX Application Thread] DEBUG Input                - Clearing active input actions
19:05:38.265 [JavaFX Application Thread] DEBUG GameApplicationServi - Removing overlay from GameStartupScene and adding to FXGLMainMenuDummyScene
19:05:38.265 [JavaFX Application Thread] DEBUG PrimaryStageWindow   - GameStartupScene -> FXGLMainMenuDummyScene
19:05:38.266 [JavaFX Application Thread] DEBUG PrimaryStageWindow   - Push state: MainMenu
19:05:38.266 [JavaFX Application Thread] DEBUG FXGLAssetLoaderServi - Loading from file system: file:/C:/Users/dell/Desktop/OOP作业/Teamwork/target/classes/assets/music/mainMenu.wav
19:05:38.394 [JavaFX Application Thread] DEBUG AudioPlayer          - Playing music com.almasb.fxgl.audio.Music@3d25c82e
19:05:38.395 [JavaFX Application Thread] DEBUG Input                - Clearing active input actions
19:05:38.397 [JavaFX Application Thread] DEBUG GameApplicationServi - Removing overlay from FXGLMainMenuDummyScene and adding to MainMenu
19:05:38.397 [JavaFX Application Thread] DEBUG PrimaryStageWindow   - FXGLMainMenuDummyScene -> MainMenu
19:05:38.397 [JavaFX Application Thread] DEBUG FXGLApplication      - Registering font factories with UI factory
19:05:38.430 [JavaFX Application Thread] WARN  FXGLAssetLoaderServi - Asset "/assets/sounds/mainMenuHover.wav" was not found!
19:05:38.430 [JavaFX Application Thread] WARN  FXGLAssetLoaderServi - Failed to load SOUND
19:05:39.186 [JavaFX Application Thread] WARN  FXGLAssetLoaderServi - Asset "/assets/sounds/select.wav" was not found!
19:05:39.186 [JavaFX Application Thread] WARN  FXGLAssetLoaderServi - Failed to load SOUND
19:05:39.186 [JavaFX Application Thread] DEBUG FXGLAssetLoaderServi - Loading from file system: file:/C:/Users/dell/Desktop/OOP作业/Teamwork/target/classes/assets/textures/ui/mainMenu/ZombieHand.png
19:05:39.200 [JavaFX Application Thread] DEBUG GameApplicationServi - Starting new game
19:05:39.200 [JavaFX Application Thread] DEBUG PrimaryStageWindow   - Pop state: MainMenu
19:05:39.200 [JavaFX Application Thread] DEBUG Input                - Clearing active input actions
19:05:39.200 [JavaFX Application Thread] DEBUG GameApplicationServi - Removing overlay from MainMenu and adding to FXGLMainMenuDummyScene
19:05:39.200 [JavaFX Application Thread] DEBUG PrimaryStageWindow   - FXGLMainMenuDummyScene <- MainMenu
19:05:39.200 [JavaFX Application Thread] DEBUG Input                - Clearing active input actions
19:05:39.205 [JavaFX Application Thread] DEBUG GameApplicationServi - Removing overlay from FXGLMainMenuDummyScene and adding to FXGLLoadingScene
19:05:39.205 [JavaFX Application Thread] DEBUG PrimaryStageWindow   - FXGLMainMenuDummyScene -> FXGLLoadingScene
19:05:39.205 [JavaFX Application Thread] DEBUG GameApplicationServi - Clearing previous game
19:05:39.205 [JavaFX Application Thread] DEBUG GameScene            - Clearing game scene
19:05:39.205 [JavaFX Application Thread] DEBUG GameWorld            - Clearing game world
19:05:39.205 [JavaFX Application Thread] DEBUG PhysicsWorld         - Clearing physics world
19:05:39.209 [FXGL Background Thread 4 ] DEBUG FXGLApplication      - Initializing game
19:05:39.218 [FXGL Background Thread 4 ] DEBUG FXGLAssetLoaderServi - Loading JSON from: file:/C:/Users/dell/Desktop/OOP作业/Teamwork/target/classes/assets/data/plant/Imitator.json
19:05:39.507 [FXGL Background Thread 4 ] DEBUG FXGLAssetLoaderServi - Loading JSON from: file:/C:/Users/dell/Desktop/OOP作业/Teamwork/target/classes/assets/levels/level1.json
19:05:39.518 [FXGL Background Thread 4 ] DEBUG FXGLAssetLoaderServi - Loading from file system: file:/C:/Users/dell/Desktop/OOP作业/Teamwork/target/classes/assets/textures/ui/choose/WallNut.png
19:05:39.524 [FXGL Background Thread 4 ] DEBUG FXGLAssetLoaderServi - Loading from file system: file:/C:/Users/dell/Desktop/OOP作业/Teamwork/target/classes/assets/textures/map/map1.jpg
19:05:39.650 [FXGL Background Thread 4 ] DEBUG FXGLAssetLoaderServi - Loading JSON from: file:/C:/Users/dell/Desktop/OOP作业/Teamwork/target/classes/assets/data/zombie/NormalZombie.json
19:05:39.661 [FXGL Background Thread 4 ] DEBUG FXGLAssetLoaderServi - Loading JSON from: file:/C:/Users/dell/Desktop/OOP作业/Teamwork/target/classes/assets/data/zombie/ConeheadZombie.json
19:05:39.671 [FXGL Background Thread 4 ] DEBUG FXGLAssetLoaderServi - Loading from file system: file:/C:/Users/dell/Desktop/OOP作业/Teamwork/target/classes/assets/textures/zombie/ConeheadZombie/ConeheadZombieShow/ConeheadZombieShow_0.png
19:05:39.672 [FXGL Background Thread 4 ] DEBUG FXGLAssetLoaderServi - Loading from file system: file:/C:/Users/dell/Desktop/OOP作业/Teamwork/target/classes/assets/textures/zombie/ConeheadZombie/ConeheadZombieShow/ConeheadZombieShow_1.png
19:05:39.673 [FXGL Background Thread 4 ] DEBUG FXGLAssetLoaderServi - Loading from file system: file:/C:/Users/dell/Desktop/OOP作业/Teamwork/target/classes/assets/textures/zombie/ConeheadZombie/ConeheadZombieShow/ConeheadZombieShow_2.png
19:05:39.674 [FXGL Background Thread 4 ] DEBUG FXGLAssetLoaderServi - Loading from file system: file:/C:/Users/dell/Desktop/OOP作业/Teamwork/target/classes/assets/textures/zombie/ConeheadZombie/ConeheadZombieShow/ConeheadZombieShow_3.png
19:05:39.675 [FXGL Background Thread 4 ] DEBUG FXGLAssetLoaderServi - Loading from file system: file:/C:/Users/dell/Desktop/OOP作业/Teamwork/target/classes/assets/textures/zombie/ConeheadZombie/ConeheadZombieShow/ConeheadZombieShow_4.png
19:05:39.683 [FXGL Background Thread 4 ] DEBUG FXGLAssetLoaderServi - Loading from file system: file:/C:/Users/dell/Desktop/OOP作业/Teamwork/target/classes/assets/textures/zombie/NormalZombie/ZombieShow/ZombieShow_0.png
19:05:39.684 [FXGL Background Thread 4 ] DEBUG FXGLAssetLoaderServi - Loading from file system: file:/C:/Users/dell/Desktop/OOP作业/Teamwork/target/classes/assets/textures/zombie/NormalZombie/ZombieShow/ZombieShow_1.png
19:05:39.685 [FXGL Background Thread 4 ] DEBUG FXGLAssetLoaderServi - Loading from file system: file:/C:/Users/dell/Desktop/OOP作业/Teamwork/target/classes/assets/textures/zombie/NormalZombie/ZombieShow/ZombieShow_2.png
19:05:39.686 [FXGL Background Thread 4 ] DEBUG FXGLAssetLoaderServi - Loading from file system: file:/C:/Users/dell/Desktop/OOP作业/Teamwork/target/classes/assets/textures/zombie/NormalZombie/ZombieShow/ZombieShow_3.png
19:05:39.686 [FXGL Background Thread 4 ] DEBUG FXGLAssetLoaderServi - Loading from file system: file:/C:/Users/dell/Desktop/OOP作业/Teamwork/target/classes/assets/textures/zombie/NormalZombie/ZombieShow/ZombieShow_4.png
19:05:39.697 [FXGL Background Thread 4 ] DEBUG FXGLAssetLoaderServi - Loading JSON from: file:/C:/Users/dell/Desktop/OOP作业/Teamwork/target/classes/assets/data/MapPoint.json
19:05:39.718 [FXGL Background Thread 4 ] INFO  FXGLApplication      - Game initialization took: 0.509 sec
19:05:39.718 [JavaFX Application Thread] DEBUG Input                - Clearing active input actions
19:05:39.722 [JavaFX Application Thread] DEBUG GameApplicationServi - Removing overlay from FXGLLoadingScene and adding to GameScene
19:05:39.723 [JavaFX Application Thread] DEBUG PrimaryStageWindow   - FXGLLoadingScene -> GameScene
19:05:39.801 [FXGL Background Thread 2 ] INFO  UpdaterService       - Your current version:  17.2
19:05:39.802 [FXGL Background Thread 2 ] INFO  UpdaterService       - Latest stable version: 17.3
19:05:40.974 [FXGL Background Thread 3 ] DEBUG Engine               - Logging environment variables
19:05:40.974 [FXGL Background Thread 3 ] DEBUG Engine               - achievements: []
19:05:40.974 [FXGL Background Thread 3 ] DEBUG Engine               - actualHeight: 533.0
19:05:40.974 [FXGL Background Thread 3 ] DEBUG Engine               - actualHeightProperty: ReadOnlyDoubleProperty [value: 533.0]
19:05:40.974 [FXGL Background Thread 3 ] DEBUG Engine               - actualWidth: 750.0
19:05:40.974 [FXGL Background Thread 3 ] DEBUG Engine               - actualWidthProperty: ReadOnlyDoubleProperty [value: 750.0]
19:05:40.974 [FXGL Background Thread 3 ] DEBUG Engine               - appIcon: logo.jpg
19:05:40.974 [FXGL Background Thread 3 ] DEBUG Engine               - applicationMode: DEVELOPER
19:05:40.974 [FXGL Background Thread 3 ] DEBUG Engine               - cSSList: [fxgl_dark.css]
19:05:40.974 [FXGL Background Thread 3 ] DEBUG Engine               - collisionDetectionStrategy: BRUTE_FORCE
19:05:40.974 [FXGL Background Thread 3 ] DEBUG Engine               - configClass: Optional.empty
19:05:40.974 [FXGL Background Thread 3 ] DEBUG Engine               - credits: []
19:05:40.976 [FXGL Background Thread 3 ] DEBUG Engine               - defaultCursor: CursorInfo(imageName=fxgl_default_cursor.png, hotspotX=7.0, hotspotY=6.0)
19:05:40.976 [FXGL Background Thread 3 ] DEBUG Engine               - devBBoxColorProperty: ObjectProperty [value: 0xff0000ff]
19:05:40.976 [FXGL Background Thread 3 ] DEBUG Engine               - devEnableDebugCameraProperty: BooleanProperty [value: false]
19:05:40.976 [FXGL Background Thread 3 ] DEBUG Engine               - devSensorColorProperty: ObjectProperty [value: 0xffff00ff]
19:05:40.976 [FXGL Background Thread 3 ] DEBUG Engine               - devShowBBoxProperty: BooleanProperty [value: false]
19:05:40.976 [FXGL Background Thread 3 ] DEBUG Engine               - devShowPositionProperty: BooleanProperty [value: false]
19:05:40.976 [FXGL Background Thread 3 ] DEBUG Engine               - enabledMenuItems: []
19:05:40.976 [FXGL Background Thread 3 ] DEBUG Engine               - engineServices: [class com.almasb.fxgl.app.services.FXGLAssetLoaderService, class com.almasb.fxgl.app.FXGLApplication$GameApplicationService, class com.almasb.fxgl.app.services.FXGLDialogService, class com.almasb.fxgl.app.services.IOTaskExecutorService, class com.almasb.fxgl.io.FileSystemService, class com.almasb.fxgl.localization.LocalizationService, class com.almasb.fxgl.app.services.SystemBundleService, class com.almasb.fxgl.profile.SaveLoadService, class com.almasb.fxgl.ui.FXGLUIFactoryServiceProvider, class com.almasb.fxgl.ui.FXGLDialogFactoryServiceProvider, class com.almasb.fxgl.audio.AudioPlayer, class com.almasb.fxgl.notification.impl.NotificationServiceProvider, class com.almasb.fxgl.achievement.AchievementService, class com.almasb.fxgl.cutscene.CutsceneService, class com.almasb.fxgl.minigames.MiniGameService, class com.almasb.fxgl.net.NetService, class com.almasb.fxgl.app.services.UpdaterService, class com.almasb.fxgl.dev.DevService]
19:05:40.976 [FXGL Background Thread 3 ] DEBUG Engine               - fontGame: Abel-Regular.ttf
19:05:40.976 [FXGL Background Thread 3 ] DEBUG Engine               - fontMono: TerminalLandMono-Regular.otf
19:05:40.976 [FXGL Background Thread 3 ] DEBUG Engine               - fontText: Courier-Prime.ttf
19:05:40.976 [FXGL Background Thread 3 ] DEBUG Engine               - fontUI: VarelaRound-Regular.ttf
19:05:40.976 [FXGL Background Thread 3 ] DEBUG Engine               - fullScreen: BooleanProperty [value: false]
19:05:40.976 [FXGL Background Thread 3 ] DEBUG Engine               - gameDifficulty: MEDIUM
19:05:40.976 [FXGL Background Thread 3 ] DEBUG Engine               - gameDifficultyProperty: ObjectProperty [value: MEDIUM]
19:05:40.976 [FXGL Background Thread 3 ] DEBUG Engine               - globalMusicVolume: 0.5
19:05:40.976 [FXGL Background Thread 3 ] DEBUG Engine               - globalMusicVolumeProperty: DoubleProperty [value: 0.5]
19:05:40.976 [FXGL Background Thread 3 ] DEBUG Engine               - globalSoundVolume: 0.5
19:05:40.976 [FXGL Background Thread 3 ] DEBUG Engine               - globalSoundVolumeProperty: DoubleProperty [value: 0.5]
19:05:40.976 [FXGL Background Thread 3 ] DEBUG Engine               - height: 533
19:05:40.976 [FXGL Background Thread 3 ] DEBUG Engine               - is3D: false
19:05:40.976 [FXGL Background Thread 3 ] DEBUG Engine               - isAndroid: false
19:05:40.976 [FXGL Background Thread 3 ] DEBUG Engine               - isBrowser: false
19:05:40.976 [FXGL Background Thread 3 ] DEBUG Engine               - isClickFeedbackEnabled: false
19:05:40.976 [FXGL Background Thread 3 ] DEBUG Engine               - isCloseConfirmation: false
19:05:40.976 [FXGL Background Thread 3 ] DEBUG Engine               - isDesktop: true
19:05:40.976 [FXGL Background Thread 3 ] DEBUG Engine               - isDeveloperMenuEnabled: false
19:05:40.976 [FXGL Background Thread 3 ] DEBUG Engine               - isEmbedded: false
19:05:40.977 [FXGL Background Thread 3 ] DEBUG Engine               - isEntityPreloadEnabled: true
19:05:40.977 [FXGL Background Thread 3 ] DEBUG Engine               - isExperimentalTiledLargeMap: false
19:05:40.977 [FXGL Background Thread 3 ] DEBUG Engine               - isFileSystemWriteAllowed: true
19:05:40.977 [FXGL Background Thread 3 ] DEBUG Engine               - isFullScreenAllowed: false
19:05:40.977 [FXGL Background Thread 3 ] DEBUG Engine               - isFullScreenFromStart: false
19:05:40.977 [FXGL Background Thread 3 ] DEBUG Engine               - isGameMenuEnabled: true
19:05:40.977 [FXGL Background Thread 3 ] DEBUG Engine               - isIOS: false
19:05:40.977 [FXGL Background Thread 3 ] DEBUG Engine               - isIntroEnabled: false
19:05:40.977 [FXGL Background Thread 3 ] DEBUG Engine               - isLinux: false
19:05:40.977 [FXGL Background Thread 3 ] DEBUG Engine               - isMac: false
19:05:40.977 [FXGL Background Thread 3 ] DEBUG Engine               - isMainMenuEnabled: true
19:05:40.977 [FXGL Background Thread 3 ] DEBUG Engine               - isManualResizeEnabled: false
19:05:40.977 [FXGL Background Thread 3 ] DEBUG Engine               - isMobile: false
19:05:40.977 [FXGL Background Thread 3 ] DEBUG Engine               - isNative: false
19:05:40.977 [FXGL Background Thread 3 ] DEBUG Engine               - isPauseMusicWhenMinimized: true
19:05:40.977 [FXGL Background Thread 3 ] DEBUG Engine               - isPreserveResizeRatio: false
19:05:40.977 [FXGL Background Thread 3 ] DEBUG Engine               - isProfilingEnabled: false
19:05:40.977 [FXGL Background Thread 3 ] DEBUG Engine               - isScaleAffectedOnResize: true
19:05:40.977 [FXGL Background Thread 3 ] DEBUG Engine               - isSingleStep: false
19:05:40.977 [FXGL Background Thread 3 ] DEBUG Engine               - isUserProfileEnabled: false
19:05:40.977 [FXGL Background Thread 3 ] DEBUG Engine               - isWindows: true
19:05:40.977 [FXGL Background Thread 3 ] DEBUG Engine               - language: ObjectProperty [value: ENGLISH]
19:05:40.977 [FXGL Background Thread 3 ] DEBUG Engine               - menuKey: ESCAPE
19:05:40.977 [FXGL Background Thread 3 ] DEBUG Engine               - mouseSensitivity: 0.2
19:05:40.977 [FXGL Background Thread 3 ] DEBUG Engine               - notificationViewClass: class com.almasb.fxgl.notification.view.XboxNotificationView
19:05:40.977 [FXGL Background Thread 3 ] DEBUG Engine               - pixelsPerMeter: 50.0
19:05:40.977 [FXGL Background Thread 3 ] DEBUG Engine               - platform: WINDOWS
19:05:40.977 [FXGL Background Thread 3 ] DEBUG Engine               - prefHeightProperty: ReadOnlyDoubleProperty [value: 533.0]
19:05:40.977 [FXGL Background Thread 3 ] DEBUG Engine               - prefWidthProperty: ReadOnlyDoubleProperty [value: 750.0]
19:05:40.977 [FXGL Background Thread 3 ] DEBUG Engine               - profileDir: profiles/
19:05:40.977 [FXGL Background Thread 3 ] DEBUG Engine               - profileName: StringProperty [value: DEFAULT]
19:05:40.977 [FXGL Background Thread 3 ] DEBUG Engine               - randomSeed: -1
19:05:40.977 [FXGL Background Thread 3 ] DEBUG Engine               - runtimeInfo: RuntimeInfo(platform=WINDOWS, version=17.2, build=20.08.2022 16.50)
19:05:40.977 [FXGL Background Thread 3 ] DEBUG Engine               - saveFileExt: sav
19:05:40.977 [FXGL Background Thread 3 ] DEBUG Engine               - scaledHeightProp$fxgl: DoubleProperty [bound, value: 533.0]
19:05:40.978 [FXGL Background Thread 3 ] DEBUG Engine               - scaledWidthProp$fxgl: DoubleProperty [bound, value: 750.0]
19:05:40.978 [FXGL Background Thread 3 ] DEBUG Engine               - sceneFactory: com.zrt.pvz.PVZApp$1@1f080d0a
19:05:40.978 [FXGL Background Thread 3 ] DEBUG Engine               - secondsIn24h: 60
19:05:40.978 [FXGL Background Thread 3 ] DEBUG Engine               - soundMenuBack: menu/back.wav
19:05:40.978 [FXGL Background Thread 3 ] DEBUG Engine               - soundMenuPress: menu/press.wav
19:05:40.978 [FXGL Background Thread 3 ] DEBUG Engine               - soundMenuSelect: menu/select.wav
19:05:40.978 [FXGL Background Thread 3 ] DEBUG Engine               - soundNotification: core/notification.wav
19:05:40.978 [FXGL Background Thread 3 ] DEBUG Engine               - stageStyle: DECORATED
19:05:40.978 [FXGL Background Thread 3 ] DEBUG Engine               - supportedLanguages: [ENGLISH, FRENCH, GERMAN, HUNGARIAN, RUSSIAN]
19:05:40.978 [FXGL Background Thread 3 ] DEBUG Engine               - ticksPerSecond: -1
19:05:40.978 [FXGL Background Thread 3 ] DEBUG Engine               - title: Plants Vs Zombies
19:05:40.978 [FXGL Background Thread 3 ] DEBUG Engine               - urlGithub: https://github.com/AlmasB/FXGL
19:05:40.978 [FXGL Background Thread 3 ] DEBUG Engine               - urlLeaderboard: http://fxgl-top.herokuapp.com/
19:05:40.978 [FXGL Background Thread 3 ] DEBUG Engine               - urlPOM: https://raw.githubusercontent.com/AlmasB/FXGL/release/README.md
19:05:40.978 [FXGL Background Thread 3 ] DEBUG Engine               - userAppClass: class com.zrt.pvz.PVZApp
19:05:40.978 [FXGL Background Thread 3 ] DEBUG Engine               - version: 0.0
19:05:40.978 [FXGL Background Thread 3 ] DEBUG Engine               - versionCheckDays: 7
19:05:40.978 [FXGL Background Thread 3 ] DEBUG Engine               - width: 750
19:05:40.978 [FXGL Background Thread 3 ] DEBUG Engine               - Logging services
19:05:40.978 [FXGL Background Thread 3 ] DEBUG Engine               - class com.almasb.fxgl.app.services.FXGLAssetLoaderService
19:05:40.978 [FXGL Background Thread 3 ] DEBUG Engine               - class com.almasb.fxgl.app.FXGLApplication$GameApplicationService
19:05:40.978 [FXGL Background Thread 3 ] DEBUG Engine               - class com.almasb.fxgl.app.services.FXGLDialogService
19:05:40.978 [FXGL Background Thread 3 ] DEBUG Engine               - class com.almasb.fxgl.app.services.IOTaskExecutorService
19:05:40.978 [FXGL Background Thread 3 ] DEBUG Engine               - class com.almasb.fxgl.io.FileSystemService
19:05:40.978 [FXGL Background Thread 3 ] DEBUG Engine               - class com.almasb.fxgl.localization.LocalizationService
19:05:40.978 [FXGL Background Thread 3 ] DEBUG Engine               - class com.almasb.fxgl.app.services.SystemBundleService
19:05:40.978 [FXGL Background Thread 3 ] DEBUG Engine               - class com.almasb.fxgl.profile.SaveLoadService
19:05:40.978 [FXGL Background Thread 3 ] DEBUG Engine               - class com.almasb.fxgl.ui.FXGLUIFactoryServiceProvider
19:05:40.978 [FXGL Background Thread 3 ] DEBUG Engine               - class com.almasb.fxgl.ui.FXGLDialogFactoryServiceProvider
19:05:40.978 [FXGL Background Thread 3 ] DEBUG Engine               - class com.almasb.fxgl.audio.AudioPlayer
19:05:40.978 [FXGL Background Thread 3 ] DEBUG Engine               - class com.almasb.fxgl.notification.impl.NotificationServiceProvider
19:05:40.978 [FXGL Background Thread 3 ] DEBUG Engine               - class com.almasb.fxgl.achievement.AchievementService
19:05:40.978 [FXGL Background Thread 3 ] DEBUG Engine               - class com.almasb.fxgl.cutscene.CutsceneService
19:05:40.978 [FXGL Background Thread 3 ] DEBUG Engine               - class com.almasb.fxgl.minigames.MiniGameService
19:05:40.978 [FXGL Background Thread 3 ] DEBUG Engine               - class com.almasb.fxgl.net.NetService
19:05:40.978 [FXGL Background Thread 3 ] DEBUG Engine               - class com.almasb.fxgl.app.services.UpdaterService
19:05:40.978 [FXGL Background Thread 3 ] DEBUG Engine               - class com.almasb.fxgl.dev.DevService
19:05:44.516 [JavaFX Application Thread] DEBUG FXGLAssetLoaderServi - Loading from file system: file:/C:/Users/dell/Desktop/OOP作业/Teamwork/target/classes/assets/textures/ui/choose/chosenBg.png
19:05:44.524 [JavaFX Application Thread] DEBUG FXGLAssetLoaderServi - Loading from file system: file:/C:/Users/dell/Desktop/OOP作业/Teamwork/target/classes/assets/textures/ui/choose/ChoosePlant.png
19:05:44.536 [JavaFX Application Thread] DEBUG FXGLAssetLoaderServi - Loading JSON from: file:/C:/Users/dell/Desktop/OOP作业/Teamwork/target/classes/assets/data/plant/SunFlower.json
19:05:44.542 [JavaFX Application Thread] DEBUG FXGLAssetLoaderServi - Loading from file system: file:/C:/Users/dell/Desktop/OOP作业/Teamwork/target/classes/assets/textures/ui/choose/SunFlower.png
19:05:44.546 [JavaFX Application Thread] DEBUG FXGLAssetLoaderServi - Loading JSON from: file:/C:/Users/dell/Desktop/OOP作业/Teamwork/target/classes/assets/data/plant/PeaShooter.json
19:05:44.549 [JavaFX Application Thread] DEBUG FXGLAssetLoaderServi - Loading from file system: file:/C:/Users/dell/Desktop/OOP作业/Teamwork/target/classes/assets/textures/ui/choose/PeaShooter.png
19:05:44.551 [JavaFX Application Thread] DEBUG FXGLAssetLoaderServi - Loading JSON from: file:/C:/Users/dell/Desktop/OOP作业/Teamwork/target/classes/assets/data/plant/WallNut.json
19:05:44.555 [JavaFX Application Thread] DEBUG FXGLAssetLoaderServi - Loading JSON from: file:/C:/Users/dell/Desktop/OOP作业/Teamwork/target/classes/assets/data/plant/CherryBomb.json
19:05:44.561 [JavaFX Application Thread] DEBUG FXGLAssetLoaderServi - Loading from file system: file:/C:/Users/dell/Desktop/OOP作业/Teamwork/target/classes/assets/textures/ui/choose/CherryBomb.png
19:05:44.562 [JavaFX Application Thread] DEBUG FXGLAssetLoaderServi - Loading JSON from: file:/C:/Users/dell/Desktop/OOP作业/Teamwork/target/classes/assets/data/plant/PotatoMine.json
19:05:44.569 [JavaFX Application Thread] DEBUG FXGLAssetLoaderServi - Loading from file system: file:/C:/Users/dell/Desktop/OOP作业/Teamwork/target/classes/assets/textures/ui/choose/PotatoMine.png
19:05:44.571 [JavaFX Application Thread] DEBUG FXGLAssetLoaderServi - Loading JSON from: file:/C:/Users/dell/Desktop/OOP作业/Teamwork/target/classes/assets/data/plant/Chomper.json
19:05:44.574 [JavaFX Application Thread] DEBUG FXGLAssetLoaderServi - Loading from file system: file:/C:/Users/dell/Desktop/OOP作业/Teamwork/target/classes/assets/textures/ui/choose/Chomper.png
19:05:44.576 [JavaFX Application Thread] DEBUG FXGLAssetLoaderServi - Loading JSON from: file:/C:/Users/dell/Desktop/OOP作业/Teamwork/target/classes/assets/data/plant/Puffshroom.json
19:05:44.580 [JavaFX Application Thread] DEBUG FXGLAssetLoaderServi - Loading from file system: file:/C:/Users/dell/Desktop/OOP作业/Teamwork/target/classes/assets/textures/ui/choose/PuffShroom.png
19:05:50.062 [JavaFX Application Thread] DEBUG FXGLApplication      - Exiting FXGL
19:05:50.062 [JavaFX Application Thread] DEBUG Async                - Shutting down background threads
19:05:50.063 [JavaFX Application Thread] DEBUG PrimaryStageWindow   - Closing main window
19:05:50.092 [JavaFX Application Thread] DEBUG Logger               - Closing Logger
