01:20:03.482 [main                     ] DEBUG Logger               - Configured Logger
01:20:03.503 [main                     ] DEBUG GameApplication      - Logging settings
Title: Plants Vs Zombies
Version: 0.0
Width: 750
Height: 533
Fullscreen: false
Intro: false
Profiling: false
Single step:false
App Mode: DEVELOPER
Menu Key: ESCAPE
Stage Style: DECORATED
Scene Factory: class com.zrt.pvz.PVZApp$1

01:20:03.767 [JavaFX Application Thread] DEBUG FXGLApplication      - Initializing FXGL
01:20:03.770 [JavaFX Application Thread] INFO  Engine               - FXGL-17.2 (20.08.2022 16.50) on WINDOWS (J:20.0.1 FX:20.0.1)
01:20:03.770 [JavaFX Application Thread] DEBUG Engine               - JRE Vendor Name: Oracle Corporation
01:20:03.771 [JavaFX Application Thread] DEBUG Engine               - Running on OS: Windows 11 version 10.0
01:20:03.771 [JavaFX Application Thread] DEBUG Engine               - Architecture: amd64
01:20:03.771 [JavaFX Application Thread] INFO  Engine               - Source code and latest versions at: https://github.com/AlmasB/FXGL
01:20:03.771 [JavaFX Application Thread] INFO  Engine               -       Ask questions and discuss at: https://github.com/AlmasB/FXGL/discussions
01:20:03.771 [JavaFX Application Thread] INFO  Engine               -              Join the FXGL chat at: https://gitter.im/AlmasB/FXGL
01:20:03.911 [JavaFX Application Thread] DEBUG PrimaryStageWindow   - Creating a JavaFX scene
01:20:03.962 [JavaFX Application Thread] DEBUG PrimaryStageWindow   - Target settings size: 750.0 x 533.0
01:20:03.962 [JavaFX Application Thread] DEBUG PrimaryStageWindow   - Scaled scene size:    750.0 x 533.0
01:20:03.962 [JavaFX Application Thread] DEBUG PrimaryStageWindow   - Scaled ratio: (1.0, 1.0)
01:20:03.963 [JavaFX Application Thread] DEBUG PrimaryStageWindow   - Set initial scene to GameStartupScene
01:20:03.965 [JavaFX Application Thread] DEBUG PrimaryStageWindow   - Opening main window
01:20:04.224 [JavaFX Application Thread] DEBUG PrimaryStageWindow   - Window border size: (14.79998779296875, 38.20001220703125)
01:20:04.224 [JavaFX Application Thread] DEBUG PrimaryStageWindow   - Scaled size: 750.0 x 533.0
01:20:04.225 [JavaFX Application Thread] DEBUG PrimaryStageWindow   - Scaled ratio: (1.0, 1.0)
01:20:04.225 [JavaFX Application Thread] DEBUG PrimaryStageWindow   - Scene size: 750.0 x 533.0
01:20:04.225 [JavaFX Application Thread] DEBUG PrimaryStageWindow   - Stage size: 764.7999877929688 x 571.2000122070312
01:20:04.231 [FXGL Background Thread 1 ] DEBUG Engine               - Initializing environment variables
01:20:04.266 [FXGL Background Thread 1 ] DEBUG FXGLAssetLoaderServi - User app class for loading assets: class com.zrt.pvz.PVZApp
01:20:04.267 [FXGL Background Thread 1 ] DEBUG GameApplicationServi - Applying CSS: fxgl_dark.css
01:20:04.267 [FXGL Background Thread 1 ] DEBUG FXGLAssetLoaderServi - Loading from file system: jar:file:///C:/Users/dell/.m2/repository/com/github/almasb/fxgl/17.2/fxgl-17.2.jar!/fxglassets/ui/css/fxgl_dark.css
01:20:04.278 [FXGL Background Thread 1 ] DEBUG GameApplicationServi - Initializing application scenes
01:20:04.287 [FXGL Background Thread 1 ] DEBUG GameWorld            - Game world initialized
01:20:04.322 [FXGL Background Thread 1 ] DEBUG PhysicsWorld         - Physics world initialized: appHeight=533, physics.ppm=50.0
01:20:04.323 [FXGL Background Thread 1 ] DEBUG PhysicsWorld         - Using strategy: BRUTE_FORCE
01:20:04.326 [FXGL Background Thread 1 ] DEBUG GameScene            - Game scene initialized: 750x533
01:20:04.337 [FXGL Background Thread 1 ] DEBUG FXGLAssetLoaderServi - Loading from file system: file:/C:/Users/dell/Desktop/OOP作业/Teamwork/target/classes/assets/textures/ui/mainMenu/bg.png
01:20:04.388 [FXGL Background Thread 1 ] DEBUG FXGLAssetLoaderServi - Loading from file system: file:/C:/Users/dell/Desktop/OOP作业/Teamwork/target/classes/assets/textures/ui/mainMenu/smallgame.png
01:20:04.408 [FXGL Background Thread 1 ] DEBUG FXGLAssetLoaderServi - Loading from file system: file:/C:/Users/dell/Desktop/OOP作业/Teamwork/target/classes/assets/textures/ui/mainMenu/puzzle.png
01:20:04.417 [FXGL Background Thread 1 ] DEBUG FXGLAssetLoaderServi - Loading from file system: file:/C:/Users/dell/Desktop/OOP作业/Teamwork/target/classes/assets/textures/ui/mainMenu/userBoard.png
01:20:04.429 [FXGL Background Thread 1 ] DEBUG FXGLAssetLoaderServi - Loading from file system: file:/C:/Users/dell/Desktop/OOP作业/Teamwork/target/classes/assets/textures/ui/gameMenu/Menu.png
01:20:04.441 [FXGL Background Thread 1 ] DEBUG GameApplicationServi - Application scenes initialized
01:20:04.450 [FXGL Background Thread 1 ] DEBUG SystemBundleService  - Loading FXGL system data
01:20:04.451 [FXGL Background Thread 1 ] DEBUG FileSystemAccess     - Reading from: C:\Users\dell\Desktop\OOP作业\Teamwork\system\fxgl.bundle
01:20:04.454 [FXGL Background Thread 1 ] DEBUG SystemBundleService  - Bundle FXGL: {}
01:20:04.454 [FXGL Background Thread 1 ] DEBUG UpdaterService       - Checking for updates
01:20:04.461 [FXGL Background Thread 4 ] DEBUG FXGLApplication      - Loading fonts
01:20:04.461 [FXGL Background Thread 4 ] DEBUG FXGLAssetLoaderServi - Loading from file system: jar:file:///C:/Users/dell/.m2/repository/com/github/almasb/fxgl/17.2/fxgl-17.2.jar!/fxglassets/ui/fonts/VarelaRound-Regular.ttf
01:20:04.461 [FXGL Background Thread 1 ] DEBUG FXGLApplication      - Loading default localization
01:20:04.462 [FXGL Background Thread 1 ] DEBUG FXGLAssetLoaderServi - Loading from file system: jar:file:///C:/Users/dell/.m2/repository/com/github/almasb/fxgl/17.2/fxgl-17.2.jar!/fxglassets/languages/english.lang
01:20:04.502 [FXGL Background Thread 1 ] INFO  FXGLApplication      - FXGL initialization took: 0.272 sec
01:20:04.504 [JavaFX Application Thread] DEBUG FXGLAssetLoaderServi - Loading from file system: file:/C:/Users/dell/Desktop/OOP作业/Teamwork/target/classes/assets/textures/logo.jpg
01:20:04.510 [JavaFX Application Thread] DEBUG FXGLAssetLoaderServi - Loading from file system: jar:file:///C:/Users/dell/.m2/repository/com/github/almasb/fxgl/17.2/fxgl-17.2.jar!/fxglassets/textures/fxgl_default_cursor.png
01:20:04.522 [JavaFX Application Thread] DEBUG Input                - Registered new binding: Screenshot - CTRL+8
01:20:04.523 [JavaFX Application Thread] DEBUG Input                - Registered new binding: System info dump - CTRL+9
01:20:04.523 [JavaFX Application Thread] DEBUG Input                - Registered new binding: Restart - CTRL+R
01:20:04.525 [JavaFX Application Thread] DEBUG Input                - Registered new binding: Toggle Debug Camera - CTRL+7
01:20:04.529 [JavaFX Application Thread] DEBUG LoopRunner           - Starting loop
01:20:04.529 [JavaFX Application Thread] DEBUG LoopRunner           - Initializing JavaFX AnimationTimerLoop
01:20:04.534 [FXGL Background Thread 4 ] DEBUG FXGLAssetLoaderServi - Loading from file system: jar:file:///C:/Users/dell/.m2/repository/com/github/almasb/fxgl/17.2/fxgl-17.2.jar!/fxglassets/ui/fonts/Abel-Regular.ttf
01:20:04.535 [JavaFX Application Thread] DEBUG Input                - Clearing active input actions
01:20:04.536 [FXGL Background Thread 4 ] DEBUG FXGLAssetLoaderServi - Loading from file system: jar:file:///C:/Users/dell/.m2/repository/com/github/almasb/fxgl/17.2/fxgl-17.2.jar!/fxglassets/ui/fonts/TerminalLandMono-Regular.otf
01:20:04.538 [FXGL Background Thread 4 ] DEBUG FXGLAssetLoaderServi - Loading from file system: jar:file:///C:/Users/dell/.m2/repository/com/github/almasb/fxgl/17.2/fxgl-17.2.jar!/fxglassets/ui/fonts/Courier-Prime.ttf
01:20:04.540 [JavaFX Application Thread] DEBUG GameApplicationServi - Removing overlay from GameStartupScene and adding to FXGLMainMenuDummyScene
01:20:04.540 [JavaFX Application Thread] DEBUG PrimaryStageWindow   - GameStartupScene -> FXGLMainMenuDummyScene
01:20:04.540 [JavaFX Application Thread] DEBUG PrimaryStageWindow   - Push state: MainMenu
01:20:04.540 [JavaFX Application Thread] DEBUG FXGLAssetLoaderServi - Loading from file system: file:/C:/Users/dell/Desktop/OOP作业/Teamwork/target/classes/assets/music/mainMenu.wav
01:20:04.682 [JavaFX Application Thread] DEBUG AudioPlayer          - Playing music com.almasb.fxgl.audio.Music@5e3ec2a3
01:20:04.683 [JavaFX Application Thread] DEBUG Input                - Clearing active input actions
01:20:04.685 [JavaFX Application Thread] DEBUG GameApplicationServi - Removing overlay from FXGLMainMenuDummyScene and adding to MainMenu
01:20:04.686 [JavaFX Application Thread] DEBUG PrimaryStageWindow   - FXGLMainMenuDummyScene -> MainMenu
01:20:04.712 [JavaFX Application Thread] WARN  FXGLAssetLoaderServi - Asset "/assets/sounds/mainMenuHover.wav" was not found!
01:20:04.712 [JavaFX Application Thread] WARN  FXGLAssetLoaderServi - Failed to load SOUND
01:20:04.714 [JavaFX Application Thread] DEBUG FXGLApplication      - Registering font factories with UI factory
01:20:05.409 [JavaFX Application Thread] WARN  FXGLAssetLoaderServi - Asset "/assets/sounds/mainMenuHover.wav" was not found!
01:20:05.409 [JavaFX Application Thread] WARN  FXGLAssetLoaderServi - Failed to load SOUND
01:20:05.787 [JavaFX Application Thread] WARN  FXGLAssetLoaderServi - Asset "/assets/sounds/select.wav" was not found!
01:20:05.787 [JavaFX Application Thread] WARN  FXGLAssetLoaderServi - Failed to load SOUND
01:20:05.789 [JavaFX Application Thread] DEBUG FXGLAssetLoaderServi - Loading from file system: file:/C:/Users/dell/Desktop/OOP作业/Teamwork/target/classes/assets/textures/ui/changeUserDialog/dialog.png
01:20:05.802 [JavaFX Application Thread] DEBUG PrimaryStageWindow   - Push state: ChangeUserDialog
01:20:05.802 [JavaFX Application Thread] DEBUG Input                - Clearing active input actions
01:20:05.803 [JavaFX Application Thread] DEBUG GameApplicationServi - Removing overlay from MainMenu and adding to ChangeUserDialog
01:20:05.803 [JavaFX Application Thread] DEBUG PrimaryStageWindow   - MainMenu -> ChangeUserDialog
01:20:07.280 [JavaFX Application Thread] WARN  FXGLAssetLoaderServi - Asset "/assets/sounds/mainMenuHover.wav" was not found!
01:20:07.280 [JavaFX Application Thread] WARN  FXGLAssetLoaderServi - Failed to load SOUND
01:20:07.462 [FXGL Background Thread 3 ] DEBUG Engine               - Logging environment variables
01:20:07.462 [FXGL Background Thread 3 ] DEBUG Engine               - achievements: []
01:20:07.462 [FXGL Background Thread 3 ] DEBUG Engine               - actualHeight: 533.0
01:20:07.462 [FXGL Background Thread 3 ] DEBUG Engine               - actualHeightProperty: ReadOnlyDoubleProperty [value: 533.0]
01:20:07.463 [FXGL Background Thread 3 ] DEBUG Engine               - actualWidth: 750.0
01:20:07.463 [FXGL Background Thread 3 ] DEBUG Engine               - actualWidthProperty: ReadOnlyDoubleProperty [value: 750.0]
01:20:07.463 [FXGL Background Thread 3 ] DEBUG Engine               - appIcon: logo.jpg
01:20:07.463 [FXGL Background Thread 3 ] DEBUG Engine               - applicationMode: DEVELOPER
01:20:07.463 [FXGL Background Thread 3 ] DEBUG Engine               - cSSList: [fxgl_dark.css]
01:20:07.463 [FXGL Background Thread 3 ] DEBUG Engine               - collisionDetectionStrategy: BRUTE_FORCE
01:20:07.463 [FXGL Background Thread 3 ] DEBUG Engine               - configClass: Optional.empty
01:20:07.463 [FXGL Background Thread 3 ] DEBUG Engine               - credits: []
01:20:07.464 [FXGL Background Thread 3 ] DEBUG Engine               - defaultCursor: CursorInfo(imageName=fxgl_default_cursor.png, hotspotX=7.0, hotspotY=6.0)
01:20:07.464 [FXGL Background Thread 3 ] DEBUG Engine               - devBBoxColorProperty: ObjectProperty [value: 0xff0000ff]
01:20:07.465 [FXGL Background Thread 3 ] DEBUG Engine               - devEnableDebugCameraProperty: BooleanProperty [value: false]
01:20:07.465 [FXGL Background Thread 3 ] DEBUG Engine               - devSensorColorProperty: ObjectProperty [value: 0xffff00ff]
01:20:07.465 [FXGL Background Thread 3 ] DEBUG Engine               - devShowBBoxProperty: BooleanProperty [value: false]
01:20:07.465 [FXGL Background Thread 3 ] DEBUG Engine               - devShowPositionProperty: BooleanProperty [value: false]
01:20:07.465 [FXGL Background Thread 3 ] DEBUG Engine               - enabledMenuItems: []
01:20:07.465 [FXGL Background Thread 3 ] DEBUG Engine               - engineServices: [class com.almasb.fxgl.app.services.FXGLAssetLoaderService, class com.almasb.fxgl.app.FXGLApplication$GameApplicationService, class com.almasb.fxgl.app.services.FXGLDialogService, class com.almasb.fxgl.app.services.IOTaskExecutorService, class com.almasb.fxgl.io.FileSystemService, class com.almasb.fxgl.localization.LocalizationService, class com.almasb.fxgl.app.services.SystemBundleService, class com.almasb.fxgl.profile.SaveLoadService, class com.almasb.fxgl.ui.FXGLUIFactoryServiceProvider, class com.almasb.fxgl.ui.FXGLDialogFactoryServiceProvider, class com.almasb.fxgl.audio.AudioPlayer, class com.almasb.fxgl.notification.impl.NotificationServiceProvider, class com.almasb.fxgl.achievement.AchievementService, class com.almasb.fxgl.cutscene.CutsceneService, class com.almasb.fxgl.minigames.MiniGameService, class com.almasb.fxgl.net.NetService, class com.almasb.fxgl.app.services.UpdaterService, class com.almasb.fxgl.dev.DevService]
01:20:07.465 [FXGL Background Thread 3 ] DEBUG Engine               - fontGame: Abel-Regular.ttf
01:20:07.465 [FXGL Background Thread 3 ] DEBUG Engine               - fontMono: TerminalLandMono-Regular.otf
01:20:07.465 [FXGL Background Thread 3 ] DEBUG Engine               - fontText: Courier-Prime.ttf
01:20:07.465 [FXGL Background Thread 3 ] DEBUG Engine               - fontUI: VarelaRound-Regular.ttf
01:20:07.465 [FXGL Background Thread 3 ] DEBUG Engine               - fullScreen: BooleanProperty [value: false]
01:20:07.465 [FXGL Background Thread 3 ] DEBUG Engine               - gameDifficulty: MEDIUM
01:20:07.465 [FXGL Background Thread 3 ] DEBUG Engine               - gameDifficultyProperty: ObjectProperty [value: MEDIUM]
01:20:07.465 [FXGL Background Thread 3 ] DEBUG Engine               - globalMusicVolume: 0.5
01:20:07.465 [FXGL Background Thread 3 ] DEBUG Engine               - globalMusicVolumeProperty: DoubleProperty [value: 0.5]
01:20:07.465 [FXGL Background Thread 3 ] DEBUG Engine               - globalSoundVolume: 0.5
01:20:07.465 [FXGL Background Thread 3 ] DEBUG Engine               - globalSoundVolumeProperty: DoubleProperty [value: 0.5]
01:20:07.465 [FXGL Background Thread 3 ] DEBUG Engine               - height: 533
01:20:07.465 [FXGL Background Thread 3 ] DEBUG Engine               - is3D: false
01:20:07.466 [FXGL Background Thread 3 ] DEBUG Engine               - isAndroid: false
01:20:07.466 [FXGL Background Thread 3 ] DEBUG Engine               - isBrowser: false
01:20:07.466 [FXGL Background Thread 3 ] DEBUG Engine               - isClickFeedbackEnabled: false
01:20:07.466 [FXGL Background Thread 3 ] DEBUG Engine               - isCloseConfirmation: false
01:20:07.466 [FXGL Background Thread 3 ] DEBUG Engine               - isDesktop: true
01:20:07.466 [FXGL Background Thread 3 ] DEBUG Engine               - isDeveloperMenuEnabled: false
01:20:07.466 [FXGL Background Thread 3 ] DEBUG Engine               - isEmbedded: false
01:20:07.466 [FXGL Background Thread 3 ] DEBUG Engine               - isEntityPreloadEnabled: true
01:20:07.466 [FXGL Background Thread 3 ] DEBUG Engine               - isExperimentalTiledLargeMap: false
01:20:07.466 [FXGL Background Thread 3 ] DEBUG Engine               - isFileSystemWriteAllowed: true
01:20:07.466 [FXGL Background Thread 3 ] DEBUG Engine               - isFullScreenAllowed: false
01:20:07.466 [FXGL Background Thread 3 ] DEBUG Engine               - isFullScreenFromStart: false
01:20:07.466 [FXGL Background Thread 3 ] DEBUG Engine               - isGameMenuEnabled: true
01:20:07.466 [FXGL Background Thread 3 ] DEBUG Engine               - isIOS: false
01:20:07.466 [FXGL Background Thread 3 ] DEBUG Engine               - isIntroEnabled: false
01:20:07.466 [FXGL Background Thread 3 ] DEBUG Engine               - isLinux: false
01:20:07.466 [FXGL Background Thread 3 ] DEBUG Engine               - isMac: false
01:20:07.466 [FXGL Background Thread 3 ] DEBUG Engine               - isMainMenuEnabled: true
01:20:07.466 [FXGL Background Thread 3 ] DEBUG Engine               - isManualResizeEnabled: false
01:20:07.466 [FXGL Background Thread 3 ] DEBUG Engine               - isMobile: false
01:20:07.466 [FXGL Background Thread 3 ] DEBUG Engine               - isNative: false
01:20:07.466 [FXGL Background Thread 3 ] DEBUG Engine               - isPauseMusicWhenMinimized: true
01:20:07.466 [FXGL Background Thread 3 ] DEBUG Engine               - isPreserveResizeRatio: false
01:20:07.466 [FXGL Background Thread 3 ] DEBUG Engine               - isProfilingEnabled: false
01:20:07.466 [FXGL Background Thread 3 ] DEBUG Engine               - isScaleAffectedOnResize: true
01:20:07.466 [FXGL Background Thread 3 ] DEBUG Engine               - isSingleStep: false
01:20:07.466 [FXGL Background Thread 3 ] DEBUG Engine               - isUserProfileEnabled: false
01:20:07.466 [FXGL Background Thread 3 ] DEBUG Engine               - isWindows: true
01:20:07.466 [FXGL Background Thread 3 ] DEBUG Engine               - language: ObjectProperty [value: ENGLISH]
01:20:07.466 [FXGL Background Thread 3 ] DEBUG Engine               - menuKey: ESCAPE
01:20:07.466 [FXGL Background Thread 3 ] DEBUG Engine               - mouseSensitivity: 0.2
01:20:07.466 [FXGL Background Thread 3 ] DEBUG Engine               - notificationViewClass: class com.almasb.fxgl.notification.view.XboxNotificationView
01:20:07.466 [FXGL Background Thread 3 ] DEBUG Engine               - pixelsPerMeter: 50.0
01:20:07.466 [FXGL Background Thread 3 ] DEBUG Engine               - platform: WINDOWS
01:20:07.466 [FXGL Background Thread 3 ] DEBUG Engine               - prefHeightProperty: ReadOnlyDoubleProperty [value: 533.0]
01:20:07.466 [FXGL Background Thread 3 ] DEBUG Engine               - prefWidthProperty: ReadOnlyDoubleProperty [value: 750.0]
01:20:07.466 [FXGL Background Thread 3 ] DEBUG Engine               - profileDir: profiles/
01:20:07.466 [FXGL Background Thread 3 ] DEBUG Engine               - profileName: StringProperty [value: DEFAULT]
01:20:07.466 [FXGL Background Thread 3 ] DEBUG Engine               - randomSeed: -1
01:20:07.467 [FXGL Background Thread 3 ] DEBUG Engine               - runtimeInfo: RuntimeInfo(platform=WINDOWS, version=17.2, build=20.08.2022 16.50)
01:20:07.467 [FXGL Background Thread 3 ] DEBUG Engine               - saveFileExt: sav
01:20:07.467 [FXGL Background Thread 3 ] DEBUG Engine               - scaledHeightProp$fxgl: DoubleProperty [bound, value: 533.0]
01:20:07.467 [FXGL Background Thread 3 ] DEBUG Engine               - scaledWidthProp$fxgl: DoubleProperty [bound, value: 750.0]
01:20:07.467 [FXGL Background Thread 3 ] DEBUG Engine               - sceneFactory: com.zrt.pvz.PVZApp$1@56f1dec2
01:20:07.467 [FXGL Background Thread 3 ] DEBUG Engine               - secondsIn24h: 60
01:20:07.467 [FXGL Background Thread 3 ] DEBUG Engine               - soundMenuBack: menu/back.wav
01:20:07.467 [FXGL Background Thread 3 ] DEBUG Engine               - soundMenuPress: menu/press.wav
01:20:07.467 [FXGL Background Thread 3 ] DEBUG Engine               - soundMenuSelect: menu/select.wav
01:20:07.467 [FXGL Background Thread 3 ] DEBUG Engine               - soundNotification: core/notification.wav
01:20:07.467 [FXGL Background Thread 3 ] DEBUG Engine               - stageStyle: DECORATED
01:20:07.467 [FXGL Background Thread 3 ] DEBUG Engine               - supportedLanguages: [ENGLISH, FRENCH, GERMAN, HUNGARIAN, RUSSIAN]
01:20:07.467 [FXGL Background Thread 3 ] DEBUG Engine               - ticksPerSecond: -1
01:20:07.467 [FXGL Background Thread 3 ] DEBUG Engine               - title: Plants Vs Zombies
01:20:07.467 [FXGL Background Thread 3 ] DEBUG Engine               - urlGithub: https://github.com/AlmasB/FXGL
01:20:07.467 [FXGL Background Thread 3 ] DEBUG Engine               - urlLeaderboard: http://fxgl-top.herokuapp.com/
01:20:07.467 [FXGL Background Thread 3 ] DEBUG Engine               - urlPOM: https://raw.githubusercontent.com/AlmasB/FXGL/release/README.md
01:20:07.467 [FXGL Background Thread 3 ] DEBUG Engine               - userAppClass: class com.zrt.pvz.PVZApp
01:20:07.467 [FXGL Background Thread 3 ] DEBUG Engine               - version: 0.0
01:20:07.467 [FXGL Background Thread 3 ] DEBUG Engine               - versionCheckDays: 7
01:20:07.467 [FXGL Background Thread 3 ] DEBUG Engine               - width: 750
01:20:07.467 [FXGL Background Thread 3 ] DEBUG Engine               - Logging services
01:20:07.467 [FXGL Background Thread 3 ] DEBUG Engine               - class com.almasb.fxgl.app.services.FXGLAssetLoaderService
01:20:07.467 [FXGL Background Thread 3 ] DEBUG Engine               - class com.almasb.fxgl.app.FXGLApplication$GameApplicationService
01:20:07.467 [FXGL Background Thread 3 ] DEBUG Engine               - class com.almasb.fxgl.app.services.FXGLDialogService
01:20:07.467 [FXGL Background Thread 3 ] DEBUG Engine               - class com.almasb.fxgl.app.services.IOTaskExecutorService
01:20:07.467 [FXGL Background Thread 3 ] DEBUG Engine               - class com.almasb.fxgl.io.FileSystemService
01:20:07.467 [FXGL Background Thread 3 ] DEBUG Engine               - class com.almasb.fxgl.localization.LocalizationService
01:20:07.467 [FXGL Background Thread 3 ] DEBUG Engine               - class com.almasb.fxgl.app.services.SystemBundleService
01:20:07.468 [FXGL Background Thread 3 ] DEBUG Engine               - class com.almasb.fxgl.profile.SaveLoadService
01:20:07.468 [FXGL Background Thread 3 ] DEBUG Engine               - class com.almasb.fxgl.ui.FXGLUIFactoryServiceProvider
01:20:07.468 [FXGL Background Thread 3 ] DEBUG Engine               - class com.almasb.fxgl.ui.FXGLDialogFactoryServiceProvider
01:20:07.468 [FXGL Background Thread 3 ] DEBUG Engine               - class com.almasb.fxgl.audio.AudioPlayer
01:20:07.468 [FXGL Background Thread 3 ] DEBUG Engine               - class com.almasb.fxgl.notification.impl.NotificationServiceProvider
01:20:07.468 [FXGL Background Thread 3 ] DEBUG Engine               - class com.almasb.fxgl.achievement.AchievementService
01:20:07.468 [FXGL Background Thread 3 ] DEBUG Engine               - class com.almasb.fxgl.cutscene.CutsceneService
01:20:07.468 [FXGL Background Thread 3 ] DEBUG Engine               - class com.almasb.fxgl.minigames.MiniGameService
01:20:07.468 [FXGL Background Thread 3 ] DEBUG Engine               - class com.almasb.fxgl.net.NetService
01:20:07.468 [FXGL Background Thread 3 ] DEBUG Engine               - class com.almasb.fxgl.app.services.UpdaterService
01:20:07.468 [FXGL Background Thread 3 ] DEBUG Engine               - class com.almasb.fxgl.dev.DevService
01:20:08.002 [JavaFX Application Thread] DEBUG PrimaryStageWindow   - Push state: CreateNewUser
01:20:08.002 [JavaFX Application Thread] DEBUG Input                - Clearing active input actions
01:20:08.003 [JavaFX Application Thread] DEBUG GameApplicationServi - Removing overlay from ChangeUserDialog and adding to CreateNewUser
01:20:08.003 [JavaFX Application Thread] DEBUG PrimaryStageWindow   - ChangeUserDialog -> CreateNewUser
01:20:12.453 [JavaFX Application Thread] DEBUG PrimaryStageWindow   - Pop state: CreateNewUser
01:20:12.453 [JavaFX Application Thread] DEBUG Input                - Clearing active input actions
01:20:12.453 [JavaFX Application Thread] DEBUG GameApplicationServi - Removing overlay from CreateNewUser and adding to ChangeUserDialog
01:20:12.453 [JavaFX Application Thread] DEBUG PrimaryStageWindow   - ChangeUserDialog <- CreateNewUser
01:20:12.453 [JavaFX Application Thread] DEBUG PrimaryStageWindow   - Pop state: ChangeUserDialog
01:20:12.453 [JavaFX Application Thread] DEBUG Input                - Clearing active input actions
01:20:12.454 [JavaFX Application Thread] DEBUG GameApplicationServi - Removing overlay from ChangeUserDialog and adding to MainMenu
01:20:12.454 [JavaFX Application Thread] DEBUG PrimaryStageWindow   - MainMenu <- ChangeUserDialog
01:20:14.534 [JavaFX Application Thread] WARN  FXGLAssetLoaderServi - Asset "/assets/sounds/mainMenuHover.wav" was not found!
01:20:14.534 [JavaFX Application Thread] WARN  FXGLAssetLoaderServi - Failed to load SOUND
01:20:14.906 [JavaFX Application Thread] WARN  FXGLAssetLoaderServi - Asset "/assets/sounds/mainMenuHover.wav" was not found!
01:20:14.906 [JavaFX Application Thread] WARN  FXGLAssetLoaderServi - Failed to load SOUND
01:20:15.948 [JavaFX Application Thread] WARN  FXGLAssetLoaderServi - Asset "/assets/sounds/mainMenuHover.wav" was not found!
01:20:15.948 [JavaFX Application Thread] WARN  FXGLAssetLoaderServi - Failed to load SOUND
01:20:18.189 [JavaFX Application Thread] DEBUG FXGLApplication      - Exiting FXGL
01:20:18.189 [JavaFX Application Thread] DEBUG LoopRunner           - Stopping loop
01:20:18.189 [JavaFX Application Thread] DEBUG SystemBundleService  - Saving FXGL system data
01:20:18.191 [JavaFX Application Thread] DEBUG FileSystemAccess     - Writing to: C:\Users\dell\Desktop\OOP作业\Teamwork\system\fxgl.bundle
01:20:18.192 [JavaFX Application Thread] DEBUG Async                - Shutting down background threads
01:20:18.192 [JavaFX Application Thread] DEBUG PrimaryStageWindow   - Closing main window
01:20:18.226 [JavaFX Application Thread] DEBUG Logger               - Closing Logger
