22:11:39.566 [main                     ] DEBUG Logger               - Configured Logger
22:11:39.606 [main                     ] DEBUG GameApplication      - Logging settings
Title: Plants Vs Zombies
Version: 0.0
Width: 750
Height: 533
Fullscreen: false
Intro: false
Profiling: false
Single step:false
App Mode: DEVELOPER
Menu Key: ESCAPE
Stage Style: DECORATED
Scene Factory: class com.zrt.pvz.PVZApp$1

22:11:41.039 [JavaFX Application Thread] DEBUG FXGLApplication      - Initializing FXGL
22:11:41.048 [JavaFX Application Thread] INFO  Engine               - FXGL-17.2 (20.08.2022 16.50) on WINDOWS (J:20.0.1 FX:20.0.1)
22:11:41.050 [JavaFX Application Thread] DEBUG Engine               - JRE Vendor Name: Oracle Corporation
22:11:41.050 [JavaFX Application Thread] DEBUG Engine               - Running on OS: Windows 11 version 10.0
22:11:41.051 [JavaFX Application Thread] DEBUG Engine               - Architecture: amd64
22:11:41.051 [JavaFX Application Thread] INFO  Engine               - Source code and latest versions at: https://github.com/AlmasB/FXGL
22:11:41.052 [JavaFX Application Thread] INFO  Engine               -       Ask questions and discuss at: https://github.com/AlmasB/FXGL/discussions
22:11:41.052 [JavaFX Application Thread] INFO  Engine               -              Join the FXGL chat at: https://gitter.im/AlmasB/FXGL
22:11:41.262 [JavaFX Application Thread] DEBUG PrimaryStageWindow   - Creating a JavaFX scene
22:11:41.355 [JavaFX Application Thread] DEBUG PrimaryStageWindow   - Target settings size: 750.0 x 533.0
22:11:41.355 [JavaFX Application Thread] DEBUG PrimaryStageWindow   - Scaled scene size:    750.0 x 533.0
22:11:41.355 [JavaFX Application Thread] DEBUG PrimaryStageWindow   - Scaled ratio: (1.0, 1.0)
22:11:41.356 [JavaFX Application Thread] DEBUG PrimaryStageWindow   - Set initial scene to GameStartupScene
22:11:41.358 [JavaFX Application Thread] DEBUG PrimaryStageWindow   - Opening main window
22:11:42.032 [JavaFX Application Thread] DEBUG PrimaryStageWindow   - Window border size: (14.79998779296875, 38.20001220703125)
22:11:42.032 [JavaFX Application Thread] DEBUG PrimaryStageWindow   - Scaled size: 750.0 x 533.0
22:11:42.032 [JavaFX Application Thread] DEBUG PrimaryStageWindow   - Scaled ratio: (1.0, 1.0)
22:11:42.033 [JavaFX Application Thread] DEBUG PrimaryStageWindow   - Scene size: 750.0 x 533.0
22:11:42.033 [JavaFX Application Thread] DEBUG PrimaryStageWindow   - Stage size: 764.7999877929688 x 571.2000122070312
22:11:42.041 [FXGL Background Thread 1 ] DEBUG Engine               - Initializing environment variables
22:11:42.093 [FXGL Background Thread 1 ] DEBUG FXGLAssetLoaderServi - User app class for loading assets: class com.zrt.pvz.PVZApp
22:11:42.093 [FXGL Background Thread 1 ] DEBUG GameApplicationServi - Applying CSS: fxgl_dark.css
22:11:42.094 [FXGL Background Thread 1 ] DEBUG FXGLAssetLoaderServi - Loading from file system: jar:file:///C:/Users/dell/.m2/repository/com/github/almasb/fxgl/17.2/fxgl-17.2.jar!/fxglassets/ui/css/fxgl_dark.css
22:11:42.111 [FXGL Background Thread 1 ] DEBUG GameApplicationServi - Initializing application scenes
22:11:42.116 [FXGL Background Thread 1 ] DEBUG FXGLAssetLoaderServi - Loading from file system: file:/C:/Users/dell/Desktop/OOP作业/Teamwork/target/classes/assets/textures/map/map1LoadingBG.jpg
22:11:42.184 [FXGL Background Thread 1 ] DEBUG GameWorld            - Game world initialized
22:11:42.231 [FXGL Background Thread 1 ] DEBUG PhysicsWorld         - Physics world initialized: appHeight=533, physics.ppm=50.0
22:11:42.232 [FXGL Background Thread 1 ] DEBUG PhysicsWorld         - Using strategy: BRUTE_FORCE
22:11:42.239 [FXGL Background Thread 1 ] DEBUG GameScene            - Game scene initialized: 750x533
22:11:42.254 [FXGL Background Thread 1 ] DEBUG FXGLAssetLoaderServi - Loading from file system: file:/C:/Users/dell/Desktop/OOP作业/Teamwork/target/classes/assets/textures/ui/mainMenu/bg.png
22:11:42.309 [FXGL Background Thread 1 ] DEBUG FXGLAssetLoaderServi - Loading from file system: file:/C:/Users/dell/Desktop/OOP作业/Teamwork/target/classes/assets/textures/ui/mainMenu/puzzle.png
22:11:42.328 [FXGL Background Thread 1 ] DEBUG FXGLAssetLoaderServi - Loading from file system: file:/C:/Users/dell/Desktop/OOP作业/Teamwork/target/classes/assets/textures/ui/mainMenu/userBoard.png
22:11:42.356 [FXGL Background Thread 1 ] DEBUG FXGLAssetLoaderServi - Loading from file system: file:/C:/Users/dell/Desktop/OOP作业/Teamwork/target/classes/assets/textures/ui/gameMenu/Menu.png
22:11:42.368 [FXGL Background Thread 1 ] DEBUG GameApplicationServi - Application scenes initialized
22:11:42.386 [FXGL Background Thread 1 ] DEBUG SystemBundleService  - Loading FXGL system data
22:11:42.387 [FXGL Background Thread 1 ] DEBUG FileSystemAccess     - Reading from: C:\Users\dell\Desktop\OOP作业\Teamwork\system\fxgl.bundle
22:11:42.395 [FXGL Background Thread 1 ] DEBUG SystemBundleService  - Bundle FXGL: {}
22:11:42.395 [FXGL Background Thread 1 ] DEBUG UpdaterService       - Checking for updates
22:11:42.401 [FXGL Background Thread 4 ] DEBUG FXGLApplication      - Loading fonts
22:11:42.402 [FXGL Background Thread 1 ] DEBUG FXGLApplication      - Loading default localization
22:11:42.403 [FXGL Background Thread 4 ] DEBUG FXGLAssetLoaderServi - Loading from file system: jar:file:///C:/Users/dell/.m2/repository/com/github/almasb/fxgl/17.2/fxgl-17.2.jar!/fxglassets/ui/fonts/VarelaRound-Regular.ttf
22:11:42.403 [FXGL Background Thread 1 ] DEBUG FXGLAssetLoaderServi - Loading from file system: jar:file:///C:/Users/dell/.m2/repository/com/github/almasb/fxgl/17.2/fxgl-17.2.jar!/fxglassets/languages/english.lang
22:11:42.454 [FXGL Background Thread 1 ] INFO  FXGLApplication      - FXGL initialization took: 0.413 sec
22:11:42.456 [JavaFX Application Thread] DEBUG FXGLAssetLoaderServi - Loading from file system: file:/C:/Users/dell/Desktop/OOP作业/Teamwork/target/classes/assets/textures/logo.jpg
22:11:42.473 [JavaFX Application Thread] DEBUG FXGLAssetLoaderServi - Loading from file system: jar:file:///C:/Users/dell/.m2/repository/com/github/almasb/fxgl/17.2/fxgl-17.2.jar!/fxglassets/textures/fxgl_default_cursor.png
22:11:42.498 [JavaFX Application Thread] DEBUG Input                - Registered new binding: Screenshot - CTRL+8
22:11:42.499 [JavaFX Application Thread] DEBUG Input                - Registered new binding: System info dump - CTRL+9
22:11:42.499 [JavaFX Application Thread] DEBUG Input                - Registered new binding: Restart - CTRL+R
22:11:42.501 [JavaFX Application Thread] DEBUG Input                - Registered new binding: Toggle Debug Camera - CTRL+7
22:11:42.507 [JavaFX Application Thread] DEBUG LoopRunner           - Starting loop
22:11:42.507 [JavaFX Application Thread] DEBUG LoopRunner           - Initializing JavaFX AnimationTimerLoop
22:11:42.512 [JavaFX Application Thread] DEBUG Input                - Clearing active input actions
22:11:42.520 [JavaFX Application Thread] DEBUG GameApplicationServi - Removing overlay from GameStartupScene and adding to FXGLMainMenuDummyScene
22:11:42.520 [JavaFX Application Thread] DEBUG PrimaryStageWindow   - GameStartupScene -> FXGLMainMenuDummyScene
22:11:42.520 [JavaFX Application Thread] DEBUG PrimaryStageWindow   - Push state: MainMenu
22:11:42.520 [JavaFX Application Thread] DEBUG FXGLAssetLoaderServi - Loading from file system: file:/C:/Users/dell/Desktop/OOP作业/Teamwork/target/classes/assets/music/mainMenu.wav
22:11:42.543 [FXGL Background Thread 4 ] DEBUG FXGLAssetLoaderServi - Loading from file system: jar:file:///C:/Users/dell/.m2/repository/com/github/almasb/fxgl/17.2/fxgl-17.2.jar!/fxglassets/ui/fonts/Abel-Regular.ttf
22:11:42.546 [FXGL Background Thread 4 ] DEBUG FXGLAssetLoaderServi - Loading from file system: jar:file:///C:/Users/dell/.m2/repository/com/github/almasb/fxgl/17.2/fxgl-17.2.jar!/fxglassets/ui/fonts/TerminalLandMono-Regular.otf
22:11:42.550 [FXGL Background Thread 4 ] DEBUG FXGLAssetLoaderServi - Loading from file system: jar:file:///C:/Users/dell/.m2/repository/com/github/almasb/fxgl/17.2/fxgl-17.2.jar!/fxglassets/ui/fonts/Courier-Prime.ttf
22:11:42.710 [JavaFX Application Thread] DEBUG AudioPlayer          - Playing music com.almasb.fxgl.audio.Music@3afbf510
22:11:42.711 [JavaFX Application Thread] DEBUG Input                - Clearing active input actions
22:11:42.715 [JavaFX Application Thread] DEBUG GameApplicationServi - Removing overlay from FXGLMainMenuDummyScene and adding to MainMenu
22:11:42.716 [JavaFX Application Thread] DEBUG PrimaryStageWindow   - FXGLMainMenuDummyScene -> MainMenu
22:11:42.773 [JavaFX Application Thread] WARN  FXGLAssetLoaderServi - Asset "/assets/sounds/mainMenuHover.wav" was not found!
22:11:42.774 [JavaFX Application Thread] WARN  FXGLAssetLoaderServi - Failed to load SOUND
22:11:42.777 [JavaFX Application Thread] DEBUG FXGLApplication      - Registering font factories with UI factory
22:11:43.257 [JavaFX Application Thread] WARN  FXGLAssetLoaderServi - Asset "/assets/sounds/select.wav" was not found!
22:11:43.257 [JavaFX Application Thread] WARN  FXGLAssetLoaderServi - Failed to load SOUND
22:11:43.257 [JavaFX Application Thread] DEBUG FXGLAssetLoaderServi - Loading from file system: file:/C:/Users/dell/Desktop/OOP作业/Teamwork/target/classes/assets/textures/ui/mainMenu/ZombieHand.png
22:11:43.279 [JavaFX Application Thread] DEBUG GameApplicationServi - Starting new game
22:11:43.279 [JavaFX Application Thread] DEBUG PrimaryStageWindow   - Pop state: MainMenu
22:11:43.279 [JavaFX Application Thread] DEBUG Input                - Clearing active input actions
22:11:43.280 [JavaFX Application Thread] DEBUG GameApplicationServi - Removing overlay from MainMenu and adding to FXGLMainMenuDummyScene
22:11:43.281 [JavaFX Application Thread] DEBUG PrimaryStageWindow   - FXGLMainMenuDummyScene <- MainMenu
22:11:43.281 [JavaFX Application Thread] DEBUG Input                - Clearing active input actions
22:11:43.287 [JavaFX Application Thread] DEBUG GameApplicationServi - Removing overlay from FXGLMainMenuDummyScene and adding to GameLoadingScene
22:11:43.287 [JavaFX Application Thread] DEBUG PrimaryStageWindow   - FXGLMainMenuDummyScene -> GameLoadingScene
22:11:43.287 [JavaFX Application Thread] DEBUG GameApplicationServi - Clearing previous game
22:11:43.287 [JavaFX Application Thread] DEBUG GameScene            - Clearing game scene
22:11:43.287 [JavaFX Application Thread] DEBUG GameWorld            - Clearing game world
22:11:43.288 [JavaFX Application Thread] DEBUG PhysicsWorld         - Clearing physics world
22:11:43.292 [FXGL Background Thread 4 ] DEBUG FXGLApplication      - Initializing game
22:11:43.310 [FXGL Background Thread 4 ] DEBUG FXGLAssetLoaderServi - Loading JSON from: file:/C:/Users/dell/Desktop/OOP作业/Teamwork/target/classes/assets/data/plant/Imitator.json
22:11:43.589 [FXGL Background Thread 4 ] DEBUG FXGLAssetLoaderServi - Loading JSON from: file:/C:/Users/dell/Desktop/OOP作业/Teamwork/target/classes/assets/levels/level1.json
22:11:43.600 [FXGL Background Thread 4 ] DEBUG FXGLAssetLoaderServi - Loading from file system: file:/C:/Users/dell/Desktop/OOP作业/Teamwork/target/classes/assets/textures/ui/choose/CherryBomb.png
22:11:43.602 [FXGL Background Thread 4 ] DEBUG FXGLAssetLoaderServi - Loading from file system: file:/C:/Users/dell/Desktop/OOP作业/Teamwork/target/classes/assets/textures/map/map1.jpg
22:11:43.665 [FXGL Background Thread 4 ] DEBUG FXGLAssetLoaderServi - Loading JSON from: file:/C:/Users/dell/Desktop/OOP作业/Teamwork/target/classes/assets/data/zombie/NormalZombie.json
22:11:43.685 [FXGL Background Thread 4 ] DEBUG FXGLAssetLoaderServi - Loading from file system: file:/C:/Users/dell/Desktop/OOP作业/Teamwork/target/classes/assets/textures/zombie/NormalZombie/ZombieShow/ZombieShow_0.png
22:11:43.686 [FXGL Background Thread 4 ] DEBUG FXGLAssetLoaderServi - Loading from file system: file:/C:/Users/dell/Desktop/OOP作业/Teamwork/target/classes/assets/textures/zombie/NormalZombie/ZombieShow/ZombieShow_1.png
22:11:43.688 [FXGL Background Thread 4 ] DEBUG FXGLAssetLoaderServi - Loading from file system: file:/C:/Users/dell/Desktop/OOP作业/Teamwork/target/classes/assets/textures/zombie/NormalZombie/ZombieShow/ZombieShow_2.png
22:11:43.689 [FXGL Background Thread 4 ] DEBUG FXGLAssetLoaderServi - Loading from file system: file:/C:/Users/dell/Desktop/OOP作业/Teamwork/target/classes/assets/textures/zombie/NormalZombie/ZombieShow/ZombieShow_3.png
22:11:43.690 [FXGL Background Thread 4 ] DEBUG FXGLAssetLoaderServi - Loading from file system: file:/C:/Users/dell/Desktop/OOP作业/Teamwork/target/classes/assets/textures/zombie/NormalZombie/ZombieShow/ZombieShow_4.png
22:11:43.710 [FXGL Background Thread 4 ] DEBUG FXGLAssetLoaderServi - Loading JSON from: file:/C:/Users/dell/Desktop/OOP作业/Teamwork/target/classes/assets/data/MapPoint.json
22:11:43.755 [FXGL Background Thread 4 ] INFO  FXGLApplication      - Game initialization took: 0.463 sec
22:11:43.756 [JavaFX Application Thread] DEBUG Input                - Clearing active input actions
22:11:43.763 [JavaFX Application Thread] DEBUG GameApplicationServi - Removing overlay from GameLoadingScene and adding to GameScene
22:11:43.767 [JavaFX Application Thread] DEBUG PrimaryStageWindow   - GameLoadingScene -> GameScene
22:11:43.774 [FXGL Background Thread 2 ] INFO  UpdaterService       - Your current version:  17.2
22:11:43.774 [FXGL Background Thread 2 ] INFO  UpdaterService       - Latest stable version: 17.3
22:11:45.401 [FXGL Background Thread 3 ] DEBUG Engine               - Logging environment variables
22:11:45.402 [FXGL Background Thread 3 ] DEBUG Engine               - achievements: []
22:11:45.403 [FXGL Background Thread 3 ] DEBUG Engine               - actualHeight: 533.0
22:11:45.403 [FXGL Background Thread 3 ] DEBUG Engine               - actualHeightProperty: ReadOnlyDoubleProperty [value: 533.0]
22:11:45.403 [FXGL Background Thread 3 ] DEBUG Engine               - actualWidth: 750.0
22:11:45.403 [FXGL Background Thread 3 ] DEBUG Engine               - actualWidthProperty: ReadOnlyDoubleProperty [value: 750.0]
22:11:45.403 [FXGL Background Thread 3 ] DEBUG Engine               - appIcon: logo.jpg
22:11:45.403 [FXGL Background Thread 3 ] DEBUG Engine               - applicationMode: DEVELOPER
22:11:45.403 [FXGL Background Thread 3 ] DEBUG Engine               - cSSList: [fxgl_dark.css]
22:11:45.403 [FXGL Background Thread 3 ] DEBUG Engine               - collisionDetectionStrategy: BRUTE_FORCE
22:11:45.403 [FXGL Background Thread 3 ] DEBUG Engine               - configClass: Optional.empty
22:11:45.403 [FXGL Background Thread 3 ] DEBUG Engine               - credits: []
22:11:45.404 [FXGL Background Thread 3 ] DEBUG Engine               - defaultCursor: CursorInfo(imageName=fxgl_default_cursor.png, hotspotX=7.0, hotspotY=6.0)
22:11:45.404 [FXGL Background Thread 3 ] DEBUG Engine               - devBBoxColorProperty: ObjectProperty [value: 0xff0000ff]
22:11:45.404 [FXGL Background Thread 3 ] DEBUG Engine               - devEnableDebugCameraProperty: BooleanProperty [value: false]
22:11:45.404 [FXGL Background Thread 3 ] DEBUG Engine               - devSensorColorProperty: ObjectProperty [value: 0xffff00ff]
22:11:45.404 [FXGL Background Thread 3 ] DEBUG Engine               - devShowBBoxProperty: BooleanProperty [value: false]
22:11:45.404 [FXGL Background Thread 3 ] DEBUG Engine               - devShowPositionProperty: BooleanProperty [value: false]
22:11:45.404 [FXGL Background Thread 3 ] DEBUG Engine               - enabledMenuItems: []
22:11:45.404 [FXGL Background Thread 3 ] DEBUG Engine               - engineServices: [class com.almasb.fxgl.app.services.FXGLAssetLoaderService, class com.almasb.fxgl.app.FXGLApplication$GameApplicationService, class com.almasb.fxgl.app.services.FXGLDialogService, class com.almasb.fxgl.app.services.IOTaskExecutorService, class com.almasb.fxgl.io.FileSystemService, class com.almasb.fxgl.localization.LocalizationService, class com.almasb.fxgl.app.services.SystemBundleService, class com.almasb.fxgl.profile.SaveLoadService, class com.almasb.fxgl.ui.FXGLUIFactoryServiceProvider, class com.almasb.fxgl.ui.FXGLDialogFactoryServiceProvider, class com.almasb.fxgl.audio.AudioPlayer, class com.almasb.fxgl.notification.impl.NotificationServiceProvider, class com.almasb.fxgl.achievement.AchievementService, class com.almasb.fxgl.cutscene.CutsceneService, class com.almasb.fxgl.minigames.MiniGameService, class com.almasb.fxgl.net.NetService, class com.almasb.fxgl.app.services.UpdaterService, class com.almasb.fxgl.dev.DevService]
22:11:45.406 [FXGL Background Thread 3 ] DEBUG Engine               - fontGame: Abel-Regular.ttf
22:11:45.406 [FXGL Background Thread 3 ] DEBUG Engine               - fontMono: TerminalLandMono-Regular.otf
22:11:45.406 [FXGL Background Thread 3 ] DEBUG Engine               - fontText: Courier-Prime.ttf
22:11:45.406 [FXGL Background Thread 3 ] DEBUG Engine               - fontUI: VarelaRound-Regular.ttf
22:11:45.407 [FXGL Background Thread 3 ] DEBUG Engine               - fullScreen: BooleanProperty [value: false]
22:11:45.407 [FXGL Background Thread 3 ] DEBUG Engine               - gameDifficulty: MEDIUM
22:11:45.407 [FXGL Background Thread 3 ] DEBUG Engine               - gameDifficultyProperty: ObjectProperty [value: MEDIUM]
22:11:45.408 [FXGL Background Thread 3 ] DEBUG Engine               - globalMusicVolume: 0.5
22:11:45.408 [FXGL Background Thread 3 ] DEBUG Engine               - globalMusicVolumeProperty: DoubleProperty [value: 0.5]
22:11:45.408 [FXGL Background Thread 3 ] DEBUG Engine               - globalSoundVolume: 0.5
22:11:45.408 [FXGL Background Thread 3 ] DEBUG Engine               - globalSoundVolumeProperty: DoubleProperty [value: 0.5]
22:11:45.408 [FXGL Background Thread 3 ] DEBUG Engine               - height: 533
22:11:45.408 [FXGL Background Thread 3 ] DEBUG Engine               - is3D: false
22:11:45.409 [FXGL Background Thread 3 ] DEBUG Engine               - isAndroid: false
22:11:45.409 [FXGL Background Thread 3 ] DEBUG Engine               - isBrowser: false
22:11:45.409 [FXGL Background Thread 3 ] DEBUG Engine               - isClickFeedbackEnabled: false
22:11:45.409 [FXGL Background Thread 3 ] DEBUG Engine               - isCloseConfirmation: false
22:11:45.409 [FXGL Background Thread 3 ] DEBUG Engine               - isDesktop: true
22:11:45.409 [FXGL Background Thread 3 ] DEBUG Engine               - isDeveloperMenuEnabled: false
22:11:45.409 [FXGL Background Thread 3 ] DEBUG Engine               - isEmbedded: false
22:11:45.409 [FXGL Background Thread 3 ] DEBUG Engine               - isEntityPreloadEnabled: true
22:11:45.409 [FXGL Background Thread 3 ] DEBUG Engine               - isExperimentalTiledLargeMap: false
22:11:45.409 [FXGL Background Thread 3 ] DEBUG Engine               - isFileSystemWriteAllowed: true
22:11:45.409 [FXGL Background Thread 3 ] DEBUG Engine               - isFullScreenAllowed: false
22:11:45.409 [FXGL Background Thread 3 ] DEBUG Engine               - isFullScreenFromStart: false
22:11:45.409 [FXGL Background Thread 3 ] DEBUG Engine               - isGameMenuEnabled: true
22:11:45.409 [FXGL Background Thread 3 ] DEBUG Engine               - isIOS: false
22:11:45.409 [FXGL Background Thread 3 ] DEBUG Engine               - isIntroEnabled: false
22:11:45.409 [FXGL Background Thread 3 ] DEBUG Engine               - isLinux: false
22:11:45.409 [FXGL Background Thread 3 ] DEBUG Engine               - isMac: false
22:11:45.409 [FXGL Background Thread 3 ] DEBUG Engine               - isMainMenuEnabled: true
22:11:45.410 [FXGL Background Thread 3 ] DEBUG Engine               - isManualResizeEnabled: false
22:11:45.410 [FXGL Background Thread 3 ] DEBUG Engine               - isMobile: false
22:11:45.410 [FXGL Background Thread 3 ] DEBUG Engine               - isNative: false
22:11:45.410 [FXGL Background Thread 3 ] DEBUG Engine               - isPauseMusicWhenMinimized: true
22:11:45.410 [FXGL Background Thread 3 ] DEBUG Engine               - isPreserveResizeRatio: false
22:11:45.410 [FXGL Background Thread 3 ] DEBUG Engine               - isProfilingEnabled: false
22:11:45.410 [FXGL Background Thread 3 ] DEBUG Engine               - isScaleAffectedOnResize: true
22:11:45.410 [FXGL Background Thread 3 ] DEBUG Engine               - isSingleStep: false
22:11:45.411 [FXGL Background Thread 3 ] DEBUG Engine               - isUserProfileEnabled: false
22:11:45.411 [FXGL Background Thread 3 ] DEBUG Engine               - isWindows: true
22:11:45.411 [FXGL Background Thread 3 ] DEBUG Engine               - language: ObjectProperty [value: ENGLISH]
22:11:45.411 [FXGL Background Thread 3 ] DEBUG Engine               - menuKey: ESCAPE
22:11:45.411 [FXGL Background Thread 3 ] DEBUG Engine               - mouseSensitivity: 0.2
22:11:45.411 [FXGL Background Thread 3 ] DEBUG Engine               - notificationViewClass: class com.almasb.fxgl.notification.view.XboxNotificationView
22:11:45.411 [FXGL Background Thread 3 ] DEBUG Engine               - pixelsPerMeter: 50.0
22:11:45.411 [FXGL Background Thread 3 ] DEBUG Engine               - platform: WINDOWS
22:11:45.411 [FXGL Background Thread 3 ] DEBUG Engine               - prefHeightProperty: ReadOnlyDoubleProperty [value: 533.0]
22:11:45.411 [FXGL Background Thread 3 ] DEBUG Engine               - prefWidthProperty: ReadOnlyDoubleProperty [value: 750.0]
22:11:45.412 [FXGL Background Thread 3 ] DEBUG Engine               - profileDir: profiles/
22:11:45.412 [FXGL Background Thread 3 ] DEBUG Engine               - profileName: StringProperty [value: DEFAULT]
22:11:45.412 [FXGL Background Thread 3 ] DEBUG Engine               - randomSeed: -1
22:11:45.412 [FXGL Background Thread 3 ] DEBUG Engine               - runtimeInfo: RuntimeInfo(platform=WINDOWS, version=17.2, build=20.08.2022 16.50)
22:11:45.413 [FXGL Background Thread 3 ] DEBUG Engine               - saveFileExt: sav
22:11:45.413 [FXGL Background Thread 3 ] DEBUG Engine               - scaledHeightProp$fxgl: DoubleProperty [bound, value: 533.0]
22:11:45.413 [FXGL Background Thread 3 ] DEBUG Engine               - scaledWidthProp$fxgl: DoubleProperty [bound, value: 750.0]
22:11:45.413 [FXGL Background Thread 3 ] DEBUG Engine               - sceneFactory: com.zrt.pvz.PVZApp$1@1ad11559
22:11:45.413 [FXGL Background Thread 3 ] DEBUG Engine               - secondsIn24h: 60
22:11:45.413 [FXGL Background Thread 3 ] DEBUG Engine               - soundMenuBack: menu/back.wav
22:11:45.413 [FXGL Background Thread 3 ] DEBUG Engine               - soundMenuPress: menu/press.wav
22:11:45.413 [FXGL Background Thread 3 ] DEBUG Engine               - soundMenuSelect: menu/select.wav
22:11:45.413 [FXGL Background Thread 3 ] DEBUG Engine               - soundNotification: core/notification.wav
22:11:45.414 [FXGL Background Thread 3 ] DEBUG Engine               - stageStyle: DECORATED
22:11:45.414 [FXGL Background Thread 3 ] DEBUG Engine               - supportedLanguages: [ENGLISH, FRENCH, GERMAN, HUNGARIAN, RUSSIAN]
22:11:45.414 [FXGL Background Thread 3 ] DEBUG Engine               - ticksPerSecond: -1
22:11:45.414 [FXGL Background Thread 3 ] DEBUG Engine               - title: Plants Vs Zombies
22:11:45.414 [FXGL Background Thread 3 ] DEBUG Engine               - urlGithub: https://github.com/AlmasB/FXGL
22:11:45.414 [FXGL Background Thread 3 ] DEBUG Engine               - urlLeaderboard: http://fxgl-top.herokuapp.com/
22:11:45.414 [FXGL Background Thread 3 ] DEBUG Engine               - urlPOM: https://raw.githubusercontent.com/AlmasB/FXGL/release/README.md
22:11:45.414 [FXGL Background Thread 3 ] DEBUG Engine               - userAppClass: class com.zrt.pvz.PVZApp
22:11:45.414 [FXGL Background Thread 3 ] DEBUG Engine               - version: 0.0
22:11:45.414 [FXGL Background Thread 3 ] DEBUG Engine               - versionCheckDays: 7
22:11:45.414 [FXGL Background Thread 3 ] DEBUG Engine               - width: 750
22:11:45.414 [FXGL Background Thread 3 ] DEBUG Engine               - Logging services
22:11:45.414 [FXGL Background Thread 3 ] DEBUG Engine               - class com.almasb.fxgl.app.services.FXGLAssetLoaderService
22:11:45.415 [FXGL Background Thread 3 ] DEBUG Engine               - class com.almasb.fxgl.app.FXGLApplication$GameApplicationService
22:11:45.415 [FXGL Background Thread 3 ] DEBUG Engine               - class com.almasb.fxgl.app.services.FXGLDialogService
22:11:45.415 [FXGL Background Thread 3 ] DEBUG Engine               - class com.almasb.fxgl.app.services.IOTaskExecutorService
22:11:45.416 [FXGL Background Thread 3 ] DEBUG Engine               - class com.almasb.fxgl.io.FileSystemService
22:11:45.416 [FXGL Background Thread 3 ] DEBUG Engine               - class com.almasb.fxgl.localization.LocalizationService
22:11:45.416 [FXGL Background Thread 3 ] DEBUG Engine               - class com.almasb.fxgl.app.services.SystemBundleService
22:11:45.416 [FXGL Background Thread 3 ] DEBUG Engine               - class com.almasb.fxgl.profile.SaveLoadService
22:11:45.416 [FXGL Background Thread 3 ] DEBUG Engine               - class com.almasb.fxgl.ui.FXGLUIFactoryServiceProvider
22:11:45.416 [FXGL Background Thread 3 ] DEBUG Engine               - class com.almasb.fxgl.ui.FXGLDialogFactoryServiceProvider
22:11:45.416 [FXGL Background Thread 3 ] DEBUG Engine               - class com.almasb.fxgl.audio.AudioPlayer
22:11:45.416 [FXGL Background Thread 3 ] DEBUG Engine               - class com.almasb.fxgl.notification.impl.NotificationServiceProvider
22:11:45.416 [FXGL Background Thread 3 ] DEBUG Engine               - class com.almasb.fxgl.achievement.AchievementService
22:11:45.416 [FXGL Background Thread 3 ] DEBUG Engine               - class com.almasb.fxgl.cutscene.CutsceneService
22:11:45.416 [FXGL Background Thread 3 ] DEBUG Engine               - class com.almasb.fxgl.minigames.MiniGameService
22:11:45.416 [FXGL Background Thread 3 ] DEBUG Engine               - class com.almasb.fxgl.net.NetService
22:11:45.416 [FXGL Background Thread 3 ] DEBUG Engine               - class com.almasb.fxgl.app.services.UpdaterService
22:11:45.416 [FXGL Background Thread 3 ] DEBUG Engine               - class com.almasb.fxgl.dev.DevService
22:11:48.469 [JavaFX Application Thread] DEBUG FXGLAssetLoaderServi - Loading from file system: file:/C:/Users/dell/Desktop/OOP作业/Teamwork/target/classes/assets/textures/ui/choose/chosenBg.png
22:11:48.494 [JavaFX Application Thread] DEBUG FXGLAssetLoaderServi - Loading from file system: file:/C:/Users/dell/Desktop/OOP作业/Teamwork/target/classes/assets/textures/ui/choose/ChoosePlant.png
22:11:48.513 [JavaFX Application Thread] DEBUG FXGLAssetLoaderServi - Loading JSON from: file:/C:/Users/dell/Desktop/OOP作业/Teamwork/target/classes/assets/data/plant/SunFlower.json
22:11:48.533 [JavaFX Application Thread] DEBUG FXGLAssetLoaderServi - Loading from file system: file:/C:/Users/dell/Desktop/OOP作业/Teamwork/target/classes/assets/textures/ui/choose/SunFlower.png
22:11:48.539 [JavaFX Application Thread] DEBUG FXGLAssetLoaderServi - Loading JSON from: file:/C:/Users/dell/Desktop/OOP作业/Teamwork/target/classes/assets/data/plant/PeaShooter.json
22:11:48.546 [JavaFX Application Thread] DEBUG FXGLAssetLoaderServi - Loading from file system: file:/C:/Users/dell/Desktop/OOP作业/Teamwork/target/classes/assets/textures/ui/choose/PeaShooter.png
22:11:49.478 [JavaFX Application Thread] DEBUG FXGLAssetLoaderServi - Loading JSON from: file:/C:/Users/dell/Desktop/OOP作业/Teamwork/target/classes/assets/data/plant/SunFlower.json
22:11:49.706 [JavaFX Application Thread] DEBUG FXGLAssetLoaderServi - Loading JSON from: file:/C:/Users/dell/Desktop/OOP作业/Teamwork/target/classes/assets/data/plant/SunFlower.json
22:11:49.717 [JavaFX Application Thread] DEBUG FXGLAssetLoaderServi - Loading JSON from: file:/C:/Users/dell/Desktop/OOP作业/Teamwork/target/classes/assets/data/plant/PeaShooter.json
22:11:50.140 [JavaFX Application Thread] WARN  FXGLAssetLoaderServi - Asset "/assets/sounds/mainMenuHover.wav" was not found!
22:11:50.141 [JavaFX Application Thread] WARN  FXGLAssetLoaderServi - Failed to load SOUND
22:11:50.359 [JavaFX Application Thread] WARN  FXGLAssetLoaderServi - Asset "/assets/sounds/select.wav" was not found!
22:11:50.360 [JavaFX Application Thread] WARN  FXGLAssetLoaderServi - Failed to load SOUND
22:11:50.381 [JavaFX Application Thread] DEBUG FXGLAssetLoaderServi - Loading from file system: file:/C:/Users/dell/Desktop/OOP作业/Teamwork/target/classes/assets/textures/plant/SunFlower/SunFlower.png
22:11:50.384 [JavaFX Application Thread] DEBUG FXGLAssetLoaderServi - Loading from file system: file:/C:/Users/dell/Desktop/OOP作业/Teamwork/target/classes/assets/textures/powerBeat/powerBeatBg(2).png
22:11:50.421 [JavaFX Application Thread] DEBUG FXGLAssetLoaderServi - Loading JSON from: file:/C:/Users/dell/Desktop/OOP作业/Teamwork/target/classes/assets/data/zombie/NormalZombie.json
22:11:53.845 [JavaFX Application Thread] DEBUG FXGLAssetLoaderServi - Loading from file system: file:/C:/Users/dell/Desktop/OOP作业/Teamwork/target/classes/assets/textures/weeder/weeder.png
22:11:53.853 [JavaFX Application Thread] DEBUG FXGLAssetLoaderServi - Loading from file system: file:/C:/Users/dell/Desktop/OOP作业/Teamwork/target/classes/assets/textures/prepareText/prepare.png
22:11:53.866 [JavaFX Application Thread] DEBUG FXGLAssetLoaderServi - Loading from file system: file:/C:/Users/dell/Desktop/OOP作业/Teamwork/target/classes/assets/textures/shovel/shovelBg.png
22:11:53.873 [JavaFX Application Thread] DEBUG FXGLAssetLoaderServi - Loading JSON from: file:/C:/Users/dell/Desktop/OOP作业/Teamwork/target/classes/assets/data/plant/SunFlower.json
22:11:53.904 [JavaFX Application Thread] DEBUG FXGLAssetLoaderServi - Loading JSON from: file:/C:/Users/dell/Desktop/OOP作业/Teamwork/target/classes/assets/data/plant/PeaShooter.json
22:11:54.368 [JavaFX Application Thread] DEBUG FXGLAssetLoaderServi - Loading from file system: file:/C:/Users/dell/Desktop/OOP作业/Teamwork/target/classes/assets/textures/prepareText/puton.png
22:11:54.876 [JavaFX Application Thread] DEBUG FXGLAssetLoaderServi - Loading from file system: file:/C:/Users/dell/Desktop/OOP作业/Teamwork/target/classes/assets/textures/prepareText/plant.png
22:11:55.380 [JavaFX Application Thread] DEBUG FXGLAssetLoaderServi - Loading from file system: file:/C:/Users/dell/Desktop/OOP作业/Teamwork/target/classes/assets/textures/ui/progressBar/FlagMeterFull.png
22:11:55.382 [JavaFX Application Thread] DEBUG FXGLAssetLoaderServi - Loading from file system: file:/C:/Users/dell/Desktop/OOP作业/Teamwork/target/classes/assets/textures/ui/progressBar/FlagMeterEmpty.png
22:11:55.383 [JavaFX Application Thread] DEBUG FXGLAssetLoaderServi - Loading from file system: file:/C:/Users/dell/Desktop/OOP作业/Teamwork/target/classes/assets/textures/ui/progressBar/FlagMeterLevelProgress.png
22:11:55.385 [JavaFX Application Thread] DEBUG FXGLAssetLoaderServi - Loading from file system: file:/C:/Users/dell/Desktop/OOP作业/Teamwork/target/classes/assets/textures/ui/progressBar/FlagMeterParts1.png
22:11:55.388 [JavaFX Application Thread] DEBUG FXGLAssetLoaderServi - Loading from file system: file:/C:/Users/dell/Desktop/OOP作业/Teamwork/target/classes/assets/textures/ui/progressBar/FlagMeterParts2.png
22:11:55.710 [JavaFX Application Thread] DEBUG FXGLAssetLoaderServi - Loading from file system: file:/C:/Users/dell/Desktop/OOP作业/Teamwork/target/classes/assets/textures/ui/Recharge.png
22:11:55.721 [JavaFX Application Thread] DEBUG PrimaryStageWindow   - Push state: PowerBeatRecharge
22:11:55.721 [JavaFX Application Thread] DEBUG Input                - Clearing active input actions
22:11:55.722 [JavaFX Application Thread] DEBUG GameApplicationServi - Removing overlay from GameScene and adding to PowerBeatRecharge
22:11:55.722 [JavaFX Application Thread] DEBUG PrimaryStageWindow   - GameScene -> PowerBeatRecharge
22:12:01.045 [JavaFX Application Thread] DEBUG AudioPlayer          - Pausing music com.almasb.fxgl.audio.Music@3afbf510
22:12:01.080 [JavaFX Application Thread] DEBUG LoopRunner           - Pausing loop
22:12:02.407 [JavaFX Application Thread] DEBUG LoopRunner           - Resuming loop
22:12:02.407 [JavaFX Application Thread] DEBUG AudioPlayer          - Resuming music com.almasb.fxgl.audio.Music@3afbf510
22:12:03.289 [JavaFX Application Thread] DEBUG FXGLApplication      - Exiting FXGL
22:12:03.290 [JavaFX Application Thread] DEBUG LoopRunner           - Stopping loop
22:12:03.290 [JavaFX Application Thread] DEBUG SystemBundleService  - Saving FXGL system data
22:12:03.291 [JavaFX Application Thread] DEBUG FileSystemAccess     - Writing to: C:\Users\dell\Desktop\OOP作业\Teamwork\system\fxgl.bundle
22:12:03.292 [JavaFX Application Thread] DEBUG Async                - Shutting down background threads
22:12:03.293 [JavaFX Application Thread] DEBUG PrimaryStageWindow   - Closing main window
22:12:03.454 [JavaFX Application Thread] DEBUG Logger               - Closing Logger
