00:12:39.087 [main                     ] DEBUG Logger               - Configured Logger
00:12:39.110 [main                     ] DEBUG GameApplication      - Logging settings
Title: Plants Vs Zombies
Version: 0.0
Width: 750
Height: 533
Fullscreen: false
Intro: false
Profiling: false
Single step:false
App Mode: DEVELOPER
Menu Key: ESCAPE
Stage Style: DECORATED
Scene Factory: class com.zrt.pvz.PVZApp$1

00:12:39.378 [JavaFX Application Thread] DEBUG FXGLApplication      - Initializing FXGL
00:12:39.383 [JavaFX Application Thread] INFO  Engine               - FXGL-17.2 (20.08.2022 16.50) on WINDOWS (J:20.0.1 FX:20.0.1)
00:12:39.384 [JavaFX Application Thread] DEBUG Engine               - JRE Vendor Name: Oracle Corporation
00:12:39.384 [JavaFX Application Thread] DEBUG Engine               - Running on OS: Windows 11 version 10.0
00:12:39.384 [JavaFX Application Thread] DEBUG Engine               - Architecture: amd64
00:12:39.384 [JavaFX Application Thread] INFO  Engine               - Source code and latest versions at: https://github.com/AlmasB/FXGL
00:12:39.384 [JavaFX Application Thread] INFO  Engine               -       Ask questions and discuss at: https://github.com/AlmasB/FXGL/discussions
00:12:39.384 [JavaFX Application Thread] INFO  Engine               -              Join the FXGL chat at: https://gitter.im/AlmasB/FXGL
00:12:39.521 [JavaFX Application Thread] DEBUG PrimaryStageWindow   - Creating a JavaFX scene
00:12:39.569 [JavaFX Application Thread] DEBUG PrimaryStageWindow   - Target settings size: 750.0 x 533.0
00:12:39.569 [JavaFX Application Thread] DEBUG PrimaryStageWindow   - Scaled scene size:    750.0 x 533.0
00:12:39.569 [JavaFX Application Thread] DEBUG PrimaryStageWindow   - Scaled ratio: (1.0, 1.0)
00:12:39.571 [JavaFX Application Thread] DEBUG PrimaryStageWindow   - Set initial scene to GameStartupScene
00:12:39.572 [JavaFX Application Thread] DEBUG PrimaryStageWindow   - Opening main window
00:12:39.853 [JavaFX Application Thread] DEBUG PrimaryStageWindow   - Window border size: (14.79998779296875, 38.20001220703125)
00:12:39.854 [JavaFX Application Thread] DEBUG PrimaryStageWindow   - Scaled size: 750.0 x 533.0
00:12:39.854 [JavaFX Application Thread] DEBUG PrimaryStageWindow   - Scaled ratio: (1.0, 1.0)
00:12:39.854 [JavaFX Application Thread] DEBUG PrimaryStageWindow   - Scene size: 750.0 x 533.0
00:12:39.854 [JavaFX Application Thread] DEBUG PrimaryStageWindow   - Stage size: 764.7999877929688 x 571.2000122070312
00:12:39.860 [FXGL Background Thread 1 ] DEBUG Engine               - Initializing environment variables
00:12:39.890 [FXGL Background Thread 1 ] DEBUG FXGLAssetLoaderServi - User app class for loading assets: class com.zrt.pvz.PVZApp
00:12:39.890 [FXGL Background Thread 1 ] DEBUG GameApplicationServi - Applying CSS: fxgl_dark.css
00:12:39.891 [FXGL Background Thread 1 ] DEBUG FXGLAssetLoaderServi - Loading from file system: jar:file:///C:/Users/dell/.m2/repository/com/github/almasb/fxgl/17.2/fxgl-17.2.jar!/fxglassets/ui/css/fxgl_dark.css
00:12:39.900 [FXGL Background Thread 1 ] DEBUG GameApplicationServi - Initializing application scenes
00:12:39.910 [FXGL Background Thread 1 ] DEBUG GameWorld            - Game world initialized
00:12:39.939 [FXGL Background Thread 1 ] DEBUG PhysicsWorld         - Physics world initialized: appHeight=533, physics.ppm=50.0
00:12:39.940 [FXGL Background Thread 1 ] DEBUG PhysicsWorld         - Using strategy: BRUTE_FORCE
00:12:39.945 [FXGL Background Thread 1 ] DEBUG GameScene            - Game scene initialized: 750x533
00:12:39.946 [FXGL Background Thread 1 ] DEBUG FXGLAssetLoaderServi - Loading from file system: file:/C:/Users/dell/Desktop/OOP作业/Teamwork/target/classes/assets/textures/ui/mainMenu/bg.png
00:12:39.988 [FXGL Background Thread 1 ] DEBUG FXGLAssetLoaderServi - Loading from file system: file:/C:/Users/dell/Desktop/OOP作业/Teamwork/target/classes/assets/textures/ui/mainMenu/smallgame.png
00:12:39.996 [FXGL Background Thread 1 ] DEBUG FXGLAssetLoaderServi - Loading from file system: file:/C:/Users/dell/Desktop/OOP作业/Teamwork/target/classes/assets/textures/ui/mainMenu/puzzle.png
00:12:40.002 [FXGL Background Thread 1 ] DEBUG FXGLAssetLoaderServi - Loading from file system: file:/C:/Users/dell/Desktop/OOP作业/Teamwork/target/classes/assets/textures/ui/gameMenu/Menu.png
00:12:40.009 [FXGL Background Thread 1 ] DEBUG GameApplicationServi - Application scenes initialized
00:12:40.021 [FXGL Background Thread 1 ] DEBUG SystemBundleService  - Loading FXGL system data
00:12:40.024 [FXGL Background Thread 1 ] DEBUG FileSystemAccess     - Reading from: C:\Users\dell\Desktop\OOP作业\Teamwork\system\fxgl.bundle
00:12:40.030 [FXGL Background Thread 1 ] DEBUG SystemBundleService  - Bundle FXGL: {}
00:12:40.030 [FXGL Background Thread 1 ] DEBUG UpdaterService       - Checking for updates
00:12:40.035 [FXGL Background Thread 4 ] DEBUG FXGLApplication      - Loading fonts
00:12:40.035 [FXGL Background Thread 1 ] DEBUG FXGLApplication      - Loading default localization
00:12:40.035 [FXGL Background Thread 4 ] DEBUG FXGLAssetLoaderServi - Loading from file system: jar:file:///C:/Users/dell/.m2/repository/com/github/almasb/fxgl/17.2/fxgl-17.2.jar!/fxglassets/ui/fonts/VarelaRound-Regular.ttf
00:12:40.036 [FXGL Background Thread 1 ] DEBUG FXGLAssetLoaderServi - Loading from file system: jar:file:///C:/Users/dell/.m2/repository/com/github/almasb/fxgl/17.2/fxgl-17.2.jar!/fxglassets/languages/english.lang
00:12:40.075 [FXGL Background Thread 1 ] INFO  FXGLApplication      - FXGL initialization took: 0.215 sec
00:12:40.076 [JavaFX Application Thread] DEBUG FXGLAssetLoaderServi - Loading from file system: file:/C:/Users/dell/Desktop/OOP作业/Teamwork/target/classes/assets/textures/logo.jpg
00:12:40.083 [JavaFX Application Thread] DEBUG FXGLAssetLoaderServi - Loading from file system: jar:file:///C:/Users/dell/.m2/repository/com/github/almasb/fxgl/17.2/fxgl-17.2.jar!/fxglassets/textures/fxgl_default_cursor.png
00:12:40.097 [JavaFX Application Thread] DEBUG Input                - Registered new binding: Screenshot - CTRL+8
00:12:40.098 [JavaFX Application Thread] DEBUG Input                - Registered new binding: System info dump - CTRL+9
00:12:40.098 [JavaFX Application Thread] DEBUG Input                - Registered new binding: Restart - CTRL+R
00:12:40.099 [JavaFX Application Thread] DEBUG Input                - Registered new binding: Toggle Debug Camera - CTRL+7
00:12:40.101 [JavaFX Application Thread] DEBUG LoopRunner           - Starting loop
00:12:40.101 [JavaFX Application Thread] DEBUG LoopRunner           - Initializing JavaFX AnimationTimerLoop
00:12:40.105 [JavaFX Application Thread] DEBUG Input                - Clearing active input actions
00:12:40.110 [JavaFX Application Thread] DEBUG GameApplicationServi - Removing overlay from GameStartupScene and adding to FXGLMainMenuDummyScene
00:12:40.111 [JavaFX Application Thread] DEBUG PrimaryStageWindow   - GameStartupScene -> FXGLMainMenuDummyScene
00:12:40.111 [JavaFX Application Thread] DEBUG PrimaryStageWindow   - Push state: MainMenu
00:12:40.111 [JavaFX Application Thread] DEBUG FXGLAssetLoaderServi - Loading from file system: file:/C:/Users/dell/Desktop/OOP作业/Teamwork/target/classes/assets/music/mainMenu.wav
00:12:40.120 [FXGL Background Thread 4 ] DEBUG FXGLAssetLoaderServi - Loading from file system: jar:file:///C:/Users/dell/.m2/repository/com/github/almasb/fxgl/17.2/fxgl-17.2.jar!/fxglassets/ui/fonts/Abel-Regular.ttf
00:12:40.122 [FXGL Background Thread 4 ] DEBUG FXGLAssetLoaderServi - Loading from file system: jar:file:///C:/Users/dell/.m2/repository/com/github/almasb/fxgl/17.2/fxgl-17.2.jar!/fxglassets/ui/fonts/TerminalLandMono-Regular.otf
00:12:40.124 [FXGL Background Thread 4 ] DEBUG FXGLAssetLoaderServi - Loading from file system: jar:file:///C:/Users/dell/.m2/repository/com/github/almasb/fxgl/17.2/fxgl-17.2.jar!/fxglassets/ui/fonts/Courier-Prime.ttf
00:12:40.255 [JavaFX Application Thread] DEBUG AudioPlayer          - Playing music com.almasb.fxgl.audio.Music@2553ab01
00:12:40.255 [JavaFX Application Thread] DEBUG Input                - Clearing active input actions
00:12:40.256 [JavaFX Application Thread] DEBUG GameApplicationServi - Removing overlay from FXGLMainMenuDummyScene and adding to MainMenu
00:12:40.256 [JavaFX Application Thread] DEBUG PrimaryStageWindow   - FXGLMainMenuDummyScene -> MainMenu
00:12:40.271 [JavaFX Application Thread] DEBUG FXGLApplication      - Registering font factories with UI factory
00:12:41.245 [JavaFX Application Thread] WARN  FXGLAssetLoaderServi - Asset "/assets/sounds/mainMenuHover.wav" was not found!
00:12:41.246 [JavaFX Application Thread] WARN  FXGLAssetLoaderServi - Failed to load SOUND
00:12:42.543 [JavaFX Application Thread] DEBUG FXGLApplication      - Exiting FXGL
00:12:42.543 [JavaFX Application Thread] DEBUG LoopRunner           - Stopping loop
00:12:42.543 [JavaFX Application Thread] DEBUG SystemBundleService  - Saving FXGL system data
00:12:42.544 [JavaFX Application Thread] DEBUG FileSystemAccess     - Writing to: C:\Users\dell\Desktop\OOP作业\Teamwork\system\fxgl.bundle
00:12:42.548 [JavaFX Application Thread] DEBUG Async                - Shutting down background threads
00:12:42.548 [JavaFX Application Thread] DEBUG PrimaryStageWindow   - Closing main window
00:12:42.572 [JavaFX Application Thread] DEBUG Logger               - Closing Logger
