16:11:55.027 [main                     ] DEBUG Logger               - Configured Logger
16:11:55.044 [main                     ] DEBUG GameApplication      - Logging settings
Title: Plants Vs Zombies
Version: 0.0
Width: 750
Height: 533
Fullscreen: false
Intro: false
Profiling: false
Single step:false
App Mode: DEVELOPER
Menu Key: ESCAPE
Stage Style: DECORATED
Scene Factory: class com.zrt.pvz.PVZApp$1

16:11:56.141 [JavaFX Application Thread] DEBUG FXGLApplication      - Initializing FXGL
16:11:56.144 [JavaFX Application Thread] INFO  Engine               - FXGL-17.2 (20.08.2022 16.50) on WINDOWS (J:20.0.1 FX:20.0.1)
16:11:56.145 [JavaFX Application Thread] DEBUG Engine               - JRE Vendor Name: Oracle Corporation
16:11:56.145 [JavaFX Application Thread] DEBUG Engine               - Running on OS: Windows 11 version 10.0
16:11:56.145 [JavaFX Application Thread] DEBUG Engine               - Architecture: amd64
16:11:56.145 [JavaFX Application Thread] INFO  Engine               - Source code and latest versions at: https://github.com/AlmasB/FXGL
16:11:56.145 [JavaFX Application Thread] INFO  Engine               -       Ask questions and discuss at: https://github.com/AlmasB/FXGL/discussions
16:11:56.145 [JavaFX Application Thread] INFO  Engine               -              Join the FXGL chat at: https://gitter.im/AlmasB/FXGL
16:11:56.250 [JavaFX Application Thread] DEBUG PrimaryStageWindow   - Creating a JavaFX scene
16:11:56.288 [JavaFX Application Thread] DEBUG PrimaryStageWindow   - Target settings size: 750.0 x 533.0
16:11:56.288 [JavaFX Application Thread] DEBUG PrimaryStageWindow   - Scaled scene size:    750.0 x 533.0
16:11:56.289 [JavaFX Application Thread] DEBUG PrimaryStageWindow   - Scaled ratio: (1.0, 1.0)
16:11:56.289 [JavaFX Application Thread] DEBUG PrimaryStageWindow   - Set initial scene to GameStartupScene
16:11:56.291 [JavaFX Application Thread] DEBUG PrimaryStageWindow   - Opening main window
16:11:56.498 [JavaFX Application Thread] DEBUG PrimaryStageWindow   - Window border size: (14.79998779296875, 38.20001220703125)
16:11:56.498 [JavaFX Application Thread] DEBUG PrimaryStageWindow   - Scaled size: 750.0 x 533.0
16:11:56.498 [JavaFX Application Thread] DEBUG PrimaryStageWindow   - Scaled ratio: (1.0, 1.0)
16:11:56.498 [JavaFX Application Thread] DEBUG PrimaryStageWindow   - Scene size: 750.0 x 533.0
16:11:56.498 [JavaFX Application Thread] DEBUG PrimaryStageWindow   - Stage size: 764.7999877929688 x 571.2000122070312
16:11:56.503 [FXGL Background Thread 1 ] DEBUG Engine               - Initializing environment variables
16:11:56.530 [FXGL Background Thread 1 ] DEBUG FXGLAssetLoaderServi - User app class for loading assets: class com.zrt.pvz.PVZApp
16:11:56.530 [FXGL Background Thread 1 ] DEBUG GameApplicationServi - Applying CSS: fxgl_dark.css
16:11:56.530 [FXGL Background Thread 1 ] DEBUG FXGLAssetLoaderServi - Loading from file system: jar:file:///C:/Users/dell/.m2/repository/com/github/almasb/fxgl/17.2/fxgl-17.2.jar!/fxglassets/ui/css/fxgl_dark.css
16:11:56.539 [FXGL Background Thread 1 ] DEBUG GameApplicationServi - Initializing application scenes
16:11:56.544 [FXGL Background Thread 1 ] DEBUG GameWorld            - Game world initialized
16:11:56.576 [FXGL Background Thread 1 ] DEBUG PhysicsWorld         - Physics world initialized: appHeight=533, physics.ppm=50.0
16:11:56.576 [FXGL Background Thread 1 ] DEBUG PhysicsWorld         - Using strategy: BRUTE_FORCE
16:11:56.579 [FXGL Background Thread 1 ] DEBUG GameScene            - Game scene initialized: 750x533
16:11:56.581 [FXGL Background Thread 1 ] DEBUG FXGLAssetLoaderServi - Loading from file system: file:/C:/Users/dell/Desktop/OOP作业/Teamwork/target/classes/assets/textures/ui/mainMenu/bg.png
16:11:56.634 [FXGL Background Thread 1 ] DEBUG FXGLAssetLoaderServi - Loading from file system: file:/C:/Users/dell/Desktop/OOP作业/Teamwork/target/classes/assets/textures/ui/mainMenu/smallgame.png
16:11:56.645 [FXGL Background Thread 1 ] DEBUG FXGLAssetLoaderServi - Loading from file system: file:/C:/Users/dell/Desktop/OOP作业/Teamwork/target/classes/assets/textures/ui/mainMenu/puzzle.png
16:11:56.656 [FXGL Background Thread 1 ] WARN  FXGL.DefaultMenu     - FXGLDefaultMenu is not designed for resolutions < 800x600
16:11:56.656 [FXGL Background Thread 1 ] DEBUG FXGL.DefaultMenu     - createMenuBodyGameMenu()
16:11:56.661 [FXGL Background Thread 1 ] DEBUG FXGL.DefaultMenu     - createOptionsMenu()
16:11:56.665 [FXGL Background Thread 1 ] DEBUG FXGLAssetLoaderServi - Loading from file system: jar:file:///C:/Users/dell/.m2/repository/com/github/almasb/fxgl/17.2/fxgl-17.2.jar!/fxglassets/textures/particles/smoke.png
16:11:56.719 [FXGL Background Thread 1 ] DEBUG FXGLAssetLoaderServi - Loading from file system: jar:file:///C:/Users/dell/.m2/repository/com/github/almasb/fxgl/17.2/fxgl-17.2.jar!/fxglassets/textures/particles/trace_horizontal.png
16:11:56.730 [FXGL Background Thread 1 ] DEBUG GameApplicationServi - Application scenes initialized
16:11:56.737 [FXGL Background Thread 1 ] DEBUG SystemBundleService  - Loading FXGL system data
16:11:56.740 [FXGL Background Thread 1 ] DEBUG FileSystemAccess     - Reading from: C:\Users\dell\Desktop\OOP作业\Teamwork\system\fxgl.bundle
16:11:56.747 [FXGL Background Thread 1 ] DEBUG SystemBundleService  - Bundle FXGL: {}
16:11:56.747 [FXGL Background Thread 1 ] DEBUG UpdaterService       - Checking for updates
16:11:56.749 [FXGL Background Thread 1 ] DEBUG FXGLApplication      - Loading default localization
16:11:56.749 [FXGL Background Thread 4 ] DEBUG FXGLApplication      - Loading fonts
16:11:56.750 [FXGL Background Thread 4 ] DEBUG FXGLAssetLoaderServi - Loading from file system: jar:file:///C:/Users/dell/.m2/repository/com/github/almasb/fxgl/17.2/fxgl-17.2.jar!/fxglassets/ui/fonts/VarelaRound-Regular.ttf
16:11:56.750 [FXGL Background Thread 1 ] DEBUG FXGLAssetLoaderServi - Loading from file system: jar:file:///C:/Users/dell/.m2/repository/com/github/almasb/fxgl/17.2/fxgl-17.2.jar!/fxglassets/languages/english.lang
16:11:56.770 [FXGL Background Thread 1 ] INFO  FXGLApplication      - FXGL initialization took: 0.267 sec
16:11:56.772 [JavaFX Application Thread] DEBUG FXGLAssetLoaderServi - Loading from file system: file:/C:/Users/dell/Desktop/OOP作业/Teamwork/target/classes/assets/textures/logo.jpg
16:11:56.781 [JavaFX Application Thread] DEBUG FXGLAssetLoaderServi - Loading from file system: jar:file:///C:/Users/dell/.m2/repository/com/github/almasb/fxgl/17.2/fxgl-17.2.jar!/fxglassets/textures/fxgl_default_cursor.png
16:11:56.790 [JavaFX Application Thread] DEBUG Input                - Registered new binding: Screenshot - CTRL+8
16:11:56.791 [JavaFX Application Thread] DEBUG Input                - Registered new binding: System info dump - CTRL+9
16:11:56.791 [JavaFX Application Thread] DEBUG Input                - Registered new binding: Restart - CTRL+R
16:11:56.792 [JavaFX Application Thread] DEBUG Input                - Registered new binding: Toggle Debug Camera - CTRL+7
16:11:56.794 [JavaFX Application Thread] DEBUG LoopRunner           - Starting loop
16:11:56.794 [JavaFX Application Thread] DEBUG LoopRunner           - Initializing JavaFX AnimationTimerLoop
16:11:56.797 [JavaFX Application Thread] DEBUG Input                - Clearing active input actions
16:11:56.801 [JavaFX Application Thread] DEBUG GameApplicationServi - Removing overlay from GameStartupScene and adding to FXGLMainMenuDummyScene
16:11:56.801 [JavaFX Application Thread] DEBUG PrimaryStageWindow   - GameStartupScene -> FXGLMainMenuDummyScene
16:11:56.801 [JavaFX Application Thread] DEBUG PrimaryStageWindow   - Push state: MainMenu
16:11:56.802 [JavaFX Application Thread] DEBUG FXGLAssetLoaderServi - Loading from file system: file:/C:/Users/dell/Desktop/OOP作业/Teamwork/target/classes/assets/music/mainMenu.wav
16:11:56.822 [FXGL Background Thread 4 ] DEBUG FXGLAssetLoaderServi - Loading from file system: jar:file:///C:/Users/dell/.m2/repository/com/github/almasb/fxgl/17.2/fxgl-17.2.jar!/fxglassets/ui/fonts/Abel-Regular.ttf
16:11:56.824 [FXGL Background Thread 4 ] DEBUG FXGLAssetLoaderServi - Loading from file system: jar:file:///C:/Users/dell/.m2/repository/com/github/almasb/fxgl/17.2/fxgl-17.2.jar!/fxglassets/ui/fonts/TerminalLandMono-Regular.otf
16:11:56.825 [FXGL Background Thread 4 ] DEBUG FXGLAssetLoaderServi - Loading from file system: jar:file:///C:/Users/dell/.m2/repository/com/github/almasb/fxgl/17.2/fxgl-17.2.jar!/fxglassets/ui/fonts/Courier-Prime.ttf
16:11:56.915 [JavaFX Application Thread] DEBUG AudioPlayer          - Playing music com.almasb.fxgl.audio.Music@2af3c50b
16:11:56.916 [JavaFX Application Thread] DEBUG Input                - Clearing active input actions
16:11:56.917 [JavaFX Application Thread] DEBUG GameApplicationServi - Removing overlay from FXGLMainMenuDummyScene and adding to MainMenu
16:11:56.917 [JavaFX Application Thread] DEBUG PrimaryStageWindow   - FXGLMainMenuDummyScene -> MainMenu
16:11:56.931 [JavaFX Application Thread] DEBUG FXGLApplication      - Registering font factories with UI factory
16:11:57.564 [JavaFX Application Thread] WARN  FXGLAssetLoaderServi - Asset "/assets/sounds/mainMenuHover.wav" was not found!
16:11:57.564 [JavaFX Application Thread] WARN  FXGLAssetLoaderServi - Failed to load SOUND
16:11:57.609 [JavaFX Application Thread] WARN  FXGLAssetLoaderServi - Asset "/assets/sounds/select.wav" was not found!
16:11:57.610 [JavaFX Application Thread] WARN  FXGLAssetLoaderServi - Failed to load SOUND
16:11:57.610 [JavaFX Application Thread] DEBUG FXGLAssetLoaderServi - Loading from file system: file:/C:/Users/dell/Desktop/OOP作业/Teamwork/target/classes/assets/textures/ui/mainMenu/ZombieHand.png
16:11:57.616 [JavaFX Application Thread] DEBUG GameApplicationServi - Starting new game
16:11:57.617 [JavaFX Application Thread] DEBUG PrimaryStageWindow   - Pop state: MainMenu
16:11:57.617 [JavaFX Application Thread] DEBUG Input                - Clearing active input actions
16:11:57.617 [JavaFX Application Thread] DEBUG GameApplicationServi - Removing overlay from MainMenu and adding to FXGLMainMenuDummyScene
16:11:57.617 [JavaFX Application Thread] DEBUG PrimaryStageWindow   - FXGLMainMenuDummyScene <- MainMenu
16:11:57.617 [JavaFX Application Thread] DEBUG Input                - Clearing active input actions
16:11:57.621 [JavaFX Application Thread] DEBUG GameApplicationServi - Removing overlay from FXGLMainMenuDummyScene and adding to FXGLLoadingScene
16:11:57.622 [JavaFX Application Thread] DEBUG PrimaryStageWindow   - FXGLMainMenuDummyScene -> FXGLLoadingScene
16:11:57.622 [JavaFX Application Thread] DEBUG GameApplicationServi - Clearing previous game
16:11:57.622 [JavaFX Application Thread] DEBUG GameScene            - Clearing game scene
16:11:57.622 [JavaFX Application Thread] DEBUG GameWorld            - Clearing game world
16:11:57.622 [JavaFX Application Thread] DEBUG PhysicsWorld         - Clearing physics world
16:11:57.623 [FXGL Background Thread 4 ] DEBUG FXGLApplication      - Initializing game
16:11:57.628 [FXGL Background Thread 4 ] DEBUG FXGLAssetLoaderServi - Loading from file system: file:/C:/Users/dell/Desktop/OOP作业/Teamwork/target/classes/assets/textures/map/map1.jpg
16:11:57.674 [FXGL Background Thread 4 ] DEBUG FXGLAssetLoaderServi - Loading from file system: file:/C:/Users/dell/Desktop/OOP作业/Teamwork/target/classes/assets/textures/zombies/NormalZombie/ZombieShow/ZombieShow_0.png
16:11:57.675 [FXGL Background Thread 4 ] DEBUG FXGLAssetLoaderServi - Loading from file system: file:/C:/Users/dell/Desktop/OOP作业/Teamwork/target/classes/assets/textures/zombies/NormalZombie/ZombieShow/ZombieShow_1.png
16:11:57.676 [FXGL Background Thread 4 ] DEBUG FXGLAssetLoaderServi - Loading from file system: file:/C:/Users/dell/Desktop/OOP作业/Teamwork/target/classes/assets/textures/zombies/NormalZombie/ZombieShow/ZombieShow_2.png
16:11:57.676 [FXGL Background Thread 4 ] DEBUG FXGLAssetLoaderServi - Loading from file system: file:/C:/Users/dell/Desktop/OOP作业/Teamwork/target/classes/assets/textures/zombies/NormalZombie/ZombieShow/ZombieShow_3.png
16:11:57.677 [FXGL Background Thread 4 ] DEBUG FXGLAssetLoaderServi - Loading from file system: file:/C:/Users/dell/Desktop/OOP作业/Teamwork/target/classes/assets/textures/zombies/NormalZombie/ZombieShow/ZombieShow_4.png
16:11:57.691 [FXGL Background Thread 4 ] DEBUG FXGLAssetLoaderServi - Loading from file system: file:/C:/Users/dell/Desktop/OOP作业/Teamwork/target/classes/assets/textures/plant/SunFlower/SunFlower.png
16:11:57.693 [FXGL Background Thread 4 ] INFO  FXGLApplication      - Game initialization took: 0.069 sec
16:11:57.693 [JavaFX Application Thread] DEBUG Input                - Clearing active input actions
16:11:57.696 [JavaFX Application Thread] DEBUG GameApplicationServi - Removing overlay from FXGLLoadingScene and adding to GameScene
16:11:57.696 [JavaFX Application Thread] DEBUG PrimaryStageWindow   - FXGLLoadingScene -> GameScene
16:11:59.750 [FXGL Background Thread 3 ] DEBUG Engine               - Logging environment variables
16:11:59.750 [FXGL Background Thread 3 ] DEBUG Engine               - achievements: []
16:11:59.750 [FXGL Background Thread 3 ] DEBUG Engine               - actualHeight: 533.0
16:11:59.750 [FXGL Background Thread 3 ] DEBUG Engine               - actualHeightProperty: ReadOnlyDoubleProperty [value: 533.0]
16:11:59.750 [FXGL Background Thread 3 ] DEBUG Engine               - actualWidth: 750.0
16:11:59.750 [FXGL Background Thread 3 ] DEBUG Engine               - actualWidthProperty: ReadOnlyDoubleProperty [value: 750.0]
16:11:59.750 [FXGL Background Thread 3 ] DEBUG Engine               - appIcon: logo.jpg
16:11:59.750 [FXGL Background Thread 3 ] DEBUG Engine               - applicationMode: DEVELOPER
16:11:59.750 [FXGL Background Thread 3 ] DEBUG Engine               - cSSList: [fxgl_dark.css]
16:11:59.750 [FXGL Background Thread 3 ] DEBUG Engine               - collisionDetectionStrategy: BRUTE_FORCE
16:11:59.750 [FXGL Background Thread 3 ] DEBUG Engine               - configClass: Optional.empty
16:11:59.750 [FXGL Background Thread 3 ] DEBUG Engine               - credits: []
16:11:59.750 [FXGL Background Thread 3 ] DEBUG Engine               - defaultCursor: CursorInfo(imageName=fxgl_default_cursor.png, hotspotX=7.0, hotspotY=6.0)
16:11:59.750 [FXGL Background Thread 3 ] DEBUG Engine               - devBBoxColorProperty: ObjectProperty [value: 0xff0000ff]
16:11:59.750 [FXGL Background Thread 3 ] DEBUG Engine               - devEnableDebugCameraProperty: BooleanProperty [value: false]
16:11:59.750 [FXGL Background Thread 3 ] DEBUG Engine               - devSensorColorProperty: ObjectProperty [value: 0xffff00ff]
16:11:59.750 [FXGL Background Thread 3 ] DEBUG Engine               - devShowBBoxProperty: BooleanProperty [value: false]
16:11:59.750 [FXGL Background Thread 3 ] DEBUG Engine               - devShowPositionProperty: BooleanProperty [value: false]
16:11:59.750 [FXGL Background Thread 3 ] DEBUG Engine               - enabledMenuItems: []
16:11:59.750 [FXGL Background Thread 3 ] DEBUG Engine               - engineServices: [class com.almasb.fxgl.app.services.FXGLAssetLoaderService, class com.almasb.fxgl.app.FXGLApplication$GameApplicationService, class com.almasb.fxgl.app.services.FXGLDialogService, class com.almasb.fxgl.app.services.IOTaskExecutorService, class com.almasb.fxgl.io.FileSystemService, class com.almasb.fxgl.localization.LocalizationService, class com.almasb.fxgl.app.services.SystemBundleService, class com.almasb.fxgl.profile.SaveLoadService, class com.almasb.fxgl.ui.FXGLUIFactoryServiceProvider, class com.almasb.fxgl.ui.FXGLDialogFactoryServiceProvider, class com.almasb.fxgl.audio.AudioPlayer, class com.almasb.fxgl.notification.impl.NotificationServiceProvider, class com.almasb.fxgl.achievement.AchievementService, class com.almasb.fxgl.cutscene.CutsceneService, class com.almasb.fxgl.minigames.MiniGameService, class com.almasb.fxgl.net.NetService, class com.almasb.fxgl.app.services.UpdaterService, class com.almasb.fxgl.dev.DevService]
16:11:59.750 [FXGL Background Thread 3 ] DEBUG Engine               - fontGame: Abel-Regular.ttf
16:11:59.750 [FXGL Background Thread 3 ] DEBUG Engine               - fontMono: TerminalLandMono-Regular.otf
16:11:59.750 [FXGL Background Thread 3 ] DEBUG Engine               - fontText: Courier-Prime.ttf
16:11:59.750 [FXGL Background Thread 3 ] DEBUG Engine               - fontUI: VarelaRound-Regular.ttf
16:11:59.750 [FXGL Background Thread 3 ] DEBUG Engine               - fullScreen: BooleanProperty [value: false]
16:11:59.750 [FXGL Background Thread 3 ] DEBUG Engine               - gameDifficulty: MEDIUM
16:11:59.750 [FXGL Background Thread 3 ] DEBUG Engine               - gameDifficultyProperty: ObjectProperty [value: MEDIUM]
16:11:59.750 [FXGL Background Thread 3 ] DEBUG Engine               - globalMusicVolume: 0.5
16:11:59.750 [FXGL Background Thread 3 ] DEBUG Engine               - globalMusicVolumeProperty: DoubleProperty [value: 0.5]
16:11:59.750 [FXGL Background Thread 3 ] DEBUG Engine               - globalSoundVolume: 0.5
16:11:59.750 [FXGL Background Thread 3 ] DEBUG Engine               - globalSoundVolumeProperty: DoubleProperty [value: 0.5]
16:11:59.750 [FXGL Background Thread 3 ] DEBUG Engine               - height: 533
16:11:59.750 [FXGL Background Thread 3 ] DEBUG Engine               - is3D: false
16:11:59.750 [FXGL Background Thread 3 ] DEBUG Engine               - isAndroid: false
16:11:59.750 [FXGL Background Thread 3 ] DEBUG Engine               - isBrowser: false
16:11:59.750 [FXGL Background Thread 3 ] DEBUG Engine               - isClickFeedbackEnabled: false
16:11:59.750 [FXGL Background Thread 3 ] DEBUG Engine               - isCloseConfirmation: false
16:11:59.750 [FXGL Background Thread 3 ] DEBUG Engine               - isDesktop: true
16:11:59.750 [FXGL Background Thread 3 ] DEBUG Engine               - isDeveloperMenuEnabled: false
16:11:59.750 [FXGL Background Thread 3 ] DEBUG Engine               - isEmbedded: false
16:11:59.750 [FXGL Background Thread 3 ] DEBUG Engine               - isEntityPreloadEnabled: true
16:11:59.750 [FXGL Background Thread 3 ] DEBUG Engine               - isExperimentalTiledLargeMap: false
16:11:59.750 [FXGL Background Thread 3 ] DEBUG Engine               - isFileSystemWriteAllowed: true
16:11:59.750 [FXGL Background Thread 3 ] DEBUG Engine               - isFullScreenAllowed: false
16:11:59.751 [FXGL Background Thread 3 ] DEBUG Engine               - isFullScreenFromStart: false
16:11:59.751 [FXGL Background Thread 3 ] DEBUG Engine               - isGameMenuEnabled: true
16:11:59.751 [FXGL Background Thread 3 ] DEBUG Engine               - isIOS: false
16:11:59.751 [FXGL Background Thread 3 ] DEBUG Engine               - isIntroEnabled: false
16:11:59.751 [FXGL Background Thread 3 ] DEBUG Engine               - isLinux: false
16:11:59.751 [FXGL Background Thread 3 ] DEBUG Engine               - isMac: false
16:11:59.751 [FXGL Background Thread 3 ] DEBUG Engine               - isMainMenuEnabled: true
16:11:59.751 [FXGL Background Thread 3 ] DEBUG Engine               - isManualResizeEnabled: false
16:11:59.751 [FXGL Background Thread 3 ] DEBUG Engine               - isMobile: false
16:11:59.751 [FXGL Background Thread 3 ] DEBUG Engine               - isNative: false
16:11:59.751 [FXGL Background Thread 3 ] DEBUG Engine               - isPauseMusicWhenMinimized: true
16:11:59.751 [FXGL Background Thread 3 ] DEBUG Engine               - isPreserveResizeRatio: false
16:11:59.751 [FXGL Background Thread 3 ] DEBUG Engine               - isProfilingEnabled: false
16:11:59.751 [FXGL Background Thread 3 ] DEBUG Engine               - isScaleAffectedOnResize: true
16:11:59.751 [FXGL Background Thread 3 ] DEBUG Engine               - isSingleStep: false
16:11:59.751 [FXGL Background Thread 3 ] DEBUG Engine               - isUserProfileEnabled: false
16:11:59.751 [FXGL Background Thread 3 ] DEBUG Engine               - isWindows: true
16:11:59.751 [FXGL Background Thread 3 ] DEBUG Engine               - language: ObjectProperty [value: ENGLISH]
16:11:59.751 [FXGL Background Thread 3 ] DEBUG Engine               - menuKey: ESCAPE
16:11:59.751 [FXGL Background Thread 3 ] DEBUG Engine               - mouseSensitivity: 0.2
16:11:59.751 [FXGL Background Thread 3 ] DEBUG Engine               - notificationViewClass: class com.almasb.fxgl.notification.view.XboxNotificationView
16:11:59.751 [FXGL Background Thread 3 ] DEBUG Engine               - pixelsPerMeter: 50.0
16:11:59.751 [FXGL Background Thread 3 ] DEBUG Engine               - platform: WINDOWS
16:11:59.751 [FXGL Background Thread 3 ] DEBUG Engine               - prefHeightProperty: ReadOnlyDoubleProperty [value: 533.0]
16:11:59.751 [FXGL Background Thread 3 ] DEBUG Engine               - prefWidthProperty: ReadOnlyDoubleProperty [value: 750.0]
16:11:59.751 [FXGL Background Thread 3 ] DEBUG Engine               - profileDir: profiles/
16:11:59.751 [FXGL Background Thread 3 ] DEBUG Engine               - profileName: StringProperty [value: DEFAULT]
16:11:59.751 [FXGL Background Thread 3 ] DEBUG Engine               - randomSeed: -1
16:11:59.751 [FXGL Background Thread 3 ] DEBUG Engine               - runtimeInfo: RuntimeInfo(platform=WINDOWS, version=17.2, build=20.08.2022 16.50)
16:11:59.751 [FXGL Background Thread 3 ] DEBUG Engine               - saveFileExt: sav
16:11:59.751 [FXGL Background Thread 3 ] DEBUG Engine               - scaledHeightProp$fxgl: DoubleProperty [bound, value: 533.0]
16:11:59.751 [FXGL Background Thread 3 ] DEBUG Engine               - scaledWidthProp$fxgl: DoubleProperty [bound, value: 750.0]
16:11:59.751 [FXGL Background Thread 3 ] DEBUG Engine               - sceneFactory: com.zrt.pvz.PVZApp$1@74e9ae49
16:11:59.751 [FXGL Background Thread 3 ] DEBUG Engine               - secondsIn24h: 60
16:11:59.751 [FXGL Background Thread 3 ] DEBUG Engine               - soundMenuBack: menu/back.wav
16:11:59.751 [FXGL Background Thread 3 ] DEBUG Engine               - soundMenuPress: menu/press.wav
16:11:59.751 [FXGL Background Thread 3 ] DEBUG Engine               - soundMenuSelect: menu/select.wav
16:11:59.751 [FXGL Background Thread 3 ] DEBUG Engine               - soundNotification: core/notification.wav
16:11:59.751 [FXGL Background Thread 3 ] DEBUG Engine               - stageStyle: DECORATED
16:11:59.751 [FXGL Background Thread 3 ] DEBUG Engine               - supportedLanguages: [ENGLISH, FRENCH, GERMAN, HUNGARIAN, RUSSIAN]
16:11:59.751 [FXGL Background Thread 3 ] DEBUG Engine               - ticksPerSecond: -1
16:11:59.752 [FXGL Background Thread 3 ] DEBUG Engine               - title: Plants Vs Zombies
16:11:59.752 [FXGL Background Thread 3 ] DEBUG Engine               - urlGithub: https://github.com/AlmasB/FXGL
16:11:59.752 [FXGL Background Thread 3 ] DEBUG Engine               - urlLeaderboard: http://fxgl-top.herokuapp.com/
16:11:59.752 [FXGL Background Thread 3 ] DEBUG Engine               - urlPOM: https://raw.githubusercontent.com/AlmasB/FXGL/release/README.md
16:11:59.752 [FXGL Background Thread 3 ] DEBUG Engine               - userAppClass: class com.zrt.pvz.PVZApp
16:11:59.752 [FXGL Background Thread 3 ] DEBUG Engine               - version: 0.0
16:11:59.752 [FXGL Background Thread 3 ] DEBUG Engine               - versionCheckDays: 7
16:11:59.752 [FXGL Background Thread 3 ] DEBUG Engine               - width: 750
16:11:59.752 [FXGL Background Thread 3 ] DEBUG Engine               - Logging services
16:11:59.752 [FXGL Background Thread 3 ] DEBUG Engine               - class com.almasb.fxgl.app.services.FXGLAssetLoaderService
16:11:59.752 [FXGL Background Thread 3 ] DEBUG Engine               - class com.almasb.fxgl.app.FXGLApplication$GameApplicationService
16:11:59.752 [FXGL Background Thread 3 ] DEBUG Engine               - class com.almasb.fxgl.app.services.FXGLDialogService
16:11:59.752 [FXGL Background Thread 3 ] DEBUG Engine               - class com.almasb.fxgl.app.services.IOTaskExecutorService
16:11:59.752 [FXGL Background Thread 3 ] DEBUG Engine               - class com.almasb.fxgl.io.FileSystemService
16:11:59.752 [FXGL Background Thread 3 ] DEBUG Engine               - class com.almasb.fxgl.localization.LocalizationService
16:11:59.752 [FXGL Background Thread 3 ] DEBUG Engine               - class com.almasb.fxgl.app.services.SystemBundleService
16:11:59.752 [FXGL Background Thread 3 ] DEBUG Engine               - class com.almasb.fxgl.profile.SaveLoadService
16:11:59.752 [FXGL Background Thread 3 ] DEBUG Engine               - class com.almasb.fxgl.ui.FXGLUIFactoryServiceProvider
16:11:59.752 [FXGL Background Thread 3 ] DEBUG Engine               - class com.almasb.fxgl.ui.FXGLDialogFactoryServiceProvider
16:11:59.752 [FXGL Background Thread 3 ] DEBUG Engine               - class com.almasb.fxgl.audio.AudioPlayer
16:11:59.752 [FXGL Background Thread 3 ] DEBUG Engine               - class com.almasb.fxgl.notification.impl.NotificationServiceProvider
16:11:59.752 [FXGL Background Thread 3 ] DEBUG Engine               - class com.almasb.fxgl.achievement.AchievementService
16:11:59.752 [FXGL Background Thread 3 ] DEBUG Engine               - class com.almasb.fxgl.cutscene.CutsceneService
16:11:59.752 [FXGL Background Thread 3 ] DEBUG Engine               - class com.almasb.fxgl.minigames.MiniGameService
16:11:59.752 [FXGL Background Thread 3 ] DEBUG Engine               - class com.almasb.fxgl.net.NetService
16:11:59.752 [FXGL Background Thread 3 ] DEBUG Engine               - class com.almasb.fxgl.app.services.UpdaterService
16:11:59.752 [FXGL Background Thread 3 ] DEBUG Engine               - class com.almasb.fxgl.dev.DevService
16:11:59.918 [JavaFX Application Thread] DEBUG FXGLAssetLoaderServi - Loading from file system: file:/C:/Users/dell/Desktop/OOP作业/Teamwork/target/classes/assets/textures/weeder/weeder.png
16:11:59.925 [JavaFX Application Thread] DEBUG FXGLAssetLoaderServi - Loading from file system: file:/C:/Users/dell/Desktop/OOP作业/Teamwork/target/classes/assets/textures/prepareText/prepare.png
16:11:59.927 [JavaFX Application Thread] DEBUG FXGLAssetLoaderServi - Loading from file system: file:/C:/Users/dell/Desktop/OOP作业/Teamwork/target/classes/assets/textures/ui/choose/chosenBg.png
16:11:59.931 [JavaFX Application Thread] DEBUG FXGLAssetLoaderServi - Loading JSON from: file:/C:/Users/dell/Desktop/OOP作业/Teamwork/target/classes/assets/data/SunFlower.json
16:12:00.024 [JavaFX Application Thread] DEBUG LoopRunner           - Stopping loop
16:12:00.025 [JavaFX Application Thread] FATAL FXGLApplication      - Uncaught Exception:
java.lang.IllegalArgumentException: Key name has no associated value!
	at com.almasb.fxgl.entity@17.2/com.almasb.fxgl.entity.SpawnData.get(SpawnData.kt:35)
	at Teamwork/com.zrt.pvz.GameEntityFactory.newPlantButton(GameEntityFactory.java:115)
	at java.base/jdk.internal.reflect.DirectMethodHandleAccessor.invoke(DirectMethodHandleAccessor.java:104)
	at java.base/java.lang.reflect.Method.invoke(Method.java:578)
	at com.almasb.fxgl.core@17.2/com.almasb.fxgl.core.reflect.ReflectionUtils.call(ReflectionUtils.java:104)
	at com.almasb.fxgl.core@17.2/com.almasb.fxgl.core.reflect.ReflectionUtils.lambda$mapToFunction$3(ReflectionUtils.java:111)
	at com.almasb.fxgl.entity@17.2/com.almasb.fxgl.entity.GameWorld$create$2.invoke(GameWorld.kt:430)
	at com.almasb.fxgl.entity@17.2/com.almasb.fxgl.entity.GameWorld$create$2.invoke(GameWorld.kt:430)
	at com.almasb.fxgl.core@17.2/com.almasb.fxgl.core.util.DSLKt.tryCatchRoot(DSL.kt:34)
	at com.almasb.fxgl.entity@17.2/com.almasb.fxgl.entity.GameWorld.create(GameWorld.kt:430)
	at com.almasb.fxgl.entity@17.2/com.almasb.fxgl.entity.GameWorld.spawn(GameWorld.kt:396)
	at com.almasb.fxgl.all@17.2/com.almasb.fxgl.dsl.FXGL$Companion.spawn(FXGL.kt:565)
	at com.almasb.fxgl.all@17.2/com.almasb.fxgl.dsl.FXGL.spawn(FXGL.kt)
	at Teamwork/com.zrt.pvz.PVZApp.lambda$StartShow$2(PVZApp.java:274)
	at com.almasb.fxgl.entity@17.2/com.almasb.fxgl.entity.Entity.markForRemoval(Entity.java:257)
	at com.almasb.fxgl.entity@17.2/com.almasb.fxgl.entity.GameWorld.removeEntity(GameWorld.kt:120)
	at com.almasb.fxgl.entity@17.2/com.almasb.fxgl.entity.Entity.removeFromWorld(Entity.java:194)
	at com.almasb.fxgl.all@17.2/com.almasb.fxgl.dsl.components.ExpireCleanComponent.onUpdate(ExpireCleanComponent.kt:40)
	at com.almasb.fxgl.entity@17.2/com.almasb.fxgl.entity.Entity$ComponentMap.update(Entity.java:60)
	at com.almasb.fxgl.entity@17.2/com.almasb.fxgl.entity.Entity.update(Entity.java:248)
	at com.almasb.fxgl.entity@17.2/com.almasb.fxgl.entity.GameWorld.onUpdate(GameWorld.kt:177)
	at com.almasb.fxgl.all@17.2/com.almasb.fxgl.app.scene.GameScene.step(GameScene.kt:228)
	at com.almasb.fxgl.all@17.2/com.almasb.fxgl.app.scene.GameScene.onUpdate(GameScene.kt:224)
	at com.almasb.fxgl.scene@17.2/com.almasb.fxgl.scene.Scene.update(Scene.kt:105)
	at com.almasb.fxgl.all@17.2/com.almasb.fxgl.app.MainWindow$update$1.invoke(MainWindow.kt:115)
	at com.almasb.fxgl.all@17.2/com.almasb.fxgl.app.MainWindow$update$1.invoke(MainWindow.kt:115)
	at com.almasb.fxgl.core@17.2/com.almasb.fxgl.core.fsm.StateMachine.runOnActiveStates(StateMachine.kt:69)
	at com.almasb.fxgl.all@17.2/com.almasb.fxgl.app.MainWindow.update(MainWindow.kt:115)
	at com.almasb.fxgl.all@17.2/com.almasb.fxgl.app.FXGLApplication$GameApplicationService.onUpdate(FXGLApplication.kt:426)
	at com.almasb.fxgl.all@17.2/com.almasb.fxgl.app.Engine.loop(Engine.kt:134)
	at com.almasb.fxgl.all@17.2/com.almasb.fxgl.app.Engine.access$loop(Engine.kt:24)
	at com.almasb.fxgl.all@17.2/com.almasb.fxgl.app.Engine$loop$1.invoke(Engine.kt:28)
	at com.almasb.fxgl.all@17.2/com.almasb.fxgl.app.Engine$loop$1.invoke(Engine.kt:28)
	at com.almasb.fxgl.all@17.2/com.almasb.fxgl.app.LoopRunner.frame(LoopRunner.kt:103)
	at com.almasb.fxgl.all@17.2/com.almasb.fxgl.app.LoopRunner.access$frame(LoopRunner.kt:23)
	at com.almasb.fxgl.all@17.2/com.almasb.fxgl.app.LoopRunner$impl$2$1.onTick(LoopRunner.kt:57)
	at com.almasb.fxgl.all@17.2/com.almasb.fxgl.app.AnimationTimerLoop$timer$1.handle(LoopRunner.kt:137)
	at javafx.graphics@20.0.1/javafx.animation.AnimationTimer$AnimationTimerReceiver.lambda$handle$0(AnimationTimer.java:58)
	at java.base/java.security.AccessController.doPrivileged(AccessController.java:400)
	at javafx.graphics@20.0.1/javafx.animation.AnimationTimer$AnimationTimerReceiver.handle(AnimationTimer.java:57)
	at javafx.graphics@20.0.1/com.sun.scenario.animation.AbstractPrimaryTimer.timePulseImpl(AbstractPrimaryTimer.java:356)
	at javafx.graphics@20.0.1/com.sun.scenario.animation.AbstractPrimaryTimer$MainLoop.run(AbstractPrimaryTimer.java:266)
	at javafx.graphics@20.0.1/com.sun.javafx.tk.quantum.QuantumToolkit.pulse(QuantumToolkit.java:588)
	at javafx.graphics@20.0.1/com.sun.javafx.tk.quantum.QuantumToolkit.pulse(QuantumToolkit.java:572)
	at javafx.graphics@20.0.1/com.sun.javafx.tk.quantum.QuantumToolkit.pulseFromQueue(QuantumToolkit.java:565)
	at javafx.graphics@20.0.1/com.sun.javafx.tk.quantum.QuantumToolkit.lambda$runToolkit$11(QuantumToolkit.java:352)
	at javafx.graphics@20.0.1/com.sun.glass.ui.InvokeLaterDispatcher$Future.run(InvokeLaterDispatcher.java:95)
	at javafx.graphics@20.0.1/com.sun.glass.ui.win.WinApplication._runLoop(Native Method)
	at javafx.graphics@20.0.1/com.sun.glass.ui.win.WinApplication.lambda$runLoop$3(WinApplication.java:185)
	at java.base/java.lang.Thread.run(Thread.java:1623)

16:12:00.025 [JavaFX Application Thread] FATAL FXGLApplication      - Application will now exit
16:12:00.035 [JavaFX Application Thread] DEBUG PrimaryStageWindow   - Push state: ErrorSubScene
16:12:00.035 [JavaFX Application Thread] DEBUG Input                - Clearing active input actions
16:12:00.036 [JavaFX Application Thread] DEBUG GameApplicationServi - Removing overlay from GameScene and adding to ErrorSubScene
16:12:00.036 [JavaFX Application Thread] DEBUG PrimaryStageWindow   - GameScene -> ErrorSubScene
16:12:00.434 [JavaFX Application Thread] DEBUG FXGLAssetLoaderServi - Loading from file system: file:/C:/Users/dell/Desktop/OOP作业/Teamwork/target/classes/assets/textures/prepareText/puton.png
16:12:00.942 [JavaFX Application Thread] DEBUG FXGLAssetLoaderServi - Loading from file system: file:/C:/Users/dell/Desktop/OOP作业/Teamwork/target/classes/assets/textures/prepareText/plant.png
16:12:02.593 [JavaFX Application Thread] DEBUG FXGLApplication      - Exiting FXGL
16:12:02.593 [JavaFX Application Thread] DEBUG Async                - Shutting down background threads
16:12:02.593 [JavaFX Application Thread] DEBUG PrimaryStageWindow   - Closing main window
16:12:02.614 [JavaFX Application Thread] DEBUG Logger               - Closing Logger
