22:01:21.967 [main                     ] DEBUG Logger               - Configured Logger
22:01:22.004 [main                     ] DEBUG GameApplication      - Logging settings
Title: Plants Vs Zombies
Version: 0.0
Width: 750
Height: 533
Fullscreen: false
Intro: false
Profiling: false
Single step:false
App Mode: DEVELOPER
Menu Key: ESCAPE
Stage Style: DECORATED
Scene Factory: class com.zrt.pvz.PVZApp$1

22:01:22.441 [JavaFX Application Thread] DEBUG FXGLApplication      - Initializing FXGL
22:01:22.446 [JavaFX Application Thread] INFO  Engine               - FXGL-17.2 (20.08.2022 16.50) on WINDOWS (J:20.0.1 FX:20.0.1)
22:01:22.446 [JavaFX Application Thread] DEBUG Engine               - JRE Vendor Name: Oracle Corporation
22:01:22.446 [JavaFX Application Thread] DEBUG Engine               - Running on OS: Windows 11 version 10.0
22:01:22.447 [JavaFX Application Thread] DEBUG Engine               - Architecture: amd64
22:01:22.447 [JavaFX Application Thread] INFO  Engine               - Source code and latest versions at: https://github.com/AlmasB/FXGL
22:01:22.447 [JavaFX Application Thread] INFO  Engine               -       Ask questions and discuss at: https://github.com/AlmasB/FXGL/discussions
22:01:22.447 [JavaFX Application Thread] INFO  Engine               -              Join the FXGL chat at: https://gitter.im/AlmasB/FXGL
22:01:22.668 [JavaFX Application Thread] DEBUG PrimaryStageWindow   - Creating a JavaFX scene
22:01:22.756 [JavaFX Application Thread] DEBUG PrimaryStageWindow   - Target settings size: 750.0 x 533.0
22:01:22.757 [JavaFX Application Thread] DEBUG PrimaryStageWindow   - Scaled scene size:    750.0 x 533.0
22:01:22.757 [JavaFX Application Thread] DEBUG PrimaryStageWindow   - Scaled ratio: (1.0, 1.0)
22:01:22.759 [JavaFX Application Thread] DEBUG PrimaryStageWindow   - Set initial scene to GameStartupScene
22:01:22.762 [JavaFX Application Thread] DEBUG PrimaryStageWindow   - Opening main window
22:01:23.337 [JavaFX Application Thread] DEBUG PrimaryStageWindow   - Window border size: (14.79998779296875, 38.20001220703125)
22:01:23.337 [JavaFX Application Thread] DEBUG PrimaryStageWindow   - Scaled size: 750.0 x 533.0
22:01:23.338 [JavaFX Application Thread] DEBUG PrimaryStageWindow   - Scaled ratio: (1.0, 1.0)
22:01:23.338 [JavaFX Application Thread] DEBUG PrimaryStageWindow   - Scene size: 750.0 x 533.0
22:01:23.339 [JavaFX Application Thread] DEBUG PrimaryStageWindow   - Stage size: 764.7999877929688 x 571.2000122070312
22:01:23.347 [FXGL Background Thread 1 ] DEBUG Engine               - Initializing environment variables
22:01:23.409 [FXGL Background Thread 1 ] DEBUG FXGLAssetLoaderServi - User app class for loading assets: class com.zrt.pvz.PVZApp
22:01:23.409 [FXGL Background Thread 1 ] DEBUG GameApplicationServi - Applying CSS: fxgl_dark.css
22:01:23.410 [FXGL Background Thread 1 ] DEBUG FXGLAssetLoaderServi - Loading from file system: jar:file:///C:/Users/dell/.m2/repository/com/github/almasb/fxgl/17.2/fxgl-17.2.jar!/fxglassets/ui/css/fxgl_dark.css
22:01:23.434 [FXGL Background Thread 1 ] DEBUG GameApplicationServi - Initializing application scenes
22:01:23.444 [FXGL Background Thread 1 ] DEBUG FXGLAssetLoaderServi - Loading from file system: file:/C:/Users/dell/Desktop/OOP作业/Teamwork/target/classes/assets/textures/map/map1LoadingBG.jpg
22:01:23.512 [FXGL Background Thread 1 ] DEBUG GameWorld            - Game world initialized
22:01:23.564 [FXGL Background Thread 1 ] DEBUG PhysicsWorld         - Physics world initialized: appHeight=533, physics.ppm=50.0
22:01:23.564 [FXGL Background Thread 1 ] DEBUG PhysicsWorld         - Using strategy: BRUTE_FORCE
22:01:23.570 [FXGL Background Thread 1 ] DEBUG GameScene            - Game scene initialized: 750x533
22:01:23.588 [FXGL Background Thread 1 ] DEBUG FXGLAssetLoaderServi - Loading from file system: file:/C:/Users/dell/Desktop/OOP作业/Teamwork/target/classes/assets/textures/ui/mainMenu/bg.png
22:01:23.683 [FXGL Background Thread 1 ] DEBUG FXGLAssetLoaderServi - Loading from file system: file:/C:/Users/dell/Desktop/OOP作业/Teamwork/target/classes/assets/textures/ui/mainMenu/puzzle.png
22:01:23.698 [FXGL Background Thread 1 ] DEBUG FXGLAssetLoaderServi - Loading from file system: file:/C:/Users/dell/Desktop/OOP作业/Teamwork/target/classes/assets/textures/ui/mainMenu/userBoard.png
22:01:23.716 [FXGL Background Thread 1 ] DEBUG FXGLAssetLoaderServi - Loading from file system: file:/C:/Users/dell/Desktop/OOP作业/Teamwork/target/classes/assets/textures/ui/gameMenu/Menu.png
22:01:23.726 [FXGL Background Thread 1 ] DEBUG GameApplicationServi - Application scenes initialized
22:01:23.746 [FXGL Background Thread 1 ] DEBUG SystemBundleService  - Loading FXGL system data
22:01:23.748 [FXGL Background Thread 1 ] DEBUG FileSystemAccess     - Reading from: C:\Users\dell\Desktop\OOP作业\Teamwork\system\fxgl.bundle
22:01:23.752 [FXGL Background Thread 1 ] DEBUG SystemBundleService  - Bundle FXGL: {}
22:01:23.753 [FXGL Background Thread 1 ] DEBUG UpdaterService       - Checking for updates
22:01:23.758 [FXGL Background Thread 4 ] DEBUG FXGLApplication      - Loading fonts
22:01:23.758 [FXGL Background Thread 1 ] DEBUG FXGLApplication      - Loading default localization
22:01:23.759 [FXGL Background Thread 4 ] DEBUG FXGLAssetLoaderServi - Loading from file system: jar:file:///C:/Users/dell/.m2/repository/com/github/almasb/fxgl/17.2/fxgl-17.2.jar!/fxglassets/ui/fonts/VarelaRound-Regular.ttf
22:01:23.759 [FXGL Background Thread 1 ] DEBUG FXGLAssetLoaderServi - Loading from file system: jar:file:///C:/Users/dell/.m2/repository/com/github/almasb/fxgl/17.2/fxgl-17.2.jar!/fxglassets/languages/english.lang
22:01:23.821 [FXGL Background Thread 1 ] INFO  FXGLApplication      - FXGL initialization took: 0.474 sec
22:01:23.823 [JavaFX Application Thread] DEBUG FXGLAssetLoaderServi - Loading from file system: file:/C:/Users/dell/Desktop/OOP作业/Teamwork/target/classes/assets/textures/logo.jpg
22:01:23.830 [JavaFX Application Thread] DEBUG FXGLAssetLoaderServi - Loading from file system: jar:file:///C:/Users/dell/.m2/repository/com/github/almasb/fxgl/17.2/fxgl-17.2.jar!/fxglassets/textures/fxgl_default_cursor.png
22:01:23.845 [JavaFX Application Thread] DEBUG Input                - Registered new binding: Screenshot - CTRL+8
22:01:23.846 [JavaFX Application Thread] DEBUG Input                - Registered new binding: System info dump - CTRL+9
22:01:23.847 [JavaFX Application Thread] DEBUG Input                - Registered new binding: Restart - CTRL+R
22:01:23.849 [JavaFX Application Thread] DEBUG Input                - Registered new binding: Toggle Debug Camera - CTRL+7
22:01:23.854 [JavaFX Application Thread] DEBUG LoopRunner           - Starting loop
22:01:23.855 [JavaFX Application Thread] DEBUG LoopRunner           - Initializing JavaFX AnimationTimerLoop
22:01:23.859 [JavaFX Application Thread] DEBUG Input                - Clearing active input actions
22:01:23.867 [JavaFX Application Thread] DEBUG GameApplicationServi - Removing overlay from GameStartupScene and adding to FXGLMainMenuDummyScene
22:01:23.867 [JavaFX Application Thread] DEBUG PrimaryStageWindow   - GameStartupScene -> FXGLMainMenuDummyScene
22:01:23.868 [JavaFX Application Thread] DEBUG PrimaryStageWindow   - Push state: MainMenu
22:01:23.869 [JavaFX Application Thread] DEBUG FXGLAssetLoaderServi - Loading from file system: file:/C:/Users/dell/Desktop/OOP作业/Teamwork/target/classes/assets/music/mainMenu.wav
22:01:24.023 [FXGL Background Thread 4 ] DEBUG FXGLAssetLoaderServi - Loading from file system: jar:file:///C:/Users/dell/.m2/repository/com/github/almasb/fxgl/17.2/fxgl-17.2.jar!/fxglassets/ui/fonts/Abel-Regular.ttf
22:01:24.034 [FXGL Background Thread 4 ] DEBUG FXGLAssetLoaderServi - Loading from file system: jar:file:///C:/Users/dell/.m2/repository/com/github/almasb/fxgl/17.2/fxgl-17.2.jar!/fxglassets/ui/fonts/TerminalLandMono-Regular.otf
22:01:24.039 [FXGL Background Thread 4 ] DEBUG FXGLAssetLoaderServi - Loading from file system: jar:file:///C:/Users/dell/.m2/repository/com/github/almasb/fxgl/17.2/fxgl-17.2.jar!/fxglassets/ui/fonts/Courier-Prime.ttf
22:01:24.043 [JavaFX Application Thread] DEBUG AudioPlayer          - Playing music com.almasb.fxgl.audio.Music@7e3f1c0d
22:01:24.044 [JavaFX Application Thread] DEBUG Input                - Clearing active input actions
22:01:24.048 [JavaFX Application Thread] DEBUG GameApplicationServi - Removing overlay from FXGLMainMenuDummyScene and adding to MainMenu
22:01:24.049 [JavaFX Application Thread] DEBUG PrimaryStageWindow   - FXGLMainMenuDummyScene -> MainMenu
22:01:24.093 [JavaFX Application Thread] DEBUG FXGLApplication      - Registering font factories with UI factory
22:01:26.207 [JavaFX Application Thread] DEBUG FXGLApplication      - Exiting FXGL
22:01:26.207 [JavaFX Application Thread] DEBUG LoopRunner           - Stopping loop
22:01:26.207 [JavaFX Application Thread] DEBUG SystemBundleService  - Saving FXGL system data
22:01:26.210 [JavaFX Application Thread] DEBUG FileSystemAccess     - Writing to: C:\Users\dell\Desktop\OOP作业\Teamwork\system\fxgl.bundle
22:01:26.212 [JavaFX Application Thread] DEBUG Async                - Shutting down background threads
22:01:26.213 [JavaFX Application Thread] DEBUG PrimaryStageWindow   - Closing main window
22:01:26.270 [JavaFX Application Thread] DEBUG Logger               - Closing Logger
