17:16:10.588 [main                     ] DEBUG Logger               - Configured Logger
17:16:10.610 [main                     ] DEBUG GameApplication      - Logging settings
Title: Plants Vs Zombies
Version: 0.0
Width: 750
Height: 533
Fullscreen: false
Intro: false
Profiling: false
Single step:false
App Mode: DEVELOPER
Menu Key: ESCAPE
Stage Style: DECORATED
Scene Factory: class com.zrt.pvz.PVZApp$1

17:16:10.852 [JavaFX Application Thread] DEBUG FXGLApplication      - Initializing FXGL
17:16:10.855 [JavaFX Application Thread] INFO  Engine               - FXGL-17.2 (20.08.2022 16.50) on WINDOWS (J:20.0.1 FX:20.0.1)
17:16:10.855 [JavaFX Application Thread] DEBUG Engine               - JRE Vendor Name: Oracle Corporation
17:16:10.855 [JavaFX Application Thread] DEBUG Engine               - Running on OS: Windows 11 version 10.0
17:16:10.856 [JavaFX Application Thread] DEBUG Engine               - Architecture: amd64
17:16:10.856 [JavaFX Application Thread] INFO  Engine               - Source code and latest versions at: https://github.com/AlmasB/FXGL
17:16:10.856 [JavaFX Application Thread] INFO  Engine               -       Ask questions and discuss at: https://github.com/AlmasB/FXGL/discussions
17:16:10.856 [JavaFX Application Thread] INFO  Engine               -              Join the FXGL chat at: https://gitter.im/AlmasB/FXGL
17:16:10.981 [JavaFX Application Thread] DEBUG PrimaryStageWindow   - Creating a JavaFX scene
17:16:11.026 [JavaFX Application Thread] DEBUG PrimaryStageWindow   - Target settings size: 750.0 x 533.0
17:16:11.028 [JavaFX Application Thread] DEBUG PrimaryStageWindow   - Scaled scene size:    750.0 x 533.0
17:16:11.028 [JavaFX Application Thread] DEBUG PrimaryStageWindow   - Scaled ratio: (1.0, 1.0)
17:16:11.028 [JavaFX Application Thread] DEBUG PrimaryStageWindow   - Set initial scene to GameStartupScene
17:16:11.030 [JavaFX Application Thread] DEBUG PrimaryStageWindow   - Opening main window
17:16:11.247 [JavaFX Application Thread] DEBUG PrimaryStageWindow   - Window border size: (14.79998779296875, 38.20001220703125)
17:16:11.247 [JavaFX Application Thread] DEBUG PrimaryStageWindow   - Scaled size: 750.0 x 533.0
17:16:11.247 [JavaFX Application Thread] DEBUG PrimaryStageWindow   - Scaled ratio: (1.0, 1.0)
17:16:11.248 [JavaFX Application Thread] DEBUG PrimaryStageWindow   - Scene size: 750.0 x 533.0
17:16:11.248 [JavaFX Application Thread] DEBUG PrimaryStageWindow   - Stage size: 764.7999877929688 x 571.2000122070312
17:16:11.253 [FXGL Background Thread 1 ] DEBUG Engine               - Initializing environment variables
17:16:11.280 [FXGL Background Thread 1 ] DEBUG FXGLAssetLoaderServi - User app class for loading assets: class com.zrt.pvz.PVZApp
17:16:11.280 [FXGL Background Thread 1 ] DEBUG GameApplicationServi - Applying CSS: fxgl_dark.css
17:16:11.281 [FXGL Background Thread 1 ] DEBUG FXGLAssetLoaderServi - Loading from file system: jar:file:///C:/Users/dell/.m2/repository/com/github/almasb/fxgl/17.2/fxgl-17.2.jar!/fxglassets/ui/css/fxgl_dark.css
17:16:11.288 [FXGL Background Thread 1 ] DEBUG GameApplicationServi - Initializing application scenes
17:16:11.294 [FXGL Background Thread 1 ] DEBUG GameWorld            - Game world initialized
17:16:11.333 [FXGL Background Thread 1 ] DEBUG PhysicsWorld         - Physics world initialized: appHeight=533, physics.ppm=50.0
17:16:11.333 [FXGL Background Thread 1 ] DEBUG PhysicsWorld         - Using strategy: BRUTE_FORCE
17:16:11.337 [FXGL Background Thread 1 ] DEBUG GameScene            - Game scene initialized: 750x533
17:16:11.339 [FXGL Background Thread 1 ] DEBUG FXGLAssetLoaderServi - Loading from file system: file:/C:/Users/dell/Desktop/OOP作业/Teamwork/target/classes/assets/textures/ui/mainMenu/bg.png
17:16:11.384 [FXGL Background Thread 1 ] DEBUG FXGLAssetLoaderServi - Loading from file system: file:/C:/Users/dell/Desktop/OOP作业/Teamwork/target/classes/assets/textures/ui/mainMenu/smallgame.png
17:16:11.392 [FXGL Background Thread 1 ] DEBUG FXGLAssetLoaderServi - Loading from file system: file:/C:/Users/dell/Desktop/OOP作业/Teamwork/target/classes/assets/textures/ui/mainMenu/puzzle.png
17:16:11.405 [FXGL Background Thread 1 ] WARN  FXGL.DefaultMenu     - FXGLDefaultMenu is not designed for resolutions < 800x600
17:16:11.405 [FXGL Background Thread 1 ] DEBUG FXGL.DefaultMenu     - createMenuBodyGameMenu()
17:16:11.411 [FXGL Background Thread 1 ] DEBUG FXGL.DefaultMenu     - createOptionsMenu()
17:16:11.415 [FXGL Background Thread 1 ] DEBUG FXGLAssetLoaderServi - Loading from file system: jar:file:///C:/Users/dell/.m2/repository/com/github/almasb/fxgl/17.2/fxgl-17.2.jar!/fxglassets/textures/particles/smoke.png
17:16:11.471 [FXGL Background Thread 1 ] DEBUG FXGLAssetLoaderServi - Loading from file system: jar:file:///C:/Users/dell/.m2/repository/com/github/almasb/fxgl/17.2/fxgl-17.2.jar!/fxglassets/textures/particles/trace_horizontal.png
17:16:11.480 [FXGL Background Thread 1 ] DEBUG GameApplicationServi - Application scenes initialized
17:16:11.487 [FXGL Background Thread 1 ] DEBUG SystemBundleService  - Loading FXGL system data
17:16:11.490 [FXGL Background Thread 1 ] DEBUG FileSystemAccess     - Reading from: C:\Users\dell\Desktop\OOP作业\Teamwork\system\fxgl.bundle
17:16:11.496 [FXGL Background Thread 1 ] DEBUG SystemBundleService  - Bundle FXGL: {}
17:16:11.496 [FXGL Background Thread 1 ] DEBUG UpdaterService       - Checking for updates
17:16:11.498 [FXGL Background Thread 4 ] DEBUG FXGLApplication      - Loading fonts
17:16:11.499 [FXGL Background Thread 1 ] DEBUG FXGLApplication      - Loading default localization
17:16:11.499 [FXGL Background Thread 4 ] DEBUG FXGLAssetLoaderServi - Loading from file system: jar:file:///C:/Users/dell/.m2/repository/com/github/almasb/fxgl/17.2/fxgl-17.2.jar!/fxglassets/ui/fonts/VarelaRound-Regular.ttf
17:16:11.499 [FXGL Background Thread 1 ] DEBUG FXGLAssetLoaderServi - Loading from file system: jar:file:///C:/Users/dell/.m2/repository/com/github/almasb/fxgl/17.2/fxgl-17.2.jar!/fxglassets/languages/english.lang
17:16:11.519 [FXGL Background Thread 1 ] INFO  FXGLApplication      - FXGL initialization took: 0.266 sec
17:16:11.521 [JavaFX Application Thread] DEBUG FXGLAssetLoaderServi - Loading from file system: file:/C:/Users/dell/Desktop/OOP作业/Teamwork/target/classes/assets/textures/logo.jpg
17:16:11.525 [JavaFX Application Thread] DEBUG FXGLAssetLoaderServi - Loading from file system: jar:file:///C:/Users/dell/.m2/repository/com/github/almasb/fxgl/17.2/fxgl-17.2.jar!/fxglassets/textures/fxgl_default_cursor.png
17:16:11.535 [JavaFX Application Thread] DEBUG Input                - Registered new binding: Screenshot - CTRL+8
17:16:11.536 [JavaFX Application Thread] DEBUG Input                - Registered new binding: System info dump - CTRL+9
17:16:11.537 [JavaFX Application Thread] DEBUG Input                - Registered new binding: Restart - CTRL+R
17:16:11.538 [JavaFX Application Thread] DEBUG Input                - Registered new binding: Toggle Debug Camera - CTRL+7
17:16:11.540 [JavaFX Application Thread] DEBUG LoopRunner           - Starting loop
17:16:11.540 [JavaFX Application Thread] DEBUG LoopRunner           - Initializing JavaFX AnimationTimerLoop
17:16:11.543 [JavaFX Application Thread] DEBUG Input                - Clearing active input actions
17:16:11.548 [JavaFX Application Thread] DEBUG GameApplicationServi - Removing overlay from GameStartupScene and adding to FXGLMainMenuDummyScene
17:16:11.549 [JavaFX Application Thread] DEBUG PrimaryStageWindow   - GameStartupScene -> FXGLMainMenuDummyScene
17:16:11.549 [JavaFX Application Thread] DEBUG PrimaryStageWindow   - Push state: MainMenu
17:16:11.549 [JavaFX Application Thread] DEBUG FXGLAssetLoaderServi - Loading from file system: file:/C:/Users/dell/Desktop/OOP作业/Teamwork/target/classes/assets/music/mainMenu.wav
17:16:11.574 [FXGL Background Thread 4 ] DEBUG FXGLAssetLoaderServi - Loading from file system: jar:file:///C:/Users/dell/.m2/repository/com/github/almasb/fxgl/17.2/fxgl-17.2.jar!/fxglassets/ui/fonts/Abel-Regular.ttf
17:16:11.575 [FXGL Background Thread 4 ] DEBUG FXGLAssetLoaderServi - Loading from file system: jar:file:///C:/Users/dell/.m2/repository/com/github/almasb/fxgl/17.2/fxgl-17.2.jar!/fxglassets/ui/fonts/TerminalLandMono-Regular.otf
17:16:11.577 [FXGL Background Thread 4 ] DEBUG FXGLAssetLoaderServi - Loading from file system: jar:file:///C:/Users/dell/.m2/repository/com/github/almasb/fxgl/17.2/fxgl-17.2.jar!/fxglassets/ui/fonts/Courier-Prime.ttf
17:16:11.669 [JavaFX Application Thread] DEBUG AudioPlayer          - Playing music com.almasb.fxgl.audio.Music@6c425303
17:16:11.669 [JavaFX Application Thread] DEBUG Input                - Clearing active input actions
17:16:11.670 [JavaFX Application Thread] DEBUG GameApplicationServi - Removing overlay from FXGLMainMenuDummyScene and adding to MainMenu
17:16:11.671 [JavaFX Application Thread] DEBUG PrimaryStageWindow   - FXGLMainMenuDummyScene -> MainMenu
17:16:11.686 [JavaFX Application Thread] DEBUG FXGLApplication      - Registering font factories with UI factory
17:16:12.027 [JavaFX Application Thread] WARN  FXGLAssetLoaderServi - Asset "/assets/sounds/mainMenuHover.wav" was not found!
17:16:12.027 [JavaFX Application Thread] WARN  FXGLAssetLoaderServi - Failed to load SOUND
17:16:12.349 [JavaFX Application Thread] WARN  FXGLAssetLoaderServi - Asset "/assets/sounds/select.wav" was not found!
17:16:12.349 [JavaFX Application Thread] WARN  FXGLAssetLoaderServi - Failed to load SOUND
17:16:12.349 [JavaFX Application Thread] DEBUG FXGLAssetLoaderServi - Loading from file system: file:/C:/Users/dell/Desktop/OOP作业/Teamwork/target/classes/assets/textures/ui/mainMenu/ZombieHand.png
17:16:12.356 [JavaFX Application Thread] DEBUG GameApplicationServi - Starting new game
17:16:12.357 [JavaFX Application Thread] DEBUG PrimaryStageWindow   - Pop state: MainMenu
17:16:12.357 [JavaFX Application Thread] DEBUG Input                - Clearing active input actions
17:16:12.357 [JavaFX Application Thread] DEBUG GameApplicationServi - Removing overlay from MainMenu and adding to FXGLMainMenuDummyScene
17:16:12.357 [JavaFX Application Thread] DEBUG PrimaryStageWindow   - FXGLMainMenuDummyScene <- MainMenu
17:16:12.357 [JavaFX Application Thread] DEBUG Input                - Clearing active input actions
17:16:12.362 [JavaFX Application Thread] DEBUG GameApplicationServi - Removing overlay from FXGLMainMenuDummyScene and adding to FXGLLoadingScene
17:16:12.363 [JavaFX Application Thread] DEBUG PrimaryStageWindow   - FXGLMainMenuDummyScene -> FXGLLoadingScene
17:16:12.363 [JavaFX Application Thread] DEBUG GameApplicationServi - Clearing previous game
17:16:12.363 [JavaFX Application Thread] DEBUG GameScene            - Clearing game scene
17:16:12.363 [JavaFX Application Thread] DEBUG GameWorld            - Clearing game world
17:16:12.363 [JavaFX Application Thread] DEBUG PhysicsWorld         - Clearing physics world
17:16:12.365 [FXGL Background Thread 4 ] DEBUG FXGLApplication      - Initializing game
17:16:12.372 [FXGL Background Thread 4 ] DEBUG FXGLAssetLoaderServi - Loading from file system: file:/C:/Users/dell/Desktop/OOP作业/Teamwork/target/classes/assets/textures/map/map1.jpg
17:16:12.420 [FXGL Background Thread 4 ] DEBUG FXGLAssetLoaderServi - Loading from file system: file:/C:/Users/dell/Desktop/OOP作业/Teamwork/target/classes/assets/textures/zombies/NormalZombie/ZombieShow/ZombieShow_0.png
17:16:12.421 [FXGL Background Thread 4 ] DEBUG FXGLAssetLoaderServi - Loading from file system: file:/C:/Users/dell/Desktop/OOP作业/Teamwork/target/classes/assets/textures/zombies/NormalZombie/ZombieShow/ZombieShow_1.png
17:16:12.422 [FXGL Background Thread 4 ] DEBUG FXGLAssetLoaderServi - Loading from file system: file:/C:/Users/dell/Desktop/OOP作业/Teamwork/target/classes/assets/textures/zombies/NormalZombie/ZombieShow/ZombieShow_2.png
17:16:12.429 [FXGL Background Thread 4 ] DEBUG FXGLAssetLoaderServi - Loading from file system: file:/C:/Users/dell/Desktop/OOP作业/Teamwork/target/classes/assets/textures/zombies/NormalZombie/ZombieShow/ZombieShow_3.png
17:16:12.429 [FXGL Background Thread 4 ] DEBUG FXGLAssetLoaderServi - Loading from file system: file:/C:/Users/dell/Desktop/OOP作业/Teamwork/target/classes/assets/textures/zombies/NormalZombie/ZombieShow/ZombieShow_4.png
17:16:12.442 [FXGL Background Thread 4 ] DEBUG FXGLAssetLoaderServi - Loading from file system: file:/C:/Users/dell/Desktop/OOP作业/Teamwork/target/classes/assets/textures/plant/SunFlower/SunFlower.png
17:16:12.443 [FXGL Background Thread 4 ] INFO  FXGLApplication      - Game initialization took: 0.079 sec
17:16:12.444 [JavaFX Application Thread] DEBUG Input                - Clearing active input actions
17:16:12.447 [JavaFX Application Thread] DEBUG GameApplicationServi - Removing overlay from FXGLLoadingScene and adding to GameScene
17:16:12.447 [JavaFX Application Thread] DEBUG PrimaryStageWindow   - FXGLLoadingScene -> GameScene
17:16:12.515 [FXGL Background Thread 2 ] INFO  UpdaterService       - Your current version:  17.2
17:16:12.515 [FXGL Background Thread 2 ] INFO  UpdaterService       - Latest stable version: 17.3
17:16:14.499 [FXGL Background Thread 3 ] DEBUG Engine               - Logging environment variables
17:16:14.499 [FXGL Background Thread 3 ] DEBUG Engine               - achievements: []
17:16:14.499 [FXGL Background Thread 3 ] DEBUG Engine               - actualHeight: 533.0
17:16:14.499 [FXGL Background Thread 3 ] DEBUG Engine               - actualHeightProperty: ReadOnlyDoubleProperty [value: 533.0]
17:16:14.499 [FXGL Background Thread 3 ] DEBUG Engine               - actualWidth: 750.0
17:16:14.499 [FXGL Background Thread 3 ] DEBUG Engine               - actualWidthProperty: ReadOnlyDoubleProperty [value: 750.0]
17:16:14.499 [FXGL Background Thread 3 ] DEBUG Engine               - appIcon: logo.jpg
17:16:14.499 [FXGL Background Thread 3 ] DEBUG Engine               - applicationMode: DEVELOPER
17:16:14.499 [FXGL Background Thread 3 ] DEBUG Engine               - cSSList: [fxgl_dark.css]
17:16:14.499 [FXGL Background Thread 3 ] DEBUG Engine               - collisionDetectionStrategy: BRUTE_FORCE
17:16:14.499 [FXGL Background Thread 3 ] DEBUG Engine               - configClass: Optional.empty
17:16:14.499 [FXGL Background Thread 3 ] DEBUG Engine               - credits: []
17:16:14.500 [FXGL Background Thread 3 ] DEBUG Engine               - defaultCursor: CursorInfo(imageName=fxgl_default_cursor.png, hotspotX=7.0, hotspotY=6.0)
17:16:14.500 [FXGL Background Thread 3 ] DEBUG Engine               - devBBoxColorProperty: ObjectProperty [value: 0xff0000ff]
17:16:14.500 [FXGL Background Thread 3 ] DEBUG Engine               - devEnableDebugCameraProperty: BooleanProperty [value: false]
17:16:14.500 [FXGL Background Thread 3 ] DEBUG Engine               - devSensorColorProperty: ObjectProperty [value: 0xffff00ff]
17:16:14.500 [FXGL Background Thread 3 ] DEBUG Engine               - devShowBBoxProperty: BooleanProperty [value: false]
17:16:14.500 [FXGL Background Thread 3 ] DEBUG Engine               - devShowPositionProperty: BooleanProperty [value: false]
17:16:14.500 [FXGL Background Thread 3 ] DEBUG Engine               - enabledMenuItems: []
17:16:14.500 [FXGL Background Thread 3 ] DEBUG Engine               - engineServices: [class com.almasb.fxgl.app.services.FXGLAssetLoaderService, class com.almasb.fxgl.app.FXGLApplication$GameApplicationService, class com.almasb.fxgl.app.services.FXGLDialogService, class com.almasb.fxgl.app.services.IOTaskExecutorService, class com.almasb.fxgl.io.FileSystemService, class com.almasb.fxgl.localization.LocalizationService, class com.almasb.fxgl.app.services.SystemBundleService, class com.almasb.fxgl.profile.SaveLoadService, class com.almasb.fxgl.ui.FXGLUIFactoryServiceProvider, class com.almasb.fxgl.ui.FXGLDialogFactoryServiceProvider, class com.almasb.fxgl.audio.AudioPlayer, class com.almasb.fxgl.notification.impl.NotificationServiceProvider, class com.almasb.fxgl.achievement.AchievementService, class com.almasb.fxgl.cutscene.CutsceneService, class com.almasb.fxgl.minigames.MiniGameService, class com.almasb.fxgl.net.NetService, class com.almasb.fxgl.app.services.UpdaterService, class com.almasb.fxgl.dev.DevService]
17:16:14.500 [FXGL Background Thread 3 ] DEBUG Engine               - fontGame: Abel-Regular.ttf
17:16:14.500 [FXGL Background Thread 3 ] DEBUG Engine               - fontMono: TerminalLandMono-Regular.otf
17:16:14.500 [FXGL Background Thread 3 ] DEBUG Engine               - fontText: Courier-Prime.ttf
17:16:14.500 [FXGL Background Thread 3 ] DEBUG Engine               - fontUI: VarelaRound-Regular.ttf
17:16:14.500 [FXGL Background Thread 3 ] DEBUG Engine               - fullScreen: BooleanProperty [value: false]
17:16:14.500 [FXGL Background Thread 3 ] DEBUG Engine               - gameDifficulty: MEDIUM
17:16:14.500 [FXGL Background Thread 3 ] DEBUG Engine               - gameDifficultyProperty: ObjectProperty [value: MEDIUM]
17:16:14.500 [FXGL Background Thread 3 ] DEBUG Engine               - globalMusicVolume: 0.5
17:16:14.500 [FXGL Background Thread 3 ] DEBUG Engine               - globalMusicVolumeProperty: DoubleProperty [value: 0.5]
17:16:14.500 [FXGL Background Thread 3 ] DEBUG Engine               - globalSoundVolume: 0.5
17:16:14.500 [FXGL Background Thread 3 ] DEBUG Engine               - globalSoundVolumeProperty: DoubleProperty [value: 0.5]
17:16:14.500 [FXGL Background Thread 3 ] DEBUG Engine               - height: 533
17:16:14.500 [FXGL Background Thread 3 ] DEBUG Engine               - is3D: false
17:16:14.500 [FXGL Background Thread 3 ] DEBUG Engine               - isAndroid: false
17:16:14.500 [FXGL Background Thread 3 ] DEBUG Engine               - isBrowser: false
17:16:14.500 [FXGL Background Thread 3 ] DEBUG Engine               - isClickFeedbackEnabled: false
17:16:14.500 [FXGL Background Thread 3 ] DEBUG Engine               - isCloseConfirmation: false
17:16:14.500 [FXGL Background Thread 3 ] DEBUG Engine               - isDesktop: true
17:16:14.501 [FXGL Background Thread 3 ] DEBUG Engine               - isDeveloperMenuEnabled: false
17:16:14.501 [FXGL Background Thread 3 ] DEBUG Engine               - isEmbedded: false
17:16:14.501 [FXGL Background Thread 3 ] DEBUG Engine               - isEntityPreloadEnabled: true
17:16:14.501 [FXGL Background Thread 3 ] DEBUG Engine               - isExperimentalTiledLargeMap: false
17:16:14.501 [FXGL Background Thread 3 ] DEBUG Engine               - isFileSystemWriteAllowed: true
17:16:14.501 [FXGL Background Thread 3 ] DEBUG Engine               - isFullScreenAllowed: false
17:16:14.501 [FXGL Background Thread 3 ] DEBUG Engine               - isFullScreenFromStart: false
17:16:14.501 [FXGL Background Thread 3 ] DEBUG Engine               - isGameMenuEnabled: true
17:16:14.501 [FXGL Background Thread 3 ] DEBUG Engine               - isIOS: false
17:16:14.501 [FXGL Background Thread 3 ] DEBUG Engine               - isIntroEnabled: false
17:16:14.501 [FXGL Background Thread 3 ] DEBUG Engine               - isLinux: false
17:16:14.501 [FXGL Background Thread 3 ] DEBUG Engine               - isMac: false
17:16:14.501 [FXGL Background Thread 3 ] DEBUG Engine               - isMainMenuEnabled: true
17:16:14.501 [FXGL Background Thread 3 ] DEBUG Engine               - isManualResizeEnabled: false
17:16:14.501 [FXGL Background Thread 3 ] DEBUG Engine               - isMobile: false
17:16:14.501 [FXGL Background Thread 3 ] DEBUG Engine               - isNative: false
17:16:14.501 [FXGL Background Thread 3 ] DEBUG Engine               - isPauseMusicWhenMinimized: true
17:16:14.501 [FXGL Background Thread 3 ] DEBUG Engine               - isPreserveResizeRatio: false
17:16:14.501 [FXGL Background Thread 3 ] DEBUG Engine               - isProfilingEnabled: false
17:16:14.501 [FXGL Background Thread 3 ] DEBUG Engine               - isScaleAffectedOnResize: true
17:16:14.501 [FXGL Background Thread 3 ] DEBUG Engine               - isSingleStep: false
17:16:14.501 [FXGL Background Thread 3 ] DEBUG Engine               - isUserProfileEnabled: false
17:16:14.501 [FXGL Background Thread 3 ] DEBUG Engine               - isWindows: true
17:16:14.501 [FXGL Background Thread 3 ] DEBUG Engine               - language: ObjectProperty [value: ENGLISH]
17:16:14.501 [FXGL Background Thread 3 ] DEBUG Engine               - menuKey: ESCAPE
17:16:14.501 [FXGL Background Thread 3 ] DEBUG Engine               - mouseSensitivity: 0.2
17:16:14.501 [FXGL Background Thread 3 ] DEBUG Engine               - notificationViewClass: class com.almasb.fxgl.notification.view.XboxNotificationView
17:16:14.501 [FXGL Background Thread 3 ] DEBUG Engine               - pixelsPerMeter: 50.0
17:16:14.501 [FXGL Background Thread 3 ] DEBUG Engine               - platform: WINDOWS
17:16:14.501 [FXGL Background Thread 3 ] DEBUG Engine               - prefHeightProperty: ReadOnlyDoubleProperty [value: 533.0]
17:16:14.501 [FXGL Background Thread 3 ] DEBUG Engine               - prefWidthProperty: ReadOnlyDoubleProperty [value: 750.0]
17:16:14.501 [FXGL Background Thread 3 ] DEBUG Engine               - profileDir: profiles/
17:16:14.501 [FXGL Background Thread 3 ] DEBUG Engine               - profileName: StringProperty [value: DEFAULT]
17:16:14.501 [FXGL Background Thread 3 ] DEBUG Engine               - randomSeed: -1
17:16:14.502 [FXGL Background Thread 3 ] DEBUG Engine               - runtimeInfo: RuntimeInfo(platform=WINDOWS, version=17.2, build=20.08.2022 16.50)
17:16:14.502 [FXGL Background Thread 3 ] DEBUG Engine               - saveFileExt: sav
17:16:14.502 [FXGL Background Thread 3 ] DEBUG Engine               - scaledHeightProp$fxgl: DoubleProperty [bound, value: 533.0]
17:16:14.502 [FXGL Background Thread 3 ] DEBUG Engine               - scaledWidthProp$fxgl: DoubleProperty [bound, value: 750.0]
17:16:14.502 [FXGL Background Thread 3 ] DEBUG Engine               - sceneFactory: com.zrt.pvz.PVZApp$1@12e59bb3
17:16:14.502 [FXGL Background Thread 3 ] DEBUG Engine               - secondsIn24h: 60
17:16:14.502 [FXGL Background Thread 3 ] DEBUG Engine               - soundMenuBack: menu/back.wav
17:16:14.502 [FXGL Background Thread 3 ] DEBUG Engine               - soundMenuPress: menu/press.wav
17:16:14.502 [FXGL Background Thread 3 ] DEBUG Engine               - soundMenuSelect: menu/select.wav
17:16:14.502 [FXGL Background Thread 3 ] DEBUG Engine               - soundNotification: core/notification.wav
17:16:14.502 [FXGL Background Thread 3 ] DEBUG Engine               - stageStyle: DECORATED
17:16:14.502 [FXGL Background Thread 3 ] DEBUG Engine               - supportedLanguages: [ENGLISH, FRENCH, GERMAN, HUNGARIAN, RUSSIAN]
17:16:14.502 [FXGL Background Thread 3 ] DEBUG Engine               - ticksPerSecond: -1
17:16:14.502 [FXGL Background Thread 3 ] DEBUG Engine               - title: Plants Vs Zombies
17:16:14.502 [FXGL Background Thread 3 ] DEBUG Engine               - urlGithub: https://github.com/AlmasB/FXGL
17:16:14.502 [FXGL Background Thread 3 ] DEBUG Engine               - urlLeaderboard: http://fxgl-top.herokuapp.com/
17:16:14.502 [FXGL Background Thread 3 ] DEBUG Engine               - urlPOM: https://raw.githubusercontent.com/AlmasB/FXGL/release/README.md
17:16:14.502 [FXGL Background Thread 3 ] DEBUG Engine               - userAppClass: class com.zrt.pvz.PVZApp
17:16:14.502 [FXGL Background Thread 3 ] DEBUG Engine               - version: 0.0
17:16:14.502 [FXGL Background Thread 3 ] DEBUG Engine               - versionCheckDays: 7
17:16:14.502 [FXGL Background Thread 3 ] DEBUG Engine               - width: 750
17:16:14.502 [FXGL Background Thread 3 ] DEBUG Engine               - Logging services
17:16:14.502 [FXGL Background Thread 3 ] DEBUG Engine               - class com.almasb.fxgl.app.services.FXGLAssetLoaderService
17:16:14.502 [FXGL Background Thread 3 ] DEBUG Engine               - class com.almasb.fxgl.app.FXGLApplication$GameApplicationService
17:16:14.503 [FXGL Background Thread 3 ] DEBUG Engine               - class com.almasb.fxgl.app.services.FXGLDialogService
17:16:14.503 [FXGL Background Thread 3 ] DEBUG Engine               - class com.almasb.fxgl.app.services.IOTaskExecutorService
17:16:14.503 [FXGL Background Thread 3 ] DEBUG Engine               - class com.almasb.fxgl.io.FileSystemService
17:16:14.503 [FXGL Background Thread 3 ] DEBUG Engine               - class com.almasb.fxgl.localization.LocalizationService
17:16:14.503 [FXGL Background Thread 3 ] DEBUG Engine               - class com.almasb.fxgl.app.services.SystemBundleService
17:16:14.503 [FXGL Background Thread 3 ] DEBUG Engine               - class com.almasb.fxgl.profile.SaveLoadService
17:16:14.503 [FXGL Background Thread 3 ] DEBUG Engine               - class com.almasb.fxgl.ui.FXGLUIFactoryServiceProvider
17:16:14.503 [FXGL Background Thread 3 ] DEBUG Engine               - class com.almasb.fxgl.ui.FXGLDialogFactoryServiceProvider
17:16:14.503 [FXGL Background Thread 3 ] DEBUG Engine               - class com.almasb.fxgl.audio.AudioPlayer
17:16:14.503 [FXGL Background Thread 3 ] DEBUG Engine               - class com.almasb.fxgl.notification.impl.NotificationServiceProvider
17:16:14.503 [FXGL Background Thread 3 ] DEBUG Engine               - class com.almasb.fxgl.achievement.AchievementService
17:16:14.503 [FXGL Background Thread 3 ] DEBUG Engine               - class com.almasb.fxgl.cutscene.CutsceneService
17:16:14.503 [FXGL Background Thread 3 ] DEBUG Engine               - class com.almasb.fxgl.minigames.MiniGameService
17:16:14.503 [FXGL Background Thread 3 ] DEBUG Engine               - class com.almasb.fxgl.net.NetService
17:16:14.503 [FXGL Background Thread 3 ] DEBUG Engine               - class com.almasb.fxgl.app.services.UpdaterService
17:16:14.503 [FXGL Background Thread 3 ] DEBUG Engine               - class com.almasb.fxgl.dev.DevService
17:16:14.742 [JavaFX Application Thread] DEBUG FXGLAssetLoaderServi - Loading from file system: file:/C:/Users/dell/Desktop/OOP作业/Teamwork/target/classes/assets/textures/weeder/weeder.png
17:16:14.748 [JavaFX Application Thread] DEBUG FXGLAssetLoaderServi - Loading from file system: file:/C:/Users/dell/Desktop/OOP作业/Teamwork/target/classes/assets/textures/prepareText/prepare.png
17:16:14.750 [JavaFX Application Thread] DEBUG FXGLAssetLoaderServi - Loading from file system: file:/C:/Users/dell/Desktop/OOP作业/Teamwork/target/classes/assets/textures/ui/choose/chosenBg.png
17:16:14.755 [JavaFX Application Thread] DEBUG FXGLAssetLoaderServi - Loading JSON from: file:/C:/Users/dell/Desktop/OOP作业/Teamwork/target/classes/assets/data/SunFlower.json
17:16:14.849 [JavaFX Application Thread] DEBUG FXGLAssetLoaderServi - Loading from file system: file:/C:/Users/dell/Desktop/OOP作业/Teamwork/target/classes/assets/textures/ui/choose/SunFlower.png
17:16:14.853 [JavaFX Application Thread] DEBUG FXGLAssetLoaderServi - Loading JSON from: file:/C:/Users/dell/Desktop/OOP作业/Teamwork/target/classes/assets/data/PeaShooter.json
17:16:14.857 [JavaFX Application Thread] DEBUG FXGLAssetLoaderServi - Loading from file system: file:/C:/Users/dell/Desktop/OOP作业/Teamwork/target/classes/assets/textures/ui/choose/PeaShooter.png
17:16:14.859 [JavaFX Application Thread] DEBUG FXGLAssetLoaderServi - Loading JSON from: file:/C:/Users/dell/Desktop/OOP作业/Teamwork/target/classes/assets/data/WallNut.json
17:16:14.862 [JavaFX Application Thread] DEBUG FXGLAssetLoaderServi - Loading from file system: file:/C:/Users/dell/Desktop/OOP作业/Teamwork/target/classes/assets/textures/ui/choose/WallNut.png
17:16:15.256 [JavaFX Application Thread] DEBUG FXGLAssetLoaderServi - Loading from file system: file:/C:/Users/dell/Desktop/OOP作业/Teamwork/target/classes/assets/textures/prepareText/puton.png
17:16:15.758 [JavaFX Application Thread] DEBUG FXGLAssetLoaderServi - Loading from file system: file:/C:/Users/dell/Desktop/OOP作业/Teamwork/target/classes/assets/textures/prepareText/plant.png
17:16:17.272 [JavaFX Application Thread] DEBUG FXGLAssetLoaderServi - Loading from file system: file:/C:/Users/dell/Desktop/OOP作业/Teamwork/target/classes/assets/textures/plant/SunFlower/SunFlower_0.png
17:16:17.272 [JavaFX Application Thread] DEBUG FXGLAssetLoaderServi - Loading from file system: file:/C:/Users/dell/Desktop/OOP作业/Teamwork/target/classes/assets/textures/plant/SunFlower/SunFlower_1.png
17:16:17.273 [JavaFX Application Thread] DEBUG FXGLAssetLoaderServi - Loading from file system: file:/C:/Users/dell/Desktop/OOP作业/Teamwork/target/classes/assets/textures/plant/SunFlower/SunFlower_2.png
17:16:17.274 [JavaFX Application Thread] DEBUG FXGLAssetLoaderServi - Loading from file system: file:/C:/Users/dell/Desktop/OOP作业/Teamwork/target/classes/assets/textures/plant/SunFlower/SunFlower_3.png
17:16:17.274 [JavaFX Application Thread] DEBUG FXGLAssetLoaderServi - Loading from file system: file:/C:/Users/dell/Desktop/OOP作业/Teamwork/target/classes/assets/textures/plant/SunFlower/SunFlower_4.png
17:16:17.275 [JavaFX Application Thread] DEBUG FXGLAssetLoaderServi - Loading from file system: file:/C:/Users/dell/Desktop/OOP作业/Teamwork/target/classes/assets/textures/plant/SunFlower/SunFlower_5.png
17:16:17.275 [JavaFX Application Thread] DEBUG FXGLAssetLoaderServi - Loading from file system: file:/C:/Users/dell/Desktop/OOP作业/Teamwork/target/classes/assets/textures/plant/SunFlower/SunFlower_6.png
17:16:17.275 [JavaFX Application Thread] DEBUG FXGLAssetLoaderServi - Loading from file system: file:/C:/Users/dell/Desktop/OOP作业/Teamwork/target/classes/assets/textures/plant/SunFlower/SunFlower_7.png
17:16:17.276 [JavaFX Application Thread] DEBUG FXGLAssetLoaderServi - Loading from file system: file:/C:/Users/dell/Desktop/OOP作业/Teamwork/target/classes/assets/textures/plant/SunFlower/SunFlower_8.png
17:16:17.277 [JavaFX Application Thread] DEBUG FXGLAssetLoaderServi - Loading from file system: file:/C:/Users/dell/Desktop/OOP作业/Teamwork/target/classes/assets/textures/plant/SunFlower/SunFlower_9.png
17:16:17.277 [JavaFX Application Thread] DEBUG FXGLAssetLoaderServi - Loading from file system: file:/C:/Users/dell/Desktop/OOP作业/Teamwork/target/classes/assets/textures/plant/SunFlower/SunFlower_10.png
17:16:17.278 [JavaFX Application Thread] DEBUG FXGLAssetLoaderServi - Loading from file system: file:/C:/Users/dell/Desktop/OOP作业/Teamwork/target/classes/assets/textures/plant/SunFlower/SunFlower_11.png
17:16:17.278 [JavaFX Application Thread] DEBUG FXGLAssetLoaderServi - Loading from file system: file:/C:/Users/dell/Desktop/OOP作业/Teamwork/target/classes/assets/textures/plant/SunFlower/SunFlower_12.png
17:16:17.278 [JavaFX Application Thread] DEBUG FXGLAssetLoaderServi - Loading from file system: file:/C:/Users/dell/Desktop/OOP作业/Teamwork/target/classes/assets/textures/plant/SunFlower/SunFlower_13.png
17:16:17.279 [JavaFX Application Thread] DEBUG FXGLAssetLoaderServi - Loading from file system: file:/C:/Users/dell/Desktop/OOP作业/Teamwork/target/classes/assets/textures/plant/SunFlower/SunFlower_14.png
17:16:17.279 [JavaFX Application Thread] DEBUG FXGLAssetLoaderServi - Loading from file system: file:/C:/Users/dell/Desktop/OOP作业/Teamwork/target/classes/assets/textures/plant/SunFlower/SunFlower_15.png
17:16:17.280 [JavaFX Application Thread] DEBUG FXGLAssetLoaderServi - Loading from file system: file:/C:/Users/dell/Desktop/OOP作业/Teamwork/target/classes/assets/textures/plant/SunFlower/SunFlower_16.png
17:16:17.280 [JavaFX Application Thread] DEBUG FXGLAssetLoaderServi - Loading from file system: file:/C:/Users/dell/Desktop/OOP作业/Teamwork/target/classes/assets/textures/plant/SunFlower/SunFlower_17.png
17:16:18.675 [JavaFX Application Thread] DEBUG FXGLAssetLoaderServi - Loading from file system: file:/C:/Users/dell/Desktop/OOP作业/Teamwork/target/classes/assets/textures/plant/PeaShooter/PeaShooter.png
17:16:19.024 [JavaFX Application Thread] DEBUG FXGLAssetLoaderServi - Loading from file system: file:/C:/Users/dell/Desktop/OOP作业/Teamwork/target/classes/assets/textures/plant/PeaShooter/PeaShooter_0.png
17:16:19.025 [JavaFX Application Thread] DEBUG FXGLAssetLoaderServi - Loading from file system: file:/C:/Users/dell/Desktop/OOP作业/Teamwork/target/classes/assets/textures/plant/PeaShooter/PeaShooter_1.png
17:16:19.026 [JavaFX Application Thread] DEBUG FXGLAssetLoaderServi - Loading from file system: file:/C:/Users/dell/Desktop/OOP作业/Teamwork/target/classes/assets/textures/plant/PeaShooter/PeaShooter_2.png
17:16:19.026 [JavaFX Application Thread] DEBUG FXGLAssetLoaderServi - Loading from file system: file:/C:/Users/dell/Desktop/OOP作业/Teamwork/target/classes/assets/textures/plant/PeaShooter/PeaShooter_3.png
17:16:19.027 [JavaFX Application Thread] DEBUG FXGLAssetLoaderServi - Loading from file system: file:/C:/Users/dell/Desktop/OOP作业/Teamwork/target/classes/assets/textures/plant/PeaShooter/PeaShooter_4.png
17:16:19.027 [JavaFX Application Thread] DEBUG FXGLAssetLoaderServi - Loading from file system: file:/C:/Users/dell/Desktop/OOP作业/Teamwork/target/classes/assets/textures/plant/PeaShooter/PeaShooter_5.png
17:16:19.027 [JavaFX Application Thread] DEBUG FXGLAssetLoaderServi - Loading from file system: file:/C:/Users/dell/Desktop/OOP作业/Teamwork/target/classes/assets/textures/plant/PeaShooter/PeaShooter_6.png
17:16:19.028 [JavaFX Application Thread] DEBUG FXGLAssetLoaderServi - Loading from file system: file:/C:/Users/dell/Desktop/OOP作业/Teamwork/target/classes/assets/textures/plant/PeaShooter/PeaShooter_7.png
17:16:19.028 [JavaFX Application Thread] DEBUG FXGLAssetLoaderServi - Loading from file system: file:/C:/Users/dell/Desktop/OOP作业/Teamwork/target/classes/assets/textures/plant/PeaShooter/PeaShooter_8.png
17:16:19.028 [JavaFX Application Thread] DEBUG FXGLAssetLoaderServi - Loading from file system: file:/C:/Users/dell/Desktop/OOP作业/Teamwork/target/classes/assets/textures/plant/PeaShooter/PeaShooter_9.png
17:16:19.029 [JavaFX Application Thread] DEBUG FXGLAssetLoaderServi - Loading from file system: file:/C:/Users/dell/Desktop/OOP作业/Teamwork/target/classes/assets/textures/plant/PeaShooter/PeaShooter_10.png
17:16:19.029 [JavaFX Application Thread] DEBUG FXGLAssetLoaderServi - Loading from file system: file:/C:/Users/dell/Desktop/OOP作业/Teamwork/target/classes/assets/textures/plant/PeaShooter/PeaShooter_11.png
17:16:19.029 [JavaFX Application Thread] DEBUG FXGLAssetLoaderServi - Loading from file system: file:/C:/Users/dell/Desktop/OOP作业/Teamwork/target/classes/assets/textures/plant/PeaShooter/PeaShooter_12.png
17:16:19.721 [JavaFX Application Thread] DEBUG FXGLAssetLoaderServi - Loading from file system: file:/C:/Users/dell/Desktop/OOP作业/Teamwork/target/classes/assets/textures/plant/WallNut/WallNut.png
17:16:20.758 [JavaFX Application Thread] DEBUG FXGLAssetLoaderServi - Loading from file system: file:/C:/Users/dell/Desktop/OOP作业/Teamwork/target/classes/assets/textures/plant/WallNut/WallNut/WallNut_0.png
17:16:20.760 [JavaFX Application Thread] DEBUG FXGLAssetLoaderServi - Loading from file system: file:/C:/Users/dell/Desktop/OOP作业/Teamwork/target/classes/assets/textures/plant/WallNut/WallNut/WallNut_1.png
17:16:20.761 [JavaFX Application Thread] DEBUG FXGLAssetLoaderServi - Loading from file system: file:/C:/Users/dell/Desktop/OOP作业/Teamwork/target/classes/assets/textures/plant/WallNut/WallNut/WallNut_2.png
17:16:20.761 [JavaFX Application Thread] DEBUG FXGLAssetLoaderServi - Loading from file system: file:/C:/Users/dell/Desktop/OOP作业/Teamwork/target/classes/assets/textures/plant/WallNut/WallNut/WallNut_3.png
17:16:20.762 [JavaFX Application Thread] DEBUG FXGLAssetLoaderServi - Loading from file system: file:/C:/Users/dell/Desktop/OOP作业/Teamwork/target/classes/assets/textures/plant/WallNut/WallNut/WallNut_4.png
17:16:20.763 [JavaFX Application Thread] DEBUG FXGLAssetLoaderServi - Loading from file system: file:/C:/Users/dell/Desktop/OOP作业/Teamwork/target/classes/assets/textures/plant/WallNut/WallNut/WallNut_5.png
17:16:20.763 [JavaFX Application Thread] DEBUG FXGLAssetLoaderServi - Loading from file system: file:/C:/Users/dell/Desktop/OOP作业/Teamwork/target/classes/assets/textures/plant/WallNut/WallNut/WallNut_6.png
17:16:20.764 [JavaFX Application Thread] DEBUG FXGLAssetLoaderServi - Loading from file system: file:/C:/Users/dell/Desktop/OOP作业/Teamwork/target/classes/assets/textures/plant/WallNut/WallNut/WallNut_7.png
17:16:20.764 [JavaFX Application Thread] DEBUG FXGLAssetLoaderServi - Loading from file system: file:/C:/Users/dell/Desktop/OOP作业/Teamwork/target/classes/assets/textures/plant/WallNut/WallNut/WallNut_8.png
17:16:20.765 [JavaFX Application Thread] DEBUG FXGLAssetLoaderServi - Loading from file system: file:/C:/Users/dell/Desktop/OOP作业/Teamwork/target/classes/assets/textures/plant/WallNut/WallNut/WallNut_9.png
17:16:20.765 [JavaFX Application Thread] DEBUG FXGLAssetLoaderServi - Loading from file system: file:/C:/Users/dell/Desktop/OOP作业/Teamwork/target/classes/assets/textures/plant/WallNut/WallNut/WallNut_10.png
17:16:20.766 [JavaFX Application Thread] DEBUG FXGLAssetLoaderServi - Loading from file system: file:/C:/Users/dell/Desktop/OOP作业/Teamwork/target/classes/assets/textures/plant/WallNut/WallNut/WallNut_11.png
17:16:20.767 [JavaFX Application Thread] DEBUG FXGLAssetLoaderServi - Loading from file system: file:/C:/Users/dell/Desktop/OOP作业/Teamwork/target/classes/assets/textures/plant/WallNut/WallNut/WallNut_12.png
17:16:20.767 [JavaFX Application Thread] DEBUG FXGLAssetLoaderServi - Loading from file system: file:/C:/Users/dell/Desktop/OOP作业/Teamwork/target/classes/assets/textures/plant/WallNut/WallNut/WallNut_13.png
17:16:20.768 [JavaFX Application Thread] DEBUG FXGLAssetLoaderServi - Loading from file system: file:/C:/Users/dell/Desktop/OOP作业/Teamwork/target/classes/assets/textures/plant/WallNut/WallNut/WallNut_14.png
17:16:20.768 [JavaFX Application Thread] DEBUG FXGLAssetLoaderServi - Loading from file system: file:/C:/Users/dell/Desktop/OOP作业/Teamwork/target/classes/assets/textures/plant/WallNut/WallNut/WallNut_15.png
17:17:17.678 [JavaFX Application Thread] DEBUG AudioPlayer          - Pausing music com.almasb.fxgl.audio.Music@6c425303
17:17:17.678 [JavaFX Application Thread] DEBUG LoopRunner           - Pausing loop
17:17:38.395 [JavaFX Application Thread] DEBUG LoopRunner           - Resuming loop
17:17:38.396 [JavaFX Application Thread] DEBUG AudioPlayer          - Resuming music com.almasb.fxgl.audio.Music@6c425303
17:19:50.776 [JavaFX Application Thread] DEBUG AudioPlayer          - Pausing music com.almasb.fxgl.audio.Music@6c425303
17:19:50.776 [JavaFX Application Thread] DEBUG LoopRunner           - Pausing loop
17:19:54.240 [JavaFX Application Thread] DEBUG LoopRunner           - Resuming loop
17:19:54.240 [JavaFX Application Thread] DEBUG AudioPlayer          - Resuming music com.almasb.fxgl.audio.Music@6c425303
17:19:55.564 [JavaFX Application Thread] DEBUG FXGLApplication      - Exiting FXGL
17:19:55.564 [JavaFX Application Thread] DEBUG LoopRunner           - Stopping loop
17:19:55.564 [JavaFX Application Thread] DEBUG SystemBundleService  - Saving FXGL system data
17:19:55.566 [JavaFX Application Thread] DEBUG FileSystemAccess     - Writing to: C:\Users\dell\Desktop\OOP作业\Teamwork\system\fxgl.bundle
17:19:55.567 [JavaFX Application Thread] DEBUG Async                - Shutting down background threads
17:19:55.567 [JavaFX Application Thread] DEBUG PrimaryStageWindow   - Closing main window
17:19:55.580 [JavaFX Application Thread] DEBUG Logger               - Closing Logger
