00:31:23.409 [main                     ] DEBUG Logger               - Configured Logger
00:31:23.437 [main                     ] DEBUG GameApplication      - Logging settings
Title: Plants Vs Zombies
Version: 0.0
Width: 750
Height: 533
Fullscreen: false
Intro: false
Profiling: false
Single step:false
App Mode: DEVELOPER
Menu Key: ESCAPE
Stage Style: DECORATED
Scene Factory: class com.zrt.pvz.PVZApp$1

00:31:23.745 [JavaFX Application Thread] DEBUG FXGLApplication      - Initializing FXGL
00:31:23.749 [JavaFX Application Thread] INFO  Engine               - FXGL-17.2 (20.08.2022 16.50) on WINDOWS (J:20.0.1 FX:20.0.1)
00:31:23.750 [JavaFX Application Thread] DEBUG Engine               - JRE Vendor Name: Oracle Corporation
00:31:23.750 [JavaFX Application Thread] DEBUG Engine               - Running on OS: Windows 11 version 10.0
00:31:23.750 [JavaFX Application Thread] DEBUG Engine               - Architecture: amd64
00:31:23.750 [JavaFX Application Thread] INFO  Engine               - Source code and latest versions at: https://github.com/AlmasB/FXGL
00:31:23.750 [JavaFX Application Thread] INFO  Engine               -       Ask questions and discuss at: https://github.com/AlmasB/FXGL/discussions
00:31:23.750 [JavaFX Application Thread] INFO  Engine               -              Join the FXGL chat at: https://gitter.im/AlmasB/FXGL
00:31:23.918 [JavaFX Application Thread] DEBUG PrimaryStageWindow   - Creating a JavaFX scene
00:31:23.965 [JavaFX Application Thread] DEBUG PrimaryStageWindow   - Target settings size: 750.0 x 533.0
00:31:23.965 [JavaFX Application Thread] DEBUG PrimaryStageWindow   - Scaled scene size:    750.0 x 533.0
00:31:23.965 [JavaFX Application Thread] DEBUG PrimaryStageWindow   - Scaled ratio: (1.0, 1.0)
00:31:23.966 [JavaFX Application Thread] DEBUG PrimaryStageWindow   - Set initial scene to GameStartupScene
00:31:23.969 [JavaFX Application Thread] DEBUG PrimaryStageWindow   - Opening main window
00:31:24.273 [JavaFX Application Thread] DEBUG PrimaryStageWindow   - Window border size: (14.79998779296875, 38.20001220703125)
00:31:24.274 [JavaFX Application Thread] DEBUG PrimaryStageWindow   - Scaled size: 750.0 x 533.0
00:31:24.274 [JavaFX Application Thread] DEBUG PrimaryStageWindow   - Scaled ratio: (1.0, 1.0)
00:31:24.274 [JavaFX Application Thread] DEBUG PrimaryStageWindow   - Scene size: 750.0 x 533.0
00:31:24.274 [JavaFX Application Thread] DEBUG PrimaryStageWindow   - Stage size: 764.7999877929688 x 571.2000122070312
00:31:24.280 [FXGL Background Thread 1 ] DEBUG Engine               - Initializing environment variables
00:31:24.319 [FXGL Background Thread 1 ] DEBUG FXGLAssetLoaderServi - User app class for loading assets: class com.zrt.pvz.PVZApp
00:31:24.319 [FXGL Background Thread 1 ] DEBUG GameApplicationServi - Applying CSS: fxgl_dark.css
00:31:24.320 [FXGL Background Thread 1 ] DEBUG FXGLAssetLoaderServi - Loading from file system: jar:file:///C:/Users/dell/.m2/repository/com/github/almasb/fxgl/17.2/fxgl-17.2.jar!/fxglassets/ui/css/fxgl_dark.css
00:31:24.333 [FXGL Background Thread 1 ] DEBUG GameApplicationServi - Initializing application scenes
00:31:24.350 [FXGL Background Thread 1 ] DEBUG GameWorld            - Game world initialized
00:31:24.396 [FXGL Background Thread 1 ] DEBUG PhysicsWorld         - Physics world initialized: appHeight=533, physics.ppm=50.0
00:31:24.397 [FXGL Background Thread 1 ] DEBUG PhysicsWorld         - Using strategy: BRUTE_FORCE
00:31:24.402 [FXGL Background Thread 1 ] DEBUG GameScene            - Game scene initialized: 750x533
00:31:24.418 [FXGL Background Thread 1 ] DEBUG FXGLAssetLoaderServi - Loading from file system: file:/C:/Users/dell/Desktop/OOP作业/Teamwork/target/classes/assets/textures/ui/mainMenu/bg.png
00:31:24.471 [FXGL Background Thread 1 ] DEBUG FXGLAssetLoaderServi - Loading from file system: file:/C:/Users/dell/Desktop/OOP作业/Teamwork/target/classes/assets/textures/ui/mainMenu/smallgame.png
00:31:24.478 [FXGL Background Thread 1 ] DEBUG FXGLAssetLoaderServi - Loading from file system: file:/C:/Users/dell/Desktop/OOP作业/Teamwork/target/classes/assets/textures/ui/mainMenu/puzzle.png
00:31:24.488 [FXGL Background Thread 1 ] DEBUG FXGLAssetLoaderServi - Loading from file system: file:/C:/Users/dell/Desktop/OOP作业/Teamwork/target/classes/assets/textures/ui/mainMenu/userBoard.png
00:31:24.513 [FXGL Background Thread 1 ] DEBUG FXGLAssetLoaderServi - Loading from file system: file:/C:/Users/dell/Desktop/OOP作业/Teamwork/target/classes/assets/textures/ui/gameMenu/Menu.png
00:31:24.526 [FXGL Background Thread 1 ] DEBUG GameApplicationServi - Application scenes initialized
00:31:24.539 [FXGL Background Thread 1 ] DEBUG SystemBundleService  - Loading FXGL system data
00:31:24.541 [FXGL Background Thread 1 ] DEBUG FileSystemAccess     - Reading from: C:\Users\dell\Desktop\OOP作业\Teamwork\system\fxgl.bundle
00:31:24.545 [FXGL Background Thread 1 ] DEBUG SystemBundleService  - Bundle FXGL: {}
00:31:24.545 [FXGL Background Thread 1 ] DEBUG UpdaterService       - Checking for updates
00:31:24.550 [FXGL Background Thread 4 ] DEBUG FXGLApplication      - Loading fonts
00:31:24.550 [FXGL Background Thread 4 ] DEBUG FXGLAssetLoaderServi - Loading from file system: jar:file:///C:/Users/dell/.m2/repository/com/github/almasb/fxgl/17.2/fxgl-17.2.jar!/fxglassets/ui/fonts/VarelaRound-Regular.ttf
00:31:24.551 [FXGL Background Thread 1 ] DEBUG FXGLApplication      - Loading default localization
00:31:24.552 [FXGL Background Thread 1 ] DEBUG FXGLAssetLoaderServi - Loading from file system: jar:file:///C:/Users/dell/.m2/repository/com/github/almasb/fxgl/17.2/fxgl-17.2.jar!/fxglassets/languages/english.lang
00:31:24.602 [FXGL Background Thread 1 ] INFO  FXGLApplication      - FXGL initialization took: 0.322 sec
00:31:24.603 [JavaFX Application Thread] DEBUG FXGLAssetLoaderServi - Loading from file system: file:/C:/Users/dell/Desktop/OOP作业/Teamwork/target/classes/assets/textures/logo.jpg
00:31:24.616 [JavaFX Application Thread] DEBUG FXGLAssetLoaderServi - Loading from file system: jar:file:///C:/Users/dell/.m2/repository/com/github/almasb/fxgl/17.2/fxgl-17.2.jar!/fxglassets/textures/fxgl_default_cursor.png
00:31:24.638 [JavaFX Application Thread] DEBUG Input                - Registered new binding: Screenshot - CTRL+8
00:31:24.639 [JavaFX Application Thread] DEBUG Input                - Registered new binding: System info dump - CTRL+9
00:31:24.639 [JavaFX Application Thread] DEBUG Input                - Registered new binding: Restart - CTRL+R
00:31:24.641 [JavaFX Application Thread] DEBUG Input                - Registered new binding: Toggle Debug Camera - CTRL+7
00:31:24.645 [JavaFX Application Thread] DEBUG LoopRunner           - Starting loop
00:31:24.646 [JavaFX Application Thread] DEBUG LoopRunner           - Initializing JavaFX AnimationTimerLoop
00:31:24.650 [JavaFX Application Thread] DEBUG Input                - Clearing active input actions
00:31:24.657 [JavaFX Application Thread] DEBUG GameApplicationServi - Removing overlay from GameStartupScene and adding to FXGLMainMenuDummyScene
00:31:24.657 [JavaFX Application Thread] DEBUG PrimaryStageWindow   - GameStartupScene -> FXGLMainMenuDummyScene
00:31:24.657 [JavaFX Application Thread] DEBUG PrimaryStageWindow   - Push state: MainMenu
00:31:24.657 [JavaFX Application Thread] DEBUG FXGLAssetLoaderServi - Loading from file system: file:/C:/Users/dell/Desktop/OOP作业/Teamwork/target/classes/assets/music/mainMenu.wav
00:31:24.659 [FXGL Background Thread 4 ] DEBUG FXGLAssetLoaderServi - Loading from file system: jar:file:///C:/Users/dell/.m2/repository/com/github/almasb/fxgl/17.2/fxgl-17.2.jar!/fxglassets/ui/fonts/Abel-Regular.ttf
00:31:24.661 [FXGL Background Thread 4 ] DEBUG FXGLAssetLoaderServi - Loading from file system: jar:file:///C:/Users/dell/.m2/repository/com/github/almasb/fxgl/17.2/fxgl-17.2.jar!/fxglassets/ui/fonts/TerminalLandMono-Regular.otf
00:31:24.663 [FXGL Background Thread 4 ] DEBUG FXGLAssetLoaderServi - Loading from file system: jar:file:///C:/Users/dell/.m2/repository/com/github/almasb/fxgl/17.2/fxgl-17.2.jar!/fxglassets/ui/fonts/Courier-Prime.ttf
00:31:24.802 [JavaFX Application Thread] DEBUG AudioPlayer          - Playing music com.almasb.fxgl.audio.Music@5ba473b6
00:31:24.802 [JavaFX Application Thread] DEBUG Input                - Clearing active input actions
00:31:24.804 [JavaFX Application Thread] DEBUG GameApplicationServi - Removing overlay from FXGLMainMenuDummyScene and adding to MainMenu
00:31:24.804 [JavaFX Application Thread] DEBUG PrimaryStageWindow   - FXGLMainMenuDummyScene -> MainMenu
00:31:24.828 [JavaFX Application Thread] DEBUG FXGLApplication      - Registering font factories with UI factory
00:31:24.871 [JavaFX Application Thread] WARN  FXGLAssetLoaderServi - Asset "/assets/sounds/mainMenuHover.wav" was not found!
00:31:24.871 [JavaFX Application Thread] WARN  FXGLAssetLoaderServi - Failed to load SOUND
00:31:25.027 [JavaFX Application Thread] WARN  FXGLAssetLoaderServi - Asset "/assets/sounds/mainMenuHover.wav" was not found!
00:31:25.028 [JavaFX Application Thread] WARN  FXGLAssetLoaderServi - Failed to load SOUND
00:31:25.034 [JavaFX Application Thread] WARN  FXGLAssetLoaderServi - Asset "/assets/sounds/mainMenuHover.wav" was not found!
00:31:25.034 [JavaFX Application Thread] WARN  FXGLAssetLoaderServi - Failed to load SOUND
00:31:25.305 [JavaFX Application Thread] WARN  FXGLAssetLoaderServi - Asset "/assets/sounds/mainMenuHover.wav" was not found!
00:31:25.306 [JavaFX Application Thread] WARN  FXGLAssetLoaderServi - Failed to load SOUND
00:31:25.711 [JavaFX Application Thread] WARN  FXGLAssetLoaderServi - Asset "/assets/sounds/select.wav" was not found!
00:31:25.712 [JavaFX Application Thread] WARN  FXGLAssetLoaderServi - Failed to load SOUND
00:31:25.713 [JavaFX Application Thread] DEBUG FXGLAssetLoaderServi - Loading from file system: file:/C:/Users/dell/Desktop/OOP作业/Teamwork/target/classes/assets/textures/ui/changeUserDialog/dialog.png
00:31:25.730 [JavaFX Application Thread] DEBUG PrimaryStageWindow   - Push state: ChangeUserDialog
00:31:25.730 [JavaFX Application Thread] DEBUG Input                - Clearing active input actions
00:31:25.731 [JavaFX Application Thread] DEBUG GameApplicationServi - Removing overlay from MainMenu and adding to ChangeUserDialog
00:31:25.732 [JavaFX Application Thread] DEBUG PrimaryStageWindow   - MainMenu -> ChangeUserDialog
00:31:26.396 [FXGL Background Thread 2 ] INFO  UpdaterService       - Your current version:  17.2
00:31:26.396 [FXGL Background Thread 2 ] INFO  UpdaterService       - Latest stable version: 17.3
00:31:27.550 [FXGL Background Thread 3 ] DEBUG Engine               - Logging environment variables
00:31:27.550 [FXGL Background Thread 3 ] DEBUG Engine               - achievements: []
00:31:27.550 [FXGL Background Thread 3 ] DEBUG Engine               - actualHeight: 533.0
00:31:27.550 [FXGL Background Thread 3 ] DEBUG Engine               - actualHeightProperty: ReadOnlyDoubleProperty [value: 533.0]
00:31:27.550 [FXGL Background Thread 3 ] DEBUG Engine               - actualWidth: 750.0
00:31:27.550 [FXGL Background Thread 3 ] DEBUG Engine               - actualWidthProperty: ReadOnlyDoubleProperty [value: 750.0]
00:31:27.551 [FXGL Background Thread 3 ] DEBUG Engine               - appIcon: logo.jpg
00:31:27.551 [FXGL Background Thread 3 ] DEBUG Engine               - applicationMode: DEVELOPER
00:31:27.551 [FXGL Background Thread 3 ] DEBUG Engine               - cSSList: [fxgl_dark.css]
00:31:27.551 [FXGL Background Thread 3 ] DEBUG Engine               - collisionDetectionStrategy: BRUTE_FORCE
00:31:27.551 [FXGL Background Thread 3 ] DEBUG Engine               - configClass: Optional.empty
00:31:27.551 [FXGL Background Thread 3 ] DEBUG Engine               - credits: []
00:31:27.551 [FXGL Background Thread 3 ] DEBUG Engine               - defaultCursor: CursorInfo(imageName=fxgl_default_cursor.png, hotspotX=7.0, hotspotY=6.0)
00:31:27.551 [FXGL Background Thread 3 ] DEBUG Engine               - devBBoxColorProperty: ObjectProperty [value: 0xff0000ff]
00:31:27.551 [FXGL Background Thread 3 ] DEBUG Engine               - devEnableDebugCameraProperty: BooleanProperty [value: false]
00:31:27.551 [FXGL Background Thread 3 ] DEBUG Engine               - devSensorColorProperty: ObjectProperty [value: 0xffff00ff]
00:31:27.551 [FXGL Background Thread 3 ] DEBUG Engine               - devShowBBoxProperty: BooleanProperty [value: false]
00:31:27.551 [FXGL Background Thread 3 ] DEBUG Engine               - devShowPositionProperty: BooleanProperty [value: false]
00:31:27.551 [FXGL Background Thread 3 ] DEBUG Engine               - enabledMenuItems: []
00:31:27.551 [FXGL Background Thread 3 ] DEBUG Engine               - engineServices: [class com.almasb.fxgl.app.services.FXGLAssetLoaderService, class com.almasb.fxgl.app.FXGLApplication$GameApplicationService, class com.almasb.fxgl.app.services.FXGLDialogService, class com.almasb.fxgl.app.services.IOTaskExecutorService, class com.almasb.fxgl.io.FileSystemService, class com.almasb.fxgl.localization.LocalizationService, class com.almasb.fxgl.app.services.SystemBundleService, class com.almasb.fxgl.profile.SaveLoadService, class com.almasb.fxgl.ui.FXGLUIFactoryServiceProvider, class com.almasb.fxgl.ui.FXGLDialogFactoryServiceProvider, class com.almasb.fxgl.audio.AudioPlayer, class com.almasb.fxgl.notification.impl.NotificationServiceProvider, class com.almasb.fxgl.achievement.AchievementService, class com.almasb.fxgl.cutscene.CutsceneService, class com.almasb.fxgl.minigames.MiniGameService, class com.almasb.fxgl.net.NetService, class com.almasb.fxgl.app.services.UpdaterService, class com.almasb.fxgl.dev.DevService]
00:31:27.551 [FXGL Background Thread 3 ] DEBUG Engine               - fontGame: Abel-Regular.ttf
00:31:27.551 [FXGL Background Thread 3 ] DEBUG Engine               - fontMono: TerminalLandMono-Regular.otf
00:31:27.551 [FXGL Background Thread 3 ] DEBUG Engine               - fontText: Courier-Prime.ttf
00:31:27.552 [FXGL Background Thread 3 ] DEBUG Engine               - fontUI: VarelaRound-Regular.ttf
00:31:27.552 [FXGL Background Thread 3 ] DEBUG Engine               - fullScreen: BooleanProperty [value: false]
00:31:27.552 [FXGL Background Thread 3 ] DEBUG Engine               - gameDifficulty: MEDIUM
00:31:27.552 [FXGL Background Thread 3 ] DEBUG Engine               - gameDifficultyProperty: ObjectProperty [value: MEDIUM]
00:31:27.552 [FXGL Background Thread 3 ] DEBUG Engine               - globalMusicVolume: 0.5
00:31:27.552 [FXGL Background Thread 3 ] DEBUG Engine               - globalMusicVolumeProperty: DoubleProperty [value: 0.5]
00:31:27.552 [FXGL Background Thread 3 ] DEBUG Engine               - globalSoundVolume: 0.5
00:31:27.552 [FXGL Background Thread 3 ] DEBUG Engine               - globalSoundVolumeProperty: DoubleProperty [value: 0.5]
00:31:27.552 [FXGL Background Thread 3 ] DEBUG Engine               - height: 533
00:31:27.552 [FXGL Background Thread 3 ] DEBUG Engine               - is3D: false
00:31:27.552 [FXGL Background Thread 3 ] DEBUG Engine               - isAndroid: false
00:31:27.552 [FXGL Background Thread 3 ] DEBUG Engine               - isBrowser: false
00:31:27.552 [FXGL Background Thread 3 ] DEBUG Engine               - isClickFeedbackEnabled: false
00:31:27.552 [FXGL Background Thread 3 ] DEBUG Engine               - isCloseConfirmation: false
00:31:27.552 [FXGL Background Thread 3 ] DEBUG Engine               - isDesktop: true
00:31:27.552 [FXGL Background Thread 3 ] DEBUG Engine               - isDeveloperMenuEnabled: false
00:31:27.552 [FXGL Background Thread 3 ] DEBUG Engine               - isEmbedded: false
00:31:27.552 [FXGL Background Thread 3 ] DEBUG Engine               - isEntityPreloadEnabled: true
00:31:27.552 [FXGL Background Thread 3 ] DEBUG Engine               - isExperimentalTiledLargeMap: false
00:31:27.552 [FXGL Background Thread 3 ] DEBUG Engine               - isFileSystemWriteAllowed: true
00:31:27.552 [FXGL Background Thread 3 ] DEBUG Engine               - isFullScreenAllowed: false
00:31:27.553 [FXGL Background Thread 3 ] DEBUG Engine               - isFullScreenFromStart: false
00:31:27.553 [FXGL Background Thread 3 ] DEBUG Engine               - isGameMenuEnabled: true
00:31:27.553 [FXGL Background Thread 3 ] DEBUG Engine               - isIOS: false
00:31:27.553 [FXGL Background Thread 3 ] DEBUG Engine               - isIntroEnabled: false
00:31:27.553 [FXGL Background Thread 3 ] DEBUG Engine               - isLinux: false
00:31:27.553 [FXGL Background Thread 3 ] DEBUG Engine               - isMac: false
00:31:27.553 [FXGL Background Thread 3 ] DEBUG Engine               - isMainMenuEnabled: true
00:31:27.553 [FXGL Background Thread 3 ] DEBUG Engine               - isManualResizeEnabled: false
00:31:27.553 [FXGL Background Thread 3 ] DEBUG Engine               - isMobile: false
00:31:27.553 [FXGL Background Thread 3 ] DEBUG Engine               - isNative: false
00:31:27.553 [FXGL Background Thread 3 ] DEBUG Engine               - isPauseMusicWhenMinimized: true
00:31:27.553 [FXGL Background Thread 3 ] DEBUG Engine               - isPreserveResizeRatio: false
00:31:27.553 [FXGL Background Thread 3 ] DEBUG Engine               - isProfilingEnabled: false
00:31:27.553 [FXGL Background Thread 3 ] DEBUG Engine               - isScaleAffectedOnResize: true
00:31:27.553 [FXGL Background Thread 3 ] DEBUG Engine               - isSingleStep: false
00:31:27.553 [FXGL Background Thread 3 ] DEBUG Engine               - isUserProfileEnabled: false
00:31:27.553 [FXGL Background Thread 3 ] DEBUG Engine               - isWindows: true
00:31:27.553 [FXGL Background Thread 3 ] DEBUG Engine               - language: ObjectProperty [value: ENGLISH]
00:31:27.553 [FXGL Background Thread 3 ] DEBUG Engine               - menuKey: ESCAPE
00:31:27.553 [FXGL Background Thread 3 ] DEBUG Engine               - mouseSensitivity: 0.2
00:31:27.553 [FXGL Background Thread 3 ] DEBUG Engine               - notificationViewClass: class com.almasb.fxgl.notification.view.XboxNotificationView
00:31:27.553 [FXGL Background Thread 3 ] DEBUG Engine               - pixelsPerMeter: 50.0
00:31:27.553 [FXGL Background Thread 3 ] DEBUG Engine               - platform: WINDOWS
00:31:27.553 [FXGL Background Thread 3 ] DEBUG Engine               - prefHeightProperty: ReadOnlyDoubleProperty [value: 533.0]
00:31:27.553 [FXGL Background Thread 3 ] DEBUG Engine               - prefWidthProperty: ReadOnlyDoubleProperty [value: 750.0]
00:31:27.553 [FXGL Background Thread 3 ] DEBUG Engine               - profileDir: profiles/
00:31:27.553 [FXGL Background Thread 3 ] DEBUG Engine               - profileName: StringProperty [value: DEFAULT]
00:31:27.553 [FXGL Background Thread 3 ] DEBUG Engine               - randomSeed: -1
00:31:27.553 [FXGL Background Thread 3 ] DEBUG Engine               - runtimeInfo: RuntimeInfo(platform=WINDOWS, version=17.2, build=20.08.2022 16.50)
00:31:27.553 [FXGL Background Thread 3 ] DEBUG Engine               - saveFileExt: sav
00:31:27.553 [FXGL Background Thread 3 ] DEBUG Engine               - scaledHeightProp$fxgl: DoubleProperty [bound, value: 533.0]
00:31:27.554 [FXGL Background Thread 3 ] DEBUG Engine               - scaledWidthProp$fxgl: DoubleProperty [bound, value: 750.0]
00:31:27.554 [FXGL Background Thread 3 ] DEBUG Engine               - sceneFactory: com.zrt.pvz.PVZApp$1@18dbbc1e
00:31:27.554 [FXGL Background Thread 3 ] DEBUG Engine               - secondsIn24h: 60
00:31:27.554 [FXGL Background Thread 3 ] DEBUG Engine               - soundMenuBack: menu/back.wav
00:31:27.554 [FXGL Background Thread 3 ] DEBUG Engine               - soundMenuPress: menu/press.wav
00:31:27.554 [FXGL Background Thread 3 ] DEBUG Engine               - soundMenuSelect: menu/select.wav
00:31:27.554 [FXGL Background Thread 3 ] DEBUG Engine               - soundNotification: core/notification.wav
00:31:27.554 [FXGL Background Thread 3 ] DEBUG Engine               - stageStyle: DECORATED
00:31:27.554 [FXGL Background Thread 3 ] DEBUG Engine               - supportedLanguages: [ENGLISH, FRENCH, GERMAN, HUNGARIAN, RUSSIAN]
00:31:27.554 [FXGL Background Thread 3 ] DEBUG Engine               - ticksPerSecond: -1
00:31:27.554 [FXGL Background Thread 3 ] DEBUG Engine               - title: Plants Vs Zombies
00:31:27.554 [FXGL Background Thread 3 ] DEBUG Engine               - urlGithub: https://github.com/AlmasB/FXGL
00:31:27.554 [FXGL Background Thread 3 ] DEBUG Engine               - urlLeaderboard: http://fxgl-top.herokuapp.com/
00:31:27.554 [FXGL Background Thread 3 ] DEBUG Engine               - urlPOM: https://raw.githubusercontent.com/AlmasB/FXGL/release/README.md
00:31:27.554 [FXGL Background Thread 3 ] DEBUG Engine               - userAppClass: class com.zrt.pvz.PVZApp
00:31:27.554 [FXGL Background Thread 3 ] DEBUG Engine               - version: 0.0
00:31:27.554 [FXGL Background Thread 3 ] DEBUG Engine               - versionCheckDays: 7
00:31:27.554 [FXGL Background Thread 3 ] DEBUG Engine               - width: 750
00:31:27.554 [FXGL Background Thread 3 ] DEBUG Engine               - Logging services
00:31:27.554 [FXGL Background Thread 3 ] DEBUG Engine               - class com.almasb.fxgl.app.services.FXGLAssetLoaderService
00:31:27.554 [FXGL Background Thread 3 ] DEBUG Engine               - class com.almasb.fxgl.app.FXGLApplication$GameApplicationService
00:31:27.554 [FXGL Background Thread 3 ] DEBUG Engine               - class com.almasb.fxgl.app.services.FXGLDialogService
00:31:27.554 [FXGL Background Thread 3 ] DEBUG Engine               - class com.almasb.fxgl.app.services.IOTaskExecutorService
00:31:27.554 [FXGL Background Thread 3 ] DEBUG Engine               - class com.almasb.fxgl.io.FileSystemService
00:31:27.554 [FXGL Background Thread 3 ] DEBUG Engine               - class com.almasb.fxgl.localization.LocalizationService
00:31:27.554 [FXGL Background Thread 3 ] DEBUG Engine               - class com.almasb.fxgl.app.services.SystemBundleService
00:31:27.554 [FXGL Background Thread 3 ] DEBUG Engine               - class com.almasb.fxgl.profile.SaveLoadService
00:31:27.554 [FXGL Background Thread 3 ] DEBUG Engine               - class com.almasb.fxgl.ui.FXGLUIFactoryServiceProvider
00:31:27.554 [FXGL Background Thread 3 ] DEBUG Engine               - class com.almasb.fxgl.ui.FXGLDialogFactoryServiceProvider
00:31:27.554 [FXGL Background Thread 3 ] DEBUG Engine               - class com.almasb.fxgl.audio.AudioPlayer
00:31:27.554 [FXGL Background Thread 3 ] DEBUG Engine               - class com.almasb.fxgl.notification.impl.NotificationServiceProvider
00:31:27.554 [FXGL Background Thread 3 ] DEBUG Engine               - class com.almasb.fxgl.achievement.AchievementService
00:31:27.554 [FXGL Background Thread 3 ] DEBUG Engine               - class com.almasb.fxgl.cutscene.CutsceneService
00:31:27.554 [FXGL Background Thread 3 ] DEBUG Engine               - class com.almasb.fxgl.minigames.MiniGameService
00:31:27.554 [FXGL Background Thread 3 ] DEBUG Engine               - class com.almasb.fxgl.net.NetService
00:31:27.554 [FXGL Background Thread 3 ] DEBUG Engine               - class com.almasb.fxgl.app.services.UpdaterService
00:31:27.554 [FXGL Background Thread 3 ] DEBUG Engine               - class com.almasb.fxgl.dev.DevService
00:31:35.756 [JavaFX Application Thread] WARN  FXGLAssetLoaderServi - Asset "/assets/sounds/mainMenuHover.wav" was not found!
00:31:35.756 [JavaFX Application Thread] WARN  FXGLAssetLoaderServi - Failed to load SOUND
00:31:35.950 [JavaFX Application Thread] WARN  FXGLAssetLoaderServi - Asset "/assets/sounds/mainMenuHover.wav" was not found!
00:31:35.950 [JavaFX Application Thread] WARN  FXGLAssetLoaderServi - Failed to load SOUND
00:31:38.156 [JavaFX Application Thread] WARN  FXGLAssetLoaderServi - Asset "/assets/sounds/select.wav" was not found!
00:31:38.156 [JavaFX Application Thread] WARN  FXGLAssetLoaderServi - Failed to load SOUND
00:31:38.157 [JavaFX Application Thread] DEBUG PrimaryStageWindow   - Pop state: ChangeUserDialog
00:31:38.157 [JavaFX Application Thread] DEBUG Input                - Clearing active input actions
00:31:38.158 [JavaFX Application Thread] DEBUG GameApplicationServi - Removing overlay from ChangeUserDialog and adding to MainMenu
00:31:38.158 [JavaFX Application Thread] DEBUG PrimaryStageWindow   - MainMenu <- ChangeUserDialog
00:31:39.215 [JavaFX Application Thread] DEBUG AudioPlayer          - Pausing music com.almasb.fxgl.audio.Music@5ba473b6
00:31:39.215 [JavaFX Application Thread] DEBUG LoopRunner           - Pausing loop
00:38:55.041 [JavaFX Application Thread] DEBUG FXGLApplication      - Exiting FXGL
00:38:55.041 [JavaFX Application Thread] DEBUG LoopRunner           - Stopping loop
00:38:55.041 [JavaFX Application Thread] DEBUG SystemBundleService  - Saving FXGL system data
00:38:55.043 [JavaFX Application Thread] DEBUG FileSystemAccess     - Writing to: C:\Users\dell\Desktop\OOP作业\Teamwork\system\fxgl.bundle
00:38:55.045 [JavaFX Application Thread] DEBUG Async                - Shutting down background threads
00:38:55.045 [JavaFX Application Thread] DEBUG PrimaryStageWindow   - Closing main window
00:38:55.057 [JavaFX Application Thread] DEBUG Logger               - Closing Logger
